real 0.54
user 0.40
sys 0.13
real 0.51
user 0.41
sys 0.09
real 0.51
user 0.39
sys 0.12
real 0.51
user 0.38
sys 0.12
real 0.51
user 0.38
sys 0.12
real 0.52
user 0.41
sys 0.10
real 0.51
user 0.41
sys 0.10
real 0.53
user 0.40
sys 0.12
real 0.52
user 0.43
sys 0.08
real 0.52
user 0.40
sys 0.11
real 0.59
user 0.47
sys 0.12
real 0.59
user 0.48
sys 0.10
real 0.59
user 0.47
sys 0.12
real 0.59
user 0.48
sys 0.10
real 0.59
user 0.47
sys 0.11
real 1.37
user 1.24
sys 0.12
real 1.31
user 1.18
sys 0.12
real 1.32
user 1.19
sys 0.13
real 1.32
user 1.21
sys 0.11
real 1.32
user 1.19
sys 0.12
real 0.86
user 0.75
sys 0.11
real 0.86
user 0.73
sys 0.12
real 0.86
user 0.73
sys 0.12
real 0.86
user 0.71
sys 0.14
real 0.86
user 0.72
sys 0.13
real 1.39
user 1.25
sys 0.13
real 1.40
user 1.28
sys 0.11
real 1.39
user 1.28
sys 0.11
real 1.39
user 1.26
sys 0.13
real 1.40
user 1.27
sys 0.12
real 0.34
user 0.20
sys 0.13
real 0.32
user 0.21
sys 0.10
real 0.32
user 0.22
sys 0.10
real 0.32
user 0.20
sys 0.12
real 0.33
user 0.21
sys 0.11
real 0.32
user 0.20
sys 0.12
real 0.32
user 0.22
sys 0.10
real 0.33
user 0.21
sys 0.11
real 0.33
user 0.23
sys 0.09
real 0.32
user 0.20
sys 0.12
real 0.33
user 0.19
sys 0.13
real 0.32
user 0.20
sys 0.12
real 0.33
user 0.21
sys 0.12
real 0.32
user 0.21
sys 0.11
real 0.33
user 0.21
sys 0.11
real 0.43
user 0.32
sys 0.10
real 0.45
user 0.32
sys 0.13
real 0.43
user 0.31
sys 0.12
real 0.42
user 0.31
sys 0.11
real 0.43
user 0.30
sys 0.12
real 0.37
user 0.23
sys 0.13
real 0.37
user 0.25
sys 0.11
real 0.37
user 0.24
sys 0.12
real 0.36
user 0.25
sys 0.11
real 0.37
user 0.26
sys 0.11
real 0.44
user 0.31
sys 0.13
real 0.44
user 0.33
sys 0.10
real 0.43
user 0.35
sys 0.08
real 0.43
user 0.31
sys 0.12
real 0.43
user 0.31
sys 0.12
