real 0.49
user 0.39
sys 0.10
real 0.49
user 0.40
sys 0.09
real 0.50
user 0.39
sys 0.10
real 0.49
user 0.39
sys 0.09
real 0.49
user 0.40
sys 0.08
real 0.49
user 0.39
sys 0.09
real 0.49
user 0.40
sys 0.08
real 0.49
user 0.39
sys 0.10
real 0.49
user 0.38
sys 0.11
real 0.49
user 0.39
sys 0.10
real 0.49
user 0.40
sys 0.08
real 0.49
user 0.40
sys 0.08
real 0.49
user 0.41
sys 0.08
real 0.49
user 0.40
sys 0.08
real 0.49
user 0.39
sys 0.09
real 0.50
user 0.42
sys 0.08
real 0.50
user 0.39
sys 0.10
real 0.50
user 0.40
sys 0.10
real 0.50
user 0.39
sys 0.10
real 0.50
user 0.41
sys 0.09
real 0.50
user 0.41
sys 0.09
real 0.50
user 0.41
sys 0.08
real 0.50
user 0.40
sys 0.09
real 0.51
user 0.40
sys 0.10
real 0.50
user 0.42
sys 0.08
real 0.50
user 0.39
sys 0.10
real 0.50
user 0.41
sys 0.08
real 0.51
user 0.42
sys 0.08
real 0.50
user 0.40
sys 0.10
real 0.50
user 0.40
sys 0.10
real 0.56
user 0.45
sys 0.10
real 0.56
user 0.43
sys 0.12
real 0.56
user 0.46
sys 0.10
real 0.56
user 0.46
sys 0.10
real 0.56
user 0.45
sys 0.10
real 0.56
user 0.46
sys 0.10
real 0.56
user 0.46
sys 0.10
real 0.56
user 0.46
sys 0.10
real 0.56
user 0.46
sys 0.09
real 0.56
user 0.47
sys 0.08
real 0.56
user 0.47
sys 0.09
real 0.56
user 0.45
sys 0.10
real 0.56
user 0.46
sys 0.09
real 0.56
user 0.46
sys 0.10
real 0.56
user 0.46
sys 0.09
real 1.28
user 1.16
sys 0.11
real 1.27
user 1.16
sys 0.10
real 1.27
user 1.16
sys 0.10
real 1.26
user 1.15
sys 0.11
real 1.27
user 1.18
sys 0.08
real 1.27
user 1.18
sys 0.09
real 1.27
user 1.17
sys 0.09
real 1.27
user 1.18
sys 0.08
real 1.27
user 1.16
sys 0.10
real 1.26
user 1.16
sys 0.10
real 1.26
user 1.15
sys 0.11
real 1.26
user 1.16
sys 0.10
real 1.27
user 1.17
sys 0.10
real 1.27
user 1.18
sys 0.08
real 1.27
user 1.16
sys 0.10
real 0.82
user 0.72
sys 0.10
real 0.82
user 0.72
sys 0.09
real 0.82
user 0.71
sys 0.10
real 0.82
user 0.70
sys 0.12
real 0.82
user 0.73
sys 0.08
real 0.82
user 0.70
sys 0.11
real 0.82
user 0.73
sys 0.09
real 0.82
user 0.73
sys 0.09
real 0.82
user 0.74
sys 0.08
real 0.81
user 0.71
sys 0.10
real 0.81
user 0.72
sys 0.09
real 0.81
user 0.72
sys 0.09
real 0.82
user 0.70
sys 0.11
real 0.81
user 0.72
sys 0.08
real 0.81
user 0.72
sys 0.09
real 1.34
user 1.23
sys 0.11
real 1.34
user 1.24
sys 0.09
real 1.34
user 1.22
sys 0.11
real 1.34
user 1.24
sys 0.09
real 1.34
user 1.23
sys 0.10
real 1.35
user 1.23
sys 0.11
real 1.35
user 1.25
sys 0.09
real 1.35
user 1.23
sys 0.11
real 1.35
user 1.27
sys 0.08
real 1.34
user 1.21
sys 0.13
real 1.34
user 1.22
sys 0.12
real 1.35
user 1.24
sys 0.10
real 1.33
user 1.22
sys 0.11
real 1.34
user 1.24
sys 0.09
real 1.34
user 1.23
sys 0.11
real 0.31
user 0.20
sys 0.10
real 0.31
user 0.19
sys 0.11
real 0.31
user 0.22
sys 0.09
real 0.31
user 0.21
sys 0.09
real 0.31
user 0.21
sys 0.10
real 0.31
user 0.21
sys 0.09
real 0.31
user 0.22
sys 0.08
real 0.31
user 0.20
sys 0.10
real 0.31
user 0.22
sys 0.08
real 0.31
user 0.22
sys 0.08
real 0.31
user 0.20
sys 0.10
real 0.31
user 0.20
sys 0.10
real 0.31
user 0.20
sys 0.10
real 0.31
user 0.22
sys 0.08
real 0.31
user 0.21
sys 0.09
real 0.31
user 0.20
sys 0.10
real 0.31
user 0.20
sys 0.10
real 0.31
user 0.21
sys 0.10
real 0.31
user 0.21
sys 0.09
real 0.31
user 0.19
sys 0.11
real 0.31
user 0.21
sys 0.09
real 0.31
user 0.20
sys 0.10
real 0.31
user 0.21
sys 0.09
real 0.31
user 0.21
sys 0.09
real 0.31
user 0.20
sys 0.10
real 0.31
user 0.22
sys 0.09
real 0.31
user 0.21
sys 0.10
real 0.31
user 0.21
sys 0.10
real 0.31
user 0.20
sys 0.10
real 0.31
user 0.23
sys 0.07
real 0.31
user 0.22
sys 0.09
real 0.31
user 0.21
sys 0.09
real 0.31
user 0.21
sys 0.10
real 0.31
user 0.19
sys 0.11
real 0.31
user 0.20
sys 0.10
real 0.31
user 0.22
sys 0.09
real 0.31
user 0.22
sys 0.09
real 0.31
user 0.23
sys 0.08
real 0.31
user 0.21
sys 0.09
real 0.31
user 0.23
sys 0.08
real 0.31
user 0.21
sys 0.09
real 0.31
user 0.22
sys 0.09
real 0.31
user 0.23
sys 0.08
real 0.31
user 0.19
sys 0.11
real 0.31
user 0.20
sys 0.10
real 0.40
user 0.32
sys 0.08
real 0.41
user 0.30
sys 0.10
real 0.40
user 0.28
sys 0.12
real 0.41
user 0.31
sys 0.09
real 0.41
user 0.30
sys 0.10
real 0.40
user 0.29
sys 0.10
real 0.41
user 0.32
sys 0.09
real 0.40
user 0.30
sys 0.10
real 0.40
user 0.31
sys 0.09
real 0.40
user 0.30
sys 0.10
real 0.40
user 0.31
sys 0.09
real 0.41
user 0.31
sys 0.09
real 0.41
user 0.31
sys 0.09
real 0.41
user 0.30
sys 0.10
real 0.40
user 0.30
sys 0.10
real 0.35
user 0.24
sys 0.10
real 0.35
user 0.25
sys 0.09
real 0.35
user 0.25
sys 0.10
real 0.34
user 0.25
sys 0.09
real 0.35
user 0.26
sys 0.08
real 0.34
user 0.25
sys 0.09
real 0.35
user 0.24
sys 0.10
real 0.35
user 0.25
sys 0.10
real 0.35
user 0.25
sys 0.10
real 0.35
user 0.24
sys 0.11
real 0.35
user 0.27
sys 0.07
real 0.35
user 0.25
sys 0.10
real 0.35
user 0.24
sys 0.11
real 0.35
user 0.25
sys 0.09
real 0.35
user 0.26
sys 0.08
real 0.42
user 0.32
sys 0.09
real 0.42
user 0.32
sys 0.10
real 0.42
user 0.31
sys 0.10
real 0.42
user 0.34
sys 0.08
real 0.41
user 0.31
sys 0.10
real 0.41
user 0.34
sys 0.07
real 0.41
user 0.32
sys 0.09
real 0.42
user 0.31
sys 0.10
real 0.42
user 0.32
sys 0.09
real 0.41
user 0.30
sys 0.11
real 0.41
user 0.33
sys 0.08
real 0.42
user 0.32
sys 0.10
real 0.41
user 0.32
sys 0.09
real 0.42
user 0.34
sys 0.08
real 0.42
user 0.32
sys 0.09
