real 2.44
user 2.40
sys 0.04
real 2.44
user 2.39
sys 0.04
real 2.44
user 2.38
sys 0.06
real 2.46
user 2.39
sys 0.06
real 2.45
user 2.41
sys 0.04
real 2.47
user 2.39
sys 0.08
real 2.42
user 2.34
sys 0.08
real 2.45
user 2.38
sys 0.07
real 2.47
user 2.41
sys 0.05
real 2.47
user 2.43
sys 0.04
real 2.45
user 2.40
sys 0.04
real 2.46
user 2.39
sys 0.06
real 2.49
user 2.45
sys 0.03
real 2.46
user 2.42
sys 0.03
real 2.46
user 2.35
sys 0.10
real 2.48
user 2.43
sys 0.05
real 2.47
user 2.40
sys 0.06
real 2.44
user 2.38
sys 0.05
real 2.44
user 2.38
sys 0.06
real 2.45
user 2.37
sys 0.07
real 2.45
user 2.38
sys 0.06
real 2.48
user 2.42
sys 0.05
real 2.47
user 2.40
sys 0.07
real 2.45
user 2.37
sys 0.07
real 2.46
user 2.40
sys 0.05
real 2.46
user 2.39
sys 0.05
real 2.48
user 2.43
sys 0.05
real 2.46
user 2.39
sys 0.07
real 2.43
user 2.36
sys 0.06
real 2.52
user 2.46
sys 0.05
real 2.45
user 2.38
sys 0.06
real 2.45
user 2.40
sys 0.05
real 2.45
user 2.40
sys 0.04
real 2.52
user 2.44
sys 0.07
real 2.43
user 2.38
sys 0.05
real 2.46
user 2.40
sys 0.06
real 2.46
user 2.39
sys 0.07
real 2.43
user 2.38
sys 0.04
real 2.45
user 2.41
sys 0.04
real 2.47
user 2.41
sys 0.06
real 2.42
user 2.35
sys 0.06
real 2.45
user 2.37
sys 0.07
real 2.46
user 2.40
sys 0.05
real 2.43
user 2.36
sys 0.06
real 2.43
user 2.32
sys 0.10
real 2.43
user 2.36
sys 0.06
real 2.47
user 2.41
sys 0.06
real 2.45
user 2.37
sys 0.07
real 2.46
user 2.39
sys 0.06
real 2.50
user 2.43
sys 0.06
real 2.45
user 2.39
sys 0.05
real 2.47
user 2.41
sys 0.05
real 2.46
user 2.40
sys 0.06
real 2.44
user 2.38
sys 0.06
real 2.43
user 2.38
sys 0.04
real 2.45
user 2.40
sys 0.05
real 2.46
user 2.40
sys 0.06
real 2.45
user 2.38
sys 0.06
real 2.44
user 2.37
sys 0.07
real 2.47
user 2.41
sys 0.06
real 2.55
user 2.41
sys 0.05
real 2.46
user 2.37
sys 0.08
real 2.45
user 2.38
sys 0.06
real 2.47
user 2.38
sys 0.08
real 2.46
user 2.36
sys 0.09
real 2.50
user 2.40
sys 0.09
real 2.49
user 2.41
sys 0.07
real 2.46
user 2.40
sys 0.06
real 2.49
user 2.44
sys 0.05
real 2.45
user 2.37
sys 0.07
real 2.46
user 2.39
sys 0.06
real 2.46
user 2.41
sys 0.05
real 2.45
user 2.33
sys 0.11
real 2.45
user 2.38
sys 0.07
real 2.47
user 2.40
sys 0.06
real 2.50
user 2.41
sys 0.08
real 2.45
user 2.38
sys 0.07
real 2.45
user 2.39
sys 0.05
real 2.44
user 2.37
sys 0.07
real 2.44
user 2.37
sys 0.06
real 2.44
user 2.36
sys 0.08
real 2.43
user 2.37
sys 0.05
real 2.45
user 2.36
sys 0.08
real 2.54
user 2.48
sys 0.06
real 2.50
user 2.43
sys 0.06
real 2.45
user 2.36
sys 0.08
real 2.45
user 2.36
sys 0.09
real 2.50
user 2.42
sys 0.07
real 2.45
user 2.39
sys 0.06
real 2.47
user 2.40
sys 0.06
real 2.44
user 2.38
sys 0.06
real 2.52
user 2.43
sys 0.08
real 2.46
user 2.41
sys 0.05
real 2.46
user 2.40
sys 0.05
real 2.44
user 2.37
sys 0.06
real 2.46
user 2.38
sys 0.07
real 2.48
user 2.44
sys 0.03
real 2.43
user 2.35
sys 0.08
real 2.47
user 2.42
sys 0.04
real 2.46
user 2.39
sys 0.06
real 2.46
user 2.39
sys 0.06
real 2.43
user 2.40
sys 0.02
real 2.44
user 2.39
sys 0.04
real 2.52
user 2.45
sys 0.06
real 2.52
user 2.46
sys 0.06
real 2.52
user 2.43
sys 0.09
real 2.45
user 2.41
sys 0.03
real 2.45
user 2.38
sys 0.06
real 2.45
user 2.39
sys 0.05
real 2.53
user 2.46
sys 0.06
real 2.44
user 2.38
sys 0.06
real 2.48
user 2.44
sys 0.04
real 2.43
user 2.37
sys 0.05
real 2.44
user 2.36
sys 0.08
real 2.48
user 2.41
sys 0.06
real 2.45
user 2.36
sys 0.09
real 2.46
user 2.41
sys 0.05
real 2.48
user 2.41
sys 0.06
real 2.44
user 2.36
sys 0.07
real 2.52
user 2.47
sys 0.04
real 2.45
user 2.42
sys 0.02
real 2.47
user 2.36
sys 0.10
real 2.47
user 2.40
sys 0.07
real 2.46
user 2.39
sys 0.06
real 2.46
user 2.37
sys 0.09
real 2.44
user 2.38
sys 0.06
real 2.47
user 2.41
sys 0.05
real 2.47
user 2.41
sys 0.05
real 2.49
user 2.42
sys 0.06
real 2.45
user 2.39
sys 0.05
real 2.45
user 2.39
sys 0.06
real 2.46
user 2.39
sys 0.06
real 2.45
user 2.37
sys 0.08
real 2.49
user 2.43
sys 0.05
real 2.46
user 2.37
sys 0.08
real 2.51
user 2.44
sys 0.06
real 2.45
user 2.37
sys 0.07
real 2.51
user 2.47
sys 0.04
real 2.48
user 2.39
sys 0.08
real 2.47
user 2.41
sys 0.05
real 2.50
user 2.44
sys 0.05
real 2.47
user 2.40
sys 0.06
real 2.50
user 2.42
sys 0.07
real 2.47
user 2.41
sys 0.05
real 2.48
user 2.43
sys 0.04
real 2.44
user 2.39
sys 0.05
real 2.51
user 2.45
sys 0.05
real 2.45
user 2.40
sys 0.04
real 2.47
user 2.41
sys 0.05
real 2.47
user 2.40
sys 0.07
