real 2.63
user 2.54
sys 0.08
real 2.57
user 2.53
sys 0.04
real 2.58
user 2.51
sys 0.07
real 2.54
user 2.50
sys 0.04
real 2.60
user 2.54
sys 0.05
real 2.62
user 2.56
sys 0.05
real 2.60
user 2.52
sys 0.06
real 2.57
user 2.49
sys 0.08
real 2.56
user 2.49
sys 0.06
real 2.56
user 2.49
sys 0.06
real 2.61
user 2.57
sys 0.04
real 2.57
user 2.51
sys 0.05
real 2.61
user 2.52
sys 0.08
real 2.58
user 2.50
sys 0.07
real 2.57
user 2.50
sys 0.06
real 2.61
user 2.51
sys 0.09
real 2.63
user 2.57
sys 0.06
real 2.60
user 2.52
sys 0.08
real 2.59
user 2.52
sys 0.06
real 2.64
user 2.56
sys 0.07
real 2.60
user 2.54
sys 0.06
real 2.62
user 2.53
sys 0.08
real 2.67
user 2.58
sys 0.08
real 2.65
user 2.58
sys 0.06
real 2.63
user 2.58
sys 0.04
real 2.64
user 2.58
sys 0.05
real 2.57
user 2.50
sys 0.06
real 2.61
user 2.53
sys 0.08
real 2.57
user 2.49
sys 0.07
real 2.61
user 2.55
sys 0.06
real 2.67
user 2.60
sys 0.06
real 2.59
user 2.51
sys 0.07
real 2.66
user 2.59
sys 0.07
real 2.59
user 2.54
sys 0.05
real 2.63
user 2.56
sys 0.06
real 2.63
user 2.52
sys 0.10
real 2.62
user 2.52
sys 0.09
real 2.63
user 2.55
sys 0.07
real 2.64
user 2.55
sys 0.08
real 2.63
user 2.56
sys 0.06
real 2.65
user 2.57
sys 0.07
real 2.60
user 2.51
sys 0.08
real 2.63
user 2.56
sys 0.06
real 2.60
user 2.51
sys 0.08
real 2.67
user 2.59
sys 0.08
real 2.63
user 2.54
sys 0.09
real 2.67
user 2.58
sys 0.08
real 2.64
user 2.57
sys 0.06
real 2.60
user 2.56
sys 0.04
real 2.58
user 2.50
sys 0.07
real 2.58
user 2.51
sys 0.06
real 2.59
user 2.51
sys 0.07
real 2.58
user 2.51
sys 0.06
real 2.58
user 2.51
sys 0.06
real 2.58
user 2.49
sys 0.08
real 2.60
user 2.54
sys 0.05
real 2.57
user 2.50
sys 0.07
real 2.64
user 2.60
sys 0.04
real 2.66
user 2.59
sys 0.06
real 2.57
user 2.48
sys 0.08
real 2.61
user 2.55
sys 0.06
real 2.59
user 2.51
sys 0.07
real 2.57
user 2.51
sys 0.06
real 2.60
user 2.55
sys 0.05
real 2.59
user 2.55
sys 0.04
real 2.58
user 2.49
sys 0.08
real 2.59
user 2.52
sys 0.06
real 2.59
user 2.55
sys 0.04
real 2.58
user 2.51
sys 0.06
real 2.58
user 2.51
sys 0.07
real 2.59
user 2.51
sys 0.08
real 2.58
user 2.52
sys 0.05
real 2.61
user 2.54
sys 0.07
real 2.60
user 2.50
sys 0.10
real 2.60
user 2.53
sys 0.06
real 2.64
user 2.58
sys 0.06
real 2.60
user 2.52
sys 0.08
real 2.61
user 2.53
sys 0.07
real 2.59
user 2.54
sys 0.05
real 2.62
user 2.51
sys 0.10
real 2.67
user 2.57
sys 0.09
real 2.63
user 2.54
sys 0.08
real 2.62
user 2.54
sys 0.08
real 2.61
user 2.55
sys 0.05
real 2.62
user 2.56
sys 0.06
real 2.62
user 2.53
sys 0.08
real 2.62
user 2.55
sys 0.06
real 2.63
user 2.55
sys 0.07
real 2.64
user 2.57
sys 0.06
real 2.59
user 2.54
sys 0.04
real 2.63
user 2.57
sys 0.05
real 2.61
user 2.54
sys 0.07
real 2.63
user 2.55
sys 0.08
real 2.66
user 2.57
sys 0.08
real 2.64
user 2.57
sys 0.07
real 2.62
user 2.56
sys 0.06
real 2.72
user 2.61
sys 0.10
real 2.62
user 2.53
sys 0.09
real 2.66
user 2.59
sys 0.06
real 2.61
user 2.54
sys 0.06
real 2.62
user 2.54
sys 0.07
real 2.63
user 2.54
sys 0.08
real 2.62
user 2.54
sys 0.07
real 2.61
user 2.53
sys 0.08
real 2.62
user 2.53
sys 0.09
real 2.62
user 2.55
sys 0.06
real 2.63
user 2.55
sys 0.07
real 2.61
user 2.54
sys 0.06
real 2.61
user 2.53
sys 0.07
real 2.62
user 2.57
sys 0.05
real 2.62
user 2.55
sys 0.06
real 2.63
user 2.58
sys 0.04
real 2.60
user 2.52
sys 0.07
real 2.61
user 2.54
sys 0.07
real 2.65
user 2.56
sys 0.08
real 2.62
user 2.56
sys 0.06
real 2.61
user 2.52
sys 0.08
real 2.56
user 2.52
sys 0.03
real 2.60
user 2.52
sys 0.07
real 2.58
user 2.51
sys 0.07
real 2.58
user 2.51
sys 0.06
real 2.62
user 2.53
sys 0.09
real 2.58
user 2.51
sys 0.06
real 2.62
user 2.54
sys 0.07
real 2.63
user 2.54
sys 0.08
real 2.59
user 2.49
sys 0.10
real 2.58
user 2.51
sys 0.07
real 2.59
user 2.49
sys 0.10
real 2.58
user 2.50
sys 0.07
real 2.60
user 2.54
sys 0.06
real 2.62
user 2.54
sys 0.07
real 2.62
user 2.52
sys 0.09
real 2.60
user 2.53
sys 0.06
real 2.64
user 2.55
sys 0.08
real 2.63
user 2.55
sys 0.08
real 2.64
user 2.56
sys 0.07
real 2.61
user 2.54
sys 0.06
real 2.62
user 2.58
sys 0.04
real 2.62
user 2.54
sys 0.07
real 2.60
user 2.57
sys 0.03
real 2.62
user 2.56
sys 0.05
real 2.61
user 2.52
sys 0.08
real 2.61
user 2.55
sys 0.05
real 2.68
user 2.62
sys 0.06
real 2.63
user 2.58
sys 0.05
real 2.59
user 2.53
sys 0.06
real 2.61
user 2.53
sys 0.07
real 2.64
user 2.55
sys 0.08
real 2.57
user 2.51
sys 0.05
real 2.60
user 2.51
sys 0.08
