9.724262
9.698637
9.693723
9.714290
9.695320
9.714459
9.711641
9.697257
9.703103
9.690929
9.681573
9.717651
9.693862
9.675710
9.704361
9.713888
9.695620
9.685256
9.670965
9.702929
9.707761
9.708099
9.725040
9.711536
9.722251
9.703088
9.733167
9.693535
9.727680
9.710850
9.688317
9.699459
9.717044
9.695134
9.692665
9.680402
9.694531
9.698457
9.692659
9.682633
9.697724
9.705294
9.695547
9.705927
9.680771
9.697420
9.690809
9.707805
9.718460
9.730836
9.757828
9.711649
9.714681
9.694789
9.709795
9.681113
9.698120
9.689732
9.678670
9.733679
9.671020
9.742813
9.677853
9.678357
9.695000
9.701692
9.697892
9.695537
9.699228
9.672649
9.707943
9.734574
9.748479
9.707598
9.751543
9.680982
9.684966
9.707685
9.690149
9.675919
9.722873
9.700627
9.719191
9.698241
9.691006
9.721457
9.681506
9.724226
9.677834
9.679549
9.644463
9.705398
9.712771
9.691169
9.708354
9.703974
9.665780
9.666162
9.676086
9.684646
9.669869
9.675837
9.709046
9.701294
9.707595
9.695727
9.715591
9.701934
9.708862
9.706688
9.685618
9.699699
9.713527
9.686559
9.739614
9.704730
9.712797
9.683429
9.696234
9.695661
9.793913
9.765533
9.713180
9.708781
9.748880
9.727774
9.762294
9.714319
9.699486
9.696121
9.755103
9.662968
9.695490
9.732530
9.676740
9.714266
9.718716
9.720370
9.712643
9.722583
9.678925
9.696202
9.703575
9.713530
9.686090
9.703598
9.699278
9.685254
9.782553
9.836989
