9.766122
9.820449
9.810988
9.824792
9.800625
9.821357
9.804846
9.810364
9.766893
9.802629
9.797328
9.805320
9.827382
9.776218
9.801428
9.772264
9.784626
9.831473
9.776147
9.783945
9.817288
9.776853
9.795624
9.787813
9.815489
9.764264
9.774825
9.774684
9.815185
9.777714
9.804543
9.808780
9.753321
9.781485
9.801284
9.830056
9.752286
9.786296
9.795121
9.776672
9.787028
9.835158
9.797022
9.810382
9.809125
9.779440
9.784366
9.805036
9.754246
9.789126
9.781133
9.790904
9.810742
9.775774
9.786468
9.810632
9.806402
9.762628
9.779816
9.753811
9.807637
9.781004
9.789677
9.781101
9.796720
9.794457
9.804866
9.772366
9.824937
9.833127
9.811898
9.767073
9.791863
9.773738
10.252570
9.821757
9.797815
9.809476
9.791462
9.821574
9.797164
9.816457
9.756734
9.788853
9.782888
9.785201
9.815313
9.789148
9.791863
9.813912
9.805861
9.788501
9.787814
9.806716
9.812375
9.824796
9.787285
9.825509
9.832313
9.808559
9.806497
9.806183
9.843893
9.785028
9.845299
9.778112
9.815261
9.812159
9.811308
9.782496
9.777301
9.841795
9.788582
9.791824
9.805780
9.793137
9.827167
9.767803
9.794390
9.824615
9.808015
9.804704
9.804186
9.790479
9.824496
9.775172
9.846384
9.815501
9.818753
9.842819
9.855847
9.882415
9.861511
9.848202
9.896346
9.881157
9.868576
9.935995
9.887181
9.864997
9.879861
9.894686
9.899957
9.867640
9.902203
9.874147
9.909862
9.918407
9.864513
9.888496
