requested threads limited to only those that will do actual work: 4194304 / 7340032 => 1
context size per thread: 7168 KB
Compressed data 1428548 bytes in length
./xz_s_base.mytest-m64: error while loading shared libraries: libgomp.so.1: cannot open shared object file: No such file or directory
./xz_s_base.mytest-m64: error while loading shared libraries: libgomp.so.1: cannot open shared object file: No such file or directory
./xz_s_base.mytest-m64: error while loading shared libraries: libgomp.so.1: cannot open shared object file: No such file or directory
./xz_s_base.mytest-m64: error while loading shared libraries: libgomp.so.1: cannot open shared object file: No such file or directory
./xz_s_base.mytest-m64: error while loading shared libraries: libgomp.so.1: cannot open shared object file: No such file or directory
work available for up to 4194304 / 7340032 => 1 threads
context size per thread: 7168 KB
Compressed data 1428548 bytes in length
work available for up to 4194304 / 7340032 => 1 threads
context size per thread: 7168 KB
Compressed data 1428548 bytes in length
work available for up to 4194304 / 7340032 => 1 threads
context size per thread: 7168 KB
Compressed data 1428548 bytes in length
work available for up to 4194304 / 7340032 => 1 threads
context size per thread: 7168 KB
Compressed data 1428548 bytes in length
work available for up to 4194304 / 7340032 => 1 threads
context size per thread: 7168 KB
Compressed data 1428548 bytes in length
work available for up to 4194304 / 7340032 => 1 threads
context size per thread: 7168 KB
Compressed data 1428548 bytes in length
work available for up to 4194304 / 7340032 => 1 threads
context size per thread: 7168 KB
Compressed data 1428548 bytes in length
work available for up to 4194304 / 7340032 => 1 threads
context size per thread: 7168 KB
Compressed data 1428548 bytes in length
work available for up to 4194304 / 7340032 => 1 threads
context size per thread: 7168 KB
Compressed data 1428548 bytes in length
work available for up to 4194304 / 7340032 => 1 threads
context size per thread: 7168 KB
Compressed data 1428548 bytes in length
work available for up to 4194304 / 7340032 => 1 threads
context size per thread: 7168 KB
Compressed data 1428548 bytes in length
work available for up to 4194304 / 7340032 => 1 threads
context size per thread: 7168 KB
Compressed data 1428548 bytes in length
work available for up to 4194304 / 7340032 => 1 threads
context size per thread: 7168 KB
Compressed data 1428548 bytes in length
work available for up to 4194304 / 7340032 => 1 threads
context size per thread: 7168 KB
Compressed data 1428548 bytes in length
work available for up to 4194304 / 7340032 => 1 threads
context size per thread: 7168 KB
Compressed data 1428548 bytes in length
work available for up to 4194304 / 7340032 => 1 threads
context size per thread: 7168 KB
Compressed data 1428548 bytes in length
work available for up to 4194304 / 7340032 => 1 threads
context size per thread: 7168 KB
Compressed data 1428548 bytes in length
work available for up to 4194304 / 7340032 => 1 threads
context size per thread: 7168 KB
Compressed data 1428548 bytes in length
work available for up to 4194304 / 7340032 => 1 threads
context size per thread: 7168 KB
Compressed data 1428548 bytes in length
work available for up to 4194304 / 7340032 => 1 threads
context size per thread: 7168 KB
Compressed data 1428548 bytes in length
work available for up to 4194304 / 7340032 => 1 threads
context size per thread: 7168 KB
Compressed data 1428548 bytes in length
work available for up to 4194304 / 7340032 => 1 threads
context size per thread: 7168 KB
Compressed data 1428548 bytes in length
work available for up to 4194304 / 7340032 => 1 threads
context size per thread: 7168 KB
Compressed data 1428548 bytes in length
work available for up to 4194304 / 7340032 => 1 threads
context size per thread: 7168 KB
Compressed data 1428548 bytes in length
work available for up to 4194304 / 7340032 => 1 threads
context size per thread: 7168 KB
Compressed data 1428548 bytes in length
work available for up to 4194304 / 7340032 => 1 threads
context size per thread: 7168 KB
Compressed data 1428548 bytes in length
work available for up to 4194304 / 7340032 => 1 threads
context size per thread: 7168 KB
Compressed data 1428548 bytes in length
work available for up to 4194304 / 7340032 => 1 threads
context size per thread: 7168 KB
Compressed data 1428548 bytes in length
work available for up to 4194304 / 7340032 => 1 threads
context size per thread: 7168 KB
Compressed data 1428548 bytes in length
work available for up to 4194304 / 7340032 => 1 threads
context size per thread: 7168 KB
Compressed data 1428548 bytes in length
work available for up to 4194304 / 7340032 => 1 threads
context size per thread: 7168 KB
Compressed data 1428548 bytes in length
work available for up to 4194304 / 7340032 => 1 threads
context size per thread: 7168 KB
Compressed data 1428548 bytes in length
work available for up to 4194304 / 7340032 => 1 threads
context size per thread: 7168 KB
Compressed data 1428548 bytes in length
work available for up to 4194304 / 7340032 => 1 threads
context size per thread: 7168 KB
Compressed data 1428548 bytes in length
work available for up to 4194304 / 7340032 => 1 threads
context size per thread: 7168 KB
Compressed data 1428548 bytes in length
