PARSEC Benchmark Suite Version 3.0-beta-20150206
Loading file "in_100K.fluid"...
Number of cells: 46080
Grids steps over x, y, z: 0.0040625 0.004 0.0040625
Number of particles: 102850
Saving file "out.fluid"...
[HOOKS] Total time spent: 0.266s
PARSEC Benchmark Suite Version 3.0-beta-20150206
Loading file "in_100K.fluid"...
Number of cells: 46080
Grids steps over x, y, z: 0.0040625 0.004 0.0040625
Number of particles: 102850
Saving file "out.fluid"...
[HOOKS] Total time spent: 0.265s
PARSEC Benchmark Suite Version 3.0-beta-20150206
Loading file "in_100K.fluid"...
Number of cells: 46080
Grids steps over x, y, z: 0.0040625 0.004 0.0040625
Number of particles: 102850
Saving file "out.fluid"...
[HOOKS] Total time spent: 0.265s
PARSEC Benchmark Suite Version 3.0-beta-20150206
Loading file "in_100K.fluid"...
Number of cells: 46080
Grids steps over x, y, z: 0.0040625 0.004 0.0040625
Number of particles: 102850
Saving file "out.fluid"...
[HOOKS] Total time spent: 0.265s
PARSEC Benchmark Suite Version 3.0-beta-20150206
Loading file "in_100K.fluid"...
Number of cells: 46080
Grids steps over x, y, z: 0.0040625 0.004 0.0040625
Number of particles: 102850
Saving file "out.fluid"...
[HOOKS] Total time spent: 0.265s
PARSEC Benchmark Suite Version 3.0-beta-20150206
Loading file "in_100K.fluid"...
Number of cells: 46080
Grids steps over x, y, z: 0.0040625 0.004 0.0040625
Number of particles: 102850
Saving file "out.fluid"...
[HOOKS] Total time spent: 0.265s
PARSEC Benchmark Suite Version 3.0-beta-20150206
Loading file "in_100K.fluid"...
Number of cells: 46080
Grids steps over x, y, z: 0.0040625 0.004 0.0040625
Number of particles: 102850
Saving file "out.fluid"...
[HOOKS] Total time spent: 0.265s
PARSEC Benchmark Suite Version 3.0-beta-20150206
Loading file "in_100K.fluid"...
Number of cells: 46080
Grids steps over x, y, z: 0.0040625 0.004 0.0040625
Number of particles: 102850
Saving file "out.fluid"...
[HOOKS] Total time spent: 0.263s
PARSEC Benchmark Suite Version 3.0-beta-20150206
Loading file "in_100K.fluid"...
Number of cells: 46080
Grids steps over x, y, z: 0.0040625 0.004 0.0040625
Number of particles: 102850
Saving file "out.fluid"...
[HOOKS] Total time spent: 0.264s
PARSEC Benchmark Suite Version 3.0-beta-20150206
Loading file "in_100K.fluid"...
Number of cells: 46080
Grids steps over x, y, z: 0.0040625 0.004 0.0040625
Number of particles: 102850
Saving file "out.fluid"...
[HOOKS] Total time spent: 0.265s
PARSEC Benchmark Suite Version 3.0-beta-20150206
Loading file "in_100K.fluid"...
Number of cells: 46080
Grids steps over x, y, z: 0.0040625 0.004 0.0040625
Number of particles: 102850
Saving file "out.fluid"...
[HOOKS] Total time spent: 0.263s
PARSEC Benchmark Suite Version 3.0-beta-20150206
Loading file "in_100K.fluid"...
Number of cells: 46080
Grids steps over x, y, z: 0.0040625 0.004 0.0040625
Number of particles: 102850
Saving file "out.fluid"...
[HOOKS] Total time spent: 0.265s
PARSEC Benchmark Suite Version 3.0-beta-20150206
Loading file "in_100K.fluid"...
Number of cells: 46080
Grids steps over x, y, z: 0.0040625 0.004 0.0040625
Number of particles: 102850
Saving file "out.fluid"...
[HOOKS] Total time spent: 0.265s
PARSEC Benchmark Suite Version 3.0-beta-20150206
Loading file "in_100K.fluid"...
Number of cells: 46080
Grids steps over x, y, z: 0.0040625 0.004 0.0040625
Number of particles: 102850
Saving file "out.fluid"...
[HOOKS] Total time spent: 0.267s
PARSEC Benchmark Suite Version 3.0-beta-20150206
Loading file "in_100K.fluid"...
Number of cells: 46080
Grids steps over x, y, z: 0.0040625 0.004 0.0040625
Number of particles: 102850
Saving file "out.fluid"...
[HOOKS] Total time spent: 0.272s
PARSEC Benchmark Suite Version 3.0-beta-20150206
Loading file "in_100K.fluid"...
Number of cells: 46080
Grids steps over x, y, z: 0.0040625 0.004 0.0040625
Number of particles: 102850
Saving file "out.fluid"...
[HOOKS] Total time spent: 0.262s
PARSEC Benchmark Suite Version 3.0-beta-20150206
Loading file "in_100K.fluid"...
Number of cells: 46080
Grids steps over x, y, z: 0.0040625 0.004 0.0040625
Number of particles: 102850
Saving file "out.fluid"...
[HOOKS] Total time spent: 0.263s
PARSEC Benchmark Suite Version 3.0-beta-20150206
Loading file "in_100K.fluid"...
Number of cells: 46080
Grids steps over x, y, z: 0.0040625 0.004 0.0040625
Number of particles: 102850
Saving file "out.fluid"...
[HOOKS] Total time spent: 0.262s
PARSEC Benchmark Suite Version 3.0-beta-20150206
Loading file "in_100K.fluid"...
Number of cells: 46080
Grids steps over x, y, z: 0.0040625 0.004 0.0040625
Number of particles: 102850
Saving file "out.fluid"...
[HOOKS] Total time spent: 0.263s
PARSEC Benchmark Suite Version 3.0-beta-20150206
Loading file "in_100K.fluid"...
Number of cells: 46080
Grids steps over x, y, z: 0.0040625 0.004 0.0040625
Number of particles: 102850
Saving file "out.fluid"...
[HOOKS] Total time spent: 0.266s
PARSEC Benchmark Suite Version 3.0-beta-20150206
Loading file "in_100K.fluid"...
Number of cells: 46080
Grids steps over x, y, z: 0.0040625 0.004 0.0040625
Number of particles: 102850
Saving file "out.fluid"...
[HOOKS] Total time spent: 0.263s
PARSEC Benchmark Suite Version 3.0-beta-20150206
Loading file "in_100K.fluid"...
Number of cells: 46080
Grids steps over x, y, z: 0.0040625 0.004 0.0040625
Number of particles: 102850
Saving file "out.fluid"...
[HOOKS] Total time spent: 0.265s
PARSEC Benchmark Suite Version 3.0-beta-20150206
Loading file "in_100K.fluid"...
Number of cells: 46080
Grids steps over x, y, z: 0.0040625 0.004 0.0040625
Number of particles: 102850
Saving file "out.fluid"...
[HOOKS] Total time spent: 0.263s
PARSEC Benchmark Suite Version 3.0-beta-20150206
Loading file "in_100K.fluid"...
Number of cells: 46080
Grids steps over x, y, z: 0.0040625 0.004 0.0040625
Number of particles: 102850
Saving file "out.fluid"...
[HOOKS] Total time spent: 0.263s
PARSEC Benchmark Suite Version 3.0-beta-20150206
Loading file "in_100K.fluid"...
Number of cells: 46080
Grids steps over x, y, z: 0.0040625 0.004 0.0040625
Number of particles: 102850
Saving file "out.fluid"...
[HOOKS] Total time spent: 0.263s
PARSEC Benchmark Suite Version 3.0-beta-20150206
Loading file "in_100K.fluid"...
Number of cells: 46080
Grids steps over x, y, z: 0.0040625 0.004 0.0040625
Number of particles: 102850
Saving file "out.fluid"...
[HOOKS] Total time spent: 0.266s
PARSEC Benchmark Suite Version 3.0-beta-20150206
Loading file "in_100K.fluid"...
Number of cells: 46080
Grids steps over x, y, z: 0.0040625 0.004 0.0040625
Number of particles: 102850
Saving file "out.fluid"...
[HOOKS] Total time spent: 0.265s
PARSEC Benchmark Suite Version 3.0-beta-20150206
Loading file "in_100K.fluid"...
Number of cells: 46080
Grids steps over x, y, z: 0.0040625 0.004 0.0040625
Number of particles: 102850
Saving file "out.fluid"...
[HOOKS] Total time spent: 0.263s
PARSEC Benchmark Suite Version 3.0-beta-20150206
Loading file "in_100K.fluid"...
Number of cells: 46080
Grids steps over x, y, z: 0.0040625 0.004 0.0040625
Number of particles: 102850
Saving file "out.fluid"...
[HOOKS] Total time spent: 0.264s
PARSEC Benchmark Suite Version 3.0-beta-20150206
Loading file "in_100K.fluid"...
Number of cells: 46080
Grids steps over x, y, z: 0.0040625 0.004 0.0040625
Number of particles: 102850
Saving file "out.fluid"...
[HOOKS] Total time spent: 0.264s
PARSEC Benchmark Suite Version 3.0-beta-20150206
Loading file "in_100K.fluid"...
Number of cells: 46080
Grids steps over x, y, z: 0.0040625 0.004 0.0040625
Number of particles: 102850
Saving file "out.fluid"...
[HOOKS] Total time spent: 0.267s
PARSEC Benchmark Suite Version 3.0-beta-20150206
Loading file "in_100K.fluid"...
Number of cells: 46080
Grids steps over x, y, z: 0.0040625 0.004 0.0040625
Number of particles: 102850
Saving file "out.fluid"...
[HOOKS] Total time spent: 0.266s
PARSEC Benchmark Suite Version 3.0-beta-20150206
Loading file "in_100K.fluid"...
Number of cells: 46080
Grids steps over x, y, z: 0.0040625 0.004 0.0040625
Number of particles: 102850
Saving file "out.fluid"...
[HOOKS] Total time spent: 0.265s
PARSEC Benchmark Suite Version 3.0-beta-20150206
Loading file "in_100K.fluid"...
Number of cells: 46080
Grids steps over x, y, z: 0.0040625 0.004 0.0040625
Number of particles: 102850
Saving file "out.fluid"...
[HOOKS] Total time spent: 0.441s
PARSEC Benchmark Suite Version 3.0-beta-20150206
Loading file "in_100K.fluid"...
Number of cells: 46080
Grids steps over x, y, z: 0.0040625 0.004 0.0040625
Number of particles: 102850
Saving file "out.fluid"...
[HOOKS] Total time spent: 0.264s
PARSEC Benchmark Suite Version 3.0-beta-20150206
Loading file "in_100K.fluid"...
Number of cells: 46080
Grids steps over x, y, z: 0.0040625 0.004 0.0040625
Number of particles: 102850
Saving file "out.fluid"...
[HOOKS] Total time spent: 0.263s
PARSEC Benchmark Suite Version 3.0-beta-20150206
Loading file "in_100K.fluid"...
Number of cells: 46080
Grids steps over x, y, z: 0.0040625 0.004 0.0040625
Number of particles: 102850
Saving file "out.fluid"...
[HOOKS] Total time spent: 0.265s
PARSEC Benchmark Suite Version 3.0-beta-20150206
Loading file "in_100K.fluid"...
Number of cells: 46080
Grids steps over x, y, z: 0.0040625 0.004 0.0040625
Number of particles: 102850
Saving file "out.fluid"...
[HOOKS] Total time spent: 0.266s
PARSEC Benchmark Suite Version 3.0-beta-20150206
Loading file "in_100K.fluid"...
Number of cells: 46080
Grids steps over x, y, z: 0.0040625 0.004 0.0040625
Number of particles: 102850
Saving file "out.fluid"...
[HOOKS] Total time spent: 0.267s
PARSEC Benchmark Suite Version 3.0-beta-20150206
Loading file "in_100K.fluid"...
Number of cells: 46080
Grids steps over x, y, z: 0.0040625 0.004 0.0040625
Number of particles: 102850
Saving file "out.fluid"...
[HOOKS] Total time spent: 0.266s
PARSEC Benchmark Suite Version 3.0-beta-20150206
Loading file "in_100K.fluid"...
Number of cells: 46080
Grids steps over x, y, z: 0.0040625 0.004 0.0040625
Number of particles: 102850
Saving file "out.fluid"...
[HOOKS] Total time spent: 0.264s
PARSEC Benchmark Suite Version 3.0-beta-20150206
Loading file "in_100K.fluid"...
Number of cells: 46080
Grids steps over x, y, z: 0.0040625 0.004 0.0040625
Number of particles: 102850
Saving file "out.fluid"...
[HOOKS] Total time spent: 0.265s
PARSEC Benchmark Suite Version 3.0-beta-20150206
Loading file "in_100K.fluid"...
Number of cells: 46080
Grids steps over x, y, z: 0.0040625 0.004 0.0040625
Number of particles: 102850
Saving file "out.fluid"...
[HOOKS] Total time spent: 0.265s
PARSEC Benchmark Suite Version 3.0-beta-20150206
Loading file "in_100K.fluid"...
Number of cells: 46080
Grids steps over x, y, z: 0.0040625 0.004 0.0040625
Number of particles: 102850
Saving file "out.fluid"...
[HOOKS] Total time spent: 0.266s
PARSEC Benchmark Suite Version 3.0-beta-20150206
Loading file "in_100K.fluid"...
Number of cells: 46080
Grids steps over x, y, z: 0.0040625 0.004 0.0040625
Number of particles: 102850
Saving file "out.fluid"...
[HOOKS] Total time spent: 0.268s
PARSEC Benchmark Suite Version 3.0-beta-20150206
Loading file "in_100K.fluid"...
Number of cells: 46080
Grids steps over x, y, z: 0.0040625 0.004 0.0040625
Number of particles: 102850
Saving file "out.fluid"...
[HOOKS] Total time spent: 0.267s
PARSEC Benchmark Suite Version 3.0-beta-20150206
Loading file "in_100K.fluid"...
Number of cells: 46080
Grids steps over x, y, z: 0.0040625 0.004 0.0040625
Number of particles: 102850
Saving file "out.fluid"...
[HOOKS] Total time spent: 0.263s
PARSEC Benchmark Suite Version 3.0-beta-20150206
Loading file "in_100K.fluid"...
Number of cells: 46080
Grids steps over x, y, z: 0.0040625 0.004 0.0040625
Number of particles: 102850
Saving file "out.fluid"...
[HOOKS] Total time spent: 0.264s
PARSEC Benchmark Suite Version 3.0-beta-20150206
Loading file "in_100K.fluid"...
Number of cells: 46080
Grids steps over x, y, z: 0.0040625 0.004 0.0040625
Number of particles: 102850
Saving file "out.fluid"...
[HOOKS] Total time spent: 0.266s
PARSEC Benchmark Suite Version 3.0-beta-20150206
Loading file "in_100K.fluid"...
Number of cells: 46080
Grids steps over x, y, z: 0.0040625 0.004 0.0040625
Number of particles: 102850
Saving file "out.fluid"...
[HOOKS] Total time spent: 0.265s
PARSEC Benchmark Suite Version 3.0-beta-20150206
Loading file "in_100K.fluid"...
Number of cells: 46080
Grids steps over x, y, z: 0.0040625 0.004 0.0040625
Number of particles: 102850
Saving file "out.fluid"...
[HOOKS] Total time spent: 0.265s
PARSEC Benchmark Suite Version 3.0-beta-20150206
Loading file "in_100K.fluid"...
Number of cells: 46080
Grids steps over x, y, z: 0.0040625 0.004 0.0040625
Number of particles: 102850
Saving file "out.fluid"...
[HOOKS] Total time spent: 0.264s
PARSEC Benchmark Suite Version 3.0-beta-20150206
Loading file "in_100K.fluid"...
Number of cells: 46080
Grids steps over x, y, z: 0.0040625 0.004 0.0040625
Number of particles: 102850
Saving file "out.fluid"...
[HOOKS] Total time spent: 0.501s
PARSEC Benchmark Suite Version 3.0-beta-20150206
Loading file "in_100K.fluid"...
Number of cells: 46080
Grids steps over x, y, z: 0.0040625 0.004 0.0040625
Number of particles: 102850
Saving file "out.fluid"...
[HOOKS] Total time spent: 0.267s
PARSEC Benchmark Suite Version 3.0-beta-20150206
Loading file "in_100K.fluid"...
Number of cells: 46080
Grids steps over x, y, z: 0.0040625 0.004 0.0040625
Number of particles: 102850
Saving file "out.fluid"...
[HOOKS] Total time spent: 0.265s
PARSEC Benchmark Suite Version 3.0-beta-20150206
Loading file "in_100K.fluid"...
Number of cells: 46080
Grids steps over x, y, z: 0.0040625 0.004 0.0040625
Number of particles: 102850
Saving file "out.fluid"...
[HOOKS] Total time spent: 0.267s
PARSEC Benchmark Suite Version 3.0-beta-20150206
Loading file "in_100K.fluid"...
Number of cells: 46080
Grids steps over x, y, z: 0.0040625 0.004 0.0040625
Number of particles: 102850
Saving file "out.fluid"...
[HOOKS] Total time spent: 0.267s
PARSEC Benchmark Suite Version 3.0-beta-20150206
Loading file "in_100K.fluid"...
Number of cells: 46080
Grids steps over x, y, z: 0.0040625 0.004 0.0040625
Number of particles: 102850
Saving file "out.fluid"...
[HOOKS] Total time spent: 0.266s
PARSEC Benchmark Suite Version 3.0-beta-20150206
Loading file "in_100K.fluid"...
Number of cells: 46080
Grids steps over x, y, z: 0.0040625 0.004 0.0040625
Number of particles: 102850
Saving file "out.fluid"...
[HOOKS] Total time spent: 0.265s
PARSEC Benchmark Suite Version 3.0-beta-20150206
Loading file "in_100K.fluid"...
Number of cells: 46080
Grids steps over x, y, z: 0.0040625 0.004 0.0040625
Number of particles: 102850
Saving file "out.fluid"...
[HOOKS] Total time spent: 0.266s
PARSEC Benchmark Suite Version 3.0-beta-20150206
Loading file "in_100K.fluid"...
Number of cells: 46080
Grids steps over x, y, z: 0.0040625 0.004 0.0040625
Number of particles: 102850
Saving file "out.fluid"...
[HOOKS] Total time spent: 0.265s
PARSEC Benchmark Suite Version 3.0-beta-20150206
Loading file "in_100K.fluid"...
Number of cells: 46080
Grids steps over x, y, z: 0.0040625 0.004 0.0040625
Number of particles: 102850
Saving file "out.fluid"...
[HOOKS] Total time spent: 0.267s
PARSEC Benchmark Suite Version 3.0-beta-20150206
Loading file "in_100K.fluid"...
Number of cells: 46080
Grids steps over x, y, z: 0.0040625 0.004 0.0040625
Number of particles: 102850
Saving file "out.fluid"...
[HOOKS] Total time spent: 0.267s
PARSEC Benchmark Suite Version 3.0-beta-20150206
Loading file "in_100K.fluid"...
Number of cells: 46080
Grids steps over x, y, z: 0.0040625 0.004 0.0040625
Number of particles: 102850
Saving file "out.fluid"...
[HOOKS] Total time spent: 0.271s
PARSEC Benchmark Suite Version 3.0-beta-20150206
Loading file "in_100K.fluid"...
Number of cells: 46080
Grids steps over x, y, z: 0.0040625 0.004 0.0040625
Number of particles: 102850
Saving file "out.fluid"...
[HOOKS] Total time spent: 0.266s
PARSEC Benchmark Suite Version 3.0-beta-20150206
Loading file "in_100K.fluid"...
Number of cells: 46080
Grids steps over x, y, z: 0.0040625 0.004 0.0040625
Number of particles: 102850
Saving file "out.fluid"...
[HOOKS] Total time spent: 0.264s
PARSEC Benchmark Suite Version 3.0-beta-20150206
Loading file "in_100K.fluid"...
Number of cells: 46080
Grids steps over x, y, z: 0.0040625 0.004 0.0040625
Number of particles: 102850
Saving file "out.fluid"...
[HOOKS] Total time spent: 0.266s
PARSEC Benchmark Suite Version 3.0-beta-20150206
Loading file "in_100K.fluid"...
Number of cells: 46080
Grids steps over x, y, z: 0.0040625 0.004 0.0040625
Number of particles: 102850
Saving file "out.fluid"...
[HOOKS] Total time spent: 0.265s
PARSEC Benchmark Suite Version 3.0-beta-20150206
Loading file "in_100K.fluid"...
Number of cells: 46080
Grids steps over x, y, z: 0.0040625 0.004 0.0040625
Number of particles: 102850
Saving file "out.fluid"...
[HOOKS] Total time spent: 0.267s
PARSEC Benchmark Suite Version 3.0-beta-20150206
Loading file "in_100K.fluid"...
Number of cells: 46080
Grids steps over x, y, z: 0.0040625 0.004 0.0040625
Number of particles: 102850
Saving file "out.fluid"...
[HOOKS] Total time spent: 0.266s
PARSEC Benchmark Suite Version 3.0-beta-20150206
Loading file "in_100K.fluid"...
Number of cells: 46080
Grids steps over x, y, z: 0.0040625 0.004 0.0040625
Number of particles: 102850
Saving file "out.fluid"...
[HOOKS] Total time spent: 0.266s
PARSEC Benchmark Suite Version 3.0-beta-20150206
Loading file "in_100K.fluid"...
Number of cells: 46080
Grids steps over x, y, z: 0.0040625 0.004 0.0040625
Number of particles: 102850
Saving file "out.fluid"...
[HOOKS] Total time spent: 0.269s
PARSEC Benchmark Suite Version 3.0-beta-20150206
Loading file "in_100K.fluid"...
Number of cells: 46080
Grids steps over x, y, z: 0.0040625 0.004 0.0040625
Number of particles: 102850
Saving file "out.fluid"...
[HOOKS] Total time spent: 0.265s
PARSEC Benchmark Suite Version 3.0-beta-20150206
Loading file "in_100K.fluid"...
Number of cells: 46080
Grids steps over x, y, z: 0.0040625 0.004 0.0040625
Number of particles: 102850
Saving file "out.fluid"...
[HOOKS] Total time spent: 0.265s
PARSEC Benchmark Suite Version 3.0-beta-20150206
Loading file "in_100K.fluid"...
Number of cells: 46080
Grids steps over x, y, z: 0.0040625 0.004 0.0040625
Number of particles: 102850
Saving file "out.fluid"...
[HOOKS] Total time spent: 0.264s
PARSEC Benchmark Suite Version 3.0-beta-20150206
Loading file "in_100K.fluid"...
Number of cells: 46080
Grids steps over x, y, z: 0.0040625 0.004 0.0040625
Number of particles: 102850
Saving file "out.fluid"...
[HOOKS] Total time spent: 0.266s
PARSEC Benchmark Suite Version 3.0-beta-20150206
Loading file "in_100K.fluid"...
Number of cells: 46080
Grids steps over x, y, z: 0.0040625 0.004 0.0040625
Number of particles: 102850
Saving file "out.fluid"...
[HOOKS] Total time spent: 0.266s
PARSEC Benchmark Suite Version 3.0-beta-20150206
Loading file "in_100K.fluid"...
Number of cells: 46080
Grids steps over x, y, z: 0.0040625 0.004 0.0040625
Number of particles: 102850
Saving file "out.fluid"...
[HOOKS] Total time spent: 0.267s
PARSEC Benchmark Suite Version 3.0-beta-20150206
Loading file "in_100K.fluid"...
Number of cells: 46080
Grids steps over x, y, z: 0.0040625 0.004 0.0040625
Number of particles: 102850
Saving file "out.fluid"...
[HOOKS] Total time spent: 0.264s
PARSEC Benchmark Suite Version 3.0-beta-20150206
Loading file "in_100K.fluid"...
Number of cells: 46080
Grids steps over x, y, z: 0.0040625 0.004 0.0040625
Number of particles: 102850
Saving file "out.fluid"...
[HOOKS] Total time spent: 0.265s
PARSEC Benchmark Suite Version 3.0-beta-20150206
Loading file "in_100K.fluid"...
Number of cells: 46080
Grids steps over x, y, z: 0.0040625 0.004 0.0040625
Number of particles: 102850
Saving file "out.fluid"...
[HOOKS] Total time spent: 0.264s
PARSEC Benchmark Suite Version 3.0-beta-20150206
Loading file "in_100K.fluid"...
Number of cells: 46080
Grids steps over x, y, z: 0.0040625 0.004 0.0040625
Number of particles: 102850
Saving file "out.fluid"...
[HOOKS] Total time spent: 0.264s
PARSEC Benchmark Suite Version 3.0-beta-20150206
Loading file "in_100K.fluid"...
Number of cells: 46080
Grids steps over x, y, z: 0.0040625 0.004 0.0040625
Number of particles: 102850
Saving file "out.fluid"...
[HOOKS] Total time spent: 0.265s
PARSEC Benchmark Suite Version 3.0-beta-20150206
Loading file "in_100K.fluid"...
Number of cells: 46080
Grids steps over x, y, z: 0.0040625 0.004 0.0040625
Number of particles: 102850
Saving file "out.fluid"...
[HOOKS] Total time spent: 0.265s
PARSEC Benchmark Suite Version 3.0-beta-20150206
Loading file "in_100K.fluid"...
Number of cells: 46080
Grids steps over x, y, z: 0.0040625 0.004 0.0040625
Number of particles: 102850
Saving file "out.fluid"...
[HOOKS] Total time spent: 0.266s
PARSEC Benchmark Suite Version 3.0-beta-20150206
Loading file "in_100K.fluid"...
Number of cells: 46080
Grids steps over x, y, z: 0.0040625 0.004 0.0040625
Number of particles: 102850
Saving file "out.fluid"...
[HOOKS] Total time spent: 0.267s
PARSEC Benchmark Suite Version 3.0-beta-20150206
Loading file "in_100K.fluid"...
Number of cells: 46080
Grids steps over x, y, z: 0.0040625 0.004 0.0040625
Number of particles: 102850
Saving file "out.fluid"...
[HOOKS] Total time spent: 0.273s
PARSEC Benchmark Suite Version 3.0-beta-20150206
Loading file "in_100K.fluid"...
Number of cells: 46080
Grids steps over x, y, z: 0.0040625 0.004 0.0040625
Number of particles: 102850
Saving file "out.fluid"...
[HOOKS] Total time spent: 0.267s
PARSEC Benchmark Suite Version 3.0-beta-20150206
Loading file "in_100K.fluid"...
Number of cells: 46080
Grids steps over x, y, z: 0.0040625 0.004 0.0040625
Number of particles: 102850
Saving file "out.fluid"...
[HOOKS] Total time spent: 0.274s
PARSEC Benchmark Suite Version 3.0-beta-20150206
Loading file "in_100K.fluid"...
Number of cells: 46080
Grids steps over x, y, z: 0.0040625 0.004 0.0040625
Number of particles: 102850
Saving file "out.fluid"...
[HOOKS] Total time spent: 0.270s
PARSEC Benchmark Suite Version 3.0-beta-20150206
Loading file "in_100K.fluid"...
Number of cells: 46080
Grids steps over x, y, z: 0.0040625 0.004 0.0040625
Number of particles: 102850
Saving file "out.fluid"...
[HOOKS] Total time spent: 0.266s
PARSEC Benchmark Suite Version 3.0-beta-20150206
Loading file "in_100K.fluid"...
Number of cells: 46080
Grids steps over x, y, z: 0.0040625 0.004 0.0040625
Number of particles: 102850
Saving file "out.fluid"...
[HOOKS] Total time spent: 0.271s
PARSEC Benchmark Suite Version 3.0-beta-20150206
Loading file "in_100K.fluid"...
Number of cells: 46080
Grids steps over x, y, z: 0.0040625 0.004 0.0040625
Number of particles: 102850
Saving file "out.fluid"...
[HOOKS] Total time spent: 0.267s
PARSEC Benchmark Suite Version 3.0-beta-20150206
Loading file "in_100K.fluid"...
Number of cells: 46080
Grids steps over x, y, z: 0.0040625 0.004 0.0040625
Number of particles: 102850
Saving file "out.fluid"...
[HOOKS] Total time spent: 0.266s
PARSEC Benchmark Suite Version 3.0-beta-20150206
Loading file "in_100K.fluid"...
Number of cells: 46080
Grids steps over x, y, z: 0.0040625 0.004 0.0040625
Number of particles: 102850
Saving file "out.fluid"...
[HOOKS] Total time spent: 0.265s
PARSEC Benchmark Suite Version 3.0-beta-20150206
Loading file "in_100K.fluid"...
Number of cells: 46080
Grids steps over x, y, z: 0.0040625 0.004 0.0040625
Number of particles: 102850
Saving file "out.fluid"...
[HOOKS] Total time spent: 0.267s
PARSEC Benchmark Suite Version 3.0-beta-20150206
Loading file "in_100K.fluid"...
Number of cells: 46080
Grids steps over x, y, z: 0.0040625 0.004 0.0040625
Number of particles: 102850
Saving file "out.fluid"...
[HOOKS] Total time spent: 0.264s
PARSEC Benchmark Suite Version 3.0-beta-20150206
Loading file "in_100K.fluid"...
Number of cells: 46080
Grids steps over x, y, z: 0.0040625 0.004 0.0040625
Number of particles: 102850
Saving file "out.fluid"...
[HOOKS] Total time spent: 0.266s
PARSEC Benchmark Suite Version 3.0-beta-20150206
Loading file "in_100K.fluid"...
Number of cells: 46080
Grids steps over x, y, z: 0.0040625 0.004 0.0040625
Number of particles: 102850
Saving file "out.fluid"...
[HOOKS] Total time spent: 0.265s
PARSEC Benchmark Suite Version 3.0-beta-20150206
Loading file "in_100K.fluid"...
Number of cells: 46080
Grids steps over x, y, z: 0.0040625 0.004 0.0040625
Number of particles: 102850
Saving file "out.fluid"...
[HOOKS] Total time spent: 0.265s
PARSEC Benchmark Suite Version 3.0-beta-20150206
Loading file "in_100K.fluid"...
Number of cells: 46080
Grids steps over x, y, z: 0.0040625 0.004 0.0040625
Number of particles: 102850
Saving file "out.fluid"...
[HOOKS] Total time spent: 0.268s
PARSEC Benchmark Suite Version 3.0-beta-20150206
Loading file "in_100K.fluid"...
Number of cells: 46080
Grids steps over x, y, z: 0.0040625 0.004 0.0040625
Number of particles: 102850
Saving file "out.fluid"...
[HOOKS] Total time spent: 0.266s
PARSEC Benchmark Suite Version 3.0-beta-20150206
Loading file "in_100K.fluid"...
Number of cells: 46080
Grids steps over x, y, z: 0.0040625 0.004 0.0040625
Number of particles: 102850
Saving file "out.fluid"...
[HOOKS] Total time spent: 0.267s
PARSEC Benchmark Suite Version 3.0-beta-20150206
Loading file "in_100K.fluid"...
Number of cells: 46080
Grids steps over x, y, z: 0.0040625 0.004 0.0040625
Number of particles: 102850
Saving file "out.fluid"...
[HOOKS] Total time spent: 0.267s
PARSEC Benchmark Suite Version 3.0-beta-20150206
Loading file "in_100K.fluid"...
Number of cells: 46080
Grids steps over x, y, z: 0.0040625 0.004 0.0040625
Number of particles: 102850
Saving file "out.fluid"...
[HOOKS] Total time spent: 0.266s
PARSEC Benchmark Suite Version 3.0-beta-20150206
Loading file "in_100K.fluid"...
Number of cells: 46080
Grids steps over x, y, z: 0.0040625 0.004 0.0040625
Number of particles: 102850
Saving file "out.fluid"...
[HOOKS] Total time spent: 0.266s
PARSEC Benchmark Suite Version 3.0-beta-20150206
Loading file "in_100K.fluid"...
Number of cells: 46080
Grids steps over x, y, z: 0.0040625 0.004 0.0040625
Number of particles: 102850
Saving file "out.fluid"...
[HOOKS] Total time spent: 0.265s
PARSEC Benchmark Suite Version 3.0-beta-20150206
Loading file "in_100K.fluid"...
Number of cells: 46080
Grids steps over x, y, z: 0.0040625 0.004 0.0040625
Number of particles: 102850
Saving file "out.fluid"...
[HOOKS] Total time spent: 0.264s
PARSEC Benchmark Suite Version 3.0-beta-20150206
Loading file "in_100K.fluid"...
Number of cells: 46080
Grids steps over x, y, z: 0.0040625 0.004 0.0040625
Number of particles: 102850
Saving file "out.fluid"...
[HOOKS] Total time spent: 0.265s
PARSEC Benchmark Suite Version 3.0-beta-20150206
Loading file "in_100K.fluid"...
Number of cells: 46080
Grids steps over x, y, z: 0.0040625 0.004 0.0040625
Number of particles: 102850
Saving file "out.fluid"...
[HOOKS] Total time spent: 0.265s
PARSEC Benchmark Suite Version 3.0-beta-20150206
Loading file "in_100K.fluid"...
Number of cells: 46080
Grids steps over x, y, z: 0.0040625 0.004 0.0040625
Number of particles: 102850
Saving file "out.fluid"...
[HOOKS] Total time spent: 0.266s
PARSEC Benchmark Suite Version 3.0-beta-20150206
Loading file "in_100K.fluid"...
Number of cells: 46080
Grids steps over x, y, z: 0.0040625 0.004 0.0040625
Number of particles: 102850
Saving file "out.fluid"...
[HOOKS] Total time spent: 0.266s
PARSEC Benchmark Suite Version 3.0-beta-20150206
Loading file "in_100K.fluid"...
Number of cells: 46080
Grids steps over x, y, z: 0.0040625 0.004 0.0040625
Number of particles: 102850
Saving file "out.fluid"...
[HOOKS] Total time spent: 0.265s
PARSEC Benchmark Suite Version 3.0-beta-20150206
Loading file "in_100K.fluid"...
Number of cells: 46080
Grids steps over x, y, z: 0.0040625 0.004 0.0040625
Number of particles: 102850
Saving file "out.fluid"...
[HOOKS] Total time spent: 0.265s
PARSEC Benchmark Suite Version 3.0-beta-20150206
Loading file "in_100K.fluid"...
Number of cells: 46080
Grids steps over x, y, z: 0.0040625 0.004 0.0040625
Number of particles: 102850
Saving file "out.fluid"...
[HOOKS] Total time spent: 0.266s
PARSEC Benchmark Suite Version 3.0-beta-20150206
Loading file "in_100K.fluid"...
Number of cells: 46080
Grids steps over x, y, z: 0.0040625 0.004 0.0040625
Number of particles: 102850
Saving file "out.fluid"...
[HOOKS] Total time spent: 0.265s
PARSEC Benchmark Suite Version 3.0-beta-20150206
Loading file "in_100K.fluid"...
Number of cells: 46080
Grids steps over x, y, z: 0.0040625 0.004 0.0040625
Number of particles: 102850
Saving file "out.fluid"...
[HOOKS] Total time spent: 0.265s
PARSEC Benchmark Suite Version 3.0-beta-20150206
Loading file "in_100K.fluid"...
Number of cells: 46080
Grids steps over x, y, z: 0.0040625 0.004 0.0040625
Number of particles: 102850
Saving file "out.fluid"...
[HOOKS] Total time spent: 0.267s
PARSEC Benchmark Suite Version 3.0-beta-20150206
Loading file "in_100K.fluid"...
Number of cells: 46080
Grids steps over x, y, z: 0.0040625 0.004 0.0040625
Number of particles: 102850
Saving file "out.fluid"...
[HOOKS] Total time spent: 0.266s
PARSEC Benchmark Suite Version 3.0-beta-20150206
Loading file "in_100K.fluid"...
Number of cells: 46080
Grids steps over x, y, z: 0.0040625 0.004 0.0040625
Number of particles: 102850
Saving file "out.fluid"...
[HOOKS] Total time spent: 0.268s
PARSEC Benchmark Suite Version 3.0-beta-20150206
Loading file "in_100K.fluid"...
Number of cells: 46080
Grids steps over x, y, z: 0.0040625 0.004 0.0040625
Number of particles: 102850
Saving file "out.fluid"...
[HOOKS] Total time spent: 0.263s
PARSEC Benchmark Suite Version 3.0-beta-20150206
Loading file "in_100K.fluid"...
Number of cells: 46080
Grids steps over x, y, z: 0.0040625 0.004 0.0040625
Number of particles: 102850
Saving file "out.fluid"...
[HOOKS] Total time spent: 0.264s
PARSEC Benchmark Suite Version 3.0-beta-20150206
Loading file "in_100K.fluid"...
Number of cells: 46080
Grids steps over x, y, z: 0.0040625 0.004 0.0040625
Number of particles: 102850
Saving file "out.fluid"...
[HOOKS] Total time spent: 0.265s
PARSEC Benchmark Suite Version 3.0-beta-20150206
Loading file "in_100K.fluid"...
Number of cells: 46080
Grids steps over x, y, z: 0.0040625 0.004 0.0040625
Number of particles: 102850
Saving file "out.fluid"...
[HOOKS] Total time spent: 0.269s
PARSEC Benchmark Suite Version 3.0-beta-20150206
Loading file "in_100K.fluid"...
Number of cells: 46080
Grids steps over x, y, z: 0.0040625 0.004 0.0040625
Number of particles: 102850
Saving file "out.fluid"...
[HOOKS] Total time spent: 0.269s
PARSEC Benchmark Suite Version 3.0-beta-20150206
Loading file "in_100K.fluid"...
Number of cells: 46080
Grids steps over x, y, z: 0.0040625 0.004 0.0040625
Number of particles: 102850
Saving file "out.fluid"...
[HOOKS] Total time spent: 0.265s
PARSEC Benchmark Suite Version 3.0-beta-20150206
Loading file "in_100K.fluid"...
Number of cells: 46080
Grids steps over x, y, z: 0.0040625 0.004 0.0040625
Number of particles: 102850
Saving file "out.fluid"...
[HOOKS] Total time spent: 0.527s
PARSEC Benchmark Suite Version 3.0-beta-20150206
Loading file "in_100K.fluid"...
Number of cells: 46080
Grids steps over x, y, z: 0.0040625 0.004 0.0040625
Number of particles: 102850
Saving file "out.fluid"...
[HOOKS] Total time spent: 0.265s
PARSEC Benchmark Suite Version 3.0-beta-20150206
Loading file "in_100K.fluid"...
Number of cells: 46080
Grids steps over x, y, z: 0.0040625 0.004 0.0040625
Number of particles: 102850
Saving file "out.fluid"...
[HOOKS] Total time spent: 0.264s
PARSEC Benchmark Suite Version 3.0-beta-20150206
Loading file "in_100K.fluid"...
Number of cells: 46080
Grids steps over x, y, z: 0.0040625 0.004 0.0040625
Number of particles: 102850
Saving file "out.fluid"...
[HOOKS] Total time spent: 0.266s
PARSEC Benchmark Suite Version 3.0-beta-20150206
Loading file "in_100K.fluid"...
Number of cells: 46080
Grids steps over x, y, z: 0.0040625 0.004 0.0040625
Number of particles: 102850
Saving file "out.fluid"...
[HOOKS] Total time spent: 0.268s
PARSEC Benchmark Suite Version 3.0-beta-20150206
Loading file "in_100K.fluid"...
Number of cells: 46080
Grids steps over x, y, z: 0.0040625 0.004 0.0040625
Number of particles: 102850
Saving file "out.fluid"...
[HOOKS] Total time spent: 0.277s
PARSEC Benchmark Suite Version 3.0-beta-20150206
Loading file "in_100K.fluid"...
Number of cells: 46080
Grids steps over x, y, z: 0.0040625 0.004 0.0040625
Number of particles: 102850
Saving file "out.fluid"...
[HOOKS] Total time spent: 0.266s
PARSEC Benchmark Suite Version 3.0-beta-20150206
Loading file "in_100K.fluid"...
Number of cells: 46080
Grids steps over x, y, z: 0.0040625 0.004 0.0040625
Number of particles: 102850
Saving file "out.fluid"...
[HOOKS] Total time spent: 0.274s
PARSEC Benchmark Suite Version 3.0-beta-20150206
Loading file "in_100K.fluid"...
Number of cells: 46080
Grids steps over x, y, z: 0.0040625 0.004 0.0040625
Number of particles: 102850
Saving file "out.fluid"...
[HOOKS] Total time spent: 0.274s
PARSEC Benchmark Suite Version 3.0-beta-20150206
Loading file "in_100K.fluid"...
Number of cells: 46080
Grids steps over x, y, z: 0.0040625 0.004 0.0040625
Number of particles: 102850
Saving file "out.fluid"...
[HOOKS] Total time spent: 0.266s
PARSEC Benchmark Suite Version 3.0-beta-20150206
Loading file "in_100K.fluid"...
Number of cells: 46080
Grids steps over x, y, z: 0.0040625 0.004 0.0040625
Number of particles: 102850
Saving file "out.fluid"...
[HOOKS] Total time spent: 0.268s
PARSEC Benchmark Suite Version 3.0-beta-20150206
Loading file "in_100K.fluid"...
Number of cells: 46080
Grids steps over x, y, z: 0.0040625 0.004 0.0040625
Number of particles: 102850
Saving file "out.fluid"...
[HOOKS] Total time spent: 0.264s
PARSEC Benchmark Suite Version 3.0-beta-20150206
Loading file "in_100K.fluid"...
Number of cells: 46080
Grids steps over x, y, z: 0.0040625 0.004 0.0040625
Number of particles: 102850
Saving file "out.fluid"...
[HOOKS] Total time spent: 0.267s
PARSEC Benchmark Suite Version 3.0-beta-20150206
Loading file "in_100K.fluid"...
Number of cells: 46080
Grids steps over x, y, z: 0.0040625 0.004 0.0040625
Number of particles: 102850
Saving file "out.fluid"...
[HOOKS] Total time spent: 0.266s
PARSEC Benchmark Suite Version 3.0-beta-20150206
Loading file "in_100K.fluid"...
Number of cells: 46080
Grids steps over x, y, z: 0.0040625 0.004 0.0040625
Number of particles: 102850
Saving file "out.fluid"...
[HOOKS] Total time spent: 0.267s
PARSEC Benchmark Suite Version 3.0-beta-20150206
Loading file "in_100K.fluid"...
Number of cells: 46080
Grids steps over x, y, z: 0.0040625 0.004 0.0040625
Number of particles: 102850
Saving file "out.fluid"...
[HOOKS] Total time spent: 0.267s
PARSEC Benchmark Suite Version 3.0-beta-20150206
Loading file "in_100K.fluid"...
Number of cells: 46080
Grids steps over x, y, z: 0.0040625 0.004 0.0040625
Number of particles: 102850
Saving file "out.fluid"...
[HOOKS] Total time spent: 0.267s
PARSEC Benchmark Suite Version 3.0-beta-20150206
Loading file "in_100K.fluid"...
Number of cells: 46080
Grids steps over x, y, z: 0.0040625 0.004 0.0040625
Number of particles: 102850
Saving file "out.fluid"...
[HOOKS] Total time spent: 0.266s
PARSEC Benchmark Suite Version 3.0-beta-20150206
Loading file "in_100K.fluid"...
Number of cells: 46080
Grids steps over x, y, z: 0.0040625 0.004 0.0040625
Number of particles: 102850
Saving file "out.fluid"...
[HOOKS] Total time spent: 0.297s
PARSEC Benchmark Suite Version 3.0-beta-20150206
Loading file "in_100K.fluid"...
Number of cells: 46080
Grids steps over x, y, z: 0.0040625 0.004 0.0040625
Number of particles: 102850
Saving file "out.fluid"...
[HOOKS] Total time spent: 0.266s
PARSEC Benchmark Suite Version 3.0-beta-20150206
Loading file "in_100K.fluid"...
Number of cells: 46080
Grids steps over x, y, z: 0.0040625 0.004 0.0040625
Number of particles: 102850
Saving file "out.fluid"...
[HOOKS] Total time spent: 0.265s
PARSEC Benchmark Suite Version 3.0-beta-20150206
Loading file "in_100K.fluid"...
Number of cells: 46080
Grids steps over x, y, z: 0.0040625 0.004 0.0040625
Number of particles: 102850
Saving file "out.fluid"...
[HOOKS] Total time spent: 0.265s
PARSEC Benchmark Suite Version 3.0-beta-20150206
Loading file "in_100K.fluid"...
Number of cells: 46080
Grids steps over x, y, z: 0.0040625 0.004 0.0040625
Number of particles: 102850
Saving file "out.fluid"...
[HOOKS] Total time spent: 0.265s
PARSEC Benchmark Suite Version 3.0-beta-20150206
Loading file "in_100K.fluid"...
Number of cells: 46080
Grids steps over x, y, z: 0.0040625 0.004 0.0040625
Number of particles: 102850
Saving file "out.fluid"...
[HOOKS] Total time spent: 0.265s
