17.118165
17.119757
17.127300
17.130332
17.113626
17.096779
17.096206
17.095618
17.098546
17.108716
17.098975
17.099665
17.104140
17.102307
17.122789
17.111160
17.095863
17.098207
17.098884
17.097010
17.097607
17.109028
17.102727
17.095997
17.094776
17.099925
17.110946
17.113322
17.098949
17.098077
17.101169
17.098719
17.120191
17.104477
17.100118
17.092582
17.099558
17.098536
17.104080
17.101728
17.100484
17.096487
17.095208
17.097559
17.105563
17.097315
17.100715
17.107136
17.110804
17.127548
17.111349
17.106233
17.110816
17.107297
17.099200
17.105806
17.109908
17.102343
17.104114
17.098943
17.103425
17.107669
17.100045
17.099114
17.099799
17.102450
17.097296
17.110444
17.107675
17.111208
17.109767
17.105354
17.098281
17.097369
17.105634
17.100470
17.102985
17.093374
17.096117
17.096591
17.099827
17.110013
17.099099
17.101419
17.122211
17.100388
17.099334
17.099250
17.100731
17.095562
17.098166
17.095553
17.098369
17.102329
17.097933
17.096353
17.094512
17.094339
17.095771
17.098958
17.102246
17.097995
17.102103
17.106053
17.096792
17.097551
17.095505
17.101759
17.096520
17.099093
17.100205
17.113601
17.110303
17.103279
17.099093
17.108532
17.108774
17.100957
17.100599
17.115392
17.102287
17.099428
17.106571
17.104835
17.107505
17.107817
17.108108
17.099626
17.117590
17.112113
17.097806
17.102671
17.099614
17.104927
17.106772
17.102338
17.093065
17.100860
17.096805
17.094693
17.110248
17.101022
17.092600
17.094468
17.100679
17.097830
17.107624
17.099594
17.097789
17.095098
