17.113566
17.097154
17.097706
17.106616
17.101533
17.098549
17.103720
17.099112
17.093162
17.091363
17.099215
17.098105
17.096948
17.091072
17.098404
17.094306
17.099691
17.096884
17.091452
17.093571
17.094250
17.096719
17.095101
17.094981
17.099380
17.092758
17.092584
17.093288
17.102347
17.095805
17.091245
17.095817
17.091824
17.116116
17.092371
17.091662
17.099895
17.103029
17.094586
17.100899
17.099214
17.090896
17.096302
17.096547
17.098784
17.094744
17.093584
17.095061
17.095683
17.102655
17.097833
17.092695
17.093529
17.098898
17.100598
17.091852
17.100673
17.095458
17.093815
17.106621
17.094428
17.099726
17.093207
17.095186
17.096515
17.098504
17.095283
17.089334
17.109498
17.094477
17.098061
17.091182
17.097823
17.089250
17.093933
17.101779
17.090934
17.091726
17.089073
17.092226
17.104310
17.090919
17.091258
17.093736
17.099356
17.100801
17.101113
17.098902
17.093055
17.100475
17.128299
17.121636
17.101072
17.098203
17.101168
17.095754
17.103892
17.094890
17.096628
17.096558
17.094227
17.098332
17.090150
17.116660
17.096992
17.108385
17.101866
17.097591
17.095015
17.116692
17.106722
17.102055
17.102002
17.094179
17.101197
17.103224
17.100681
17.099412
17.094246
17.094797
17.096536
17.102250
17.105090
17.092714
17.099664
17.092534
17.106813
17.099707
17.096482
17.096683
17.092906
17.110692
17.096784
17.096084
17.090959
17.093172
17.100199
17.096920
17.113934
17.091217
17.093148
17.104645
17.096660
17.094797
17.088958
17.093055
17.091248
17.101661
17.098592
17.093196
