0.014746
0.014768
0.014122
0.013914
0.013767
0.013983
0.013773
0.013717
0.013745
0.013790
0.013654
0.013691
0.013686
0.013717
0.013777
0.013713
0.013674
0.013672
0.013699
0.013876
0.013744
0.013480
0.014143
0.013717
0.013752
0.013524
0.013661
0.014035
0.014029
0.013785
0.013648
0.013836
0.013799
0.013706
0.013795
0.013837
0.013871
0.014114
0.013699
0.013807
0.013617
0.013667
0.013725
0.013568
0.013783
0.013359
0.013463
0.014196
0.013962
0.013765
0.013964
0.014178
0.013873
0.013990
0.013705
0.013931
0.014145
0.013694
0.013530
0.013719
0.013811
0.013768
0.013808
0.013768
0.013772
0.013829
0.013667
0.013537
0.013375
0.013515
0.013694
0.013777
0.014001
0.013600
0.013617
0.013767
0.013774
0.013755
0.013702
0.013801
0.013664
0.013950
0.013496
0.013685
0.013821
0.013807
0.013727
0.013730
0.014001
0.013721
0.013739
0.014053
0.013697
0.013721
0.013684
0.013765
0.013842
0.013999
0.013735
0.013802
0.013563
0.013831
0.013633
0.013535
0.013625
0.013667
0.013381
0.013740
0.013659
0.014178
0.013743
0.013831
0.014085
0.013598
0.013695
0.013815
0.013818
0.013593
0.013655
0.013748
0.013623
0.013576
0.013970
0.013554
0.013830
0.013788
0.013566
0.013705
0.013780
0.013645
0.013671
0.013780
0.013786
0.013736
0.013842
0.013481
0.013658
0.013693
0.013754
0.013781
0.013797
0.013782
0.013716
0.013917
0.014054
0.014715
0.013812
0.013777
0.013454
0.013681
