0.016025
0.015501
0.015473
0.015173
0.015441
0.015826
0.015312
0.015362
0.015112
0.015012
0.015372
0.015084
0.015035
0.015186
0.015089
0.015388
0.015198
0.015197
0.015422
0.015697
0.015301
0.015121
0.015025
0.015099
0.014876
0.015312
0.015637
0.015162
0.014948
0.015088
0.015624
0.015027
0.015309
0.015038
0.014831
0.015336
0.015164
0.014965
0.015712
0.015920
0.015056
0.015839
0.015225
0.015054
0.015704
0.015099
0.015237
0.015207
0.015327
0.015649
0.014957
0.015076
0.015395
0.015022
0.014851
0.015160
0.015023
0.014811
0.015268
0.014991
0.015324
0.015210
0.015007
0.014963
0.014936
0.015212
0.015161
0.015251
0.015019
0.015177
0.014806
0.015247
0.015247
0.015474
0.015232
0.014983
0.015008
0.015162
0.015173
0.015159
0.014958
0.014871
0.015106
0.015254
0.015252
0.015358
0.015232
0.015431
0.015323
0.014877
0.015280
0.015223
0.014843
0.015765
0.015388
0.015150
0.014998
0.014884
0.015103
0.014979
0.015032
0.015049
0.015038
0.015133
0.015759
0.015156
0.015526
0.015008
0.014942
0.015305
0.015061
0.014862
0.015230
0.014938
0.015401
0.015099
0.015084
0.015214
0.015386
0.015228
0.014862
0.014937
0.014967
0.014962
0.015513
0.015145
0.015026
0.015475
0.015110
0.014767
0.015169
0.015792
0.015330
0.015165
0.015214
0.015418
0.015186
0.015195
0.015187
0.015476
0.015178
0.015337
0.015105
0.015007
0.015195
0.015379
0.015226
0.015332
0.015193
0.015227
