1.114742
1.007763
0.982746
0.981819
1.020692
0.976673
1.016660
0.958852
1.133898
1.070260
1.046614
1.060514
1.002523
0.987333
0.969590
0.988358
1.059351
1.113345
1.048057
1.021338
1.010418
0.994557
1.035384
1.110156
1.088962
1.141296
1.057245
1.131229
0.972360
0.979630
1.143435
1.047131
0.961536
1.046439
0.966795
1.082043
0.968160
1.005918
1.095963
0.994942
1.130112
1.001353
1.140596
1.002565
0.997597
1.148316
1.015584
1.072267
1.111075
1.080038
1.021788
1.009707
1.118736
1.125230
1.027782
0.979960
1.034596
1.077401
1.115558
0.982988
0.975635
1.093130
1.005729
1.000859
1.143682
0.971023
0.980463
1.066422
1.015637
1.006226
0.975824
0.982659
1.155362
0.975038
1.015541
1.145166
1.107556
1.074089
1.085144
1.149677
1.089624
1.108917
1.133022
0.972241
1.133367
1.063826
1.081914
0.988089
1.000535
1.016363
0.979720
1.134382
1.011966
1.031412
1.021191
1.136020
1.125244
1.139354
1.167155
1.016593
1.072160
1.013130
1.014688
0.977213
0.994778
1.074246
1.162170
0.977475
1.153895
1.140109
0.999663
1.040139
1.040203
1.080813
0.989462
1.168612
1.023954
1.018533
1.013396
1.165504
1.145277
1.164832
1.086213
1.115087
0.986605
1.085198
0.978398
1.147906
1.020956
0.987778
0.999856
1.147911
1.009650
0.985464
1.006162
1.066257
1.013749
1.119191
1.128849
1.073935
1.127644
1.110954
1.070907
1.094575
0.997867
1.118368
1.150775
1.000130
1.137215
0.977976
