0.970481
0.963101
0.997634
0.944478
1.002686
1.000712
0.952306
0.952017
0.955949
0.937829
1.093737
1.030784
0.950255
0.971467
0.977037
0.975899
0.956524
1.086384
0.942001
1.017977
0.940861
1.089343
1.089032
1.048438
0.945594
0.943850
0.954260
1.021056
1.095021
0.956937
0.954319
0.998822
0.977172
1.069395
0.972770
1.028249
1.024411
0.950958
1.040483
1.034273
1.048385
0.936897
1.083936
1.010201
1.000293
1.031434
1.079515
1.087157
0.971181
0.982198
1.048667
1.090248
1.053149
1.087495
1.011766
0.944634
1.028627
1.035534
0.976521
1.008493
0.941432
0.965748
0.954514
0.946174
0.999737
1.090046
0.977004
1.024462
0.970651
0.951011
0.947083
1.082189
1.069209
0.973543
0.965760
0.948543
1.003154
0.957592
1.091743
0.935466
1.063095
1.058943
0.984547
1.089614
0.965314
0.938741
1.082512
0.944682
0.935597
1.079230
0.984628
1.065770
1.067651
0.977539
1.024034
1.087555
1.059399
1.034075
1.046248
0.964073
0.958382
1.049927
1.001447
1.050525
1.006344
1.069903
0.994814
1.076806
1.032976
0.980717
0.960314
1.086717
0.950555
0.957352
1.089785
1.007887
1.018865
1.010797
1.039759
0.977672
1.036051
1.027234
0.968556
1.003484
1.048690
1.098570
1.081554
0.963063
1.088654
0.987335
1.098895
1.058553
1.020532
0.988966
1.002278
0.951134
0.979650
1.062169
0.980647
0.988732
0.949000
1.000766
0.947911
0.983330
0.986135
1.086418
0.986309
1.056517
1.025733
1.069386
