0.761635
0.769714
0.763788
0.762130
0.765353
0.764635
0.760327
0.774708
0.768563
0.768769
0.761586
0.779883
0.772534
0.759669
0.752761
0.773715
0.753916
0.755576
0.758763
0.754421
0.752104
0.757776
0.759856
0.765205
0.765194
0.759191
0.757308
0.761837
0.764207
0.756542
0.755097
0.770435
0.758650
0.751681
0.759922
0.767739
0.765721
0.777122
0.759614
0.758590
0.758021
0.758923
0.764808
0.765024
0.760106
0.761264
0.762791
0.767214
0.758185
0.752785
0.760899
0.787122
0.760590
0.764397
0.767399
0.760246
0.759896
0.759358
0.760383
0.780067
0.780263
0.765485
0.754289
0.751089
0.761895
0.759864
0.781590
0.764709
0.756535
0.774289
0.756820
0.761640
0.770402
0.776030
0.772728
0.776284
0.753777
0.765320
0.758749
0.751116
0.757710
0.759595
0.757411
0.765284
0.762622
0.763809
0.764168
0.764875
0.760646
0.761130
0.752981
0.757471
0.754503
0.766084
0.762418
0.763689
0.754937
0.759731
0.761401
0.764780
0.768009
0.760396
0.760242
0.762402
0.761550
0.753825
0.759051
0.760820
0.755257
0.771418
0.768544
0.757444
0.756479
0.781673
0.750952
0.759461
0.761669
0.758101
0.754573
0.773774
0.775716
0.760692
0.767381
0.753792
0.746188
0.767239
0.778574
0.775509
0.766558
0.762775
0.753824
0.766596
0.763503
0.785549
0.757866
0.775832
0.760549
0.759960
0.766818
0.773923
0.769705
0.769214
0.767044
0.790615
0.753510
0.760441
0.771951
0.766579
0.766827
0.763402
