0.767128
0.774307
0.786387
0.776052
0.785528
0.773918
0.799359
0.776844
0.772494
0.783303
0.771388
0.773581
0.771641
0.797689
0.810159
0.779035
0.773093
0.777543
0.809409
0.788397
0.778101
0.802233
0.772073
0.773092
0.782458
0.776429
0.779240
0.776511
0.776738
0.774111
0.783908
0.774457
0.795345
0.770531
0.772885
0.769127
0.769330
0.771050
0.783993
0.768628
0.778723
0.773309
0.773576
0.780595
0.770718
0.780908
0.781599
0.775912
0.768209
0.781637
0.769713
0.778629
0.773212
0.773318
0.793972
0.788827
0.787595
0.808629
0.775302
0.772800
0.772912
0.776548
0.772460
0.776367
0.774471
0.768251
0.779223
0.775390
0.776079
0.790052
0.782037
0.793400
0.784827
0.792355
0.775342
0.778091
0.774331
0.777467
0.771996
0.774716
0.774501
0.784483
0.770935
0.767833
0.794262
0.778637
0.776427
0.781043
0.773136
0.779837
0.785738
0.777694
0.779957
0.801233
0.768820
0.777163
0.777836
0.770459
0.787715
0.773925
0.780076
0.771388
0.773067
0.764001
0.771825
0.780148
0.773147
0.769710
0.774606
0.774373
0.761037
0.766930
0.766616
0.763672
0.761864
0.767481
0.771843
0.769740
0.778274
0.764767
0.781947
0.773609
0.767970
0.766429
0.790554
0.792990
0.777304
0.774590
0.797201
0.769667
0.764889
0.779079
0.784710
0.788999
0.776146
0.772203
0.786592
0.777306
0.769399
0.771290
0.771989
0.778885
0.774834
0.771226
0.777276
0.770750
0.774588
0.773864
0.771951
0.782515
