real 4.00
user 3.85
sys 0.12
real 3.95
user 3.84
sys 0.09
real 3.95
user 3.81
sys 0.11
real 3.95
user 3.81
sys 0.12
real 3.95
user 3.80
sys 0.13
real 3.95
user 3.80
sys 0.13
real 3.95
user 3.82
sys 0.11
real 3.97
user 3.78
sys 0.15
real 3.95
user 3.81
sys 0.12
real 4.07
user 3.91
sys 0.13
real 3.97
user 3.86
sys 0.08
real 3.97
user 3.85
sys 0.10
real 3.95
user 3.81
sys 0.12
real 3.96
user 3.88
sys 0.06
real 3.97
user 3.82
sys 0.13
real 3.97
user 3.85
sys 0.10
real 3.97
user 3.85
sys 0.11
real 3.97
user 3.86
sys 0.10
real 3.98
user 3.83
sys 0.14
real 3.96
user 3.81
sys 0.13
real 3.96
user 3.82
sys 0.13
real 3.96
user 3.81
sys 0.13
real 3.96
user 3.80
sys 0.14
real 3.97
user 3.87
sys 0.08
real 3.97
user 3.85
sys 0.10
real 3.96
user 3.85
sys 0.08
real 3.97
user 3.83
sys 0.12
real 3.96
user 3.81
sys 0.13
real 3.96
user 3.85
sys 0.09
real 3.96
user 3.83
sys 0.11
real 3.97
user 3.85
sys 0.09
real 4.09
user 3.82
sys 0.13
real 3.98
user 3.84
sys 0.11
real 3.98
user 3.83
sys 0.12
real 3.98
user 3.84
sys 0.11
real 3.96
user 3.83
sys 0.11
real 3.97
user 3.84
sys 0.11
real 3.96
user 3.86
sys 0.09
real 3.97
user 3.81
sys 0.14
real 4.02
user 3.83
sys 0.12
real 3.98
user 3.88
sys 0.08
real 3.97
user 3.86
sys 0.09
real 3.97
user 3.86
sys 0.09
real 3.96
user 3.85
sys 0.09
real 3.96
user 3.85
sys 0.09
real 3.97
user 3.83
sys 0.12
real 3.96
user 3.82
sys 0.12
real 3.96
user 3.83
sys 0.11
real 3.97
user 3.86
sys 0.09
real 3.97
user 3.84
sys 0.12
real 3.97
user 3.84
sys 0.10
real 3.98
user 3.84
sys 0.12
real 3.96
user 3.83
sys 0.10
real 3.97
user 3.86
sys 0.09
real 3.97
user 3.83
sys 0.12
real 4.09
user 3.84
sys 0.12
real 3.97
user 3.83
sys 0.11
real 3.97
user 3.87
sys 0.08
real 3.97
user 3.83
sys 0.11
real 3.98
user 3.87
sys 0.09
real 3.97
user 3.86
sys 0.09
real 3.97
user 3.83
sys 0.12
real 3.96
user 3.85
sys 0.10
real 3.97
user 3.86
sys 0.08
real 3.97
user 3.83
sys 0.12
real 3.98
user 3.85
sys 0.10
real 3.98
user 3.83
sys 0.13
real 4.07
user 3.80
sys 0.14
real 3.96
user 3.83
sys 0.11
real 3.95
user 3.79
sys 0.14
real 3.97
user 3.86
sys 0.09
real 3.98
user 3.81
sys 0.12
real 3.96
user 3.82
sys 0.12
real 3.97
user 3.82
sys 0.12
real 3.97
user 3.81
sys 0.14
real 3.96
user 3.83
sys 0.12
real 3.95
user 3.84
sys 0.09
real 3.94
user 3.80
sys 0.12
real 3.96
user 3.84
sys 0.10
real 3.95
user 3.83
sys 0.10
real 3.96
user 3.84
sys 0.11
real 3.95
user 3.84
sys 0.10
real 3.96
user 3.81
sys 0.12
real 3.95
user 3.83
sys 0.10
real 3.96
user 3.82
sys 0.12
real 3.95
user 3.83
sys 0.10
real 3.96
user 3.82
sys 0.12
real 3.96
user 3.83
sys 0.11
real 3.96
user 3.81
sys 0.13
real 3.95
user 3.81
sys 0.12
real 3.96
user 3.83
sys 0.11
real 4.07
user 3.83
sys 0.12
real 3.96
user 3.80
sys 0.14
real 3.94
user 3.84
sys 0.08
real 3.95
user 3.84
sys 0.09
real 3.94
user 3.83
sys 0.09
real 3.95
user 3.85
sys 0.09
real 3.96
user 3.83
sys 0.11
real 3.95
user 3.83
sys 0.10
real 3.95
user 3.84
sys 0.10
real 3.94
user 3.80
sys 0.12
real 3.95
user 3.85
sys 0.08
real 3.95
user 3.80
sys 0.13
real 3.96
user 3.85
sys 0.08
real 3.95
user 3.84
sys 0.09
real 3.95
user 3.84
sys 0.09
real 3.96
user 3.83
sys 0.11
real 3.97
user 3.83
sys 0.12
real 3.96
user 3.80
sys 0.14
real 3.96
user 3.82
sys 0.12
real 3.96
user 3.84
sys 0.10
real 3.97
user 3.80
sys 0.15
real 3.95
user 3.81
sys 0.12
real 3.95
user 3.81
sys 0.12
real 3.96
user 3.84
sys 0.10
real 3.95
user 3.84
sys 0.10
real 3.94
user 3.86
sys 0.06
real 3.95
user 3.82
sys 0.10
real 3.96
user 3.83
sys 0.10
real 3.96
user 3.80
sys 0.14
real 3.96
user 3.83
sys 0.11
real 3.96
user 3.80
sys 0.13
real 3.96
user 3.81
sys 0.13
real 3.96
user 3.79
sys 0.15
real 3.96
user 3.86
sys 0.08
real 3.96
user 3.81
sys 0.14
real 3.97
user 3.85
sys 0.10
real 4.11
user 3.83
sys 0.11
real 3.95
user 3.84
sys 0.09
real 3.95
user 3.82
sys 0.11
real 3.95
user 3.81
sys 0.12
real 4.07
user 3.81
sys 0.12
real 3.96
user 3.80
sys 0.14
real 3.95
user 3.84
sys 0.08
real 3.96
user 3.83
sys 0.10
real 3.96
user 3.84
sys 0.09
real 4.07
user 3.80
sys 0.13
real 3.97
user 3.84
sys 0.11
real 3.95
user 3.79
sys 0.14
real 3.96
user 3.82
sys 0.12
real 4.09
user 3.85
sys 0.09
real 3.96
user 3.85
sys 0.10
real 3.97
user 3.82
sys 0.13
real 3.96
user 3.83
sys 0.11
real 3.96
user 3.84
sys 0.10
real 3.97
user 3.84
sys 0.11
real 3.98
user 3.83
sys 0.13
real 3.95
user 3.83
sys 0.10
real 3.99
user 3.83
sys 0.11
real 3.95
user 3.82
sys 0.12
