0.002374
0.002382
0.002368
0.002367
0.002380
0.002368
0.002365
0.002363
0.002365
0.002391
0.002357
0.002368
0.002396
0.002358
0.002365
0.002370
0.002356
0.002376
0.002365
0.002366
0.002530
0.002361
0.002365
0.002397
0.002356
0.002384
0.002370
0.002478
0.002403
0.002361
0.002372
0.002390
0.002356
0.002375
0.002365
0.002387
0.002383
0.002365
0.002385
0.002387
0.002389
0.002367
0.002369
0.002358
0.002369
0.002356
0.002369
0.002374
0.002357
0.002367
0.002545
0.002385
0.002399
0.002374
0.002366
0.002386
0.002370
0.002385
0.002355
0.002375
0.002391
0.002396
0.002372
0.002394
0.002376
0.002372
0.002373
0.002392
0.002403
0.002358
0.002390
0.002389
0.002358
0.002370
0.002369
0.002368
0.002408
0.002361
0.002375
0.002384
0.002365
0.002406
0.002391
0.002385
0.002362
0.002365
0.002378
0.002464
0.002372
0.002412
0.002357
0.002372
0.002381
0.002360
0.002386
0.002386
0.002386
0.002454
0.002357
0.002366
0.002366
0.002356
0.002387
0.002367
0.002371
0.002405
0.002370
0.002373
0.002373
0.002370
0.002379
0.002374
0.002366
0.002407
0.002375
0.002370
0.002360
0.002356
0.002414
0.002368
0.002434
0.002388
0.002359
0.002384
0.002388
0.002359
0.002369
0.002389
0.002360
0.002378
0.002372
0.002364
0.002393
0.002358
0.002367
0.002387
0.002351
0.002477
0.002379
0.002366
0.002383
0.002374
0.002368
0.002394
0.002365
0.002390
0.002366
0.002401
0.002377
0.002393
