real 2.89
user 2.62
sys 0.25
real 2.72
user 2.59
sys 0.12
real 2.72
user 2.61
sys 0.10
real 2.72
user 2.57
sys 0.14
real 2.72
user 2.58
sys 0.14
real 2.74
user 2.59
sys 0.14
real 2.72
user 2.58
sys 0.13
real 2.73
user 2.58
sys 0.14
real 2.73
user 2.61
sys 0.11
real 2.72
user 2.57
sys 0.14
real 2.72
user 2.58
sys 0.13
real 2.72
user 2.60
sys 0.11
real 2.73
user 2.60
sys 0.12
real 2.72
user 2.60
sys 0.11
real 2.73
user 2.59
sys 0.13
real 2.73
user 2.61
sys 0.11
real 2.72
user 2.58
sys 0.13
real 2.72
user 2.60
sys 0.12
real 2.72
user 2.60
sys 0.10
real 2.73
user 2.63
sys 0.10
real 2.72
user 2.63
sys 0.09
real 2.73
user 2.58
sys 0.14
real 2.76
user 2.63
sys 0.12
real 2.72
user 2.60
sys 0.12
real 2.75
user 2.62
sys 0.12
real 2.72
user 2.59
sys 0.12
real 2.72
user 2.59
sys 0.12
real 2.75
user 2.61
sys 0.12
real 2.73
user 2.63
sys 0.09
real 2.74
user 2.60
sys 0.13
