real 2.76
user 2.60
sys 0.15
real 2.71
user 2.60
sys 0.10
real 2.70
user 2.59
sys 0.11
real 2.70
user 2.58
sys 0.12
real 2.71
user 2.60
sys 0.10
real 2.70
user 2.59
sys 0.11
real 2.70
user 2.62
sys 0.08
real 2.70
user 2.58
sys 0.11
real 2.70
user 2.58
sys 0.11
real 2.70
user 2.60
sys 0.09
real 2.70
user 2.57
sys 0.12
real 2.70
user 2.59
sys 0.10
real 2.70
user 2.58
sys 0.11
real 2.69
user 2.56
sys 0.13
real 2.70
user 2.58
sys 0.11
real 2.71
user 2.58
sys 0.12
real 2.70
user 2.58
sys 0.12
real 2.86
user 2.60
sys 0.10
real 2.70
user 2.58
sys 0.11
real 2.70
user 2.59
sys 0.10
real 2.70
user 2.61
sys 0.09
real 2.70
user 2.60
sys 0.10
real 2.71
user 2.59
sys 0.12
real 2.70
user 2.57
sys 0.13
real 2.70
user 2.58
sys 0.11
real 2.72
user 2.61
sys 0.10
real 2.71
user 2.60
sys 0.10
real 2.70
user 2.60
sys 0.10
real 2.71
user 2.59
sys 0.11
real 2.71
user 2.60
sys 0.10
