 BI-CGSTAB & symmetric difference scheme 
 3D  Laminar shock wave propagation
 Re:   100000.000000    Pr:        0.720000
 grid size is:     31    31   128
 CFL:  1.900   nuim:  0.100  nuex2:  0.100 nuex4:  0.050
 Implicit scheme is working
 Cubic initial configuration
 Number of Time Steps:     10

 Time step:      1  dt:    0.61535116196E-03
    0.99769940128E-02    0.10000000000E-02
 Time step:      2  dt:    0.99453267722E-03
    0.61194251817E-01    0.10000000000E-02
 Time step:      3  dt:    0.12702992316E-02
    0.13111581525        0.10000000000E-02
 Time step:      4  dt:    0.15370978151E-02
    0.20794250789        0.10000000000E-02
 Time step:      5  dt:    0.18156103642E-02
    0.28770560134        0.10000000000E-02
 Time step:      6  dt:    0.21151441058E-02
    0.38694796237        0.10000000000E-02
 Time step:      7  dt:    0.24426839623E-02
    0.55292108997        0.10000000000E-02
 Time step:      8  dt:    0.26837217900E-02
    0.71330439528        0.10000000000E-02
 Time step:      9  dt:    0.29864459064E-02
    0.97996391635        0.10000000000E-02
 Time step:     10  dt:    0.33458561367E-02
     1.2982777522        0.10000000000E-02
