real 0.39
user 0.13
sys 0.25
real 0.24
user 0.11
sys 0.13
real 0.24
user 0.10
sys 0.13
real 0.24
user 0.13
sys 0.11
real 0.24
user 0.12
sys 0.12
real 0.24
user 0.12
sys 0.12
real 0.24
user 0.13
sys 0.11
real 0.26
user 0.14
sys 0.11
real 0.25
user 0.12
sys 0.12
real 0.24
user 0.11
sys 0.13
real 0.24
user 0.10
sys 0.14
real 0.25
user 0.14
sys 0.10
real 0.24
user 0.11
sys 0.13
real 0.24
user 0.12
sys 0.12
real 0.24
user 0.13
sys 0.10
real 0.24
user 0.11
sys 0.13
real 0.24
user 0.11
sys 0.13
real 0.24
user 0.12
sys 0.12
real 0.24
user 0.12
sys 0.12
real 0.24
user 0.14
sys 0.10
real 0.24
user 0.12
sys 0.11
real 0.24
user 0.12
sys 0.11
real 0.24
user 0.12
sys 0.12
real 0.24
user 0.12
sys 0.12
real 0.24
user 0.14
sys 0.09
real 0.24
user 0.11
sys 0.13
real 0.24
user 0.12
sys 0.12
real 0.24
user 0.15
sys 0.09
real 0.25
user 0.11
sys 0.13
real 0.24
user 0.12
sys 0.12
real 0.25
user 0.15
sys 0.09
real 0.24
user 0.12
sys 0.11
real 0.24
user 0.10
sys 0.13
real 0.24
user 0.12
sys 0.11
real 0.25
user 0.11
sys 0.13
real 0.24
user 0.13
sys 0.11
real 0.24
user 0.13
sys 0.11
real 0.24
user 0.13
sys 0.11
real 0.24
user 0.12
sys 0.12
real 0.24
user 0.13
sys 0.11
real 0.25
user 0.10
sys 0.14
real 0.25
user 0.11
sys 0.13
real 0.24
user 0.12
sys 0.11
real 0.24
user 0.12
sys 0.11
real 0.24
user 0.11
sys 0.13
real 0.24
user 0.10
sys 0.13
real 0.24
user 0.12
sys 0.11
real 0.24
user 0.11
sys 0.12
real 0.24
user 0.11
sys 0.13
real 0.25
user 0.10
sys 0.14
real 0.24
user 0.14
sys 0.10
real 0.25
user 0.11
sys 0.13
real 0.24
user 0.13
sys 0.11
real 0.24
user 0.13
sys 0.10
real 0.24
user 0.12
sys 0.11
real 0.24
user 0.13
sys 0.11
real 0.24
user 0.12
sys 0.12
real 0.24
user 0.11
sys 0.13
real 0.24
user 0.14
sys 0.10
real 0.25
user 0.14
sys 0.11
real 0.24
user 0.11
sys 0.13
real 0.24
user 0.12
sys 0.12
real 0.24
user 0.11
sys 0.12
real 0.24
user 0.09
sys 0.15
real 0.24
user 0.13
sys 0.10
real 0.24
user 0.12
sys 0.11
real 0.24
user 0.11
sys 0.12
real 0.24
user 0.13
sys 0.11
real 0.24
user 0.11
sys 0.13
real 0.24
user 0.10
sys 0.13
real 0.24
user 0.11
sys 0.13
real 0.24
user 0.12
sys 0.12
real 0.24
user 0.12
sys 0.12
real 0.24
user 0.12
sys 0.11
real 0.24
user 0.10
sys 0.14
real 0.24
user 0.13
sys 0.10
real 0.25
user 0.12
sys 0.12
real 0.24
user 0.12
sys 0.12
real 0.24
user 0.13
sys 0.11
real 0.24
user 0.14
sys 0.10
real 0.25
user 0.13
sys 0.11
real 0.24
user 0.10
sys 0.14
real 0.24
user 0.11
sys 0.13
real 0.24
user 0.12
sys 0.12
real 0.24
user 0.11
sys 0.12
real 0.25
user 0.12
sys 0.12
real 0.25
user 0.12
sys 0.13
real 0.24
user 0.11
sys 0.13
real 0.25
user 0.11
sys 0.13
real 0.24
user 0.13
sys 0.10
real 0.24
user 0.10
sys 0.13
real 0.24
user 0.10
sys 0.14
real 0.24
user 0.13
sys 0.11
real 0.25
user 0.13
sys 0.11
real 0.24
user 0.11
sys 0.12
real 0.24
user 0.13
sys 0.11
real 0.24
user 0.13
sys 0.11
real 0.24
user 0.13
sys 0.10
real 0.24
user 0.14
sys 0.09
real 0.24
user 0.10
sys 0.13
real 0.24
user 0.12
sys 0.12
real 0.24
user 0.13
sys 0.11
real 0.25
user 0.11
sys 0.13
real 0.24
user 0.10
sys 0.14
real 0.27
user 0.12
sys 0.14
real 0.25
user 0.12
sys 0.12
real 0.24
user 0.10
sys 0.14
real 0.24
user 0.14
sys 0.10
real 0.24
user 0.13
sys 0.11
real 0.25
user 0.14
sys 0.10
real 0.24
user 0.11
sys 0.13
real 0.24
user 0.13
sys 0.10
real 0.25
user 0.10
sys 0.14
real 0.24
user 0.10
sys 0.13
real 0.25
user 0.14
sys 0.11
real 0.27
user 0.15
sys 0.12
real 0.24
user 0.14
sys 0.10
real 0.24
user 0.13
sys 0.10
real 0.24
user 0.11
sys 0.13
real 0.24
user 0.12
sys 0.12
real 0.24
user 0.12
sys 0.11
real 0.24
user 0.11
sys 0.12
real 0.24
user 0.11
sys 0.13
real 0.24
user 0.13
sys 0.10
real 0.24
user 0.11
sys 0.12
real 0.24
user 0.11
sys 0.12
real 0.24
user 0.12
sys 0.11
real 0.24
user 0.11
sys 0.13
real 0.24
user 0.09
sys 0.14
real 0.25
user 0.12
sys 0.12
real 0.24
user 0.12
sys 0.12
real 0.24
user 0.11
sys 0.13
real 0.25
user 0.12
sys 0.12
real 0.24
user 0.11
sys 0.13
real 0.24
user 0.12
sys 0.12
real 0.24
user 0.14
sys 0.09
real 0.24
user 0.09
sys 0.14
real 0.25
user 0.13
sys 0.11
real 0.24
user 0.12
sys 0.12
real 0.24
user 0.12
sys 0.12
real 0.25
user 0.11
sys 0.13
real 0.25
user 0.14
sys 0.11
real 0.26
user 0.12
sys 0.14
real 0.24
user 0.12
sys 0.12
real 0.24
user 0.11
sys 0.12
real 0.25
user 0.12
sys 0.12
real 0.24
user 0.13
sys 0.10
real 0.24
user 0.14
sys 0.10
real 0.24
user 0.11
sys 0.12
real 0.24
user 0.13
sys 0.10
