0.001871
0.001919
0.001882
0.001899
0.001901
0.001914
0.001899
0.001891
0.001903
0.001910
0.001906
0.002018
0.001895
0.001915
0.001901
0.001902
0.001909
0.001897
0.001904
0.001908
0.001915
0.001963
0.001900
0.001898
0.001913
0.001910
0.001908
0.001905
0.001896
0.001966
0.001924
0.001948
0.001895
0.001893
0.001918
0.001913
0.001967
0.001908
0.001911
0.001898
0.001908
0.001970
0.001896
0.001894
0.001906
0.001911
0.001920
0.001900
0.001897
0.001902
0.001916
0.001896
0.001907
0.001905
0.001896
0.001907
0.001902
0.002046
0.001904
0.001900
0.001913
0.001910
0.001912
0.002031
0.001887
0.001911
0.001896
0.001894
0.001891
0.001899
0.001899
0.001915
0.001894
0.001895
0.001908
0.001899
0.001898
0.001909
0.001891
0.001920
0.001913
0.001914
0.001898
0.001905
0.001905
0.001966
0.001923
0.001903
0.001885
0.001904
0.001907
0.001958
0.001903
0.001897
0.001909
0.001905
0.001894
0.001905
0.001902
0.001916
0.001922
0.001919
0.001915
0.001906
0.001912
0.001905
0.001911
0.001895
0.001908
0.001902
0.001903
0.001897
0.001907
0.001925
0.001917
0.001916
0.001903
0.001911
0.001914
0.001963
0.001912
0.001901
0.001909
0.001917
0.001923
0.001967
0.001892
0.001896
0.001912
0.001908
0.001896
0.002030
0.001950
0.001986
0.001977
0.001967
0.002075
0.001895
0.001909
0.001937
0.001913
0.001916
0.001912
0.001900
0.001898
0.001895
0.001906
0.001896
0.001897
0.001895
