0.001912
0.001890
0.001891
0.001896
0.001898
0.001918
0.001974
0.001966
0.001941
0.001907
0.001915
0.001921
0.001920
0.001978
0.001919
0.001900
0.001915
0.001910
0.001910
0.001975
0.001919
0.001924
0.001918
0.001943
0.001915
0.002046
0.001912
0.001910
0.001905
0.001917
0.001963
0.001905
0.001910
0.001927
0.001919
0.001924
0.001964
0.001908
0.001909
0.001908
0.001937
0.001928
0.001922
0.001926
0.001925
0.001913
0.001918
0.001906
0.001907
0.001918
0.001923
0.001921
0.001923
0.002045
0.001918
0.001916
0.001925
0.001913
0.001916
0.002078
0.001904
0.001923
0.001915
0.001925
0.001903
0.001905
0.001914
0.001920
0.001926
0.001922
0.002025
0.001913
0.001911
0.001920
0.001919
0.001913
0.001911
0.001908
0.001938
0.001915
0.001917
0.001923
0.001916
0.001977
0.001926
0.001922
0.001925
0.001914
0.001934
0.001924
0.001908
0.001918
0.002073
0.001939
0.001918
0.001935
0.001900
0.001909
0.001907
0.001920
0.001928
0.001908
0.001917
0.002047
0.001915
0.001921
0.001911
0.001917
0.001907
0.001922
0.001920
0.001909
0.001909
0.001900
0.002037
0.001933
0.001927
0.001922
0.001925
0.001914
0.002094
0.001918
0.001912
0.001909
0.001908
0.001925
0.001919
0.001982
0.002026
0.001975
0.001905
0.001914
0.001906
0.001918
0.001924
0.002053
0.001918
0.001936
0.001915
0.001917
0.001908
0.001912
0.001913
0.001908
0.001923
0.001918
0.001908
0.002028
0.001912
0.001907
