0.000578
0.000578
0.000644
0.000580
0.000578
0.000615
0.000579
0.000580
0.000579
0.000579
0.000579
0.000599
0.000587
0.000579
0.000605
0.000578
0.000628
0.000586
0.000579
0.000617
0.000675
0.000638
0.000598
0.000578
0.000583
0.000583
0.000583
0.000612
0.000584
0.000585
0.000584
0.000581
0.000594
0.000640
0.000598
0.000575
0.000605
0.000579
0.000581
0.000579
0.000596
0.000580
0.000578
0.000579
0.000577
0.000581
0.000579
0.000580
0.000626
0.000578
0.000578
0.000604
0.000579
0.000579
0.000589
0.000580
0.000604
0.000620
0.000579
0.000579
0.000579
0.000601
0.000632
0.000606
0.000580
0.000615
0.000580
0.000579
0.000580
0.000579
0.000608
0.000579
0.000581
0.000605
0.000587
0.000590
0.000635
0.000603
0.000604
0.000601
0.000648
0.000602
0.000636
0.000599
0.000606
0.000626
0.000635
0.000603
0.000615
0.000646
0.000628
0.000655
0.000602
0.000602
0.000603
0.000580
0.000583
0.000583
0.000584
0.000587
0.000585
0.000667
0.000585
0.000582
0.000582
0.000609
0.000609
0.000578
0.000579
0.000614
0.000604
0.000577
0.000601
0.000581
0.000579
0.000579
0.000579
0.000578
0.000613
0.000580
0.000578
0.000579
0.000577
0.000580
0.000596
0.000587
0.000601
0.000604
0.000579
0.000605
0.000612
0.000603
0.000601
0.000637
0.000604
0.000607
0.000579
0.000580
0.000609
0.000603
0.000666
0.000588
0.000595
0.000583
0.000583
0.000579
0.000581
0.000603
0.000579
0.000578
