0.000579
0.000579
0.000578
0.000579
0.000580
0.000579
0.000594
0.000598
0.000608
0.000588
0.000579
0.000580
0.000579
0.000590
0.000578
0.000613
0.000578
0.000579
0.000601
0.000596
0.000661
0.000641
0.000590
0.000579
0.000590
0.000632
0.000621
0.000622
0.000610
0.000609
0.000625
0.000601
0.000639
0.000579
0.000590
0.000590
0.000579
0.000578
0.000579
0.000596
0.000579
0.000607
0.000580
0.000595
0.000584
0.000597
0.000618
0.000579
0.000579
0.000590
0.000579
0.000628
0.000579
0.000587
0.000578
0.000623
0.000585
0.000596
0.000619
0.000578
0.000622
0.000579
0.000579
0.000597
0.000597
0.000579
0.000603
0.000597
0.000585
0.000598
0.000599
0.000596
0.000578
0.000578
0.000579
0.000615
0.000580
0.000579
0.000580
0.000580
0.000600
0.000593
0.000614
0.000613
0.000596
0.000578
0.000580
0.000591
0.000594
0.000586
0.000597
0.000607
0.000579
0.000578
0.000578
0.000578
0.000610
0.000624
0.000578
0.000579
0.000578
0.000583
0.000613
0.000635
0.000605
0.000605
0.000578
0.000578
0.000606
0.000579
0.000588
0.000590
0.000615
0.000578
0.000593
0.000637
0.000596
0.000610
0.000606
0.000616
0.000577
0.000613
0.000579
0.000620
0.000578
0.000580
0.000602
0.000611
0.000612
0.000607
0.000596
0.000585
0.000645
0.000579
0.000580
0.000579
0.000578
0.000580
0.000579
0.000607
0.000578
0.000580
0.000606
0.000583
0.000596
0.000606
0.000627
0.000579
0.000601
0.000643
