0.013558
0.013300
0.013455
0.013458
0.013561
0.013382
0.013458
0.013464
0.013459
0.013456
0.013463
0.013503
0.013551
0.013444
0.013448
0.013455
0.013773
0.013462
0.013568
0.013376
0.013376
0.013444
0.013516
0.013520
0.013445
0.013469
0.013287
0.013461
0.013493
0.013531
0.013375
0.013378
0.013454
0.013533
0.013496
0.013445
0.013447
0.013439
0.013452
0.013683
0.013525
0.013464
0.013558
0.013465
0.013466
0.013462
0.013441
0.013452
0.013454
0.013465
0.013488
0.013339
0.013299
0.013656
0.013452
0.013517
0.013455
0.013453
0.013448
0.013398
0.013457
0.013545
0.013458
0.013551
0.013458
0.013542
0.013529
0.013468
0.013578
0.013449
0.013359
0.013442
0.013450
0.013438
0.013521
0.013380
0.013450
0.013394
0.013484
0.013453
0.013452
0.013487
0.013449
0.013458
0.013374
0.013441
0.013454
0.013458
0.013448
0.013457
0.013372
0.013554
0.013458
0.013456
0.013377
0.013459
0.013456
0.013365
0.013512
0.013559
0.013447
0.013383
0.021253
0.013381
0.013774
0.013566
0.013448
0.013457
0.013447
0.013540
0.013450
0.013447
0.013446
0.013443
0.013538
0.013451
0.013441
0.013211
0.013453
0.013488
0.013459
0.013455
0.013460
0.013523
0.013451
0.013452
0.013457
0.013370
0.013456
0.013446
0.013452
0.013455
0.013455
0.013320
0.013380
0.013556
0.013492
0.013449
0.013380
0.013380
0.013548
0.013458
0.013417
0.013451
0.013460
0.013456
0.013516
0.013455
0.013458
0.013463
