0.013467
0.013578
0.013562
0.013465
0.013460
0.013469
0.013482
0.013465
0.013657
0.013626
0.013662
0.013556
0.013466
0.013473
0.013467
0.013385
0.013537
0.013482
0.013456
0.013469
0.013627
0.013543
0.013392
0.013549
0.013536
0.013472
0.013589
0.013407
0.013536
0.013460
0.013462
0.013516
0.013461
0.013464
0.013696
0.013467
0.013588
0.013458
0.013571
0.013484
0.013462
0.013468
0.013513
0.013541
0.013547
0.013469
0.013470
0.013474
0.013453
0.013465
0.013464
0.013469
0.013570
0.013393
0.013465
0.013738
0.013458
0.013386
0.013469
0.013460
0.013463
0.013475
0.013485
0.013468
0.013477
0.013380
0.013562
0.013464
0.013474
0.013560
0.013577
0.013458
0.013466
0.013553
0.013558
0.013457
0.013472
0.013461
0.013537
0.013470
0.013392
0.013517
0.013454
0.013469
0.013474
0.013471
0.013459
0.013467
0.013553
0.013467
0.013467
0.013487
0.013579
0.013468
0.013462
0.013382
0.013472
0.013541
0.013475
0.013463
0.013455
0.013456
0.013464
0.013387
0.013463
0.013459
0.013531
0.013393
0.013505
0.013529
0.013551
0.013468
0.013459
0.013467
0.013476
0.013461
0.013468
0.013541
0.013394
0.013458
0.013503
0.013702
0.013535
0.013393
0.013469
0.013473
0.013536
0.013457
0.013462
0.013468
0.013476
0.013572
0.013461
0.013457
0.013549
0.013375
0.013467
0.013605
0.013464
0.013455
0.013396
0.013390
0.013513
0.013475
0.013461
0.013565
0.013463
0.013460
0.013389
0.013555
