0.470983
0.470556
0.471531
0.472120
0.471307
0.471043
0.471772
0.472538
0.472115
0.471617
0.472262
0.508256
0.472116
0.472028
0.472136
0.472290
0.472249
0.475241
0.473235
0.472777
0.471884
0.472116
0.473778
0.471223
0.472459
0.473468
0.472950
0.473188
0.472525
0.471981
0.474052
0.473693
0.471784
0.472994
0.474893
0.474004
0.472799
0.472229
0.472151
0.473335
0.482872
0.472042
0.471884
0.473588
0.472575
0.471617
0.471991
0.472697
0.472317
0.471422
0.472320
0.472321
0.473530
0.472144
0.472275
0.472359
0.472020
0.470977
0.471923
0.472399
0.472691
0.471640
0.472192
0.471492
0.470484
0.471523
0.472311
0.472032
0.471787
0.471367
0.471865
0.471726
0.472061
0.472291
0.470196
0.472252
0.472054
0.472788
0.472397
0.471583
0.472085
0.472228
0.472705
0.472675
0.472265
0.471490
0.473170
0.472542
0.472973
0.472516
0.472104
0.471982
0.472989
0.473603
0.471703
0.472881
0.473656
0.473127
0.472488
0.472296
0.472956
0.473305
0.470926
0.472147
0.470801
0.473291
0.472683
0.473676
0.472123
0.471463
0.472906
0.472621
0.471676
0.472884
0.472958
0.476586
0.472499
0.473187
0.472996
0.471969
0.473734
0.472339
0.472637
0.472120
0.472638
0.473633
0.473942
0.472291
0.473505
0.472347
0.471644
0.472350
0.472301
0.473376
0.472957
0.472864
0.472569
0.472671
0.472866
0.472675
0.472255
0.472831
0.472978
0.473123
0.473200
0.472416
0.472120
0.471889
0.473889
0.470285
