0.474642
0.473539
0.473582
0.473616
0.473633
0.471998
0.473756
0.473851
0.473526
0.473734
0.473398
0.473866
0.473294
0.472854
0.473471
0.473797
0.474169
0.473898
0.473743
0.473778
0.473657
0.473938
0.470912
0.469874
0.470074
0.474840
0.471389
0.487755
0.471218
0.471475
0.471057
0.471055
0.471276
0.471540
0.478233
0.477717
0.471839
0.470741
0.471744
0.471615
0.470781
0.471661
0.470783
0.472189
0.471372
0.470590
0.471085
0.470597
0.470947
0.471085
0.470948
0.470574
0.471177
0.471789
0.471257
0.470659
0.471710
0.471189
0.471179
0.471219
0.471115
0.471150
0.469691
0.470955
0.471139
0.470059
0.471085
0.471080
0.469209
0.471272
0.471371
0.470723
0.470996
0.471051
0.471031
0.471383
0.471008
0.470975
0.470914
0.471021
0.470620
0.471128
0.471481
0.470923
0.471570
0.471099
0.470847
0.471132
0.470144
0.471227
0.471543
0.469199
0.470554
0.471985
0.470883
0.471099
0.471120
0.470902
0.472999
0.470513
0.471243
0.471436
0.471161
0.469880
0.471558
0.471182
0.471153
0.470245
0.471687
0.471408
0.469899
0.471914
0.470492
0.471320
0.472807
0.471466
0.471224
0.471144
0.471309
0.471063
0.470858
0.469422
0.471185
0.471157
0.471029
0.470740
0.471033
0.471338
0.471666
0.470977
0.471262
0.472456
0.471337
0.470950
0.471332
0.470839
0.470819
0.471314
0.471233
0.471847
0.471357
0.471942
0.471136
0.470739
0.471304
0.470786
0.471006
0.471965
0.471495
0.470675
