real 3.80
user 3.80
sys 0.00
real 3.81
user 3.80
sys 0.00
real 3.81
user 3.80
sys 0.00
real 3.80
user 3.78
sys 0.01
real 3.82
user 3.81
sys 0.00
real 3.81
user 3.80
sys 0.00
real 3.81
user 3.79
sys 0.01
real 3.79
user 3.78
sys 0.01
real 3.81
user 3.79
sys 0.01
real 3.81
user 3.79
sys 0.01
real 3.81
user 3.80
sys 0.00
real 3.80
user 3.79
sys 0.00
real 3.81
user 3.79
sys 0.01
real 3.83
user 3.82
sys 0.00
real 3.80
user 3.79
sys 0.00
real 3.80
user 3.78
sys 0.01
real 3.81
user 3.80
sys 0.00
real 3.80
user 3.79
sys 0.00
real 3.80
user 3.79
sys 0.00
real 3.80
user 3.79
sys 0.00
real 3.80
user 3.79
sys 0.00
real 3.83
user 3.81
sys 0.01
real 3.81
user 3.80
sys 0.00
real 3.80
user 3.79
sys 0.00
real 3.79
user 3.78
sys 0.01
real 3.80
user 3.78
sys 0.01
real 3.88
user 3.87
sys 0.00
real 3.81
user 3.80
sys 0.00
real 3.82
user 3.82
sys 0.00
real 3.79
user 3.78
sys 0.00
real 3.81
user 3.79
sys 0.01
real 3.80
user 3.79
sys 0.00
real 3.80
user 3.80
sys 0.00
real 3.80
user 3.79
sys 0.00
real 3.82
user 3.82
sys 0.00
real 3.81
user 3.80
sys 0.00
real 3.82
user 3.81
sys 0.01
real 3.80
user 3.78
sys 0.01
real 3.82
user 3.81
sys 0.00
real 3.80
user 3.79
sys 0.01
real 3.81
user 3.79
sys 0.01
real 3.81
user 3.80
sys 0.00
real 3.79
user 3.79
sys 0.00
real 3.81
user 3.80
sys 0.00
real 3.80
user 3.80
sys 0.00
real 3.80
user 3.79
sys 0.00
real 3.79
user 3.78
sys 0.01
real 3.81
user 3.80
sys 0.00
real 3.81
user 3.79
sys 0.01
real 3.81
user 3.80
sys 0.00
real 3.82
user 3.81
sys 0.00
real 3.83
user 3.80
sys 0.00
real 3.80
user 3.79
sys 0.00
real 3.80
user 3.80
sys 0.00
real 3.80
user 3.79
sys 0.00
real 3.80
user 3.79
sys 0.01
real 3.80
user 3.80
sys 0.00
real 3.80
user 3.79
sys 0.01
real 3.80
user 3.79
sys 0.00
real 3.80
user 3.79
sys 0.01
real 3.80
user 3.80
sys 0.00
real 3.80
user 3.80
sys 0.00
real 3.81
user 3.79
sys 0.01
real 3.80
user 3.80
sys 0.00
real 3.80
user 3.79
sys 0.00
real 3.82
user 3.81
sys 0.00
real 3.80
user 3.79
sys 0.01
real 3.80
user 3.79
sys 0.00
real 3.80
user 3.79
sys 0.00
real 3.80
user 3.80
sys 0.00
real 3.81
user 3.79
sys 0.00
real 3.81
user 3.80
sys 0.00
real 3.80
user 3.78
sys 0.01
real 3.81
user 3.81
sys 0.00
real 3.80
user 3.80
sys 0.00
real 3.79
user 3.78
sys 0.01
real 3.82
user 3.81
sys 0.00
real 3.80
user 3.79
sys 0.00
real 3.80
user 3.80
sys 0.00
real 3.81
user 3.80
sys 0.00
real 3.79
user 3.78
sys 0.01
real 3.83
user 3.81
sys 0.01
real 3.80
user 3.79
sys 0.00
real 3.81
user 3.79
sys 0.01
real 3.81
user 3.79
sys 0.01
real 3.80
user 3.80
sys 0.00
real 3.80
user 3.79
sys 0.00
real 3.81
user 3.80
sys 0.00
real 3.81
user 3.80
sys 0.00
real 3.79
user 3.78
sys 0.01
real 3.80
user 3.79
sys 0.00
real 3.83
user 3.82
sys 0.00
real 3.80
user 3.78
sys 0.01
real 3.81
user 3.81
sys 0.00
real 3.84
user 3.83
sys 0.00
real 3.83
user 3.83
sys 0.00
real 3.82
user 3.81
sys 0.01
real 3.84
user 3.83
sys 0.00
real 3.83
user 3.82
sys 0.00
real 3.84
user 3.83
sys 0.00
