real 1.36
user 1.35
sys 0.00
real 1.35
user 1.35
sys 0.00
real 1.35
user 1.35
sys 0.00
real 1.35
user 1.35
sys 0.00
real 1.35
user 1.35
sys 0.00
real 1.35
user 1.34
sys 0.01
real 1.35
user 1.34
sys 0.00
real 1.35
user 1.34
sys 0.00
real 1.35
user 1.35
sys 0.00
real 1.35
user 1.35
sys 0.00
real 1.35
user 1.35
sys 0.00
real 1.36
user 1.35
sys 0.00
real 1.36
user 1.35
sys 0.00
real 1.35
user 1.35
sys 0.00
real 1.35
user 1.35
sys 0.00
real 1.35
user 1.35
sys 0.00
real 1.35
user 1.34
sys 0.00
real 1.35
user 1.35
sys 0.00
real 1.36
user 1.35
sys 0.00
real 1.35
user 1.35
sys 0.00
real 1.38
user 1.38
sys 0.00
real 1.36
user 1.35
sys 0.00
real 1.35
user 1.34
sys 0.00
real 1.35
user 1.35
sys 0.00
real 1.36
user 1.36
sys 0.00
real 1.35
user 1.34
sys 0.00
real 1.35
user 1.34
sys 0.00
real 1.35
user 1.35
sys 0.00
real 1.35
user 1.35
sys 0.00
real 1.35
user 1.34
sys 0.00
real 1.35
user 1.35
sys 0.00
real 1.35
user 1.35
sys 0.00
real 1.35
user 1.35
sys 0.00
real 1.36
user 1.35
sys 0.00
real 1.36
user 1.35
sys 0.00
real 1.35
user 1.35
sys 0.00
real 1.35
user 1.35
sys 0.00
real 1.35
user 1.35
sys 0.00
real 1.35
user 1.35
sys 0.00
real 1.35
user 1.35
sys 0.00
real 1.35
user 1.35
sys 0.00
real 1.35
user 1.35
sys 0.00
real 1.36
user 1.35
sys 0.00
real 1.37
user 1.37
sys 0.00
real 1.35
user 1.35
sys 0.00
real 1.35
user 1.35
sys 0.00
real 1.35
user 1.35
sys 0.00
real 1.35
user 1.35
sys 0.00
real 1.35
user 1.35
sys 0.00
real 1.36
user 1.35
sys 0.00
real 1.35
user 1.34
sys 0.00
real 1.36
user 1.35
sys 0.00
real 1.35
user 1.35
sys 0.00
real 1.35
user 1.35
sys 0.00
real 1.35
user 1.35
sys 0.00
real 1.36
user 1.36
sys 0.00
real 1.35
user 1.35
sys 0.00
real 1.35
user 1.35
sys 0.00
real 1.35
user 1.35
sys 0.00
real 1.36
user 1.36
sys 0.00
real 1.35
user 1.35
sys 0.00
real 1.36
user 1.35
sys 0.00
real 1.35
user 1.35
sys 0.00
real 1.38
user 1.38
sys 0.00
real 1.35
user 1.35
sys 0.00
real 1.35
user 1.35
sys 0.00
real 1.35
user 1.35
sys 0.00
real 1.35
user 1.35
sys 0.00
real 1.35
user 1.35
sys 0.00
real 1.35
user 1.35
sys 0.00
real 1.36
user 1.35
sys 0.00
real 1.36
user 1.36
sys 0.00
real 1.35
user 1.35
sys 0.00
real 1.36
user 1.35
sys 0.00
real 1.36
user 1.35
sys 0.00
real 1.35
user 1.35
sys 0.00
real 1.35
user 1.35
sys 0.00
real 1.36
user 1.35
sys 0.00
real 1.36
user 1.36
sys 0.00
real 1.36
user 1.35
sys 0.00
real 1.35
user 1.35
sys 0.00
real 1.36
user 1.35
sys 0.00
real 1.35
user 1.35
sys 0.00
real 1.36
user 1.36
sys 0.00
real 1.35
user 1.35
sys 0.00
real 1.35
user 1.35
sys 0.00
real 1.35
user 1.35
sys 0.00
real 1.35
user 1.35
sys 0.00
real 1.36
user 1.35
sys 0.00
real 1.35
user 1.35
sys 0.00
real 1.35
user 1.35
sys 0.00
real 1.35
user 1.35
sys 0.00
real 1.36
user 1.35
sys 0.00
real 1.37
user 1.36
sys 0.00
real 1.36
user 1.36
sys 0.00
real 1.35
user 1.35
sys 0.00
real 1.36
user 1.36
sys 0.00
real 1.37
user 1.37
sys 0.00
real 1.35
user 1.35
sys 0.00
real 1.35
user 1.35
sys 0.00
