8.301664
8.362704
8.355686
8.345425
8.328465
8.304953
8.419330
8.299527
8.326823
8.343523
8.369400
8.360648
8.368566
8.334621
8.543641
8.359179
8.440628
8.414440
8.364735
8.337438
8.459197
8.339023
8.554548
8.561276
8.477070
8.353206
8.436535
8.434599
8.430259
8.395950
8.358481
8.354488
8.474795
8.468945
8.503737
8.411081
8.367548
8.534956
8.382513
8.410010
8.307223
8.572625
8.321742
8.554755
8.523018
8.392435
8.385039
8.566742
8.424082
8.387013
8.359239
8.388868
8.363698
8.422414
8.420961
8.466534
8.504399
8.370263
8.492120
8.320413
8.513213
8.510190
8.502370
8.399204
8.406303
8.370274
8.567786
8.547091
8.578598
8.538280
8.354945
8.329815
8.363231
8.360361
8.411583
8.490400
8.557634
8.409766
8.504500
8.489994
8.456641
8.514160
8.518631
8.388965
8.325275
8.422535
8.382954
8.486946
8.414870
8.338799
8.413396
8.451317
8.412049
8.413023
8.389081
8.501271
8.408008
8.402108
8.390095
8.392380
8.361549
8.490383
8.586795
8.543151
8.370357
8.558257
8.373127
8.519021
8.519775
8.405699
8.545178
8.398165
8.358075
8.391750
8.368746
8.491192
8.380428
8.382656
8.528285
8.385674
8.352236
8.404541
8.360604
8.408359
8.402133
8.393612
8.408893
8.408911
8.369364
8.457616
8.378840
8.410090
8.570757
8.402660
8.405570
8.571648
8.391079
8.385289
8.574750
8.366273
8.424289
8.344657
8.480070
8.353885
8.357747
8.355970
8.391773
8.393768
8.523076
8.567946
