9.247063
9.078159
9.030176
9.224661
9.027009
9.143334
9.150672
9.087117
9.038631
9.101886
9.046739
9.115281
9.172551
9.210863
9.027461
10.603404
9.145149
9.077817
9.151226
9.262683
9.063249
9.127846
9.048682
9.068538
9.054991
9.226934
9.056688
9.074854
9.219742
9.102436
9.068472
9.082248
9.155053
9.062607
9.080511
9.089326
9.062563
9.075895
9.125762
9.030657
9.214896
9.193953
9.097025
9.079554
9.295720
9.215204
9.169398
9.229836
9.108330
9.125303
9.223362
9.281643
9.069503
9.285509
9.193386
9.080766
9.116849
9.117660
9.281184
9.296819
9.098946
9.076467
9.115486
9.164077
9.252817
9.309316
9.107661
9.260531
9.235660
9.114284
9.023379
9.101136
9.105524
9.140165
9.278684
9.131849
9.253845
9.267609
9.109853
9.136609
9.099082
9.092518
9.117620
9.184071
9.113488
9.275462
9.156476
9.143934
9.198280
9.338099
9.230203
9.134756
9.221346
9.176782
9.132926
9.162432
9.162657
9.177526
9.283007
9.329597
9.202022
9.394183
9.250197
9.392506
9.206834
9.205407
9.388007
9.326917
9.339737
9.261133
9.318490
9.184170
9.178520
9.262873
9.133127
9.314671
9.301345
9.335721
9.137954
9.184629
9.322360
9.330261
9.160273
9.403757
9.139903
9.222534
9.290186
9.330331
9.179395
9.195787
9.375357
9.220215
9.328351
9.368445
9.185786
9.222672
9.184277
9.357471
9.163323
9.239571
9.237936
9.339608
9.240791
9.186013
9.204886
9.347868
9.328075
9.212922
9.220043
9.227207
