real 3.06
user 3.02
sys 0.03
real 3.05
user 3.02
sys 0.02
real 3.04
user 3.02
sys 0.02
real 3.05
user 3.03
sys 0.01
real 3.05
user 3.02
sys 0.02
real 3.06
user 3.03
sys 0.01
real 3.05
user 3.02
sys 0.02
real 3.05
user 3.03
sys 0.02
real 3.05
user 3.03
sys 0.01
real 3.05
user 3.02
sys 0.02
real 3.07
user 3.04
sys 0.03
real 3.05
user 3.02
sys 0.02
real 3.05
user 3.02
sys 0.02
real 3.05
user 3.02
sys 0.02
real 3.05
user 3.02
sys 0.03
real 3.05
user 3.01
sys 0.03
real 3.05
user 3.03
sys 0.01
real 3.05
user 3.02
sys 0.02
real 3.05
user 3.03
sys 0.02
real 3.05
user 3.02
sys 0.02
real 3.05
user 3.01
sys 0.03
real 3.05
user 3.03
sys 0.02
real 3.05
user 3.02
sys 0.02
real 3.06
user 3.03
sys 0.02
real 3.05
user 3.02
sys 0.02
real 3.05
user 3.03
sys 0.01
real 3.05
user 3.01
sys 0.04
real 3.05
user 3.03
sys 0.01
real 3.05
user 3.03
sys 0.02
real 3.05
user 3.03
sys 0.02
real 3.05
user 3.04
sys 0.00
real 3.06
user 3.03
sys 0.02
real 3.05
user 3.04
sys 0.00
real 3.05
user 3.02
sys 0.02
real 3.05
user 3.02
sys 0.02
real 3.05
user 3.03
sys 0.01
real 3.05
user 3.02
sys 0.02
real 3.05
user 3.02
sys 0.02
real 3.05
user 3.02
sys 0.02
real 3.05
user 3.03
sys 0.02
real 3.05
user 3.03
sys 0.02
real 3.05
user 3.02
sys 0.02
real 3.05
user 3.03
sys 0.02
real 3.05
user 3.02
sys 0.02
real 3.06
user 3.03
sys 0.02
real 3.05
user 3.03
sys 0.02
real 3.05
user 3.02
sys 0.03
real 3.06
user 3.03
sys 0.02
real 3.05
user 3.03
sys 0.02
real 3.06
user 3.04
sys 0.01
real 3.05
user 3.02
sys 0.03
real 3.05
user 3.03
sys 0.02
real 3.05
user 3.02
sys 0.02
real 3.06
user 3.03
sys 0.02
real 3.05
user 3.03
sys 0.02
real 3.05
user 3.03
sys 0.02
real 3.05
user 3.03
sys 0.02
real 3.05
user 3.03
sys 0.02
real 3.05
user 3.01
sys 0.04
real 3.05
user 3.02
sys 0.02
real 3.05
user 3.03
sys 0.02
real 3.06
user 3.03
sys 0.03
real 3.05
user 3.02
sys 0.03
real 3.05
user 3.03
sys 0.02
real 3.04
user 3.02
sys 0.02
real 3.05
user 3.02
sys 0.02
real 3.05
user 2.99
sys 0.05
real 3.06
user 3.04
sys 0.02
real 3.05
user 3.02
sys 0.02
real 3.05
user 3.05
sys 0.00
real 3.05
user 3.03
sys 0.01
real 3.05
user 3.02
sys 0.02
real 3.05
user 3.02
sys 0.02
real 3.06
user 3.03
sys 0.02
real 3.05
user 3.02
sys 0.03
real 3.05
user 3.01
sys 0.03
real 3.05
user 3.03
sys 0.01
real 3.06
user 3.05
sys 0.01
real 3.05
user 3.03
sys 0.02
real 3.05
user 3.02
sys 0.03
real 3.05
user 3.02
sys 0.03
real 3.06
user 3.04
sys 0.02
real 3.05
user 3.03
sys 0.02
real 3.05
user 3.04
sys 0.01
real 3.05
user 3.04
sys 0.01
real 3.05
user 3.03
sys 0.01
real 3.06
user 3.03
sys 0.02
real 3.05
user 3.03
sys 0.01
real 3.05
user 3.03
sys 0.02
real 3.06
user 3.02
sys 0.03
real 3.05
user 3.04
sys 0.01
real 3.05
user 3.03
sys 0.02
real 3.05
user 3.04
sys 0.01
real 3.06
user 3.03
sys 0.02
real 3.06
user 3.01
sys 0.04
real 3.06
user 3.04
sys 0.01
real 3.06
user 3.04
sys 0.02
real 3.05
user 3.04
sys 0.01
real 3.06
user 3.04
sys 0.02
real 3.06
user 3.04
sys 0.01
real 3.05
user 3.01
sys 0.03
real 3.05
user 3.02
sys 0.03
real 3.05
user 3.03
sys 0.02
real 3.07
user 3.05
sys 0.00
real 3.06
user 3.05
sys 0.00
real 3.06
user 3.03
sys 0.02
real 3.05
user 3.03
sys 0.02
real 3.06
user 3.03
sys 0.02
real 3.05
user 3.02
sys 0.02
real 3.06
user 3.03
sys 0.02
real 3.05
user 3.02
sys 0.03
real 3.06
user 3.03
sys 0.02
real 3.06
user 3.03
sys 0.02
real 3.07
user 3.04
sys 0.02
real 3.06
user 3.02
sys 0.02
real 3.05
user 3.03
sys 0.02
real 3.06
user 3.03
sys 0.02
real 3.05
user 3.01
sys 0.03
real 3.05
user 3.03
sys 0.02
real 3.05
user 3.03
sys 0.02
real 3.06
user 3.03
sys 0.02
real 3.06
user 3.03
sys 0.02
real 3.05
user 3.03
sys 0.01
real 3.05
user 3.03
sys 0.01
real 3.05
user 3.03
sys 0.02
real 3.06
user 3.04
sys 0.01
real 3.05
user 3.02
sys 0.02
real 3.05
user 3.02
sys 0.03
real 3.05
user 3.02
sys 0.03
real 3.05
user 3.02
sys 0.03
real 3.05
user 3.04
sys 0.01
real 3.05
user 3.00
sys 0.04
real 3.05
user 3.03
sys 0.02
real 3.05
user 3.03
sys 0.02
real 3.06
user 3.03
sys 0.02
real 3.06
user 3.04
sys 0.01
real 3.06
user 3.04
sys 0.02
real 3.05
user 3.04
sys 0.01
real 3.06
user 3.04
sys 0.01
real 3.05
user 3.03
sys 0.02
real 3.06
user 3.01
sys 0.04
real 3.05
user 3.03
sys 0.02
real 3.05
user 3.03
sys 0.02
real 3.06
user 3.05
sys 0.00
real 3.06
user 3.03
sys 0.02
real 3.06
user 3.04
sys 0.02
real 3.05
user 3.03
sys 0.02
real 3.05
user 3.04
sys 0.01
real 3.07
user 3.05
sys 0.01
real 3.05
user 3.03
sys 0.02
