real 25.00
user 24.69
sys 0.25
real 24.67
user 24.59
sys 0.06
real 24.68
user 24.59
sys 0.06
real 24.62
user 24.55
sys 0.05
real 24.63
user 24.57
sys 0.05
real 24.76
user 24.60
sys 0.13
real 24.75
user 24.66
sys 0.07
real 24.62
user 24.55
sys 0.05
real 24.65
user 24.56
sys 0.06
real 24.78
user 24.71
sys 0.05
real 24.65
user 24.55
sys 0.08
real 24.65
user 24.56
sys 0.07
real 24.68
user 24.58
sys 0.08
real 24.73
user 24.60
sys 0.11
real 24.68
user 24.55
sys 0.11
real 24.65
user 24.58
sys 0.04
real 24.67
user 24.59
sys 0.06
real 24.77
user 24.64
sys 0.11
real 24.68
user 24.56
sys 0.10
real 24.64
user 24.59
sys 0.03
real 24.69
user 24.56
sys 0.10
real 24.76
user 24.59
sys 0.16
real 24.65
user 24.56
sys 0.06
real 24.72
user 24.64
sys 0.06
real 24.70
user 24.61
sys 0.08
real 24.76
user 24.59
sys 0.14
real 24.68
user 24.59
sys 0.07
real 24.68
user 24.62
sys 0.04
real 24.75
user 24.66
sys 0.06
real 24.85
user 24.67
sys 0.16
real 24.65
user 24.57
sys 0.06
real 24.64
user 24.56
sys 0.06
real 24.82
user 24.71
sys 0.08
real 24.77
user 24.63
sys 0.11
real 24.66
user 24.58
sys 0.06
real 24.67
user 24.59
sys 0.06
real 24.75
user 24.62
sys 0.10
real 24.79
user 24.64
sys 0.12
real 24.63
user 24.55
sys 0.06
real 24.76
user 24.70
sys 0.04
real 24.76
user 24.66
sys 0.08
real 24.72
user 24.59
sys 0.11
real 24.76
user 24.67
sys 0.07
real 24.66
user 24.56
sys 0.08
real 24.76
user 24.64
sys 0.09
real 24.70
user 24.58
sys 0.10
real 24.65
user 24.57
sys 0.06
real 24.76
user 24.63
sys 0.10
real 24.73
user 24.61
sys 0.10
real 24.74
user 24.65
sys 0.07
real 24.73
user 24.66
sys 0.05
real 24.70
user 24.63
sys 0.05
real 24.74
user 24.60
sys 0.12
real 24.68
user 24.58
sys 0.08
real 24.65
user 24.58
sys 0.04
real 24.78
user 24.70
sys 0.06
real 24.74
user 24.52
sys 0.18
real 24.67
user 24.57
sys 0.06
real 24.69
user 24.62
sys 0.05
real 24.70
user 24.60
sys 0.08
real 24.74
user 24.58
sys 0.14
real 24.79
user 24.70
sys 0.06
real 24.67
user 24.58
sys 0.06
real 24.72
user 24.61
sys 0.09
real 24.73
user 24.60
sys 0.11
real 24.69
user 24.60
sys 0.06
real 24.73
user 24.64
sys 0.07
real 24.72
user 24.61
sys 0.09
real 24.75
user 24.63
sys 0.10
real 24.77
user 24.69
sys 0.06
real 24.66
user 24.55
sys 0.09
real 24.80
user 24.70
sys 0.08
real 24.77
user 24.65
sys 0.10
real 24.68
user 24.60
sys 0.06
real 24.67
user 24.59
sys 0.06
real 24.86
user 24.76
sys 0.08
real 24.69
user 24.57
sys 0.10
real 24.64
user 24.54
sys 0.07
real 24.79
user 24.72
sys 0.05
real 24.79
user 24.67
sys 0.10
real 24.71
user 24.60
sys 0.08
real 24.64
user 24.56
sys 0.06
real 24.68
user 24.61
sys 0.05
real 24.72
user 24.61
sys 0.08
real 24.68
user 24.55
sys 0.10
real 24.63
user 24.55
sys 0.06
real 24.68
user 24.57
sys 0.09
real 24.75
user 24.65
sys 0.08
real 24.73
user 24.61
sys 0.10
real 24.75
user 24.68
sys 0.05
real 24.76
user 24.62
sys 0.07
real 24.73
user 24.58
sys 0.13
real 24.70
user 24.60
sys 0.08
real 24.66
user 24.59
sys 0.05
real 24.71
user 24.63
sys 0.05
real 24.80
user 24.59
sys 0.12
real 24.72
user 24.65
sys 0.05
real 24.66
user 24.55
sys 0.10
real 24.73
user 24.65
sys 0.05
real 24.75
user 24.60
sys 0.12
real 24.67
user 24.58
sys 0.07
real 24.66
user 24.56
sys 0.08
real 24.72
user 24.60
sys 0.09
real 24.75
user 24.64
sys 0.09
real 24.66
user 24.56
sys 0.08
real 24.79
user 24.69
sys 0.06
real 24.76
user 24.64
sys 0.08
real 24.71
user 24.60
sys 0.08
real 24.66
user 24.58
sys 0.06
real 24.68
user 24.58
sys 0.08
real 24.73
user 24.60
sys 0.11
real 24.71
user 24.57
sys 0.12
real 24.78
user 24.74
sys 0.02
real 24.71
user 24.63
sys 0.06
real 24.79
user 24.68
sys 0.08
real 24.72
user 24.61
sys 0.09
real 24.66
user 24.59
sys 0.05
real 24.69
user 24.58
sys 0.09
real 25.09
user 24.98
sys 0.10
real 24.80
user 24.68
sys 0.09
real 24.66
user 24.59
sys 0.05
real 24.82
user 24.75
sys 0.06
real 24.77
user 24.60
sys 0.15
real 24.68
user 24.61
sys 0.06
real 24.67
user 24.59
sys 0.06
real 24.74
user 24.63
sys 0.09
real 24.76
user 24.61
sys 0.13
real 24.67
user 24.58
sys 0.06
real 24.67
user 24.61
sys 0.04
real 24.73
user 24.63
sys 0.06
real 24.73
user 24.58
sys 0.12
real 24.81
user 24.73
sys 0.06
real 24.65
user 24.59
sys 0.04
real 24.80
user 24.71
sys 0.08
real 24.86
user 24.73
sys 0.11
real 24.67
user 24.58
sys 0.06
real 24.67
user 24.57
sys 0.07
real 24.78
user 24.68
sys 0.08
real 24.75
user 24.61
sys 0.12
real 24.68
user 24.58
sys 0.07
real 24.68
user 24.56
sys 0.10
real 24.75
user 24.61
sys 0.11
real 24.82
user 24.69
sys 0.11
real 24.81
user 24.71
sys 0.04
real 24.67
user 24.57
sys 0.08
real 24.74
user 24.63
sys 0.09
real 24.71
user 24.57
sys 0.11
real 24.71
user 24.64
sys 0.05
real 24.79
user 24.72
sys 0.05
real 24.75
user 24.65
sys 0.08
