real 2.74
user 2.68
sys 0.06
real 2.73
user 2.69
sys 0.03
real 2.71
user 2.66
sys 0.04
real 2.72
user 2.68
sys 0.03
real 2.72
user 2.67
sys 0.04
real 2.72
user 2.68
sys 0.03
real 2.71
user 2.69
sys 0.01
real 2.71
user 2.67
sys 0.03
real 2.72
user 2.67
sys 0.04
real 2.71
user 2.68
sys 0.03
real 2.72
user 2.67
sys 0.04
real 2.73
user 2.68
sys 0.04
real 2.74
user 2.70
sys 0.04
real 2.72
user 2.70
sys 0.01
real 2.71
user 2.68
sys 0.02
real 2.72
user 2.67
sys 0.04
real 2.71
user 2.67
sys 0.04
real 2.72
user 2.70
sys 0.01
real 2.71
user 2.68
sys 0.02
real 2.71
user 2.68
sys 0.02
real 2.72
user 2.66
sys 0.05
real 2.72
user 2.68
sys 0.03
real 2.72
user 2.68
sys 0.03
real 2.71
user 2.67
sys 0.04
real 2.72
user 2.67
sys 0.04
real 2.73
user 2.71
sys 0.01
real 2.73
user 2.69
sys 0.03
real 2.80
user 2.75
sys 0.04
real 2.71
user 2.66
sys 0.04
real 2.71
user 2.67
sys 0.04
real 2.73
user 2.69
sys 0.03
real 2.72
user 2.67
sys 0.04
real 2.72
user 2.69
sys 0.02
real 2.71
user 2.69
sys 0.02
real 2.72
user 2.67
sys 0.04
real 2.73
user 2.68
sys 0.04
real 2.71
user 2.68
sys 0.03
real 2.71
user 2.66
sys 0.04
real 2.72
user 2.68
sys 0.04
real 2.71
user 2.68
sys 0.02
real 2.72
user 2.66
sys 0.05
real 2.71
user 2.67
sys 0.03
real 2.72
user 2.68
sys 0.03
real 2.71
user 2.68
sys 0.03
real 2.71
user 2.67
sys 0.04
real 2.72
user 2.68
sys 0.03
real 2.72
user 2.68
sys 0.02
real 2.71
user 2.69
sys 0.01
real 2.74
user 2.66
sys 0.05
real 2.71
user 2.66
sys 0.04
real 2.72
user 2.70
sys 0.02
real 2.73
user 2.68
sys 0.04
real 2.72
user 2.68
sys 0.04
real 2.71
user 2.68
sys 0.03
real 2.71
user 2.67
sys 0.04
real 2.93
user 2.90
sys 0.03
real 2.73
user 2.70
sys 0.02
real 2.74
user 2.68
sys 0.05
real 2.71
user 2.67
sys 0.03
real 2.72
user 2.66
sys 0.05
real 2.72
user 2.68
sys 0.04
real 2.71
user 2.67
sys 0.04
real 2.71
user 2.67
sys 0.03
real 2.71
user 2.68
sys 0.02
real 2.72
user 2.67
sys 0.04
real 2.72
user 2.65
sys 0.06
real 2.71
user 2.67
sys 0.04
real 2.71
user 2.66
sys 0.04
real 2.80
user 2.79
sys 0.01
real 2.71
user 2.68
sys 0.02
real 2.71
user 2.69
sys 0.01
real 2.72
user 2.67
sys 0.04
real 2.71
user 2.68
sys 0.03
real 2.72
user 2.66
sys 0.05
real 2.71
user 2.68
sys 0.02
real 2.73
user 2.66
sys 0.06
real 2.72
user 2.69
sys 0.02
real 2.73
user 2.70
sys 0.02
real 2.71
user 2.68
sys 0.03
real 2.72
user 2.67
sys 0.04
real 2.72
user 2.68
sys 0.03
real 2.71
user 2.68
sys 0.03
real 2.72
user 2.67
sys 0.04
real 2.73
user 2.70
sys 0.02
real 2.72
user 2.69
sys 0.02
real 2.73
user 2.69
sys 0.04
real 2.71
user 2.65
sys 0.06
real 2.71
user 2.69
sys 0.02
real 2.71
user 2.66
sys 0.04
real 2.72
user 2.66
sys 0.05
real 2.95
user 2.91
sys 0.03
real 2.73
user 2.69
sys 0.03
real 2.72
user 2.69
sys 0.03
real 2.72
user 2.67
sys 0.05
real 2.97
user 2.93
sys 0.04
real 2.72
user 2.69
sys 0.03
real 2.72
user 2.67
sys 0.05
real 2.83
user 2.79
sys 0.03
real 2.71
user 2.68
sys 0.02
real 2.72
user 2.68
sys 0.03
real 2.72
user 2.67
sys 0.04
real 2.71
user 2.68
sys 0.03
real 2.71
user 2.68
sys 0.03
real 2.72
user 2.68
sys 0.04
real 2.71
user 2.68
sys 0.03
real 2.72
user 2.68
sys 0.03
real 2.72
user 2.68
sys 0.03
real 2.71
user 2.68
sys 0.03
real 2.72
user 2.68
sys 0.03
real 2.71
user 2.67
sys 0.04
real 2.71
user 2.69
sys 0.02
real 2.72
user 2.70
sys 0.02
real 2.71
user 2.68
sys 0.03
real 2.90
user 2.86
sys 0.04
real 2.71
user 2.67
sys 0.03
real 2.72
user 2.68
sys 0.03
real 2.72
user 2.68
sys 0.03
real 2.71
user 2.68
sys 0.03
real 2.71
user 2.68
sys 0.02
real 2.71
user 2.67
sys 0.03
real 2.72
user 2.67
sys 0.04
real 2.72
user 2.67
sys 0.04
real 2.71
user 2.67
sys 0.04
real 2.71
user 2.68
sys 0.02
real 2.71
user 2.65
sys 0.06
real 2.75
user 2.71
sys 0.04
real 2.73
user 2.70
sys 0.03
real 2.72
user 2.66
sys 0.05
real 2.71
user 2.68
sys 0.02
real 2.82
user 2.76
sys 0.06
real 2.72
user 2.68
sys 0.03
real 2.71
user 2.68
sys 0.02
real 2.71
user 2.68
sys 0.03
real 2.89
user 2.86
sys 0.02
real 2.71
user 2.68
sys 0.03
real 2.72
user 2.68
sys 0.03
real 2.72
user 2.70
sys 0.02
real 2.72
user 2.68
sys 0.03
real 2.72
user 2.69
sys 0.02
real 2.72
user 2.67
sys 0.04
real 2.72
user 2.70
sys 0.01
real 2.71
user 2.68
sys 0.03
real 2.86
user 2.83
sys 0.03
real 2.72
user 2.68
sys 0.02
real 2.71
user 2.67
sys 0.04
real 2.71
user 2.67
sys 0.03
real 2.72
user 2.69
sys 0.02
real 2.86
user 2.80
sys 0.05
real 2.73
user 2.69
sys 0.04
real 2.71
user 2.68
sys 0.02
