real 2.75
user 2.71
sys 0.04
real 2.72
user 2.69
sys 0.02
real 2.72
user 2.69
sys 0.03
real 2.72
user 2.67
sys 0.04
real 2.72
user 2.68
sys 0.03
real 2.72
user 2.66
sys 0.06
real 2.73
user 2.69
sys 0.03
real 2.72
user 2.67
sys 0.04
real 2.72
user 2.69
sys 0.03
real 2.81
user 2.76
sys 0.04
real 2.73
user 2.69
sys 0.03
real 2.72
user 2.68
sys 0.03
real 2.72
user 2.69
sys 0.03
real 2.73
user 2.67
sys 0.05
real 2.72
user 2.69
sys 0.03
real 2.74
user 2.68
sys 0.05
real 2.73
user 2.66
sys 0.06
real 2.73
user 2.67
sys 0.06
real 2.73
user 2.70
sys 0.02
real 2.72
user 2.70
sys 0.02
real 2.73
user 2.69
sys 0.03
real 2.76
user 2.72
sys 0.03
real 2.72
user 2.70
sys 0.02
real 2.72
user 2.67
sys 0.04
real 2.72
user 2.70
sys 0.02
real 2.72
user 2.67
sys 0.04
real 2.72
user 2.70
sys 0.02
real 2.73
user 2.69
sys 0.03
real 2.73
user 2.66
sys 0.06
real 2.72
user 2.69
sys 0.03
real 2.72
user 2.69
sys 0.03
real 2.72
user 2.66
sys 0.05
real 2.72
user 2.67
sys 0.04
real 2.74
user 2.71
sys 0.02
real 2.72
user 2.69
sys 0.03
real 2.72
user 2.68
sys 0.04
real 2.73
user 2.70
sys 0.02
real 2.73
user 2.70
sys 0.02
real 2.72
user 2.68
sys 0.04
real 2.73
user 2.69
sys 0.03
real 2.72
user 2.69
sys 0.03
real 2.72
user 2.69
sys 0.03
real 2.73
user 2.64
sys 0.09
real 2.72
user 2.69
sys 0.02
real 2.73
user 2.70
sys 0.03
real 2.73
user 2.67
sys 0.05
real 2.75
user 2.69
sys 0.05
real 2.73
user 2.70
sys 0.03
real 2.72
user 2.65
sys 0.06
real 2.95
user 2.91
sys 0.03
real 2.72
user 2.68
sys 0.03
real 2.72
user 2.68
sys 0.03
real 2.72
user 2.67
sys 0.04
real 2.72
user 2.69
sys 0.02
real 2.74
user 2.70
sys 0.04
real 2.72
user 2.67
sys 0.04
real 2.72
user 2.68
sys 0.03
real 2.72
user 2.69
sys 0.02
real 2.71
user 2.65
sys 0.06
real 2.72
user 2.67
sys 0.04
real 2.73
user 2.67
sys 0.05
real 2.72
user 2.68
sys 0.04
real 2.72
user 2.69
sys 0.02
real 2.72
user 2.68
sys 0.04
real 2.73
user 2.69
sys 0.04
real 2.73
user 2.69
sys 0.03
real 2.75
user 2.71
sys 0.04
real 2.72
user 2.68
sys 0.03
real 2.73
user 2.69
sys 0.03
real 2.74
user 2.70
sys 0.03
real 2.72
user 2.67
sys 0.05
real 2.73
user 2.68
sys 0.04
real 2.74
user 2.71
sys 0.02
real 2.73
user 2.68
sys 0.04
real 2.72
user 2.69
sys 0.03
real 2.72
user 2.67
sys 0.04
real 2.72
user 2.67
sys 0.04
real 2.72
user 2.66
sys 0.05
real 2.72
user 2.66
sys 0.05
real 2.72
user 2.69
sys 0.02
real 2.72
user 2.68
sys 0.04
real 2.72
user 2.67
sys 0.04
real 2.72
user 2.68
sys 0.03
real 2.72
user 2.68
sys 0.04
real 2.71
user 2.68
sys 0.03
real 2.73
user 2.69
sys 0.04
real 2.73
user 2.69
sys 0.03
real 2.72
user 2.69
sys 0.02
real 2.72
user 2.68
sys 0.04
real 2.72
user 2.67
sys 0.04
real 2.99
user 2.96
sys 0.02
real 2.73
user 2.69
sys 0.02
real 2.72
user 2.68
sys 0.03
real 2.74
user 2.71
sys 0.02
real 2.73
user 2.68
sys 0.04
real 2.72
user 2.67
sys 0.04
real 2.72
user 2.70
sys 0.02
real 2.71
user 2.66
sys 0.04
real 2.72
user 2.68
sys 0.03
real 2.72
user 2.68
sys 0.03
real 2.73
user 2.69
sys 0.03
real 2.95
user 2.91
sys 0.04
real 2.73
user 2.68
sys 0.04
real 2.73
user 2.69
sys 0.03
real 2.73
user 2.71
sys 0.02
real 2.81
user 2.78
sys 0.02
real 2.73
user 2.69
sys 0.04
real 2.73
user 2.70
sys 0.03
real 2.72
user 2.68
sys 0.03
real 2.75
user 2.70
sys 0.03
real 2.73
user 2.69
sys 0.03
real 2.72
user 2.69
sys 0.03
real 2.72
user 2.67
sys 0.04
real 2.73
user 2.69
sys 0.03
real 2.72
user 2.68
sys 0.04
real 2.73
user 2.68
sys 0.04
real 2.72
user 2.69
sys 0.02
real 2.74
user 2.69
sys 0.04
real 2.72
user 2.68
sys 0.04
real 2.73
user 2.68
sys 0.04
real 2.72
user 2.66
sys 0.05
real 2.72
user 2.67
sys 0.04
real 2.72
user 2.67
sys 0.05
real 2.76
user 2.71
sys 0.05
real 2.73
user 2.70
sys 0.02
real 2.74
user 2.70
sys 0.03
real 2.72
user 2.67
sys 0.04
real 2.73
user 2.67
sys 0.05
real 2.72
user 2.68
sys 0.03
real 2.73
user 2.68
sys 0.04
real 2.75
user 2.71
sys 0.03
real 2.72
user 2.68
sys 0.03
real 2.72
user 2.69
sys 0.03
real 2.73
user 2.68
sys 0.04
real 2.72
user 2.69
sys 0.03
real 2.72
user 2.69
sys 0.02
real 2.72
user 2.68
sys 0.03
real 2.73
user 2.68
sys 0.04
real 2.72
user 2.69
sys 0.02
real 2.75
user 2.70
sys 0.04
real 2.72
user 2.68
sys 0.03
real 2.74
user 2.69
sys 0.04
real 2.73
user 2.68
sys 0.04
real 2.72
user 2.66
sys 0.06
real 2.73
user 2.67
sys 0.05
real 2.72
user 2.66
sys 0.05
real 2.73
user 2.68
sys 0.04
real 2.72
user 2.68
sys 0.03
real 2.75
user 2.69
sys 0.04
real 2.73
user 2.69
sys 0.04
