0.012911
0.012769
0.012689
0.012246
0.012178
0.012474
0.011988
0.012358
0.012363
0.012320
0.012377
0.012229
0.012181
0.012576
0.012200
0.012298
0.012339
0.012340
0.012202
0.012119
0.012447
0.012261
0.012167
0.012341
0.012370
0.012063
0.012322
0.012146
0.012464
0.012344
0.012108
0.012196
0.012406
0.012176
0.011904
0.012221
0.012389
0.012230
0.012269
0.011939
0.012025
0.012184
0.012043
0.012338
0.012313
0.012302
0.012312
0.012314
0.012058
0.013124
0.012266
0.012066
0.012105
0.012403
0.012273
0.012185
0.012269
0.012275
0.012231
0.012191
0.012286
0.012291
0.012226
0.012138
0.012725
0.012216
0.012358
0.012162
0.012363
0.012403
0.012182
0.012406
0.012439
0.012295
0.012304
0.012247
0.012497
0.012086
0.012276
0.012366
0.012039
0.012105
0.012171
0.012314
0.012164
0.012470
0.012206
0.012089
0.012174
0.012271
0.012306
0.012379
0.012154
0.012308
0.012157
0.012213
0.012260
0.012069
0.012316
0.012440
0.012306
0.012233
0.012366
0.012585
0.012346
0.012375
0.012273
0.012625
0.012581
0.012177
0.012540
0.012095
0.012272
0.012490
0.012537
0.012350
0.012222
0.011935
0.012259
0.012283
0.012305
0.012462
0.012197
0.012132
0.012393
0.012184
0.012190
0.012148
0.012219
0.012479
0.012527
0.012362
0.012356
0.012209
0.012415
0.012203
0.012515
0.012319
0.012535
0.012501
0.012196
0.012383
0.012132
0.012277
0.012022
0.012124
0.012335
0.012229
0.012468
0.012526
