0.013891
0.013666
0.014044
0.013414
0.013327
0.013525
0.013372
0.013325
0.013255
0.013094
0.013060
0.013232
0.013257
0.013226
0.013318
0.013425
0.013521
0.013371
0.013197
0.013350
0.013175
0.013450
0.013081
0.012971
0.013335
0.013810
0.013390
0.017201
0.013515
0.013613
0.013229
0.013169
0.013347
0.013600
0.013504
0.013200
0.013282
0.013368
0.013348
0.013267
0.013496
0.013425
0.013397
0.013337
0.013238
0.013394
0.013306
0.013351
0.013449
0.013449
0.013128
0.013270
0.013196
0.013298
0.013316
0.013152
0.013172
0.013395
0.013343
0.013458
0.013190
0.013370
0.013396
0.013301
0.013279
0.013376
0.013092
0.013321
0.013380
0.013449
0.013493
0.013299
0.013143
0.013230
0.013324
0.013306
0.013448
0.013042
0.013106
0.013550
0.013262
0.013304
0.013375
0.013266
0.012967
0.013126
0.013133
0.013427
0.013632
0.013550
0.013402
0.013250
0.012841
0.013147
0.013253
0.013421
0.013250
0.013227
0.013195
0.013473
0.013260
0.013789
0.013305
0.013642
0.013472
0.013580
0.013242
0.013435
0.013330
0.013351
0.013444
0.013421
0.013225
0.013374
0.012888
0.013104
0.013461
0.013324
0.013303
0.013465
0.013424
0.013435
0.013634
0.013246
0.013396
0.012979
0.013468
0.013262
0.013369
0.013418
0.013292
0.013253
0.013474
0.012920
0.013366
0.013227
0.013308
0.013418
0.013355
0.013357
0.013393
0.013407
0.013164
0.013247
0.013338
0.013308
0.013383
0.013178
0.013326
0.013156
