13.450385
13.426815
13.445989
13.443043
13.437216
13.442519
13.438008
13.436262
13.446937
13.427712
13.426331
13.440813
13.432728
13.451946
13.438826
13.449435
13.433379
13.449338
13.456424
13.449440
13.451135
13.447938
13.448620
13.447262
13.448130
13.443800
13.442995
13.467313
13.441013
13.433038
13.450551
13.435059
13.442427
13.440028
13.435662
13.452221
13.439872
13.430979
13.439406
13.440999
13.437179
13.441398
13.445018
13.454198
13.441542
13.446007
13.447775
13.442775
13.452617
13.455471
13.457783
13.447698
13.442450
13.446122
13.447575
13.453118
13.443016
13.445827
13.471294
13.439820
13.448107
13.445905
13.447928
13.447349
13.441487
13.454819
13.452805
13.445989
13.451974
13.455724
13.470050
13.456091
13.452301
13.462114
13.452797
13.474291
13.455089
13.444824
13.460683
13.459215
13.460069
13.449625
13.455417
13.448099
13.456121
13.450643
13.470004
13.462077
13.469130
13.459128
13.462311
13.439777
13.451946
13.449139
13.456139
13.455295
13.456041
13.454931
13.449805
13.434078
13.460492
13.449482
13.453356
13.474919
13.441001
13.448389
13.451256
13.448278
13.450549
13.451109
13.453397
13.470359
13.444781
13.447702
13.444928
13.447439
13.436772
13.448130
13.455647
13.466510
13.445628
13.423714
13.429916
13.435277
13.436689
13.432600
13.450690
13.433712
13.439542
13.423441
13.430963
13.443123
13.457613
13.455463
13.446832
13.452249
13.454526
13.452653
13.439029
13.449451
13.458389
13.442250
13.454387
13.441027
13.443439
13.433033
13.436902
13.455252
13.454742
13.439249
