13.459443
13.450087
13.459212
13.468615
13.457724
13.456717
13.456546
13.459066
13.475710
13.493622
13.479360
13.484302
13.468576
13.467211
13.465406
13.478658
13.458361
13.468326
13.467054
13.461508
13.455770
13.454807
13.454428
13.464731
13.466536
13.457262
13.458611
13.464216
13.455714
13.463736
13.463984
13.466524
13.491115
13.470641
13.463164
13.480757
13.487674
13.476439
13.476919
13.471135
13.469453
13.479087
13.482090
13.484470
13.477059
13.477281
13.518012
13.477974
13.482280
13.470201
13.463349
13.459287
13.453760
13.486176
13.482061
13.473228
13.476607
13.466453
13.477400
13.477794
13.488182
13.476754
13.488012
13.475438
13.469541
13.467743
13.467442
13.469252
13.474965
13.461833
13.455183
13.464187
13.462553
13.459328
13.453021
13.462953
13.461952
13.462309
13.453634
13.457542
13.458808
13.462941
13.460643
13.464713
13.463862
13.457831
13.463794
13.464574
13.455254
13.477487
13.468916
13.470164
13.463210
13.465686
13.460195
13.458024
13.466583
13.493972
13.476970
13.470202
13.473308
13.455184
13.461077
13.456149
13.462852
13.465354
13.470487
13.467410
13.472467
13.477677
13.475438
13.471195
13.470990
13.486017
13.483147
13.468886
13.475938
13.473068
13.467062
13.471834
13.490981
13.467001
13.469389
13.464684
13.466478
13.460390
13.476495
13.484598
13.482601
13.471535
13.471171
13.476945
13.479443
13.484663
13.494438
13.469281
13.462451
13.465547
13.462522
13.459114
13.475508
13.470437
13.487169
13.460416
13.462257
13.456337
13.459759
13.470603
13.477375
13.474056
