1.716786
1.583929
1.720728
1.581487
1.723230
1.712508
1.647806
1.705460
1.591347
1.675140
1.740845
1.733420
1.711948
1.658303
1.725532
1.593962
1.634758
1.718833
1.750706
1.634753
1.618451
1.663140
1.724349
1.663085
1.787323
1.683981
1.684582
1.758915
1.639665
1.788199
1.668096
1.624688
1.669807
1.755805
1.681244
1.763176
1.726345
1.741287
1.710072
1.699510
1.719890
1.767765
1.678268
1.642805
1.733072
1.670726
1.735316
1.593002
1.602161
1.617565
1.632521
1.595174
1.634062
1.736002
1.727782
1.665915
1.596125
1.771180
1.722828
1.617371
1.625743
1.741520
1.689096
1.742925
1.629003
1.700779
1.725752
1.620492
1.587932
1.744410
1.625483
1.594268
1.608843
1.753846
1.643373
1.639946
1.766795
1.614246
1.635558
1.609541
1.750251
1.768569
1.763118
1.754077
1.647383
1.604442
1.739871
1.617992
1.753795
1.730623
1.643034
1.601935
1.798087
1.738531
1.600177
1.667121
1.623662
1.725502
1.772616
1.750728
1.774278
1.736467
1.784688
1.646258
1.603139
1.760646
1.740838
1.647586
1.608736
1.717148
1.683976
1.630341
1.731090
1.767440
1.616681
1.616162
1.751735
1.686472
1.766602
1.766470
1.756258
1.630335
1.775328
1.612788
1.715510
1.613234
1.773707
1.656474
1.653133
1.683446
1.766375
1.754150
1.638256
1.757526
1.641626
1.658714
1.760075
1.745979
1.598650
1.649397
1.733487
1.701870
1.613045
1.708794
1.644995
1.761515
1.752960
1.665346
1.759114
1.757735
