1.512124
1.593559
1.506561
1.596737
1.513629
1.569507
1.624581
1.579697
1.593627
1.556656
1.605251
1.608060
1.605910
1.519784
1.503552
1.515359
1.504903
1.522407
1.575281
1.509594
1.485460
1.626956
1.556514
1.625623
1.654199
1.522684
1.616459
1.524531
1.565419
1.626694
1.568679
1.498249
1.651527
1.501111
1.586773
1.586479
1.686396
1.555125
1.662524
1.686303
1.519125
1.665313
1.654089
1.542142
1.656799
1.693448
1.689758
1.595178
1.607925
1.704384
1.645518
1.813999
1.695865
1.840614
1.856523
1.860969
1.686092
1.735037
1.757403
1.864373
1.878831
1.734700
1.769774
1.920473
1.898539
1.780510
1.747821
1.904636
1.759645
1.734880
1.858638
1.916911
1.801385
1.880898
1.908319
1.792456
1.921639
1.885263
1.907433
1.933802
1.901291
1.764249
1.918737
1.801105
1.877598
1.744976
1.919555
1.895164
1.781673
1.722570
1.894459
1.738908
1.927688
1.881245
1.736618
1.800742
1.922917
1.743340
1.906068
1.914525
1.742509
1.764902
1.897279
1.755520
1.834888
1.741648
1.728903
1.854740
1.949488
1.733965
1.731666
1.925046
1.817321
1.758844
1.926976
1.910669
2.060891
1.744329
1.907912
1.887083
1.756200
1.872395
1.817119
1.771587
1.735409
1.766132
1.786724
1.733725
1.743208
1.752241
1.968440
1.864953
1.925621
1.808685
1.961808
1.880156
2.036286
1.870210
1.806362
1.776305
2.029502
2.040414
2.143122
1.969586
2.140341
1.885307
2.078466
2.011763
1.893300
2.114380
