0.005581
0.005576
0.006883
0.005683
0.005630
0.005566
0.006895
0.006940
0.005577
0.006266
0.005575
0.005588
0.005570
0.006287
0.005567
0.005611
0.005585
0.005591
0.005578
0.005569
0.006886
0.005574
0.005576
0.005617
0.005588
0.006883
0.005571
0.005574
0.005567
0.006889
0.005565
0.005613
0.006292
0.005579
0.006879
0.005574
0.005574
0.005565
0.005580
0.005630
0.005578
0.005576
0.005575
0.005573
0.005563
0.005573
0.005577
0.005609
0.005573
0.005568
0.006269
0.005575
0.005575
0.005670
0.005569
0.005609
0.005576
0.005576
0.005573
0.005567
0.006901
0.005564
0.005571
0.005612
0.005568
0.006284
0.005584
0.005571
0.005568
0.005577
0.005565
0.005625
0.005579
0.005566
0.005568
0.005687
0.005564
0.005579
0.005571
0.005577
0.005573
0.005583
0.005571
0.005566
0.006278
0.005574
0.005583
0.005583
0.005574
0.005569
0.005573
0.005565
0.005575
0.006280
0.005576
0.005580
0.005573
0.005573
0.005571
0.005909
0.005569
0.005578
0.006280
0.005573
0.005572
0.005579
0.005585
0.005584
0.005564
0.006389
0.005571
0.005568
0.005580
0.005686
0.005578
0.005571
0.005566
0.005581
0.005582
0.006267
0.005577
0.005575
0.005598
0.005582
0.005572
0.006879
0.005576
0.005581
0.005576
0.005573
0.005576
0.006889
0.005564
0.005576
0.005580
0.005570
0.006897
0.005576
0.005569
0.005574
0.005573
0.005569
0.005574
0.006893
0.005585
0.005581
0.006278
0.005576
0.005565
0.005576
