0.006292
0.005585
0.005575
0.005676
0.005573
0.005586
0.005612
0.005562
0.005576
0.005576
0.005575
0.005570
0.006276
0.005577
0.005564
0.005579
0.005584
0.005566
0.005568
0.005582
0.005583
0.005578
0.006511
0.005577
0.005571
0.006883
0.005568
0.005564
0.005573
0.005564
0.005573
0.005567
0.005572
0.005580
0.005569
0.005666
0.005578
0.005574
0.005569
0.005581
0.005681
0.005573
0.005581
0.005570
0.005690
0.005567
0.005567
0.005576
0.005575
0.006885
0.006885
0.005562
0.006889
0.005577
0.005572
0.005578
0.005573
0.005577
0.005678
0.005570
0.006291
0.005576
0.005578
0.005575
0.005577
0.006879
0.005562
0.005573
0.007255
0.006886
0.005573
0.005574
0.005568
0.005581
0.005582
0.005568
0.005571
0.006880
0.005577
0.006917
0.005572
0.006280
0.006891
0.005581
0.005579
0.005592
0.005576
0.005610
0.005574
0.005577
0.006291
0.005564
0.005577
0.005576
0.005576
0.005567
0.005580
0.005575
0.006886
0.005581
0.005600
0.005568
0.005893
0.005576
0.005568
0.005571
0.005783
0.006291
0.005577
0.005566
0.006397
0.005568
0.005576
0.005574
0.005578
0.005579
0.006280
0.006282
0.005570
0.005581
0.006271
0.007599
0.006280
0.005579
0.005575
0.005572
0.007587
0.005576
0.005667
0.005581
0.005577
0.005574
0.006386
0.005574
0.005573
0.005579
0.005576
0.006287
0.005578
0.005567
0.005573
0.005681
0.005578
0.005572
0.005582
0.005565
0.006275
0.005577
0.005566
0.005575
