2.206489
2.223508
2.211607
2.111888
2.198513
2.211826
2.066882
2.065348
2.056231
2.149629
2.225062
2.232892
2.051840
2.157399
2.144994
2.151091
2.168556
2.089529
2.238938
2.084213
2.104578
2.183626
2.113292
2.181563
2.243228
2.184047
2.153248
2.154820
2.077432
2.083734
2.090124
2.192021
2.282990
2.088196
2.206311
2.118661
2.108999
2.097101
2.210510
2.176439
2.217713
2.167631
2.135744
2.237880
2.094373
2.153742
2.169041
2.152124
2.130430
2.111846
2.122410
2.091170
2.094082
2.137271
2.095485
2.143850
2.156739
2.205752
2.159019
2.172042
2.228374
2.144421
2.120897
2.097153
2.188289
2.196551
2.178023
2.223673
2.173975
2.124163
2.147833
2.126405
2.084267
2.230388
2.219701
2.182949
2.186912
2.078960
2.089519
2.200384
2.230312
2.098277
2.290417
2.186102
2.115916
2.200987
2.091414
2.172044
2.201045
2.104901
2.109348
2.119612
2.202466
2.098011
2.168157
2.095697
2.114472
2.203751
2.196755
2.106568
2.181944
2.156736
2.115584
2.184602
2.110195
2.221968
2.071534
2.121370
2.272866
2.174857
2.243159
2.192459
2.201073
2.192246
2.168055
2.199374
2.203683
2.253286
2.177310
2.225281
2.090369
2.124598
2.267376
2.128113
2.206879
2.275668
2.071473
2.289220
2.250362
2.152422
2.147287
2.066452
2.091491
2.221365
2.268015
2.249382
2.253245
2.267901
2.105359
2.249126
2.235578
2.122868
2.240682
2.142264
2.124988
2.124434
2.126288
2.089524
2.223596
2.118135
