2.528755
2.512339
2.607258
2.570471
2.627353
2.719106
2.588894
2.604629
2.601595
2.604792
2.515357
2.729455
2.575603
2.629846
2.695198
2.573090
2.657705
2.671742
2.516953
2.547019
2.703051
2.711292
2.590719
2.641501
2.673575
2.616951
2.573308
2.592359
2.649333
2.574375
2.572228
2.794467
2.655454
2.715954
2.665813
2.544671
2.543750
2.606800
2.565544
2.642222
2.514898
2.577489
2.645207
2.561941
2.785252
2.563471
2.600176
2.508973
2.702907
2.664891
2.522024
2.643310
2.571603
2.781358
2.503205
2.608466
2.689645
2.684112
2.741217
2.496693
2.596801
2.527200
2.499507
2.683049
2.469706
2.564726
2.534623
2.774165
2.591247
2.549864
2.614908
2.690419
2.483383
2.555457
2.573530
2.696999
2.619834
2.624864
2.764458
2.560787
2.496250
2.678054
2.620295
2.500780
2.521951
2.705411
2.589560
2.484601
2.695971
2.575267
2.666494
2.511407
2.595245
2.535890
2.543186
2.580859
2.720422
2.681945
2.522322
2.524654
2.591856
2.525263
2.634266
2.760277
2.584329
2.527534
2.673611
2.682135
2.641983
2.740337
2.664351
2.758650
2.768270
2.523543
2.479232
2.669389
2.495547
2.502061
2.626292
2.675879
2.603387
2.642420
2.609846
2.673846
2.716199
2.637219
2.437461
2.712870
2.653429
2.521342
2.472307
2.566865
2.568568
2.511257
2.500944
2.522913
2.510780
2.640426
2.609973
2.481734
2.622629
2.525852
2.625369
2.619790
2.552115
2.486560
2.638984
2.482721
2.689981
2.505877
