gcc-smaller.c: In function 'fibheap_delete_node':
gcc-smaller.c:19958:49: warning: overflow in implicit constant conversion
gcc-smaller.c: In function 'htab_mod_1':
gcc-smaller.c:25469:7: warning: right shift count >= width of type
gcc-smaller.c: In function 'fibheap_delete_node':
gcc-smaller.c:19958:49: warning: overflow in implicit constant conversion
gcc-smaller.c: In function 'htab_mod_1':
gcc-smaller.c:25469:7: warning: right shift count >= width of type
gcc-smaller.c: In function 'fibheap_delete_node':
gcc-smaller.c:19958:49: warning: overflow in implicit constant conversion
gcc-smaller.c: In function 'htab_mod_1':
gcc-smaller.c:25469:7: warning: right shift count >= width of type
gcc-smaller.c: In function 'fibheap_delete_node':
gcc-smaller.c:19958:49: warning: overflow in implicit constant conversion
gcc-smaller.c: In function 'htab_mod_1':
gcc-smaller.c:25469:7: warning: right shift count >= width of type
Gramine is starting. Parsing TOML manifest file, this may take some time...
-----------------------------------------------------------------------------------------------------------------------
Gramine detected the following insecure configurations:

  - sgx.debug = true                           (this is a debug enclave)
  - loader.insecure__use_cmdline_argv = true   (forwarding command-line args from untrusted host to the app)
  - sgx.file_check_policy = allow_all_but_log  (all files are passed through from untrusted host without verification)
  - sgx.allowed_files = [ ... ]                (some files are passed through from untrusted host without verification)

Gramine will continue application execution, but this configuration must not be used in production!
-----------------------------------------------------------------------------------------------------------------------

Gramine is starting. Parsing TOML manifest file, this may take some time...
-----------------------------------------------------------------------------------------------------------------------
Gramine detected the following insecure configurations:

  - sgx.debug = true                           (this is a debug enclave)
  - loader.insecure__use_cmdline_argv = true   (forwarding command-line args from untrusted host to the app)
  - sgx.file_check_policy = allow_all_but_log  (all files are passed through from untrusted host without verification)
  - sgx.allowed_files = [ ... ]                (some files are passed through from untrusted host without verification)

Gramine will continue application execution, but this configuration must not be used in production!
-----------------------------------------------------------------------------------------------------------------------

Gramine is starting. Parsing TOML manifest file, this may take some time...
-----------------------------------------------------------------------------------------------------------------------
Gramine detected the following insecure configurations:

  - sgx.debug = true                           (this is a debug enclave)
  - loader.insecure__use_cmdline_argv = true   (forwarding command-line args from untrusted host to the app)
  - sgx.file_check_policy = allow_all_but_log  (all files are passed through from untrusted host without verification)
  - sgx.allowed_files = [ ... ]                (some files are passed through from untrusted host without verification)

Gramine will continue application execution, but this configuration must not be used in production!
-----------------------------------------------------------------------------------------------------------------------

