ref32.c:6213:17: warning: conflicting types for built-in function 'imaxabs'
ref32.c:6213:17: warning: conflicting types for built-in function 'imaxabs'
ref32.c:6213:17: warning: conflicting types for built-in function 'imaxabs'
ref32.c:6213:17: warning: conflicting types for built-in function 'imaxabs'
ref32.c:6213:17: warning: conflicting types for built-in function 'imaxabs'
Gramine is starting. Parsing TOML manifest file, this may take some time...
-----------------------------------------------------------------------------------------------------------------------
Gramine detected the following insecure configurations:

  - sgx.debug = true                           (this is a debug enclave)
  - loader.insecure__use_cmdline_argv = true   (forwarding command-line args from untrusted host to the app)
  - sgx.file_check_policy = allow_all_but_log  (all files are passed through from untrusted host without verification)
  - sgx.allowed_files = [ ... ]                (some files are passed through from untrusted host without verification)

Gramine will continue application execution, but this configuration must not be used in production!
-----------------------------------------------------------------------------------------------------------------------

Gramine is starting. Parsing TOML manifest file, this may take some time...
-----------------------------------------------------------------------------------------------------------------------
Gramine detected the following insecure configurations:

  - sgx.debug = true                           (this is a debug enclave)
  - loader.insecure__use_cmdline_argv = true   (forwarding command-line args from untrusted host to the app)
  - sgx.file_check_policy = allow_all_but_log  (all files are passed through from untrusted host without verification)
  - sgx.allowed_files = [ ... ]                (some files are passed through from untrusted host without verification)

Gramine will continue application execution, but this configuration must not be used in production!
-----------------------------------------------------------------------------------------------------------------------

Gramine is starting. Parsing TOML manifest file, this may take some time...
-----------------------------------------------------------------------------------------------------------------------
Gramine detected the following insecure configurations:

  - sgx.debug = true                           (this is a debug enclave)
  - loader.insecure__use_cmdline_argv = true   (forwarding command-line args from untrusted host to the app)
  - sgx.file_check_policy = allow_all_but_log  (all files are passed through from untrusted host without verification)
  - sgx.allowed_files = [ ... ]                (some files are passed through from untrusted host without verification)

Gramine will continue application execution, but this configuration must not be used in production!
-----------------------------------------------------------------------------------------------------------------------

