2.356483
2.357560
2.346014
2.356167
2.355296
2.357586
2.382568
2.352899
2.353603
2.360959
2.348878
2.380317
2.353523
2.338137
2.312494
2.307657
2.321031
2.310192
2.305994
2.317973
2.304779
2.317392
2.307314
2.309065
2.313975
2.314263
2.309238
2.307506
2.306816
2.312100
2.317189
2.306781
2.311370
2.309819
2.308630
2.311652
2.322609
2.301770
2.303661
2.304434
2.318259
2.299618
2.305174
2.303871
2.310733
2.313245
2.307871
2.324981
2.308494
2.307030
2.309722
2.315821
2.318923
2.306170
2.308562
2.310553
2.309238
2.306664
2.310811
2.308597
2.311557
2.320066
2.330756
2.313195
2.313216
2.328025
2.320605
2.330203
2.306819
2.315628
2.320705
2.320985
2.336142
2.322195
2.315844
2.308505
2.309821
2.307131
2.320119
2.313632
2.306260
2.305989
2.316080
2.312264
2.304169
2.309357
2.314800
2.310695
2.322999
2.318264
2.314527
2.310288
2.315071
2.310797
2.308922
2.311938
2.314621
2.316934
2.307953
2.317672
2.367466
2.316814
2.306996
2.312253
2.318620
2.319738
2.325185
2.319572
2.315627
2.318728
2.310882
2.310671
2.317407
2.317908
2.319155
2.320285
2.315715
2.308433
2.321526
2.317972
2.314855
2.316487
2.316667
2.332483
2.334337
2.320854
2.315813
2.309866
2.316109
2.314782
2.310649
2.327612
2.315990
2.318276
2.321156
2.316963
2.312593
2.310748
2.311228
2.322656
2.321875
2.317419
2.317278
2.316185
2.333812
2.328893
2.360143
2.351246
2.350181
2.352659
