2.464372
2.474224
2.469748
2.478080
2.377706
2.366720
2.365766
2.382021
2.386940
2.366283
2.364185
2.360853
2.476148
2.467436
2.477096
2.380005
2.369469
2.361300
2.328436
2.328616
2.440757
2.450459
2.445368
2.446408
2.441083
2.446500
2.446756
2.455136
2.450839
2.459944
2.444299
2.455373
2.442347
2.451094
2.468615
2.353725
2.360611
2.346933
2.349332
2.356466
2.364758
2.354967
2.348402
2.349528
2.445807
2.454552
2.463214
2.447829
2.446494
2.454729
2.442907
2.454151
2.444176
2.452799
2.447189
2.452889
2.457416
2.452096
2.452302
2.450903
2.457173
2.451515
2.366877
2.352447
2.365189
2.360248
2.352009
2.373149
2.358034
2.379101
2.394668
2.381314
2.381860
2.394293
2.373310
2.390459
2.380263
2.390437
2.489827
2.491308
2.478740
2.491534
2.495337
2.486175
2.488282
2.484495
2.509052
2.483957
2.486340
2.481986
2.480435
2.488556
2.479002
2.493727
2.485654
2.480345
2.483968
2.478351
2.478547
2.488017
2.479267
2.485110
2.499156
2.478145
2.486043
2.477252
2.484626
2.490680
2.484376
2.486037
2.472628
2.410855
2.428867
2.410231
2.430331
2.410714
2.419048
2.405059
2.407944
2.401113
2.408312
2.409208
2.403581
2.404896
2.405389
2.410774
2.405032
2.412976
2.435678
2.406444
2.408989
2.426782
2.416400
2.414999
2.398855
2.414516
2.419110
2.416684
2.414121
2.420555
2.412957
2.412509
2.425669
2.422334
2.421640
2.413815
2.426186
2.405878
2.407031
2.414023
