real 5.41
user 5.23
sys 0.17
real 5.40
user 5.25
sys 0.14
real 5.41
user 5.24
sys 0.16
real 5.39
user 5.23
sys 0.14
real 5.37
user 5.20
sys 0.16
real 5.36
user 5.21
sys 0.14
real 5.37
user 5.20
sys 0.16
real 5.38
user 5.20
sys 0.17
real 5.42
user 5.27
sys 0.14
real 5.41
user 5.26
sys 0.14
real 5.41
user 5.25
sys 0.14
real 5.40
user 5.21
sys 0.18
real 5.42
user 5.27
sys 0.14
real 5.43
user 5.27
sys 0.15
real 5.42
user 5.27
sys 0.14
real 5.39
user 5.26
sys 0.12
real 5.36
user 5.20
sys 0.15
real 5.38
user 5.22
sys 0.15
real 5.42
user 5.27
sys 0.14
real 5.41
user 5.24
sys 0.16
real 5.42
user 5.29
sys 0.12
real 5.37
user 5.22
sys 0.14
real 5.44
user 5.28
sys 0.14
real 5.42
user 5.26
sys 0.16
real 5.43
user 5.25
sys 0.16
real 5.43
user 5.28
sys 0.14
real 5.38
user 5.23
sys 0.14
real 5.38
user 5.23
sys 0.14
real 5.37
user 5.20
sys 0.16
real 5.41
user 5.25
sys 0.15
real 5.38
user 5.24
sys 0.14
real 5.39
user 5.24
sys 0.14
real 5.35
user 5.20
sys 0.14
real 5.38
user 5.22
sys 0.16
real 5.37
user 5.22
sys 0.15
real 5.42
user 5.28
sys 0.14
real 5.41
user 5.28
sys 0.12
real 5.36
user 5.19
sys 0.16
real 5.42
user 5.27
sys 0.14
real 5.39
user 5.24
sys 0.15
real 5.36
user 5.20
sys 0.14
real 5.36
user 5.20
sys 0.14
real 5.37
user 5.22
sys 0.14
real 5.37
user 5.23
sys 0.13
real 5.38
user 5.24
sys 0.14
real 5.36
user 5.19
sys 0.17
real 5.43
user 5.28
sys 0.14
real 5.36
user 5.19
sys 0.16
real 5.39
user 5.25
sys 0.13
real 5.48
user 5.34
sys 0.13
real 5.42
user 5.26
sys 0.15
real 5.39
user 5.23
sys 0.15
real 5.37
user 5.20
sys 0.16
real 5.37
user 5.23
sys 0.14
real 5.36
user 5.23
sys 0.12
real 5.35
user 5.18
sys 0.16
real 5.38
user 5.23
sys 0.14
real 5.36
user 5.20
sys 0.15
real 5.37
user 5.21
sys 0.15
real 5.40
user 5.26
sys 0.13
real 5.40
user 5.28
sys 0.11
real 5.39
user 5.26
sys 0.13
real 5.37
user 5.22
sys 0.15
real 5.36
user 5.21
sys 0.14
real 5.38
user 5.23
sys 0.14
real 5.37
user 5.20
sys 0.15
real 5.33
user 5.17
sys 0.15
real 5.38
user 5.24
sys 0.12
real 5.35
user 5.19
sys 0.15
real 5.35
user 5.21
sys 0.13
real 5.36
user 5.20
sys 0.16
real 5.35
user 5.20
sys 0.14
real 5.40
user 5.24
sys 0.15
real 5.35
user 5.21
sys 0.13
real 5.40
user 5.25
sys 0.14
real 5.48
user 5.32
sys 0.14
real 5.38
user 5.23
sys 0.14
real 5.36
user 5.19
sys 0.16
real 5.35
user 5.20
sys 0.14
real 5.34
user 5.19
sys 0.14
real 5.41
user 5.25
sys 0.15
real 5.35
user 5.19
sys 0.15
real 5.37
user 5.21
sys 0.16
real 5.32
user 5.19
sys 0.12
real 5.36
user 5.22
sys 0.13
real 5.38
user 5.24
sys 0.13
real 5.40
user 5.24
sys 0.15
real 5.47
user 5.31
sys 0.14
real 5.33
user 5.20
sys 0.12
real 5.36
user 5.21
sys 0.14
real 5.41
user 5.26
sys 0.14
real 5.34
user 5.20
sys 0.14
real 5.36
user 5.20
sys 0.15
real 5.37
user 5.21
sys 0.16
real 5.34
user 5.18
sys 0.15
real 5.38
user 5.23
sys 0.14
real 5.36
user 5.20
sys 0.16
real 5.37
user 5.22
sys 0.14
real 5.40
user 5.25
sys 0.14
real 5.33
user 5.18
sys 0.15
real 5.41
user 5.23
sys 0.16
real 5.38
user 5.24
sys 0.14
real 5.36
user 5.20
sys 0.15
real 5.35
user 5.19
sys 0.15
real 5.37
user 5.20
sys 0.16
real 5.39
user 5.25
sys 0.13
real 5.40
user 5.24
sys 0.15
real 5.38
user 5.24
sys 0.13
real 5.36
user 5.22
sys 0.14
real 5.34
user 5.18
sys 0.15
real 5.38
user 5.21
sys 0.16
real 5.39
user 5.23
sys 0.14
real 5.42
user 5.28
sys 0.14
real 5.39
user 5.24
sys 0.14
real 5.37
user 5.21
sys 0.16
real 5.36
user 5.18
sys 0.17
real 5.36
user 5.21
sys 0.14
real 5.38
user 5.23
sys 0.14
real 5.37
user 5.24
sys 0.12
real 5.36
user 5.18
sys 0.16
real 5.37
user 5.22
sys 0.14
real 5.40
user 5.26
sys 0.13
real 5.37
user 5.21
sys 0.14
real 5.39
user 5.25
sys 0.14
real 5.36
user 5.19
sys 0.16
real 5.39
user 5.22
sys 0.16
real 5.43
user 5.28
sys 0.14
real 5.34
user 5.18
sys 0.14
real 5.36
user 5.21
sys 0.14
real 5.38
user 5.24
sys 0.14
real 5.34
user 5.17
sys 0.16
real 5.40
user 5.25
sys 0.14
real 5.37
user 5.23
sys 0.13
real 5.38
user 5.24
sys 0.13
real 5.36
user 5.21
sys 0.14
real 5.32
user 5.15
sys 0.16
real 5.37
user 5.23
sys 0.13
real 5.41
user 5.25
sys 0.15
real 5.38
user 5.23
sys 0.14
real 5.35
user 5.20
sys 0.15
real 5.35
user 5.18
sys 0.16
real 5.35
user 5.22
sys 0.12
real 5.39
user 5.23
sys 0.15
real 5.39
user 5.24
sys 0.14
real 5.38
user 5.24
sys 0.14
real 5.36
user 5.21
sys 0.13
real 5.41
user 5.24
sys 0.16
real 5.38
user 5.23
sys 0.14
real 5.35
user 5.20
sys 0.14
real 5.40
user 5.27
sys 0.12
