8.282910
8.156989
8.222590
8.195394
8.295827
8.346011
8.325435
8.192945
8.368828
8.323384
8.273847
8.161687
8.146546
8.349308
8.354615
8.243566
8.170127
8.370583
8.192386
8.159772
8.345311
8.194434
8.133183
8.194785
8.390414
8.197238
8.398653
8.420999
8.361089
8.536498
8.419152
8.466858
8.407175
8.425011
8.356512
8.397774
8.424441
8.583537
8.396640
8.396387
8.395692
8.571043
8.397143
8.363601
8.534084
8.387952
8.553489
8.496676
8.483844
8.427215
8.579253
8.571419
8.356416
8.488703
8.572751
8.615173
8.403243
8.608544
8.404729
8.442116
8.545582
8.533946
8.391565
8.568307
8.599077
8.382448
8.558824
8.544528
8.386346
8.469466
8.402499
8.587522
8.370260
8.378100
8.382616
8.384052
8.495247
8.403031
8.582886
8.367024
8.395055
8.390018
8.411727
8.590701
8.618688
8.532176
8.492327
8.435292
8.439069
8.400194
8.424684
8.438376
8.464625
8.555677
8.389348
8.463739
8.526150
8.425718
8.404588
8.529871
8.403720
8.470527
8.407392
8.364839
8.554081
8.413183
8.418874
8.603681
8.397558
8.589229
8.539744
8.385792
8.408710
8.372864
8.560405
8.440852
8.368583
8.363875
8.350271
8.415916
8.376205
8.438501
8.493093
8.327628
8.322540
8.394377
8.327638
8.342945
8.514843
8.353317
8.564844
8.419537
8.333960
8.353842
8.327283
8.462407
8.377943
8.533925
8.377937
8.379036
8.325726
8.378616
8.529189
8.363844
8.333320
8.427661
8.312765
8.337583
8.305678
8.340608
