8.813866
8.721688
8.811800
8.825425
8.583040
8.443479
8.150982
7.826794
7.688621
7.642912
7.670556
7.544126
7.566265
7.584952
7.550683
7.530808
7.700161
7.603882
7.664704
7.579696
7.515068
7.543147
7.712122
7.654292
7.754171
7.683805
7.699973
7.774161
7.735023
7.710266
7.937769
8.116587
8.041726
8.091656
8.231259
8.400097
8.253836
8.316732
8.311036
8.336840
8.453739
8.444152
8.443628
8.581197
8.479735
8.490142
8.509272
8.585561
8.548032
8.512476
8.657054
8.549497
8.534001
8.601874
8.526621
8.533846
8.573769
8.541528
8.589406
8.659551
8.549003
8.611774
8.565131
8.565570
8.572753
8.596106
8.566450
8.591389
8.538833
8.565296
8.697053
8.578442
8.636538
8.694914
8.550627
8.593132
8.615329
8.585625
8.705192
8.595099
8.746788
8.762666
8.612051
8.743657
8.635826
8.814629
8.798164
8.668763
8.626286
8.815728
8.803753
8.700815
8.673499
8.676748
8.615596
8.688545
8.698056
8.699322
8.667103
8.709923
8.838124
8.702551
8.698210
8.871139
8.776068
8.914192
8.777348
8.811334
8.943957
8.931596
8.853486
8.974779
8.869223
8.837764
8.974928
8.950492
8.876351
8.870385
9.062375
8.847775
9.011363
9.018793
8.962961
9.018009
8.888456
9.064003
9.021071
8.889136
8.917940
9.116691
9.121268
9.136816
8.952942
8.975265
8.938057
9.006539
8.950570
9.151554
8.935345
9.191843
9.189237
9.158810
9.024622
9.050358
9.164051
9.209877
9.190906
9.215898
9.049177
9.032350
