2.339035
2.342865
2.343133
2.333052
2.340986
2.341494
2.338385
2.339618
2.347314
2.342539
2.343451
2.343742
2.340311
2.344893
2.343586
2.342066
2.347530
2.340595
2.345572
2.336142
2.344206
2.338493
2.334265
2.343762
2.337987
2.347019
2.348462
2.343254
2.344048
2.334369
2.336532
2.340350
2.357174
2.346987
2.341393
2.341075
2.339590
2.342848
2.346390
2.342455
2.339544
2.335925
2.341882
2.340273
2.339173
2.343219
2.345537
2.345042
2.342786
2.339847
2.341008
2.341324
2.342190
2.340375
2.338023
2.345270
2.341414
2.340640
2.345113
2.345936
2.349815
2.340027
2.348499
2.342026
2.346526
2.341569
2.339228
2.341067
2.344690
2.345997
2.342561
2.338203
2.346046
2.353580
2.336706
2.337921
2.337509
2.338561
2.339172
2.336105
2.336778
2.335744
2.334771
2.348499
2.337054
2.340167
2.342151
2.339359
2.342226
2.334006
2.338005
2.341885
2.339893
2.338770
2.334294
2.339738
2.338233
2.333882
2.332996
2.339014
2.334220
2.333629
2.338241
2.331083
2.341957
2.340423
2.341711
2.340406
2.338548
2.332613
2.332790
2.340462
2.336194
2.336457
2.339666
2.342770
2.340800
2.341143
2.339170
2.334847
2.342812
2.341394
2.342376
2.341618
2.338833
2.338015
2.339252
2.340385
2.337609
2.339942
2.339930
2.339143
2.341958
2.338644
2.338791
2.341094
2.339733
2.336080
2.352936
2.348503
2.357040
2.351902
2.367426
2.338967
2.344630
2.348463
2.344403
2.345464
2.342766
2.337466
