2.362861
2.368652
2.385799
2.370485
2.370316
2.366956
2.359550
2.371006
2.366773
2.361997
2.359459
2.350039
2.346829
2.351129
2.348038
2.342876
2.347959
2.339492
2.352624
2.349214
2.349278
2.342294
2.343578
2.349472
2.346077
2.351526
2.351012
2.348979
2.344923
2.352189
2.349958
2.343405
2.352557
2.355601
2.350709
2.349778
2.352841
2.347581
2.343623
2.344114
2.346259
2.348089
2.351645
2.353049
2.343074
2.343331
2.345032
2.352559
2.345466
2.349760
2.344440
2.338911
2.341445
2.345658
2.351318
2.345811
2.349956
2.345486
2.348030
2.353501
2.343216
2.364881
2.343246
2.348175
2.345704
2.345504
2.349310
2.346177
2.348015
2.348588
2.344378
2.348919
2.349373
2.342935
2.351023
2.341537
2.346849
2.348429
2.363575
2.349256
2.343677
2.354975
2.348836
2.348834
2.351539
2.343866
2.350075
2.344819
2.348964
2.349039
2.350457
2.346184
2.348445
2.349539
2.351972
2.345711
2.352837
2.370315
2.366398
2.371632
2.374091
2.370547
2.360801
2.371966
2.374600
2.370193
2.368475
2.372103
2.371524
2.367654
2.362465
2.373569
2.367760
2.365674
2.360364
2.343516
2.348769
2.351709
2.351013
2.351450
2.382432
2.345049
2.349515
2.353134
2.354348
2.354143
2.350560
2.355485
2.359845
2.356492
2.354049
2.345390
2.350864
2.354277
2.346658
2.373953
2.370041
2.374540
2.374616
2.370386
2.366565
2.371320
2.368572
2.370779
2.362464
2.348074
2.349298
2.350889
2.344141
2.347970
