real 5.81
user 5.81
sys 0.00
real 5.84
user 5.83
sys 0.00
real 5.82
user 5.81
sys 0.00
real 5.82
user 5.82
sys 0.00
real 5.82
user 5.82
sys 0.00
real 5.80
user 5.80
sys 0.00
real 5.84
user 5.83
sys 0.00
real 5.82
user 5.81
sys 0.00
real 5.81
user 5.81
sys 0.00
real 5.81
user 5.80
sys 0.00
real 5.85
user 5.85
sys 0.00
real 5.84
user 5.84
sys 0.00
real 5.82
user 5.82
sys 0.00
real 5.85
user 5.84
sys 0.00
real 5.80
user 5.79
sys 0.00
real 5.84
user 5.83
sys 0.00
real 5.82
user 5.81
sys 0.00
real 5.82
user 5.81
sys 0.00
real 5.82
user 5.80
sys 0.00
real 5.79
user 5.78
sys 0.00
real 5.82
user 5.81
sys 0.00
real 5.83
user 5.82
sys 0.00
real 5.79
user 5.78
sys 0.00
real 5.83
user 5.82
sys 0.00
real 5.91
user 5.91
sys 0.00
real 5.81
user 5.81
sys 0.00
real 5.82
user 5.82
sys 0.00
real 5.82
user 5.82
sys 0.00
real 5.86
user 5.85
sys 0.00
real 5.88
user 5.87
sys 0.00
real 5.83
user 5.82
sys 0.00
real 5.80
user 5.79
sys 0.00
real 5.91
user 5.90
sys 0.00
real 5.85
user 5.85
sys 0.00
real 5.83
user 5.83
sys 0.00
real 5.79
user 5.78
sys 0.00
real 5.81
user 5.80
sys 0.00
real 5.81
user 5.80
sys 0.00
real 5.80
user 5.79
sys 0.00
real 5.81
user 5.81
sys 0.00
real 5.81
user 5.81
sys 0.00
real 5.84
user 5.83
sys 0.00
real 5.81
user 5.80
sys 0.00
real 5.81
user 5.80
sys 0.00
real 5.82
user 5.81
sys 0.00
real 5.81
user 5.81
sys 0.00
real 5.81
user 5.81
sys 0.00
real 5.81
user 5.80
sys 0.00
real 5.82
user 5.81
sys 0.00
real 5.80
user 5.80
sys 0.00
real 5.82
user 5.82
sys 0.00
real 5.82
user 5.81
sys 0.00
real 5.85
user 5.84
sys 0.00
real 5.81
user 5.81
sys 0.00
real 5.84
user 5.84
sys 0.00
real 5.81
user 5.80
sys 0.00
real 5.83
user 5.83
sys 0.00
real 5.80
user 5.79
sys 0.00
real 5.81
user 5.80
sys 0.00
real 5.79
user 5.79
sys 0.00
real 5.85
user 5.84
sys 0.00
real 5.84
user 5.84
sys 0.00
real 5.84
user 5.84
sys 0.00
real 5.82
user 5.82
sys 0.00
real 5.84
user 5.84
sys 0.00
real 5.81
user 5.81
sys 0.00
real 5.82
user 5.82
sys 0.00
real 5.80
user 5.80
sys 0.00
real 5.84
user 5.84
sys 0.00
real 5.80
user 5.79
sys 0.00
real 5.84
user 5.83
sys 0.00
real 5.79
user 5.79
sys 0.00
real 5.81
user 5.80
sys 0.00
real 5.85
user 5.85
sys 0.00
real 5.84
user 5.83
sys 0.00
real 5.82
user 5.82
sys 0.00
real 5.84
user 5.84
sys 0.00
real 6.08
user 6.08
sys 0.00
real 5.80
user 5.79
sys 0.00
real 5.84
user 5.84
sys 0.00
real 5.81
user 5.81
sys 0.00
real 5.83
user 5.82
sys 0.00
real 5.81
user 5.81
sys 0.00
real 5.82
user 5.82
sys 0.00
real 5.81
user 5.80
sys 0.00
real 5.81
user 5.81
sys 0.00
real 5.82
user 5.81
sys 0.00
real 5.81
user 5.81
sys 0.00
real 5.83
user 5.82
sys 0.00
real 5.81
user 5.81
sys 0.00
real 5.83
user 5.82
sys 0.00
real 5.81
user 5.80
sys 0.00
real 5.81
user 5.80
sys 0.00
real 5.79
user 5.79
sys 0.00
real 5.81
user 5.80
sys 0.00
real 5.80
user 5.79
sys 0.00
real 5.81
user 5.81
sys 0.00
real 5.80
user 5.79
sys 0.00
real 5.80
user 5.79
sys 0.00
real 5.85
user 5.84
sys 0.00
real 5.98
user 5.98
sys 0.00
real 5.85
user 5.84
sys 0.00
real 5.80
user 5.79
sys 0.00
real 5.82
user 5.82
sys 0.00
real 5.83
user 5.83
sys 0.00
real 5.81
user 5.81
sys 0.00
real 5.84
user 5.84
sys 0.00
real 5.81
user 5.80
sys 0.00
real 6.24
user 5.84
sys 0.00
real 5.86
user 5.82
sys 0.00
real 5.85
user 5.84
sys 0.00
real 5.81
user 5.81
sys 0.00
real 5.82
user 5.82
sys 0.00
real 5.85
user 5.84
sys 0.00
real 5.83
user 5.83
sys 0.00
real 5.84
user 5.84
sys 0.00
real 5.82
user 5.81
sys 0.00
real 5.82
user 5.81
sys 0.00
real 5.81
user 5.80
sys 0.00
real 5.88
user 5.88
sys 0.00
real 5.80
user 5.79
sys 0.00
real 5.79
user 5.79
sys 0.00
real 5.82
user 5.81
sys 0.00
real 5.91
user 5.91
sys 0.00
real 5.84
user 5.84
sys 0.00
real 5.80
user 5.80
sys 0.00
real 6.01
user 6.01
sys 0.00
real 5.81
user 5.80
sys 0.00
real 5.83
user 5.82
sys 0.00
real 5.85
user 5.84
sys 0.00
real 6.11
user 6.11
sys 0.00
real 5.81
user 5.80
sys 0.00
real 5.81
user 5.81
sys 0.00
real 5.82
user 5.82
sys 0.00
real 5.83
user 5.82
sys 0.00
real 5.81
user 5.80
sys 0.00
real 5.85
user 5.85
sys 0.00
real 5.81
user 5.81
sys 0.00
real 5.79
user 5.79
sys 0.00
real 5.81
user 5.81
sys 0.00
real 5.81
user 5.80
sys 0.00
real 5.82
user 5.81
sys 0.00
real 5.89
user 5.89
sys 0.00
real 5.80
user 5.79
sys 0.00
real 5.80
user 5.79
sys 0.00
real 5.79
user 5.79
sys 0.00
real 5.83
user 5.82
sys 0.00
real 5.81
user 5.81
sys 0.00
real 5.83
user 5.83
sys 0.00
real 5.81
user 5.80
sys 0.00
