real 5.79
user 5.78
sys 0.00
real 5.81
user 5.80
sys 0.00
real 5.83
user 5.83
sys 0.00
real 5.84
user 5.83
sys 0.00
real 5.79
user 5.79
sys 0.00
real 5.82
user 5.82
sys 0.00
real 5.82
user 5.81
sys 0.00
real 5.82
user 5.81
sys 0.00
real 5.89
user 5.88
sys 0.00
real 5.79
user 5.79
sys 0.00
real 5.82
user 5.81
sys 0.00
real 5.82
user 5.81
sys 0.00
real 5.81
user 5.80
sys 0.00
real 5.81
user 5.81
sys 0.00
real 6.11
user 6.11
sys 0.00
real 5.81
user 5.80
sys 0.00
real 5.84
user 5.83
sys 0.00
real 5.86
user 5.86
sys 0.00
real 5.80
user 5.80
sys 0.00
real 5.85
user 5.84
sys 0.00
real 5.84
user 5.83
sys 0.00
real 5.81
user 5.81
sys 0.00
real 5.82
user 5.82
sys 0.00
real 5.80
user 5.79
sys 0.00
real 5.82
user 5.81
sys 0.00
real 5.80
user 5.80
sys 0.00
real 5.80
user 5.79
sys 0.00
real 5.86
user 5.85
sys 0.00
real 5.82
user 5.81
sys 0.00
real 5.80
user 5.79
sys 0.00
real 5.82
user 5.81
sys 0.00
real 5.81
user 5.80
sys 0.00
real 5.82
user 5.81
sys 0.00
real 5.82
user 5.81
sys 0.00
real 7.33
user 7.32
sys 0.00
real 5.84
user 5.83
sys 0.00
real 5.81
user 5.81
sys 0.00
real 5.80
user 5.79
sys 0.00
real 5.85
user 5.84
sys 0.00
real 5.82
user 5.81
sys 0.00
real 5.85
user 5.84
sys 0.00
real 5.81
user 5.80
sys 0.00
real 5.88
user 5.88
sys 0.00
real 5.83
user 5.83
sys 0.00
real 5.80
user 5.79
sys 0.00
real 5.82
user 5.82
sys 0.00
real 5.88
user 5.87
sys 0.00
real 5.84
user 5.83
sys 0.00
real 5.82
user 5.82
sys 0.00
real 5.94
user 5.94
sys 0.00
real 5.82
user 5.82
sys 0.00
real 5.82
user 5.82
sys 0.00
real 5.81
user 5.80
sys 0.00
real 5.80
user 5.80
sys 0.00
real 5.81
user 5.80
sys 0.00
real 5.82
user 5.81
sys 0.00
real 5.80
user 5.80
sys 0.00
real 5.80
user 5.80
sys 0.00
real 5.82
user 5.81
sys 0.00
real 5.82
user 5.82
sys 0.00
real 5.85
user 5.84
sys 0.00
real 5.82
user 5.81
sys 0.00
real 5.80
user 5.80
sys 0.00
real 5.84
user 5.83
sys 0.00
real 5.84
user 5.82
sys 0.00
real 5.88
user 5.88
sys 0.00
real 5.84
user 5.83
sys 0.00
real 5.84
user 5.83
sys 0.00
real 5.83
user 5.82
sys 0.00
real 5.83
user 5.82
sys 0.00
real 5.80
user 5.80
sys 0.00
real 5.80
user 5.79
sys 0.00
real 5.82
user 5.81
sys 0.00
real 5.87
user 5.86
sys 0.00
real 5.84
user 5.83
sys 0.00
real 5.82
user 5.81
sys 0.00
real 5.82
user 5.82
sys 0.00
real 5.81
user 5.81
sys 0.00
real 5.81
user 5.80
sys 0.00
real 5.79
user 5.79
sys 0.00
real 5.81
user 5.81
sys 0.00
real 5.81
user 5.81
sys 0.00
real 5.87
user 5.85
sys 0.00
real 5.82
user 5.81
sys 0.00
real 5.82
user 5.81
sys 0.00
real 6.19
user 6.18
sys 0.00
real 5.84
user 5.84
sys 0.00
real 5.81
user 5.80
sys 0.00
real 5.80
user 5.80
sys 0.00
real 5.84
user 5.83
sys 0.00
real 5.83
user 5.82
sys 0.00
real 5.88
user 5.87
sys 0.00
real 5.82
user 5.81
sys 0.00
real 5.82
user 5.81
sys 0.00
real 5.80
user 5.79
sys 0.00
real 5.82
user 5.81
sys 0.00
real 5.80
user 5.79
sys 0.00
real 5.81
user 5.81
sys 0.00
real 5.82
user 5.81
sys 0.00
real 5.82
user 5.82
sys 0.00
real 5.81
user 5.81
sys 0.00
real 5.81
user 5.80
sys 0.00
real 6.13
user 6.12
sys 0.00
real 5.84
user 5.83
sys 0.00
real 5.81
user 5.81
sys 0.00
real 5.82
user 5.81
sys 0.00
real 5.87
user 5.86
sys 0.00
real 5.81
user 5.81
sys 0.00
real 5.81
user 5.80
sys 0.00
real 5.82
user 5.81
sys 0.00
real 5.80
user 5.80
sys 0.00
real 5.84
user 5.83
sys 0.00
real 5.83
user 5.82
sys 0.00
real 5.84
user 5.84
sys 0.00
real 5.84
user 5.83
sys 0.00
real 5.81
user 5.81
sys 0.00
real 5.81
user 5.81
sys 0.00
real 5.83
user 5.82
sys 0.00
real 5.79
user 5.79
sys 0.00
real 5.84
user 5.84
sys 0.00
real 5.81
user 5.80
sys 0.00
real 5.93
user 5.93
sys 0.00
real 5.80
user 5.80
sys 0.00
real 5.81
user 5.80
sys 0.00
real 5.80
user 5.80
sys 0.00
real 5.82
user 5.81
sys 0.00
real 5.81
user 5.81
sys 0.00
real 5.81
user 5.80
sys 0.00
real 5.80
user 5.79
sys 0.00
real 5.81
user 5.80
sys 0.00
real 5.80
user 5.79
sys 0.00
real 5.82
user 5.81
sys 0.00
real 5.82
user 5.81
sys 0.00
real 5.81
user 5.81
sys 0.00
real 5.80
user 5.79
sys 0.00
real 5.81
user 5.80
sys 0.00
real 5.81
user 5.80
sys 0.00
real 5.80
user 5.80
sys 0.00
real 5.79
user 5.79
sys 0.00
real 5.79
user 5.78
sys 0.00
real 5.81
user 5.81
sys 0.00
real 5.81
user 5.81
sys 0.00
real 5.80
user 5.80
sys 0.00
real 5.81
user 5.81
sys 0.00
real 5.83
user 5.82
sys 0.00
real 5.79
user 5.78
sys 0.00
real 5.80
user 5.79
sys 0.00
real 6.01
user 6.01
sys 0.00
real 5.84
user 5.84
sys 0.00
real 5.81
user 5.80
sys 0.00
