real 2.00
user 1.93
sys 0.06
real 1.98
user 1.92
sys 0.05
real 1.99
user 1.93
sys 0.04
real 1.99
user 1.92
sys 0.06
real 1.99
user 1.93
sys 0.06
real 1.98
user 1.92
sys 0.06
real 2.01
user 1.94
sys 0.06
real 1.99
user 1.92
sys 0.06
real 1.99
user 1.93
sys 0.05
real 1.99
user 1.93
sys 0.05
real 2.00
user 1.94
sys 0.05
real 1.99
user 1.93
sys 0.05
real 1.98
user 1.91
sys 0.06
real 1.99
user 1.93
sys 0.05
real 1.99
user 1.94
sys 0.05
real 1.99
user 1.93
sys 0.05
real 1.99
user 1.93
sys 0.06
real 1.99
user 1.92
sys 0.07
real 1.99
user 1.93
sys 0.06
real 1.98
user 1.93
sys 0.05
real 1.98
user 1.95
sys 0.03
real 1.99
user 1.93
sys 0.05
real 1.99
user 1.95
sys 0.04
real 1.99
user 1.93
sys 0.06
real 1.98
user 1.92
sys 0.05
real 1.99
user 1.94
sys 0.05
real 2.00
user 1.94
sys 0.05
real 2.00
user 1.92
sys 0.07
real 1.99
user 1.93
sys 0.06
real 1.98
user 1.91
sys 0.06
real 1.99
user 1.92
sys 0.06
real 1.99
user 1.94
sys 0.04
real 1.99
user 1.93
sys 0.06
real 1.99
user 1.94
sys 0.05
real 1.98
user 1.93
sys 0.05
real 1.99
user 1.93
sys 0.05
real 2.00
user 1.93
sys 0.06
real 1.99
user 1.94
sys 0.04
real 1.98
user 1.93
sys 0.04
real 1.98
user 1.94
sys 0.04
real 1.99
user 1.93
sys 0.06
real 1.99
user 1.93
sys 0.06
real 1.99
user 1.93
sys 0.05
real 2.00
user 1.94
sys 0.05
real 1.99
user 1.92
sys 0.06
real 1.99
user 1.92
sys 0.06
real 1.98
user 1.93
sys 0.05
real 1.99
user 1.93
sys 0.06
real 1.99
user 1.93
sys 0.06
real 1.99
user 1.94
sys 0.04
real 2.00
user 1.92
sys 0.06
real 1.99
user 1.94
sys 0.04
real 1.99
user 1.92
sys 0.06
real 1.98
user 1.93
sys 0.05
real 1.98
user 1.93
sys 0.05
real 1.99
user 1.92
sys 0.06
real 1.99
user 1.92
sys 0.06
real 1.99
user 1.94
sys 0.05
real 1.99
user 1.93
sys 0.06
real 1.99
user 1.92
sys 0.06
real 1.99
user 1.92
sys 0.06
real 1.98
user 1.93
sys 0.05
real 1.98
user 1.92
sys 0.05
real 2.00
user 1.94
sys 0.06
real 1.99
user 1.94
sys 0.05
real 1.99
user 1.92
sys 0.06
real 1.98
user 1.92
sys 0.06
real 2.00
user 1.93
sys 0.06
real 1.98
user 1.92
sys 0.06
real 1.98
user 1.91
sys 0.07
real 2.00
user 1.94
sys 0.05
real 1.98
user 1.92
sys 0.05
real 1.98
user 1.92
sys 0.06
real 1.99
user 1.93
sys 0.06
real 1.98
user 1.91
sys 0.06
real 1.99
user 1.92
sys 0.06
real 1.98
user 1.92
sys 0.05
real 2.00
user 1.95
sys 0.04
real 1.99
user 1.93
sys 0.05
real 1.99
user 1.92
sys 0.06
real 2.00
user 1.93
sys 0.06
real 1.99
user 1.92
sys 0.06
real 1.98
user 1.92
sys 0.06
real 1.99
user 1.93
sys 0.05
real 1.98
user 1.91
sys 0.06
real 1.99
user 1.94
sys 0.04
real 1.98
user 1.92
sys 0.06
real 2.00
user 1.95
sys 0.04
real 1.99
user 1.93
sys 0.06
real 1.98
user 1.92
sys 0.06
real 1.99
user 1.92
sys 0.06
real 1.99
user 1.93
sys 0.05
real 1.99
user 1.93
sys 0.06
real 1.99
user 1.94
sys 0.05
real 1.99
user 1.93
sys 0.06
real 1.99
user 1.94
sys 0.04
real 1.99
user 1.92
sys 0.06
real 1.99
user 1.94
sys 0.05
real 1.98
user 1.93
sys 0.04
real 1.99
user 1.92
sys 0.06
real 2.14
user 2.08
sys 0.06
real 1.98
user 1.93
sys 0.05
real 1.99
user 1.95
sys 0.04
real 2.00
user 1.94
sys 0.05
real 1.99
user 1.93
sys 0.05
real 1.99
user 1.92
sys 0.06
real 1.98
user 1.93
sys 0.05
real 1.99
user 1.94
sys 0.05
real 2.00
user 1.93
sys 0.06
real 1.98
user 1.93
sys 0.04
real 2.00
user 1.96
sys 0.03
real 1.99
user 1.94
sys 0.04
real 1.98
user 1.91
sys 0.06
real 1.99
user 1.92
sys 0.06
real 1.99
user 1.93
sys 0.05
real 1.98
user 1.93
sys 0.05
real 1.99
user 1.92
sys 0.06
real 1.99
user 1.94
sys 0.04
real 1.99
user 1.92
sys 0.06
real 1.98
user 1.92
sys 0.05
real 1.99
user 1.93
sys 0.06
real 1.99
user 1.92
sys 0.06
real 1.98
user 1.93
sys 0.05
real 1.99
user 1.93
sys 0.05
real 1.99
user 1.92
sys 0.06
real 1.98
user 1.93
sys 0.05
real 1.99
user 1.94
sys 0.04
real 1.99
user 1.94
sys 0.05
real 1.99
user 1.93
sys 0.06
real 1.98
user 1.91
sys 0.07
real 2.00
user 1.95
sys 0.04
real 2.10
user 2.04
sys 0.06
real 1.99
user 1.93
sys 0.06
real 1.99
user 1.93
sys 0.05
real 2.00
user 1.93
sys 0.07
real 1.99
user 1.92
sys 0.06
real 1.98
user 1.93
sys 0.05
real 2.00
user 1.95
sys 0.04
real 1.99
user 1.92
sys 0.06
real 1.98
user 1.94
sys 0.04
real 1.99
user 1.94
sys 0.04
real 1.98
user 1.93
sys 0.05
real 1.98
user 1.92
sys 0.06
real 1.99
user 1.94
sys 0.05
real 2.01
user 1.94
sys 0.07
real 1.99
user 1.93
sys 0.05
real 1.99
user 1.92
sys 0.06
real 1.99
user 1.93
sys 0.06
real 1.98
user 1.92
sys 0.06
real 1.99
user 1.95
sys 0.03
