real 2.09
user 2.01
sys 0.07
real 2.08
user 2.01
sys 0.06
real 2.09
user 2.06
sys 0.03
real 2.09
user 2.03
sys 0.05
real 2.07
user 2.01
sys 0.06
real 2.08
user 2.00
sys 0.07
real 2.09
user 2.03
sys 0.05
real 2.08
user 2.03
sys 0.04
real 2.08
user 2.01
sys 0.06
real 2.10
user 2.04
sys 0.06
real 2.08
user 2.00
sys 0.08
real 2.08
user 2.01
sys 0.06
real 2.09
user 2.03
sys 0.06
real 2.09
user 2.03
sys 0.05
real 2.08
user 2.01
sys 0.06
real 2.11
user 2.05
sys 0.06
real 2.08
user 2.01
sys 0.06
real 2.08
user 2.01
sys 0.07
real 2.10
user 2.03
sys 0.06
real 2.09
user 2.02
sys 0.06
real 2.08
user 2.00
sys 0.07
real 2.07
user 2.00
sys 0.06
real 2.08
user 2.02
sys 0.06
real 2.07
user 2.01
sys 0.06
real 2.08
user 2.01
sys 0.06
real 2.08
user 2.01
sys 0.06
real 2.07
user 2.02
sys 0.05
real 2.08
user 2.03
sys 0.04
real 2.08
user 2.02
sys 0.06
real 2.07
user 2.01
sys 0.06
real 2.07
user 2.01
sys 0.06
real 2.09
user 2.05
sys 0.04
real 2.08
user 2.00
sys 0.08
real 2.08
user 2.02
sys 0.06
real 2.09
user 2.04
sys 0.04
real 2.09
user 2.01
sys 0.07
real 2.08
user 2.01
sys 0.06
real 2.08
user 2.02
sys 0.06
real 2.10
user 2.05
sys 0.04
real 2.08
user 2.02
sys 0.05
real 2.07
user 2.02
sys 0.05
real 2.09
user 2.03
sys 0.05
real 2.08
user 2.02
sys 0.05
real 2.07
user 2.00
sys 0.06
real 2.09
user 2.03
sys 0.05
real 2.07
user 2.01
sys 0.05
real 2.08
user 2.02
sys 0.05
real 2.10
user 2.03
sys 0.06
real 2.08
user 2.02
sys 0.06
real 2.08
user 2.02
sys 0.06
real 2.10
user 2.04
sys 0.05
real 2.08
user 2.01
sys 0.06
real 2.07
user 2.02
sys 0.05
real 2.08
user 2.01
sys 0.06
real 2.09
user 2.03
sys 0.06
real 2.07
user 2.02
sys 0.05
real 2.09
user 2.03
sys 0.05
real 2.08
user 2.01
sys 0.06
real 2.08
user 2.00
sys 0.07
real 2.08
user 2.01
sys 0.06
real 2.09
user 2.03
sys 0.05
real 2.08
user 2.01
sys 0.06
real 2.08
user 2.03
sys 0.05
real 2.10
user 2.03
sys 0.06
real 2.08
user 2.03
sys 0.05
real 2.08
user 2.02
sys 0.05
real 2.09
user 2.02
sys 0.06
real 2.08
user 1.99
sys 0.08
real 2.08
user 2.02
sys 0.06
real 2.08
user 2.01
sys 0.06
real 2.09
user 2.04
sys 0.05
real 2.08
user 2.02
sys 0.05
real 2.08
user 2.03
sys 0.04
real 2.10
user 2.04
sys 0.06
real 2.08
user 2.03
sys 0.05
real 2.08
user 2.00
sys 0.07
real 2.09
user 2.03
sys 0.06
real 2.08
user 2.01
sys 0.06
real 2.07
user 2.01
sys 0.06
real 2.10
user 2.03
sys 0.06
real 2.08
user 2.02
sys 0.06
real 2.08
user 2.02
sys 0.06
real 2.10
user 2.05
sys 0.05
real 2.08
user 2.02
sys 0.06
real 2.08
user 2.02
sys 0.05
real 2.07
user 1.98
sys 0.08
real 2.08
user 2.01
sys 0.06
real 2.07
user 2.01
sys 0.05
real 2.07
user 2.01
sys 0.05
real 2.07
user 2.00
sys 0.06
real 2.08
user 2.04
sys 0.04
real 2.07
user 2.01
sys 0.06
real 2.08
user 2.01
sys 0.06
real 2.08
user 2.01
sys 0.06
real 2.07
user 2.02
sys 0.04
real 2.10
user 2.04
sys 0.05
real 2.08
user 2.01
sys 0.06
real 2.08
user 2.01
sys 0.06
real 2.09
user 2.02
sys 0.06
real 2.09
user 2.00
sys 0.08
real 2.07
user 2.00
sys 0.06
real 2.07
user 2.02
sys 0.05
real 2.09
user 2.02
sys 0.07
real 2.08
user 2.02
sys 0.06
real 2.07
user 2.01
sys 0.06
real 2.09
user 2.04
sys 0.04
real 2.07
user 2.01
sys 0.05
real 2.08
user 2.01
sys 0.06
real 2.09
user 2.03
sys 0.05
real 2.07
user 2.00
sys 0.06
real 2.08
user 2.02
sys 0.04
real 2.10
user 2.03
sys 0.06
real 2.08
user 2.01
sys 0.06
real 2.08
user 2.03
sys 0.04
real 2.11
user 2.05
sys 0.05
real 2.09
user 2.04
sys 0.04
real 2.08
user 2.01
sys 0.06
real 2.07
user 2.02
sys 0.05
real 2.09
user 2.01
sys 0.07
real 2.08
user 2.01
sys 0.06
real 2.07
user 2.02
sys 0.05
real 2.08
user 2.00
sys 0.07
real 2.08
user 2.01
sys 0.06
real 2.08
user 2.01
sys 0.06
real 2.08
user 2.03
sys 0.04
real 2.08
user 2.00
sys 0.07
real 2.09
user 2.01
sys 0.07
real 2.09
user 2.03
sys 0.06
real 2.08
user 2.02
sys 0.06
real 2.07
user 2.01
sys 0.06
real 2.09
user 2.03
sys 0.06
real 2.08
user 2.00
sys 0.08
real 2.07
user 2.01
sys 0.05
real 2.07
user 2.00
sys 0.06
real 2.09
user 2.01
sys 0.08
real 2.08
user 2.03
sys 0.05
real 2.09
user 2.02
sys 0.06
real 2.10
user 2.02
sys 0.07
real 2.08
user 2.02
sys 0.06
real 2.08
user 2.01
sys 0.06
real 2.09
user 2.03
sys 0.06
real 2.08
user 2.01
sys 0.06
real 2.07
user 2.02
sys 0.04
real 2.11
user 2.04
sys 0.06
real 2.08
user 2.02
sys 0.06
real 2.08
user 2.01
sys 0.06
real 2.10
user 2.04
sys 0.05
real 2.08
user 2.02
sys 0.05
real 2.08
user 2.01
sys 0.06
real 2.08
user 2.02
sys 0.06
