0.429435
0.416730
0.415927
0.416306
0.429465
0.416226
0.416151
0.416081
0.437577
0.431095
0.415669
0.439594
0.415979
0.454476
0.415671
0.415933
0.437987
0.437047
0.415617
0.415807
0.415751
0.416014
0.415738
0.415624
0.485335
0.415974
0.415782
0.415702
0.437546
0.431711
0.438450
0.415647
0.415644
0.416091
0.416003
0.443283
0.415647
0.416646
0.431293
0.440359
0.415971
0.439210
0.429674
0.429821
0.438319
0.415653
0.415859
0.431357
0.437687
0.415736
0.454665
0.439865
0.416099
0.415774
0.496579
0.415996
0.415717
0.437950
0.415646
0.429211
0.439421
0.415640
0.415765
0.414681
0.437605
0.416462
0.416122
0.440601
0.415729
0.416407
0.437821
0.431169
0.437265
0.452647
0.437485
0.416138
0.415670
0.439894
0.415938
0.416089
0.442094
0.432443
0.437272
0.437797
0.439123
0.415700
0.415769
0.415912
0.416052
0.415835
0.431074
0.438391
0.416046
0.431495
0.417215
0.415858
0.415859
0.416027
0.415830
0.442550
0.416093
0.437737
0.416075
0.452497
0.415793
0.464480
0.442883
0.415678
0.415670
0.437561
0.415887
0.444474
0.415723
0.415866
0.415902
0.416805
0.415691
0.416595
0.415844
0.439355
0.437647
0.437461
0.415817
0.440034
0.442826
0.416164
0.415119
0.442633
0.429552
0.437987
0.415691
0.437529
0.442710
0.463126
0.437444
0.438157
0.415927
0.416167
0.462472
0.438838
0.415225
0.431405
0.442946
0.416176
0.415886
0.415960
0.416641
0.416046
0.464481
0.442630
