0.415924
0.437828
0.442825
0.415721
0.437490
0.437204
0.439256
0.415779
0.415977
0.415740
0.439134
0.464270
0.438372
0.415748
0.415741
0.437565
0.437598
0.437725
0.437481
0.415706
0.415242
0.431350
0.456836
0.415842
0.415739
0.429333
0.439767
0.437202
0.437178
0.437510
0.415873
0.415696
0.429285
0.436774
0.437335
0.439776
0.429358
0.415705
0.415679
0.437424
0.439601
0.439178
0.416286
0.437458
0.437569
0.431110
0.415744
0.415661
0.416166
0.415729
0.439508
0.415796
0.415791
0.430663
0.415758
0.415966
0.415706
0.415843
0.415677
0.439522
0.455507
0.442552
0.415916
0.415952
0.415696
0.438125
0.415857
0.440158
0.415638
0.415717
0.438157
0.415905
0.439506
0.443429
0.415727
0.415838
0.439575
0.439515
0.415706
0.415736
0.457108
0.439538
0.439649
0.415642
0.415934
0.439620
0.442489
0.414543
0.415704
0.457140
0.415736
0.415714
0.437458
0.437475
0.415652
0.451445
0.415736
0.437152
0.456994
0.442462
0.439550
0.415702
0.415926
0.438694
0.437243
0.439549
0.415709
0.437577
0.471095
0.415691
0.415690
0.437476
0.415804
0.452213
0.415768
0.415751
0.415392
0.437188
0.436842
0.444013
0.458663
0.415629
0.437266
0.415716
0.439611
0.438054
0.415719
0.438647
0.437492
0.414810
0.439586
0.457127
0.415642
0.416411
0.439140
0.437461
0.463058
0.415803
0.439787
0.437276
0.437515
0.416002
0.439777
0.439457
0.415701
0.438074
0.439520
0.438309
0.439535
0.415677
