real 2.13
user 2.07
sys 0.05
real 2.12
user 2.04
sys 0.08
real 2.14
user 2.07
sys 0.06
real 2.12
user 2.05
sys 0.06
real 2.12
user 2.05
sys 0.06
real 2.14
user 2.07
sys 0.06
real 2.13
user 2.07
sys 0.05
real 2.12
user 2.06
sys 0.06
real 2.13
user 2.06
sys 0.06
real 2.13
user 2.07
sys 0.06
real 2.13
user 2.06
sys 0.06
real 2.15
user 2.09
sys 0.06
real 2.12
user 2.06
sys 0.06
real 2.13
user 2.08
sys 0.05
real 2.15
user 2.09
sys 0.05
real 2.14
user 2.07
sys 0.06
real 2.13
user 2.06
sys 0.06
real 2.13
user 2.06
sys 0.07
real 2.13
user 2.06
sys 0.07
real 2.12
user 2.05
sys 0.07
real 2.12
user 2.06
sys 0.06
real 2.13
user 2.05
sys 0.07
real 2.12
user 2.05
sys 0.06
real 2.13
user 2.05
sys 0.07
real 2.13
user 2.07
sys 0.06
real 2.12
user 2.08
sys 0.04
real 2.12
user 2.06
sys 0.06
real 2.13
user 2.05
sys 0.08
real 2.12
user 2.06
sys 0.06
real 2.13
user 2.06
sys 0.07
real 2.13
user 2.07
sys 0.06
real 2.13
user 2.05
sys 0.07
real 2.12
user 2.06
sys 0.05
real 2.13
user 2.07
sys 0.06
real 2.12
user 2.06
sys 0.06
real 2.12
user 2.06
sys 0.05
real 2.13
user 2.08
sys 0.04
real 2.13
user 2.07
sys 0.05
real 2.12
user 2.08
sys 0.04
real 2.14
user 2.07
sys 0.06
real 2.16
user 2.11
sys 0.04
real 2.14
user 2.07
sys 0.07
real 2.13
user 2.07
sys 0.06
real 2.12
user 2.04
sys 0.07
real 2.12
user 2.05
sys 0.06
real 2.12
user 2.06
sys 0.05
real 2.14
user 2.06
sys 0.07
real 2.13
user 2.04
sys 0.08
real 2.12
user 2.05
sys 0.06
real 2.13
user 2.05
sys 0.07
real 2.13
user 2.06
sys 0.07
real 2.12
user 2.06
sys 0.05
real 2.14
user 2.08
sys 0.06
real 2.12
user 2.05
sys 0.06
real 2.12
user 2.06
sys 0.06
real 2.14
user 2.06
sys 0.07
real 2.12
user 2.06
sys 0.06
real 2.13
user 2.05
sys 0.08
real 2.13
user 2.06
sys 0.06
real 2.12
user 2.05
sys 0.06
real 2.12
user 2.06
sys 0.05
real 2.12
user 2.06
sys 0.06
real 2.12
user 2.06
sys 0.06
real 2.11
user 2.06
sys 0.04
real 2.13
user 2.05
sys 0.08
real 2.13
user 2.06
sys 0.06
real 2.12
user 2.04
sys 0.07
real 2.14
user 2.09
sys 0.04
real 2.14
user 2.07
sys 0.06
real 2.13
user 2.07
sys 0.06
real 2.13
user 2.06
sys 0.06
real 2.14
user 2.08
sys 0.05
real 2.13
user 2.07
sys 0.05
real 2.12
user 2.06
sys 0.06
real 2.15
user 2.11
sys 0.04
real 2.13
user 2.05
sys 0.08
real 2.11
user 2.06
sys 0.05
real 2.14
user 2.07
sys 0.06
real 2.12
user 2.05
sys 0.06
real 2.12
user 2.07
sys 0.04
real 2.12
user 2.05
sys 0.07
real 2.11
user 2.05
sys 0.06
real 2.13
user 2.05
sys 0.07
real 2.12
user 2.06
sys 0.05
real 2.12
user 2.05
sys 0.06
real 2.12
user 2.05
sys 0.06
real 2.13
user 2.08
sys 0.04
real 2.12
user 2.06
sys 0.05
real 2.12
user 2.06
sys 0.06
real 2.13
user 2.06
sys 0.06
real 2.12
user 2.06
sys 0.06
real 2.12
user 2.07
sys 0.04
real 2.12
user 2.06
sys 0.06
real 2.13
user 2.06
sys 0.06
real 2.13
user 2.09
sys 0.04
real 2.12
user 2.05
sys 0.06
real 2.14
user 2.07
sys 0.05
real 2.12
user 2.05
sys 0.06
real 2.43
user 2.36
sys 0.06
real 2.14
user 2.08
sys 0.06
real 2.13
user 2.06
sys 0.06
real 2.12
user 2.06
sys 0.06
real 2.14
user 2.07
sys 0.06
real 2.12
user 2.07
sys 0.04
real 2.13
user 2.08
sys 0.04
real 2.14
user 2.06
sys 0.08
real 2.12
user 2.07
sys 0.04
real 2.13
user 2.07
sys 0.06
real 2.15
user 2.06
sys 0.08
real 2.12
user 2.06
sys 0.05
real 2.13
user 2.05
sys 0.07
real 2.13
user 2.04
sys 0.08
real 2.13
user 2.06
sys 0.06
real 2.12
user 2.07
sys 0.05
real 2.13
user 2.07
sys 0.05
real 2.11
user 2.06
sys 0.05
real 2.12
user 2.07
sys 0.04
real 2.12
user 2.06
sys 0.06
real 2.12
user 2.05
sys 0.06
real 2.12
user 2.04
sys 0.07
real 2.12
user 2.06
sys 0.06
real 2.13
user 2.06
sys 0.06
real 2.12
user 2.05
sys 0.06
real 2.12
user 2.06
sys 0.06
real 2.13
user 2.06
sys 0.06
real 2.12
user 2.05
sys 0.06
real 2.12
user 2.06
sys 0.06
real 2.12
user 2.06
sys 0.06
real 2.12
user 2.04
sys 0.07
real 2.12
user 2.05
sys 0.07
real 2.13
user 2.06
sys 0.06
real 2.14
user 2.07
sys 0.06
real 2.13
user 2.05
sys 0.07
real 2.12
user 2.05
sys 0.06
real 2.12
user 2.04
sys 0.07
real 2.12
user 2.06
sys 0.06
real 2.15
user 2.08
sys 0.06
real 2.12
user 2.06
sys 0.06
real 2.11
user 2.06
sys 0.05
real 2.15
user 2.07
sys 0.07
real 2.14
user 2.06
sys 0.07
real 2.12
user 2.06
sys 0.06
real 2.12
user 2.08
sys 0.04
real 2.13
user 2.06
sys 0.06
real 2.13
user 2.04
sys 0.08
real 2.13
user 2.07
sys 0.06
real 2.12
user 2.07
sys 0.05
real 2.13
user 2.06
sys 0.06
real 2.12
user 2.06
sys 0.05
real 2.14
user 2.08
sys 0.06
