real 6.73
user 6.64
sys 0.08
real 6.77
user 6.68
sys 0.09
real 6.75
user 6.65
sys 0.09
real 6.78
user 6.67
sys 0.10
real 6.78
user 6.67
sys 0.08
real 6.73
user 6.63
sys 0.09
real 6.77
user 6.70
sys 0.06
real 6.74
user 6.64
sys 0.09
real 6.74
user 6.70
sys 0.04
real 6.81
user 6.72
sys 0.09
real 6.69
user 6.61
sys 0.08
real 6.82
user 6.74
sys 0.06
real 6.88
user 6.78
sys 0.08
real 6.89
user 6.81
sys 0.07
real 6.75
user 6.68
sys 0.06
real 6.79
user 6.71
sys 0.07
real 6.69
user 6.61
sys 0.07
real 6.86
user 6.79
sys 0.06
real 6.81
user 6.74
sys 0.07
real 6.74
user 6.66
sys 0.08
real 6.79
user 6.72
sys 0.06
real 6.82
user 6.71
sys 0.10
real 6.85
user 6.75
sys 0.08
real 6.82
user 6.74
sys 0.07
real 6.75
user 6.65
sys 0.10
real 6.86
user 6.77
sys 0.08
real 6.76
user 6.68
sys 0.07
real 6.78
user 6.70
sys 0.08
real 6.73
user 6.65
sys 0.08
real 6.80
user 6.72
sys 0.07
real 6.94
user 6.85
sys 0.08
real 6.75
user 6.64
sys 0.10
real 6.71
user 6.63
sys 0.08
real 6.82
user 6.75
sys 0.06
real 6.85
user 6.79
sys 0.06
real 6.80
user 6.69
sys 0.10
real 6.74
user 6.65
sys 0.08
real 6.70
user 6.62
sys 0.08
real 6.77
user 6.68
sys 0.08
real 6.74
user 6.65
sys 0.08
real 6.74
user 6.65
sys 0.08
real 6.78
user 6.71
sys 0.06
real 6.84
user 6.74
sys 0.08
real 6.70
user 6.60
sys 0.09
real 6.82
user 6.71
sys 0.10
real 6.71
user 6.64
sys 0.06
real 6.83
user 6.74
sys 0.08
real 6.76
user 6.68
sys 0.07
real 6.72
user 6.62
sys 0.09
real 6.78
user 6.65
sys 0.12
real 6.77
user 6.68
sys 0.08
real 6.86
user 6.78
sys 0.07
real 6.80
user 6.70
sys 0.09
real 6.75
user 6.69
sys 0.06
real 6.74
user 6.64
sys 0.10
real 6.89
user 6.80
sys 0.08
real 6.80
user 6.71
sys 0.08
real 6.86
user 6.77
sys 0.08
real 6.72
user 6.64
sys 0.06
real 6.77
user 6.68
sys 0.08
real 6.82
user 6.71
sys 0.10
real 6.72
user 6.66
sys 0.06
real 6.81
user 6.72
sys 0.08
real 6.81
user 6.71
sys 0.09
real 6.75
user 6.66
sys 0.08
real 6.74
user 6.64
sys 0.09
real 6.67
user 6.60
sys 0.06
real 6.86
user 6.78
sys 0.07
real 6.78
user 6.69
sys 0.08
real 6.78
user 6.70
sys 0.08
real 6.81
user 6.69
sys 0.11
real 6.79
user 6.70
sys 0.08
real 6.74
user 6.65
sys 0.08
real 6.76
user 6.66
sys 0.09
real 6.70
user 6.62
sys 0.07
real 6.69
user 6.59
sys 0.09
real 6.73
user 6.65
sys 0.07
real 6.84
user 6.75
sys 0.08
real 6.76
user 6.63
sys 0.11
real 6.85
user 6.77
sys 0.08
real 6.73
user 6.65
sys 0.08
real 6.77
user 6.70
sys 0.06
real 6.77
user 6.71
sys 0.06
real 6.74
user 6.68
sys 0.05
real 6.81
user 6.74
sys 0.06
real 6.73
user 6.65
sys 0.07
real 6.73
user 6.65
sys 0.07
real 6.66
user 6.59
sys 0.06
real 6.80
user 6.72
sys 0.08
real 6.73
user 6.63
sys 0.09
real 6.83
user 6.74
sys 0.08
real 6.67
user 6.58
sys 0.08
real 6.83
user 6.74
sys 0.08
real 6.81
user 6.72
sys 0.06
real 6.76
user 6.67
sys 0.08
real 6.79
user 6.68
sys 0.09
real 6.74
user 6.67
sys 0.06
real 6.85
user 6.77
sys 0.08
real 6.82
user 6.73
sys 0.08
real 6.85
user 6.74
sys 0.10
real 6.81
user 6.72
sys 0.08
real 6.78
user 6.70
sys 0.07
real 6.81
user 6.73
sys 0.07
real 6.80
user 6.73
sys 0.07
real 6.74
user 6.69
sys 0.05
real 6.73
user 6.64
sys 0.08
real 6.72
user 6.62
sys 0.09
real 6.76
user 6.67
sys 0.08
real 6.85
user 6.76
sys 0.08
real 6.75
user 6.67
sys 0.08
real 6.72
user 6.65
sys 0.06
real 6.86
user 6.77
sys 0.09
real 6.70
user 6.64
sys 0.05
real 6.78
user 6.70
sys 0.08
real 6.88
user 6.78
sys 0.09
real 6.82
user 6.73
sys 0.08
real 6.75
user 6.68
sys 0.06
real 6.76
user 6.68
sys 0.07
real 6.73
user 6.66
sys 0.06
real 6.76
user 6.68
sys 0.08
real 6.76
user 6.66
sys 0.09
real 6.73
user 6.65
sys 0.07
real 6.90
user 6.80
sys 0.08
real 6.84
user 6.76
sys 0.08
real 6.74
user 6.65
sys 0.09
real 6.75
user 6.66
sys 0.08
real 6.71
user 6.64
sys 0.07
real 6.75
user 6.65
sys 0.10
real 6.70
user 6.62
sys 0.07
real 6.73
user 6.65
sys 0.07
real 6.72
user 6.63
sys 0.09
real 6.71
user 6.61
sys 0.09
real 6.85
user 6.77
sys 0.06
real 6.69
user 6.56
sys 0.11
real 6.73
user 6.66
sys 0.06
real 6.77
user 6.67
sys 0.09
real 6.80
user 6.72
sys 0.07
real 6.73
user 6.62
sys 0.10
real 6.79
user 6.71
sys 0.07
real 6.82
user 6.73
sys 0.08
real 6.80
user 6.72
sys 0.08
real 6.75
user 6.67
sys 0.07
real 6.80
user 6.72
sys 0.07
real 6.85
user 6.78
sys 0.06
real 6.67
user 6.60
sys 0.06
real 6.78
user 6.72
sys 0.06
real 6.76
user 6.68
sys 0.07
real 6.77
user 6.66
sys 0.10
real 6.77
user 6.68
sys 0.08
real 6.79
user 6.68
sys 0.10
