3.812742
3.826225
3.821504
3.815403
3.826309
3.829663
3.816241
3.820975
3.792441
3.820849
3.835502
3.812303
3.807368
3.796976
3.803292
3.819985
3.819749
3.817314
3.844736
3.807887
3.815750
3.822986
3.815545
3.817231
3.816203
3.822485
3.808536
3.811723
3.810189
3.812682
3.834315
3.813119
3.825041
3.832348
3.833504
3.837280
3.817444
3.827930
3.845309
3.845135
3.812972
3.809474
3.839430
3.834481
3.833017
3.829030
3.811881
3.850643
3.823199
3.845208
3.847172
3.834700
3.812540
3.828994
3.824464
3.808041
3.832595
3.821481
3.819128
3.842180
3.828451
3.801349
3.831772
3.822204
3.820254
3.820923
3.808089
3.820798
3.825540
3.808161
3.828998
3.809773
3.833609
3.792835
3.826623
3.800205
3.833118
3.812487
3.814829
3.807481
3.833703
3.806619
3.811761
3.802875
3.823722
3.823760
3.816027
3.802000
3.813347
3.827082
3.810959
3.821806
3.830370
3.829518
3.799667
3.823023
3.832038
3.798254
3.815820
3.833792
3.796320
3.832288
3.812503
3.837892
3.802290
3.830002
3.811616
3.818572
3.817302
3.819460
3.806020
3.820408
3.810371
3.809080
3.809638
3.816681
3.790443
3.841099
3.799620
3.828603
3.812243
3.806617
3.812331
3.791852
3.820788
3.801283
3.817795
3.817545
3.824293
3.810999
3.806274
3.816870
3.806742
3.798809
3.824944
3.800929
3.821184
3.807913
3.832178
3.805289
3.802429
3.793759
3.804400
3.824722
3.834012
3.801958
3.827198
3.813581
3.807206
3.815625
