4.047177
4.028911
4.006405
4.031091
4.037425
4.018423
4.016441
4.010859
4.033157
4.022137
4.005317
4.028885
4.029721
4.057613
4.007130
3.995242
4.003587
4.029576
4.052713
4.017213
4.034287
4.027315
4.026543
4.032553
4.040809
4.035708
4.035668
4.057751
3.999897
4.015776
3.990391
4.041079
4.012861
4.022066
4.023899
4.013293
4.020866
4.022493
4.021771
4.023462
4.014766
4.035339
4.001702
4.028069
4.006037
4.023163
4.063469
4.020821
4.010972
4.044044
4.039444
4.009327
4.025017
4.044767
4.020425
4.019622
4.032602
4.017658
4.040627
4.035306
4.016431
4.036044
4.006027
4.026602
4.018331
4.048157
4.029278
4.032157
4.026805
4.054067
4.014080
4.001697
4.036863
4.026526
4.008009
4.035312
4.036136
4.022844
4.031357
4.012043
4.009929
4.031923
4.024898
4.034302
4.014723
4.030462
4.008554
4.027169
4.019569
4.022717
4.051629
4.000461
4.023827
4.009779
4.050646
4.019214
4.020806
4.046763
4.028198
4.027371
4.014072
4.033670
4.039445
4.044613
4.034580
4.017596
4.042323
4.023377
4.024720
4.040816
4.034239
4.035830
4.043377
4.057747
4.034485
4.048978
4.048616
4.046214
4.034552
4.026160
4.013840
4.053259
4.038990
4.030601
4.049641
4.032324
4.030662
4.021861
4.029789
4.016756
4.041753
4.030783
3.995591
4.008273
4.036444
4.036566
4.024528
4.013482
3.967474
3.976406
3.999925
3.981380
3.993211
3.995886
3.987051
3.984522
3.989691
3.981314
3.990313
3.986563
