2.460316
2.483213
2.457212
2.457801
2.449681
2.449110
2.461694
2.466963
2.449441
2.455870
2.450224
2.453928
2.457596
2.486277
2.450159
2.478779
2.451631
2.456584
2.451590
2.446513
2.451278
2.458267
2.457347
2.456915
2.448735
2.458967
2.451055
2.474910
2.470469
2.452459
2.451409
2.451898
2.456933
2.454050
2.461379
2.465137
2.456749
2.456289
2.466761
2.457442
2.459303
2.449559
2.445660
2.479603
2.447412
2.466566
2.450344
2.464618
2.454530
2.453307
2.447328
2.474091
2.457789
2.458302
2.453037
2.458718
2.461180
2.508817
2.453839
2.464016
2.503963
2.452393
2.486326
2.453506
2.459174
2.456883
2.455542
2.459492
2.458923
2.463952
2.454038
2.459925
2.483525
2.457923
2.460218
2.459811
2.492298
2.454521
2.445558
2.453766
2.462682
2.467869
2.466142
2.456757
2.457213
2.459047
2.460624
2.464270
2.463528
2.461281
2.453237
2.463820
2.461251
2.453889
2.461535
2.451983
2.453346
2.458784
2.455635
2.452718
2.460123
2.487591
2.453906
2.464264
2.480380
2.458590
2.472927
2.458122
2.456195
2.450953
2.457767
2.463068
2.460630
2.456437
2.468328
2.467928
2.474054
2.478182
2.474105
2.468338
2.474665
2.461402
2.466177
2.453982
2.465158
2.455084
2.510058
2.464377
2.486264
2.476587
2.464663
2.469781
2.466303
2.468983
2.465749
2.451839
2.463277
2.474658
2.458921
2.468562
2.487612
2.460721
2.460917
2.467475
2.448934
2.465658
2.458472
2.460137
2.458137
2.452082
