2.525997
2.508491
2.514260
2.511816
2.507416
2.521279
2.518460
2.512891
2.510193
2.513089
2.510875
2.510359
2.509845
2.503595
2.505457
2.520185
2.506475
2.508975
2.507974
2.503065
2.500919
2.506139
2.511917
2.527708
2.510400
2.506033
2.515473
2.509042
2.520708
2.507761
2.539428
2.506876
2.507067
2.503488
2.503329
2.508747
2.511193
2.511687
2.509379
2.509556
2.511453
2.511163
2.514139
2.518469
2.506958
2.510522
2.509614
2.525251
2.417137
2.412186
2.414680
2.414647
2.423578
2.429060
2.418763
2.416505
2.421712
2.417016
2.426290
2.454558
2.419814
2.432288
2.418331
2.421677
2.421612
2.419539
2.417802
2.420095
2.419381
2.412161
2.456429
2.445614
2.448196
2.481978
2.446174
2.444201
2.452989
2.461013
2.446355
2.449932
2.454603
2.457937
2.450616
2.442529
2.449600
2.447971
2.457453
2.449549
2.448292
2.452484
2.452299
2.483905
2.452392
2.461667
2.453351
2.452186
2.449086
2.452520
2.490407
2.455394
2.465743
2.456352
2.455510
2.853621
2.544845
2.568003
2.554162
2.581897
2.556716
2.563034
2.561904
2.565011
2.559334
2.562501
2.586655
2.566705
2.563179
2.573954
2.474967
2.469672
2.471228
2.476979
2.468629
2.488616
2.484589
2.468845
2.468965
2.470998
2.478321
2.492256
2.464674
2.464904
2.477753
2.466909
2.476377
2.480599
2.480085
2.464307
2.467102
2.484439
2.476988
2.471295
2.463794
2.468957
2.480478
2.566361
2.553227
2.568238
2.562550
2.555487
