PARSEC Benchmark Suite Version 3.0-beta-20150206
Total input size:                       30.70 MB
Total output size:                      29.05 MB
Effective compression factor:            1.06x

Mean data chunk size:                    3.88 KB (stddev: 367.52 KB)
Amount of duplicate chunks:              3.84%
Data size after deduplication:          30.69 MB (compression factor: 1.00x)
Data size after compression:            28.98 MB (compression factor: 1.06x)
Output overhead:                         0.26%
[HOOKS] Total time spent: 0.911s
PARSEC Benchmark Suite Version 3.0-beta-20150206
Total input size:                       30.70 MB
Total output size:                      29.05 MB
Effective compression factor:            1.06x

Mean data chunk size:                    3.88 KB (stddev: 367.52 KB)
Amount of duplicate chunks:              3.84%
Data size after deduplication:          30.69 MB (compression factor: 1.00x)
Data size after compression:            28.98 MB (compression factor: 1.06x)
Output overhead:                         0.26%
[HOOKS] Total time spent: 0.908s
PARSEC Benchmark Suite Version 3.0-beta-20150206
Total input size:                       30.70 MB
Total output size:                      29.05 MB
Effective compression factor:            1.06x

Mean data chunk size:                    3.88 KB (stddev: 367.52 KB)
Amount of duplicate chunks:              3.84%
Data size after deduplication:          30.69 MB (compression factor: 1.00x)
Data size after compression:            28.98 MB (compression factor: 1.06x)
Output overhead:                         0.26%
[HOOKS] Total time spent: 0.911s
PARSEC Benchmark Suite Version 3.0-beta-20150206
Total input size:                       30.70 MB
Total output size:                      29.05 MB
Effective compression factor:            1.06x

Mean data chunk size:                    3.88 KB (stddev: 367.52 KB)
Amount of duplicate chunks:              3.84%
Data size after deduplication:          30.69 MB (compression factor: 1.00x)
Data size after compression:            28.98 MB (compression factor: 1.06x)
Output overhead:                         0.26%
[HOOKS] Total time spent: 0.905s
PARSEC Benchmark Suite Version 3.0-beta-20150206
Total input size:                       30.70 MB
Total output size:                      29.05 MB
Effective compression factor:            1.06x

Mean data chunk size:                    3.88 KB (stddev: 367.52 KB)
Amount of duplicate chunks:              3.84%
Data size after deduplication:          30.69 MB (compression factor: 1.00x)
Data size after compression:            28.98 MB (compression factor: 1.06x)
Output overhead:                         0.26%
[HOOKS] Total time spent: 0.909s
PARSEC Benchmark Suite Version 3.0-beta-20150206
Total input size:                       30.70 MB
Total output size:                      29.05 MB
Effective compression factor:            1.06x

Mean data chunk size:                    3.88 KB (stddev: 367.52 KB)
Amount of duplicate chunks:              3.84%
Data size after deduplication:          30.69 MB (compression factor: 1.00x)
Data size after compression:            28.98 MB (compression factor: 1.06x)
Output overhead:                         0.26%
[HOOKS] Total time spent: 0.909s
PARSEC Benchmark Suite Version 3.0-beta-20150206
Total input size:                       30.70 MB
Total output size:                      29.05 MB
Effective compression factor:            1.06x

Mean data chunk size:                    3.88 KB (stddev: 367.52 KB)
Amount of duplicate chunks:              3.84%
Data size after deduplication:          30.69 MB (compression factor: 1.00x)
Data size after compression:            28.98 MB (compression factor: 1.06x)
Output overhead:                         0.26%
[HOOKS] Total time spent: 0.909s
PARSEC Benchmark Suite Version 3.0-beta-20150206
Total input size:                       30.70 MB
Total output size:                      29.05 MB
Effective compression factor:            1.06x

Mean data chunk size:                    3.88 KB (stddev: 367.52 KB)
Amount of duplicate chunks:              3.84%
Data size after deduplication:          30.69 MB (compression factor: 1.00x)
Data size after compression:            28.98 MB (compression factor: 1.06x)
Output overhead:                         0.26%
[HOOKS] Total time spent: 0.905s
PARSEC Benchmark Suite Version 3.0-beta-20150206
Total input size:                       30.70 MB
Total output size:                      29.05 MB
Effective compression factor:            1.06x

Mean data chunk size:                    3.88 KB (stddev: 367.52 KB)
Amount of duplicate chunks:              3.84%
Data size after deduplication:          30.69 MB (compression factor: 1.00x)
Data size after compression:            28.98 MB (compression factor: 1.06x)
Output overhead:                         0.26%
[HOOKS] Total time spent: 0.910s
PARSEC Benchmark Suite Version 3.0-beta-20150206
Total input size:                       30.70 MB
Total output size:                      29.05 MB
Effective compression factor:            1.06x

Mean data chunk size:                    3.88 KB (stddev: 367.52 KB)
Amount of duplicate chunks:              3.84%
Data size after deduplication:          30.69 MB (compression factor: 1.00x)
Data size after compression:            28.98 MB (compression factor: 1.06x)
Output overhead:                         0.26%
[HOOKS] Total time spent: 0.906s
PARSEC Benchmark Suite Version 3.0-beta-20150206
Total input size:                       30.70 MB
Total output size:                      29.05 MB
Effective compression factor:            1.06x

Mean data chunk size:                    3.88 KB (stddev: 367.52 KB)
Amount of duplicate chunks:              3.84%
Data size after deduplication:          30.69 MB (compression factor: 1.00x)
Data size after compression:            28.98 MB (compression factor: 1.06x)
Output overhead:                         0.26%
[HOOKS] Total time spent: 0.902s
PARSEC Benchmark Suite Version 3.0-beta-20150206
Total input size:                       30.70 MB
Total output size:                      29.05 MB
Effective compression factor:            1.06x

Mean data chunk size:                    3.88 KB (stddev: 367.52 KB)
Amount of duplicate chunks:              3.84%
Data size after deduplication:          30.69 MB (compression factor: 1.00x)
Data size after compression:            28.98 MB (compression factor: 1.06x)
Output overhead:                         0.26%
[HOOKS] Total time spent: 0.904s
PARSEC Benchmark Suite Version 3.0-beta-20150206
Total input size:                       30.70 MB
Total output size:                      29.05 MB
Effective compression factor:            1.06x

Mean data chunk size:                    3.88 KB (stddev: 367.52 KB)
Amount of duplicate chunks:              3.84%
Data size after deduplication:          30.69 MB (compression factor: 1.00x)
Data size after compression:            28.98 MB (compression factor: 1.06x)
Output overhead:                         0.26%
[HOOKS] Total time spent: 0.910s
PARSEC Benchmark Suite Version 3.0-beta-20150206
Total input size:                       30.70 MB
Total output size:                      29.05 MB
Effective compression factor:            1.06x

Mean data chunk size:                    3.88 KB (stddev: 367.52 KB)
Amount of duplicate chunks:              3.84%
Data size after deduplication:          30.69 MB (compression factor: 1.00x)
Data size after compression:            28.98 MB (compression factor: 1.06x)
Output overhead:                         0.26%
[HOOKS] Total time spent: 0.911s
PARSEC Benchmark Suite Version 3.0-beta-20150206
Total input size:                       30.70 MB
Total output size:                      29.05 MB
Effective compression factor:            1.06x

Mean data chunk size:                    3.88 KB (stddev: 367.52 KB)
Amount of duplicate chunks:              3.84%
Data size after deduplication:          30.69 MB (compression factor: 1.00x)
Data size after compression:            28.98 MB (compression factor: 1.06x)
Output overhead:                         0.26%
[HOOKS] Total time spent: 0.924s
PARSEC Benchmark Suite Version 3.0-beta-20150206
Total input size:                       30.70 MB
Total output size:                      29.05 MB
Effective compression factor:            1.06x

Mean data chunk size:                    3.88 KB (stddev: 367.52 KB)
Amount of duplicate chunks:              3.84%
Data size after deduplication:          30.69 MB (compression factor: 1.00x)
Data size after compression:            28.98 MB (compression factor: 1.06x)
Output overhead:                         0.26%
[HOOKS] Total time spent: 0.910s
PARSEC Benchmark Suite Version 3.0-beta-20150206
Total input size:                       30.70 MB
Total output size:                      29.05 MB
Effective compression factor:            1.06x

Mean data chunk size:                    3.88 KB (stddev: 367.52 KB)
Amount of duplicate chunks:              3.84%
Data size after deduplication:          30.69 MB (compression factor: 1.00x)
Data size after compression:            28.98 MB (compression factor: 1.06x)
Output overhead:                         0.26%
[HOOKS] Total time spent: 1.112s
PARSEC Benchmark Suite Version 3.0-beta-20150206
Total input size:                       30.70 MB
Total output size:                      29.05 MB
Effective compression factor:            1.06x

Mean data chunk size:                    3.88 KB (stddev: 367.52 KB)
Amount of duplicate chunks:              3.84%
Data size after deduplication:          30.69 MB (compression factor: 1.00x)
Data size after compression:            28.98 MB (compression factor: 1.06x)
Output overhead:                         0.26%
[HOOKS] Total time spent: 0.911s
PARSEC Benchmark Suite Version 3.0-beta-20150206
Total input size:                       30.70 MB
Total output size:                      29.05 MB
Effective compression factor:            1.06x

Mean data chunk size:                    3.88 KB (stddev: 367.52 KB)
Amount of duplicate chunks:              3.84%
Data size after deduplication:          30.69 MB (compression factor: 1.00x)
Data size after compression:            28.98 MB (compression factor: 1.06x)
Output overhead:                         0.26%
[HOOKS] Total time spent: 0.905s
PARSEC Benchmark Suite Version 3.0-beta-20150206
Total input size:                       30.70 MB
Total output size:                      29.05 MB
Effective compression factor:            1.06x

Mean data chunk size:                    3.88 KB (stddev: 367.52 KB)
Amount of duplicate chunks:              3.84%
Data size after deduplication:          30.69 MB (compression factor: 1.00x)
Data size after compression:            28.98 MB (compression factor: 1.06x)
Output overhead:                         0.26%
[HOOKS] Total time spent: 0.911s
PARSEC Benchmark Suite Version 3.0-beta-20150206
Total input size:                       30.70 MB
Total output size:                      29.05 MB
Effective compression factor:            1.06x

Mean data chunk size:                    3.88 KB (stddev: 367.52 KB)
Amount of duplicate chunks:              3.84%
Data size after deduplication:          30.69 MB (compression factor: 1.00x)
Data size after compression:            28.98 MB (compression factor: 1.06x)
Output overhead:                         0.26%
[HOOKS] Total time spent: 0.903s
PARSEC Benchmark Suite Version 3.0-beta-20150206
Total input size:                       30.70 MB
Total output size:                      29.05 MB
Effective compression factor:            1.06x

Mean data chunk size:                    3.88 KB (stddev: 367.52 KB)
Amount of duplicate chunks:              3.84%
Data size after deduplication:          30.69 MB (compression factor: 1.00x)
Data size after compression:            28.98 MB (compression factor: 1.06x)
Output overhead:                         0.26%
[HOOKS] Total time spent: 0.905s
PARSEC Benchmark Suite Version 3.0-beta-20150206
Total input size:                       30.70 MB
Total output size:                      29.05 MB
Effective compression factor:            1.06x

Mean data chunk size:                    3.88 KB (stddev: 367.52 KB)
Amount of duplicate chunks:              3.84%
Data size after deduplication:          30.69 MB (compression factor: 1.00x)
Data size after compression:            28.98 MB (compression factor: 1.06x)
Output overhead:                         0.26%
[HOOKS] Total time spent: 0.904s
PARSEC Benchmark Suite Version 3.0-beta-20150206
Total input size:                       30.70 MB
Total output size:                      29.05 MB
Effective compression factor:            1.06x

Mean data chunk size:                    3.88 KB (stddev: 367.52 KB)
Amount of duplicate chunks:              3.84%
Data size after deduplication:          30.69 MB (compression factor: 1.00x)
Data size after compression:            28.98 MB (compression factor: 1.06x)
Output overhead:                         0.26%
[HOOKS] Total time spent: 0.911s
PARSEC Benchmark Suite Version 3.0-beta-20150206
Total input size:                       30.70 MB
Total output size:                      29.05 MB
Effective compression factor:            1.06x

Mean data chunk size:                    3.88 KB (stddev: 367.52 KB)
Amount of duplicate chunks:              3.84%
Data size after deduplication:          30.69 MB (compression factor: 1.00x)
Data size after compression:            28.98 MB (compression factor: 1.06x)
Output overhead:                         0.26%
[HOOKS] Total time spent: 0.905s
PARSEC Benchmark Suite Version 3.0-beta-20150206
Total input size:                       30.70 MB
Total output size:                      29.05 MB
Effective compression factor:            1.06x

Mean data chunk size:                    3.88 KB (stddev: 367.52 KB)
Amount of duplicate chunks:              3.84%
Data size after deduplication:          30.69 MB (compression factor: 1.00x)
Data size after compression:            28.98 MB (compression factor: 1.06x)
Output overhead:                         0.26%
[HOOKS] Total time spent: 0.905s
PARSEC Benchmark Suite Version 3.0-beta-20150206
Total input size:                       30.70 MB
Total output size:                      29.05 MB
Effective compression factor:            1.06x

Mean data chunk size:                    3.88 KB (stddev: 367.52 KB)
Amount of duplicate chunks:              3.84%
Data size after deduplication:          30.69 MB (compression factor: 1.00x)
Data size after compression:            28.98 MB (compression factor: 1.06x)
Output overhead:                         0.26%
[HOOKS] Total time spent: 0.904s
PARSEC Benchmark Suite Version 3.0-beta-20150206
Total input size:                       30.70 MB
Total output size:                      29.05 MB
Effective compression factor:            1.06x

Mean data chunk size:                    3.88 KB (stddev: 367.52 KB)
Amount of duplicate chunks:              3.84%
Data size after deduplication:          30.69 MB (compression factor: 1.00x)
Data size after compression:            28.98 MB (compression factor: 1.06x)
Output overhead:                         0.26%
[HOOKS] Total time spent: 0.914s
PARSEC Benchmark Suite Version 3.0-beta-20150206
Total input size:                       30.70 MB
Total output size:                      29.05 MB
Effective compression factor:            1.06x

Mean data chunk size:                    3.88 KB (stddev: 367.52 KB)
Amount of duplicate chunks:              3.84%
Data size after deduplication:          30.69 MB (compression factor: 1.00x)
Data size after compression:            28.98 MB (compression factor: 1.06x)
Output overhead:                         0.26%
[HOOKS] Total time spent: 0.904s
PARSEC Benchmark Suite Version 3.0-beta-20150206
Total input size:                       30.70 MB
Total output size:                      29.05 MB
Effective compression factor:            1.06x

Mean data chunk size:                    3.88 KB (stddev: 367.52 KB)
Amount of duplicate chunks:              3.84%
Data size after deduplication:          30.69 MB (compression factor: 1.00x)
Data size after compression:            28.98 MB (compression factor: 1.06x)
Output overhead:                         0.26%
[HOOKS] Total time spent: 0.906s
PARSEC Benchmark Suite Version 3.0-beta-20150206
Total input size:                       30.70 MB
Total output size:                      29.05 MB
Effective compression factor:            1.06x

Mean data chunk size:                    3.88 KB (stddev: 367.52 KB)
Amount of duplicate chunks:              3.84%
Data size after deduplication:          30.69 MB (compression factor: 1.00x)
Data size after compression:            28.98 MB (compression factor: 1.06x)
Output overhead:                         0.26%
[HOOKS] Total time spent: 0.905s
PARSEC Benchmark Suite Version 3.0-beta-20150206
Total input size:                       30.70 MB
Total output size:                      29.05 MB
Effective compression factor:            1.06x

Mean data chunk size:                    3.88 KB (stddev: 367.52 KB)
Amount of duplicate chunks:              3.84%
Data size after deduplication:          30.69 MB (compression factor: 1.00x)
Data size after compression:            28.98 MB (compression factor: 1.06x)
Output overhead:                         0.26%
[HOOKS] Total time spent: 0.911s
PARSEC Benchmark Suite Version 3.0-beta-20150206
Total input size:                       30.70 MB
Total output size:                      29.05 MB
Effective compression factor:            1.06x

Mean data chunk size:                    3.88 KB (stddev: 367.52 KB)
Amount of duplicate chunks:              3.84%
Data size after deduplication:          30.69 MB (compression factor: 1.00x)
Data size after compression:            28.98 MB (compression factor: 1.06x)
Output overhead:                         0.26%
[HOOKS] Total time spent: 0.906s
PARSEC Benchmark Suite Version 3.0-beta-20150206
Total input size:                       30.70 MB
Total output size:                      29.05 MB
Effective compression factor:            1.06x

Mean data chunk size:                    3.88 KB (stddev: 367.52 KB)
Amount of duplicate chunks:              3.84%
Data size after deduplication:          30.69 MB (compression factor: 1.00x)
Data size after compression:            28.98 MB (compression factor: 1.06x)
Output overhead:                         0.26%
[HOOKS] Total time spent: 0.906s
PARSEC Benchmark Suite Version 3.0-beta-20150206
Total input size:                       30.70 MB
Total output size:                      29.05 MB
Effective compression factor:            1.06x

Mean data chunk size:                    3.88 KB (stddev: 367.52 KB)
Amount of duplicate chunks:              3.84%
Data size after deduplication:          30.69 MB (compression factor: 1.00x)
Data size after compression:            28.98 MB (compression factor: 1.06x)
Output overhead:                         0.26%
[HOOKS] Total time spent: 0.904s
PARSEC Benchmark Suite Version 3.0-beta-20150206
Total input size:                       30.70 MB
Total output size:                      29.05 MB
Effective compression factor:            1.06x

Mean data chunk size:                    3.88 KB (stddev: 367.52 KB)
Amount of duplicate chunks:              3.84%
Data size after deduplication:          30.69 MB (compression factor: 1.00x)
Data size after compression:            28.98 MB (compression factor: 1.06x)
Output overhead:                         0.26%
[HOOKS] Total time spent: 0.906s
PARSEC Benchmark Suite Version 3.0-beta-20150206
Total input size:                       30.70 MB
Total output size:                      29.05 MB
Effective compression factor:            1.06x

Mean data chunk size:                    3.88 KB (stddev: 367.52 KB)
Amount of duplicate chunks:              3.84%
Data size after deduplication:          30.69 MB (compression factor: 1.00x)
Data size after compression:            28.98 MB (compression factor: 1.06x)
Output overhead:                         0.26%
[HOOKS] Total time spent: 0.905s
PARSEC Benchmark Suite Version 3.0-beta-20150206
Total input size:                       30.70 MB
Total output size:                      29.05 MB
Effective compression factor:            1.06x

Mean data chunk size:                    3.88 KB (stddev: 367.52 KB)
Amount of duplicate chunks:              3.84%
Data size after deduplication:          30.69 MB (compression factor: 1.00x)
Data size after compression:            28.98 MB (compression factor: 1.06x)
Output overhead:                         0.26%
[HOOKS] Total time spent: 0.905s
PARSEC Benchmark Suite Version 3.0-beta-20150206
Total input size:                       30.70 MB
Total output size:                      29.05 MB
Effective compression factor:            1.06x

Mean data chunk size:                    3.88 KB (stddev: 367.52 KB)
Amount of duplicate chunks:              3.84%
Data size after deduplication:          30.69 MB (compression factor: 1.00x)
Data size after compression:            28.98 MB (compression factor: 1.06x)
Output overhead:                         0.26%
[HOOKS] Total time spent: 0.905s
PARSEC Benchmark Suite Version 3.0-beta-20150206
Total input size:                       30.70 MB
Total output size:                      29.05 MB
Effective compression factor:            1.06x

Mean data chunk size:                    3.88 KB (stddev: 367.52 KB)
Amount of duplicate chunks:              3.84%
Data size after deduplication:          30.69 MB (compression factor: 1.00x)
Data size after compression:            28.98 MB (compression factor: 1.06x)
Output overhead:                         0.26%
[HOOKS] Total time spent: 0.910s
PARSEC Benchmark Suite Version 3.0-beta-20150206
Total input size:                       30.70 MB
Total output size:                      29.05 MB
Effective compression factor:            1.06x

Mean data chunk size:                    3.88 KB (stddev: 367.52 KB)
Amount of duplicate chunks:              3.84%
Data size after deduplication:          30.69 MB (compression factor: 1.00x)
Data size after compression:            28.98 MB (compression factor: 1.06x)
Output overhead:                         0.26%
[HOOKS] Total time spent: 0.905s
PARSEC Benchmark Suite Version 3.0-beta-20150206
Total input size:                       30.70 MB
Total output size:                      29.05 MB
Effective compression factor:            1.06x

Mean data chunk size:                    3.88 KB (stddev: 367.52 KB)
Amount of duplicate chunks:              3.84%
Data size after deduplication:          30.69 MB (compression factor: 1.00x)
Data size after compression:            28.98 MB (compression factor: 1.06x)
Output overhead:                         0.26%
[HOOKS] Total time spent: 0.904s
PARSEC Benchmark Suite Version 3.0-beta-20150206
Total input size:                       30.70 MB
Total output size:                      29.05 MB
Effective compression factor:            1.06x

Mean data chunk size:                    3.88 KB (stddev: 367.52 KB)
Amount of duplicate chunks:              3.84%
Data size after deduplication:          30.69 MB (compression factor: 1.00x)
Data size after compression:            28.98 MB (compression factor: 1.06x)
Output overhead:                         0.26%
[HOOKS] Total time spent: 0.906s
PARSEC Benchmark Suite Version 3.0-beta-20150206
Total input size:                       30.70 MB
Total output size:                      29.05 MB
Effective compression factor:            1.06x

Mean data chunk size:                    3.88 KB (stddev: 367.52 KB)
Amount of duplicate chunks:              3.84%
Data size after deduplication:          30.69 MB (compression factor: 1.00x)
Data size after compression:            28.98 MB (compression factor: 1.06x)
Output overhead:                         0.26%
[HOOKS] Total time spent: 1.095s
PARSEC Benchmark Suite Version 3.0-beta-20150206
Total input size:                       30.70 MB
Total output size:                      29.05 MB
Effective compression factor:            1.06x

Mean data chunk size:                    3.88 KB (stddev: 367.52 KB)
Amount of duplicate chunks:              3.84%
Data size after deduplication:          30.69 MB (compression factor: 1.00x)
Data size after compression:            28.98 MB (compression factor: 1.06x)
Output overhead:                         0.26%
[HOOKS] Total time spent: 0.907s
PARSEC Benchmark Suite Version 3.0-beta-20150206
Total input size:                       30.70 MB
Total output size:                      29.05 MB
Effective compression factor:            1.06x

Mean data chunk size:                    3.88 KB (stddev: 367.52 KB)
Amount of duplicate chunks:              3.84%
Data size after deduplication:          30.69 MB (compression factor: 1.00x)
Data size after compression:            28.98 MB (compression factor: 1.06x)
Output overhead:                         0.26%
[HOOKS] Total time spent: 0.905s
PARSEC Benchmark Suite Version 3.0-beta-20150206
Total input size:                       30.70 MB
Total output size:                      29.05 MB
Effective compression factor:            1.06x

Mean data chunk size:                    3.88 KB (stddev: 367.52 KB)
Amount of duplicate chunks:              3.84%
Data size after deduplication:          30.69 MB (compression factor: 1.00x)
Data size after compression:            28.98 MB (compression factor: 1.06x)
Output overhead:                         0.26%
[HOOKS] Total time spent: 0.905s
PARSEC Benchmark Suite Version 3.0-beta-20150206
Total input size:                       30.70 MB
Total output size:                      29.05 MB
Effective compression factor:            1.06x

Mean data chunk size:                    3.88 KB (stddev: 367.52 KB)
Amount of duplicate chunks:              3.84%
Data size after deduplication:          30.69 MB (compression factor: 1.00x)
Data size after compression:            28.98 MB (compression factor: 1.06x)
Output overhead:                         0.26%
[HOOKS] Total time spent: 0.911s
PARSEC Benchmark Suite Version 3.0-beta-20150206
Total input size:                       30.70 MB
Total output size:                      29.05 MB
Effective compression factor:            1.06x

Mean data chunk size:                    3.88 KB (stddev: 367.52 KB)
Amount of duplicate chunks:              3.84%
Data size after deduplication:          30.69 MB (compression factor: 1.00x)
Data size after compression:            28.98 MB (compression factor: 1.06x)
Output overhead:                         0.26%
[HOOKS] Total time spent: 0.904s
PARSEC Benchmark Suite Version 3.0-beta-20150206
Total input size:                       30.70 MB
Total output size:                      29.05 MB
Effective compression factor:            1.06x

Mean data chunk size:                    3.88 KB (stddev: 367.52 KB)
Amount of duplicate chunks:              3.84%
Data size after deduplication:          30.69 MB (compression factor: 1.00x)
Data size after compression:            28.98 MB (compression factor: 1.06x)
Output overhead:                         0.26%
[HOOKS] Total time spent: 0.908s
PARSEC Benchmark Suite Version 3.0-beta-20150206
Total input size:                       30.70 MB
Total output size:                      29.05 MB
Effective compression factor:            1.06x

Mean data chunk size:                    3.88 KB (stddev: 367.52 KB)
Amount of duplicate chunks:              3.84%
Data size after deduplication:          30.69 MB (compression factor: 1.00x)
Data size after compression:            28.98 MB (compression factor: 1.06x)
Output overhead:                         0.26%
[HOOKS] Total time spent: 0.910s
PARSEC Benchmark Suite Version 3.0-beta-20150206
Total input size:                       30.70 MB
Total output size:                      29.05 MB
Effective compression factor:            1.06x

Mean data chunk size:                    3.88 KB (stddev: 367.52 KB)
Amount of duplicate chunks:              3.84%
Data size after deduplication:          30.69 MB (compression factor: 1.00x)
Data size after compression:            28.98 MB (compression factor: 1.06x)
Output overhead:                         0.26%
[HOOKS] Total time spent: 0.904s
PARSEC Benchmark Suite Version 3.0-beta-20150206
Total input size:                       30.70 MB
Total output size:                      29.05 MB
Effective compression factor:            1.06x

Mean data chunk size:                    3.88 KB (stddev: 367.52 KB)
Amount of duplicate chunks:              3.84%
Data size after deduplication:          30.69 MB (compression factor: 1.00x)
Data size after compression:            28.98 MB (compression factor: 1.06x)
Output overhead:                         0.26%
[HOOKS] Total time spent: 0.911s
PARSEC Benchmark Suite Version 3.0-beta-20150206
Total input size:                       30.70 MB
Total output size:                      29.05 MB
Effective compression factor:            1.06x

Mean data chunk size:                    3.88 KB (stddev: 367.52 KB)
Amount of duplicate chunks:              3.84%
Data size after deduplication:          30.69 MB (compression factor: 1.00x)
Data size after compression:            28.98 MB (compression factor: 1.06x)
Output overhead:                         0.26%
[HOOKS] Total time spent: 0.906s
PARSEC Benchmark Suite Version 3.0-beta-20150206
Total input size:                       30.70 MB
Total output size:                      29.05 MB
Effective compression factor:            1.06x

Mean data chunk size:                    3.88 KB (stddev: 367.52 KB)
Amount of duplicate chunks:              3.84%
Data size after deduplication:          30.69 MB (compression factor: 1.00x)
Data size after compression:            28.98 MB (compression factor: 1.06x)
Output overhead:                         0.26%
[HOOKS] Total time spent: 1.371s
PARSEC Benchmark Suite Version 3.0-beta-20150206
Total input size:                       30.70 MB
Total output size:                      29.05 MB
Effective compression factor:            1.06x

Mean data chunk size:                    3.88 KB (stddev: 367.52 KB)
Amount of duplicate chunks:              3.84%
Data size after deduplication:          30.69 MB (compression factor: 1.00x)
Data size after compression:            28.98 MB (compression factor: 1.06x)
Output overhead:                         0.26%
[HOOKS] Total time spent: 0.904s
PARSEC Benchmark Suite Version 3.0-beta-20150206
Total input size:                       30.70 MB
Total output size:                      29.05 MB
Effective compression factor:            1.06x

Mean data chunk size:                    3.88 KB (stddev: 367.52 KB)
Amount of duplicate chunks:              3.84%
Data size after deduplication:          30.69 MB (compression factor: 1.00x)
Data size after compression:            28.98 MB (compression factor: 1.06x)
Output overhead:                         0.26%
[HOOKS] Total time spent: 0.907s
PARSEC Benchmark Suite Version 3.0-beta-20150206
Total input size:                       30.70 MB
Total output size:                      29.05 MB
Effective compression factor:            1.06x

Mean data chunk size:                    3.88 KB (stddev: 367.52 KB)
Amount of duplicate chunks:              3.84%
Data size after deduplication:          30.69 MB (compression factor: 1.00x)
Data size after compression:            28.98 MB (compression factor: 1.06x)
Output overhead:                         0.26%
[HOOKS] Total time spent: 0.904s
PARSEC Benchmark Suite Version 3.0-beta-20150206
Total input size:                       30.70 MB
Total output size:                      29.05 MB
Effective compression factor:            1.06x

Mean data chunk size:                    3.88 KB (stddev: 367.52 KB)
Amount of duplicate chunks:              3.84%
Data size after deduplication:          30.69 MB (compression factor: 1.00x)
Data size after compression:            28.98 MB (compression factor: 1.06x)
Output overhead:                         0.26%
[HOOKS] Total time spent: 0.909s
PARSEC Benchmark Suite Version 3.0-beta-20150206
Total input size:                       30.70 MB
Total output size:                      29.05 MB
Effective compression factor:            1.06x

Mean data chunk size:                    3.88 KB (stddev: 367.52 KB)
Amount of duplicate chunks:              3.84%
Data size after deduplication:          30.69 MB (compression factor: 1.00x)
Data size after compression:            28.98 MB (compression factor: 1.06x)
Output overhead:                         0.26%
[HOOKS] Total time spent: 1.109s
PARSEC Benchmark Suite Version 3.0-beta-20150206
Total input size:                       30.70 MB
Total output size:                      29.05 MB
Effective compression factor:            1.06x

Mean data chunk size:                    3.88 KB (stddev: 367.52 KB)
Amount of duplicate chunks:              3.84%
Data size after deduplication:          30.69 MB (compression factor: 1.00x)
Data size after compression:            28.98 MB (compression factor: 1.06x)
Output overhead:                         0.26%
[HOOKS] Total time spent: 0.904s
PARSEC Benchmark Suite Version 3.0-beta-20150206
Total input size:                       30.70 MB
Total output size:                      29.05 MB
Effective compression factor:            1.06x

Mean data chunk size:                    3.88 KB (stddev: 367.52 KB)
Amount of duplicate chunks:              3.84%
Data size after deduplication:          30.69 MB (compression factor: 1.00x)
Data size after compression:            28.98 MB (compression factor: 1.06x)
Output overhead:                         0.26%
[HOOKS] Total time spent: 0.903s
PARSEC Benchmark Suite Version 3.0-beta-20150206
Total input size:                       30.70 MB
Total output size:                      29.05 MB
Effective compression factor:            1.06x

Mean data chunk size:                    3.88 KB (stddev: 367.52 KB)
Amount of duplicate chunks:              3.84%
Data size after deduplication:          30.69 MB (compression factor: 1.00x)
Data size after compression:            28.98 MB (compression factor: 1.06x)
Output overhead:                         0.26%
[HOOKS] Total time spent: 0.902s
PARSEC Benchmark Suite Version 3.0-beta-20150206
Total input size:                       30.70 MB
Total output size:                      29.05 MB
Effective compression factor:            1.06x

Mean data chunk size:                    3.88 KB (stddev: 367.52 KB)
Amount of duplicate chunks:              3.84%
Data size after deduplication:          30.69 MB (compression factor: 1.00x)
Data size after compression:            28.98 MB (compression factor: 1.06x)
Output overhead:                         0.26%
[HOOKS] Total time spent: 0.915s
PARSEC Benchmark Suite Version 3.0-beta-20150206
Total input size:                       30.70 MB
Total output size:                      29.05 MB
Effective compression factor:            1.06x

Mean data chunk size:                    3.88 KB (stddev: 367.52 KB)
Amount of duplicate chunks:              3.84%
Data size after deduplication:          30.69 MB (compression factor: 1.00x)
Data size after compression:            28.98 MB (compression factor: 1.06x)
Output overhead:                         0.26%
[HOOKS] Total time spent: 1.726s
PARSEC Benchmark Suite Version 3.0-beta-20150206
Total input size:                       30.70 MB
Total output size:                      29.05 MB
Effective compression factor:            1.06x

Mean data chunk size:                    3.88 KB (stddev: 367.52 KB)
Amount of duplicate chunks:              3.84%
Data size after deduplication:          30.69 MB (compression factor: 1.00x)
Data size after compression:            28.98 MB (compression factor: 1.06x)
Output overhead:                         0.26%
[HOOKS] Total time spent: 0.900s
PARSEC Benchmark Suite Version 3.0-beta-20150206
Total input size:                       30.70 MB
Total output size:                      29.05 MB
Effective compression factor:            1.06x

Mean data chunk size:                    3.88 KB (stddev: 367.52 KB)
Amount of duplicate chunks:              3.84%
Data size after deduplication:          30.69 MB (compression factor: 1.00x)
Data size after compression:            28.98 MB (compression factor: 1.06x)
Output overhead:                         0.26%
[HOOKS] Total time spent: 0.909s
PARSEC Benchmark Suite Version 3.0-beta-20150206
Total input size:                       30.70 MB
Total output size:                      29.05 MB
Effective compression factor:            1.06x

Mean data chunk size:                    3.88 KB (stddev: 367.52 KB)
Amount of duplicate chunks:              3.84%
Data size after deduplication:          30.69 MB (compression factor: 1.00x)
Data size after compression:            28.98 MB (compression factor: 1.06x)
Output overhead:                         0.26%
[HOOKS] Total time spent: 0.903s
PARSEC Benchmark Suite Version 3.0-beta-20150206
Total input size:                       30.70 MB
Total output size:                      29.05 MB
Effective compression factor:            1.06x

Mean data chunk size:                    3.88 KB (stddev: 367.52 KB)
Amount of duplicate chunks:              3.84%
Data size after deduplication:          30.69 MB (compression factor: 1.00x)
Data size after compression:            28.98 MB (compression factor: 1.06x)
Output overhead:                         0.26%
[HOOKS] Total time spent: 0.904s
PARSEC Benchmark Suite Version 3.0-beta-20150206
Total input size:                       30.70 MB
Total output size:                      29.05 MB
Effective compression factor:            1.06x

Mean data chunk size:                    3.88 KB (stddev: 367.52 KB)
Amount of duplicate chunks:              3.84%
Data size after deduplication:          30.69 MB (compression factor: 1.00x)
Data size after compression:            28.98 MB (compression factor: 1.06x)
Output overhead:                         0.26%
[HOOKS] Total time spent: 1.414s
PARSEC Benchmark Suite Version 3.0-beta-20150206
Total input size:                       30.70 MB
Total output size:                      29.05 MB
Effective compression factor:            1.06x

Mean data chunk size:                    3.88 KB (stddev: 367.52 KB)
Amount of duplicate chunks:              3.84%
Data size after deduplication:          30.69 MB (compression factor: 1.00x)
Data size after compression:            28.98 MB (compression factor: 1.06x)
Output overhead:                         0.26%
[HOOKS] Total time spent: 0.910s
PARSEC Benchmark Suite Version 3.0-beta-20150206
Total input size:                       30.70 MB
Total output size:                      29.05 MB
Effective compression factor:            1.06x

Mean data chunk size:                    3.88 KB (stddev: 367.52 KB)
Amount of duplicate chunks:              3.84%
Data size after deduplication:          30.69 MB (compression factor: 1.00x)
Data size after compression:            28.98 MB (compression factor: 1.06x)
Output overhead:                         0.26%
[HOOKS] Total time spent: 0.907s
PARSEC Benchmark Suite Version 3.0-beta-20150206
Total input size:                       30.70 MB
Total output size:                      29.05 MB
Effective compression factor:            1.06x

Mean data chunk size:                    3.88 KB (stddev: 367.52 KB)
Amount of duplicate chunks:              3.84%
Data size after deduplication:          30.69 MB (compression factor: 1.00x)
Data size after compression:            28.98 MB (compression factor: 1.06x)
Output overhead:                         0.26%
[HOOKS] Total time spent: 0.909s
PARSEC Benchmark Suite Version 3.0-beta-20150206
Total input size:                       30.70 MB
Total output size:                      29.05 MB
Effective compression factor:            1.06x

Mean data chunk size:                    3.88 KB (stddev: 367.52 KB)
Amount of duplicate chunks:              3.84%
Data size after deduplication:          30.69 MB (compression factor: 1.00x)
Data size after compression:            28.98 MB (compression factor: 1.06x)
Output overhead:                         0.26%
[HOOKS] Total time spent: 0.903s
PARSEC Benchmark Suite Version 3.0-beta-20150206
Total input size:                       30.70 MB
Total output size:                      29.05 MB
Effective compression factor:            1.06x

Mean data chunk size:                    3.88 KB (stddev: 367.52 KB)
Amount of duplicate chunks:              3.84%
Data size after deduplication:          30.69 MB (compression factor: 1.00x)
Data size after compression:            28.98 MB (compression factor: 1.06x)
Output overhead:                         0.26%
[HOOKS] Total time spent: 0.902s
PARSEC Benchmark Suite Version 3.0-beta-20150206
Total input size:                       30.70 MB
Total output size:                      29.05 MB
Effective compression factor:            1.06x

Mean data chunk size:                    3.88 KB (stddev: 367.52 KB)
Amount of duplicate chunks:              3.84%
Data size after deduplication:          30.69 MB (compression factor: 1.00x)
Data size after compression:            28.98 MB (compression factor: 1.06x)
Output overhead:                         0.26%
[HOOKS] Total time spent: 0.907s
PARSEC Benchmark Suite Version 3.0-beta-20150206
Total input size:                       30.70 MB
Total output size:                      29.05 MB
Effective compression factor:            1.06x

Mean data chunk size:                    3.88 KB (stddev: 367.52 KB)
Amount of duplicate chunks:              3.84%
Data size after deduplication:          30.69 MB (compression factor: 1.00x)
Data size after compression:            28.98 MB (compression factor: 1.06x)
Output overhead:                         0.26%
[HOOKS] Total time spent: 0.900s
PARSEC Benchmark Suite Version 3.0-beta-20150206
Total input size:                       30.70 MB
Total output size:                      29.05 MB
Effective compression factor:            1.06x

Mean data chunk size:                    3.88 KB (stddev: 367.52 KB)
Amount of duplicate chunks:              3.84%
Data size after deduplication:          30.69 MB (compression factor: 1.00x)
Data size after compression:            28.98 MB (compression factor: 1.06x)
Output overhead:                         0.26%
[HOOKS] Total time spent: 0.906s
PARSEC Benchmark Suite Version 3.0-beta-20150206
Total input size:                       30.70 MB
Total output size:                      29.05 MB
Effective compression factor:            1.06x

Mean data chunk size:                    3.88 KB (stddev: 367.52 KB)
Amount of duplicate chunks:              3.84%
Data size after deduplication:          30.69 MB (compression factor: 1.00x)
Data size after compression:            28.98 MB (compression factor: 1.06x)
Output overhead:                         0.26%
[HOOKS] Total time spent: 0.902s
PARSEC Benchmark Suite Version 3.0-beta-20150206
Total input size:                       30.70 MB
Total output size:                      29.05 MB
Effective compression factor:            1.06x

Mean data chunk size:                    3.88 KB (stddev: 367.52 KB)
Amount of duplicate chunks:              3.84%
Data size after deduplication:          30.69 MB (compression factor: 1.00x)
Data size after compression:            28.98 MB (compression factor: 1.06x)
Output overhead:                         0.26%
[HOOKS] Total time spent: 0.913s
PARSEC Benchmark Suite Version 3.0-beta-20150206
Total input size:                       30.70 MB
Total output size:                      29.05 MB
Effective compression factor:            1.06x

Mean data chunk size:                    3.88 KB (stddev: 367.52 KB)
Amount of duplicate chunks:              3.84%
Data size after deduplication:          30.69 MB (compression factor: 1.00x)
Data size after compression:            28.98 MB (compression factor: 1.06x)
Output overhead:                         0.26%
[HOOKS] Total time spent: 0.902s
PARSEC Benchmark Suite Version 3.0-beta-20150206
Total input size:                       30.70 MB
Total output size:                      29.05 MB
Effective compression factor:            1.06x

Mean data chunk size:                    3.88 KB (stddev: 367.52 KB)
Amount of duplicate chunks:              3.84%
Data size after deduplication:          30.69 MB (compression factor: 1.00x)
Data size after compression:            28.98 MB (compression factor: 1.06x)
Output overhead:                         0.26%
[HOOKS] Total time spent: 0.899s
PARSEC Benchmark Suite Version 3.0-beta-20150206
Total input size:                       30.70 MB
Total output size:                      29.05 MB
Effective compression factor:            1.06x

Mean data chunk size:                    3.88 KB (stddev: 367.52 KB)
Amount of duplicate chunks:              3.84%
Data size after deduplication:          30.69 MB (compression factor: 1.00x)
Data size after compression:            28.98 MB (compression factor: 1.06x)
Output overhead:                         0.26%
[HOOKS] Total time spent: 0.902s
PARSEC Benchmark Suite Version 3.0-beta-20150206
Total input size:                       30.70 MB
Total output size:                      29.05 MB
Effective compression factor:            1.06x

Mean data chunk size:                    3.88 KB (stddev: 367.52 KB)
Amount of duplicate chunks:              3.84%
Data size after deduplication:          30.69 MB (compression factor: 1.00x)
Data size after compression:            28.98 MB (compression factor: 1.06x)
Output overhead:                         0.26%
[HOOKS] Total time spent: 0.907s
PARSEC Benchmark Suite Version 3.0-beta-20150206
Total input size:                       30.70 MB
Total output size:                      29.05 MB
Effective compression factor:            1.06x

Mean data chunk size:                    3.88 KB (stddev: 367.52 KB)
Amount of duplicate chunks:              3.84%
Data size after deduplication:          30.69 MB (compression factor: 1.00x)
Data size after compression:            28.98 MB (compression factor: 1.06x)
Output overhead:                         0.26%
[HOOKS] Total time spent: 0.901s
PARSEC Benchmark Suite Version 3.0-beta-20150206
Total input size:                       30.70 MB
Total output size:                      29.05 MB
Effective compression factor:            1.06x

Mean data chunk size:                    3.88 KB (stddev: 367.52 KB)
Amount of duplicate chunks:              3.84%
Data size after deduplication:          30.69 MB (compression factor: 1.00x)
Data size after compression:            28.98 MB (compression factor: 1.06x)
Output overhead:                         0.26%
[HOOKS] Total time spent: 1.539s
PARSEC Benchmark Suite Version 3.0-beta-20150206
Total input size:                       30.70 MB
Total output size:                      29.05 MB
Effective compression factor:            1.06x

Mean data chunk size:                    3.88 KB (stddev: 367.52 KB)
Amount of duplicate chunks:              3.84%
Data size after deduplication:          30.69 MB (compression factor: 1.00x)
Data size after compression:            28.98 MB (compression factor: 1.06x)
Output overhead:                         0.26%
[HOOKS] Total time spent: 0.901s
PARSEC Benchmark Suite Version 3.0-beta-20150206
Total input size:                       30.70 MB
Total output size:                      29.05 MB
Effective compression factor:            1.06x

Mean data chunk size:                    3.88 KB (stddev: 367.52 KB)
Amount of duplicate chunks:              3.84%
Data size after deduplication:          30.69 MB (compression factor: 1.00x)
Data size after compression:            28.98 MB (compression factor: 1.06x)
Output overhead:                         0.26%
[HOOKS] Total time spent: 0.905s
PARSEC Benchmark Suite Version 3.0-beta-20150206
Total input size:                       30.70 MB
Total output size:                      29.05 MB
Effective compression factor:            1.06x

Mean data chunk size:                    3.88 KB (stddev: 367.52 KB)
Amount of duplicate chunks:              3.84%
Data size after deduplication:          30.69 MB (compression factor: 1.00x)
Data size after compression:            28.98 MB (compression factor: 1.06x)
Output overhead:                         0.26%
[HOOKS] Total time spent: 0.901s
PARSEC Benchmark Suite Version 3.0-beta-20150206
Total input size:                       30.70 MB
Total output size:                      29.05 MB
Effective compression factor:            1.06x

Mean data chunk size:                    3.88 KB (stddev: 367.52 KB)
Amount of duplicate chunks:              3.84%
Data size after deduplication:          30.69 MB (compression factor: 1.00x)
Data size after compression:            28.98 MB (compression factor: 1.06x)
Output overhead:                         0.26%
[HOOKS] Total time spent: 0.902s
PARSEC Benchmark Suite Version 3.0-beta-20150206
Total input size:                       30.70 MB
Total output size:                      29.05 MB
Effective compression factor:            1.06x

Mean data chunk size:                    3.88 KB (stddev: 367.52 KB)
Amount of duplicate chunks:              3.84%
Data size after deduplication:          30.69 MB (compression factor: 1.00x)
Data size after compression:            28.98 MB (compression factor: 1.06x)
Output overhead:                         0.26%
[HOOKS] Total time spent: 1.120s
PARSEC Benchmark Suite Version 3.0-beta-20150206
Total input size:                       30.70 MB
Total output size:                      29.05 MB
Effective compression factor:            1.06x

Mean data chunk size:                    3.88 KB (stddev: 367.52 KB)
Amount of duplicate chunks:              3.84%
Data size after deduplication:          30.69 MB (compression factor: 1.00x)
Data size after compression:            28.98 MB (compression factor: 1.06x)
Output overhead:                         0.26%
[HOOKS] Total time spent: 0.900s
PARSEC Benchmark Suite Version 3.0-beta-20150206
Total input size:                       30.70 MB
Total output size:                      29.05 MB
Effective compression factor:            1.06x

Mean data chunk size:                    3.88 KB (stddev: 367.52 KB)
Amount of duplicate chunks:              3.84%
Data size after deduplication:          30.69 MB (compression factor: 1.00x)
Data size after compression:            28.98 MB (compression factor: 1.06x)
Output overhead:                         0.26%
[HOOKS] Total time spent: 0.904s
PARSEC Benchmark Suite Version 3.0-beta-20150206
Total input size:                       30.70 MB
Total output size:                      29.05 MB
Effective compression factor:            1.06x

Mean data chunk size:                    3.88 KB (stddev: 367.52 KB)
Amount of duplicate chunks:              3.84%
Data size after deduplication:          30.69 MB (compression factor: 1.00x)
Data size after compression:            28.98 MB (compression factor: 1.06x)
Output overhead:                         0.26%
[HOOKS] Total time spent: 0.897s
PARSEC Benchmark Suite Version 3.0-beta-20150206
Total input size:                       30.70 MB
Total output size:                      29.05 MB
Effective compression factor:            1.06x

Mean data chunk size:                    3.88 KB (stddev: 367.52 KB)
Amount of duplicate chunks:              3.84%
Data size after deduplication:          30.69 MB (compression factor: 1.00x)
Data size after compression:            28.98 MB (compression factor: 1.06x)
Output overhead:                         0.26%
[HOOKS] Total time spent: 0.899s
PARSEC Benchmark Suite Version 3.0-beta-20150206
Total input size:                       30.70 MB
Total output size:                      29.05 MB
Effective compression factor:            1.06x

Mean data chunk size:                    3.88 KB (stddev: 367.52 KB)
Amount of duplicate chunks:              3.84%
Data size after deduplication:          30.69 MB (compression factor: 1.00x)
Data size after compression:            28.98 MB (compression factor: 1.06x)
Output overhead:                         0.26%
[HOOKS] Total time spent: 1.443s
PARSEC Benchmark Suite Version 3.0-beta-20150206
Total input size:                       30.70 MB
Total output size:                      29.05 MB
Effective compression factor:            1.06x

Mean data chunk size:                    3.88 KB (stddev: 367.52 KB)
Amount of duplicate chunks:              3.84%
Data size after deduplication:          30.69 MB (compression factor: 1.00x)
Data size after compression:            28.98 MB (compression factor: 1.06x)
Output overhead:                         0.26%
[HOOKS] Total time spent: 0.901s
PARSEC Benchmark Suite Version 3.0-beta-20150206
Total input size:                       30.70 MB
Total output size:                      29.05 MB
Effective compression factor:            1.06x

Mean data chunk size:                    3.88 KB (stddev: 367.52 KB)
Amount of duplicate chunks:              3.84%
Data size after deduplication:          30.69 MB (compression factor: 1.00x)
Data size after compression:            28.98 MB (compression factor: 1.06x)
Output overhead:                         0.26%
[HOOKS] Total time spent: 0.899s
PARSEC Benchmark Suite Version 3.0-beta-20150206
Total input size:                       30.70 MB
Total output size:                      29.05 MB
Effective compression factor:            1.06x

Mean data chunk size:                    3.88 KB (stddev: 367.52 KB)
Amount of duplicate chunks:              3.84%
Data size after deduplication:          30.69 MB (compression factor: 1.00x)
Data size after compression:            28.98 MB (compression factor: 1.06x)
Output overhead:                         0.26%
[HOOKS] Total time spent: 0.898s
PARSEC Benchmark Suite Version 3.0-beta-20150206
Total input size:                       30.70 MB
Total output size:                      29.05 MB
Effective compression factor:            1.06x

Mean data chunk size:                    3.88 KB (stddev: 367.52 KB)
Amount of duplicate chunks:              3.84%
Data size after deduplication:          30.69 MB (compression factor: 1.00x)
Data size after compression:            28.98 MB (compression factor: 1.06x)
Output overhead:                         0.26%
[HOOKS] Total time spent: 0.900s
PARSEC Benchmark Suite Version 3.0-beta-20150206
Total input size:                       30.70 MB
Total output size:                      29.05 MB
Effective compression factor:            1.06x

Mean data chunk size:                    3.88 KB (stddev: 367.52 KB)
Amount of duplicate chunks:              3.84%
Data size after deduplication:          30.69 MB (compression factor: 1.00x)
Data size after compression:            28.98 MB (compression factor: 1.06x)
Output overhead:                         0.26%
[HOOKS] Total time spent: 0.899s
PARSEC Benchmark Suite Version 3.0-beta-20150206
Total input size:                       30.70 MB
Total output size:                      29.05 MB
Effective compression factor:            1.06x

Mean data chunk size:                    3.88 KB (stddev: 367.52 KB)
Amount of duplicate chunks:              3.84%
Data size after deduplication:          30.69 MB (compression factor: 1.00x)
Data size after compression:            28.98 MB (compression factor: 1.06x)
Output overhead:                         0.26%
[HOOKS] Total time spent: 0.903s
PARSEC Benchmark Suite Version 3.0-beta-20150206
Total input size:                       30.70 MB
Total output size:                      29.05 MB
Effective compression factor:            1.06x

Mean data chunk size:                    3.88 KB (stddev: 367.52 KB)
Amount of duplicate chunks:              3.84%
Data size after deduplication:          30.69 MB (compression factor: 1.00x)
Data size after compression:            28.98 MB (compression factor: 1.06x)
Output overhead:                         0.26%
[HOOKS] Total time spent: 0.899s
PARSEC Benchmark Suite Version 3.0-beta-20150206
Total input size:                       30.70 MB
Total output size:                      29.05 MB
Effective compression factor:            1.06x

Mean data chunk size:                    3.88 KB (stddev: 367.52 KB)
Amount of duplicate chunks:              3.84%
Data size after deduplication:          30.69 MB (compression factor: 1.00x)
Data size after compression:            28.98 MB (compression factor: 1.06x)
Output overhead:                         0.26%
[HOOKS] Total time spent: 0.897s
PARSEC Benchmark Suite Version 3.0-beta-20150206
Total input size:                       30.70 MB
Total output size:                      29.05 MB
Effective compression factor:            1.06x

Mean data chunk size:                    3.88 KB (stddev: 367.52 KB)
Amount of duplicate chunks:              3.84%
Data size after deduplication:          30.69 MB (compression factor: 1.00x)
Data size after compression:            28.98 MB (compression factor: 1.06x)
Output overhead:                         0.26%
[HOOKS] Total time spent: 0.899s
PARSEC Benchmark Suite Version 3.0-beta-20150206
Total input size:                       30.70 MB
Total output size:                      29.05 MB
Effective compression factor:            1.06x

Mean data chunk size:                    3.88 KB (stddev: 367.52 KB)
Amount of duplicate chunks:              3.84%
Data size after deduplication:          30.69 MB (compression factor: 1.00x)
Data size after compression:            28.98 MB (compression factor: 1.06x)
Output overhead:                         0.26%
[HOOKS] Total time spent: 0.899s
PARSEC Benchmark Suite Version 3.0-beta-20150206
Total input size:                       30.70 MB
Total output size:                      29.05 MB
Effective compression factor:            1.06x

Mean data chunk size:                    3.88 KB (stddev: 367.52 KB)
Amount of duplicate chunks:              3.84%
Data size after deduplication:          30.69 MB (compression factor: 1.00x)
Data size after compression:            28.98 MB (compression factor: 1.06x)
Output overhead:                         0.26%
[HOOKS] Total time spent: 0.899s
PARSEC Benchmark Suite Version 3.0-beta-20150206
Total input size:                       30.70 MB
Total output size:                      29.05 MB
Effective compression factor:            1.06x

Mean data chunk size:                    3.88 KB (stddev: 367.52 KB)
Amount of duplicate chunks:              3.84%
Data size after deduplication:          30.69 MB (compression factor: 1.00x)
Data size after compression:            28.98 MB (compression factor: 1.06x)
Output overhead:                         0.26%
[HOOKS] Total time spent: 0.897s
PARSEC Benchmark Suite Version 3.0-beta-20150206
Total input size:                       30.70 MB
Total output size:                      29.05 MB
Effective compression factor:            1.06x

Mean data chunk size:                    3.88 KB (stddev: 367.52 KB)
Amount of duplicate chunks:              3.84%
Data size after deduplication:          30.69 MB (compression factor: 1.00x)
Data size after compression:            28.98 MB (compression factor: 1.06x)
Output overhead:                         0.26%
[HOOKS] Total time spent: 0.904s
PARSEC Benchmark Suite Version 3.0-beta-20150206
Total input size:                       30.70 MB
Total output size:                      29.05 MB
Effective compression factor:            1.06x

Mean data chunk size:                    3.88 KB (stddev: 367.52 KB)
Amount of duplicate chunks:              3.84%
Data size after deduplication:          30.69 MB (compression factor: 1.00x)
Data size after compression:            28.98 MB (compression factor: 1.06x)
Output overhead:                         0.26%
[HOOKS] Total time spent: 0.899s
PARSEC Benchmark Suite Version 3.0-beta-20150206
Total input size:                       30.70 MB
Total output size:                      29.05 MB
Effective compression factor:            1.06x

Mean data chunk size:                    3.88 KB (stddev: 367.52 KB)
Amount of duplicate chunks:              3.84%
Data size after deduplication:          30.69 MB (compression factor: 1.00x)
Data size after compression:            28.98 MB (compression factor: 1.06x)
Output overhead:                         0.26%
[HOOKS] Total time spent: 0.902s
PARSEC Benchmark Suite Version 3.0-beta-20150206
Total input size:                       30.70 MB
Total output size:                      29.05 MB
Effective compression factor:            1.06x

Mean data chunk size:                    3.88 KB (stddev: 367.52 KB)
Amount of duplicate chunks:              3.84%
Data size after deduplication:          30.69 MB (compression factor: 1.00x)
Data size after compression:            28.98 MB (compression factor: 1.06x)
Output overhead:                         0.26%
[HOOKS] Total time spent: 0.904s
PARSEC Benchmark Suite Version 3.0-beta-20150206
Total input size:                       30.70 MB
Total output size:                      29.05 MB
Effective compression factor:            1.06x

Mean data chunk size:                    3.88 KB (stddev: 367.52 KB)
Amount of duplicate chunks:              3.84%
Data size after deduplication:          30.69 MB (compression factor: 1.00x)
Data size after compression:            28.98 MB (compression factor: 1.06x)
Output overhead:                         0.26%
[HOOKS] Total time spent: 0.898s
PARSEC Benchmark Suite Version 3.0-beta-20150206
Total input size:                       30.70 MB
Total output size:                      29.05 MB
Effective compression factor:            1.06x

Mean data chunk size:                    3.88 KB (stddev: 367.52 KB)
Amount of duplicate chunks:              3.84%
Data size after deduplication:          30.69 MB (compression factor: 1.00x)
Data size after compression:            28.98 MB (compression factor: 1.06x)
Output overhead:                         0.26%
[HOOKS] Total time spent: 0.904s
PARSEC Benchmark Suite Version 3.0-beta-20150206
Total input size:                       30.70 MB
Total output size:                      29.05 MB
Effective compression factor:            1.06x

Mean data chunk size:                    3.88 KB (stddev: 367.52 KB)
Amount of duplicate chunks:              3.84%
Data size after deduplication:          30.69 MB (compression factor: 1.00x)
Data size after compression:            28.98 MB (compression factor: 1.06x)
Output overhead:                         0.26%
[HOOKS] Total time spent: 0.904s
PARSEC Benchmark Suite Version 3.0-beta-20150206
Total input size:                       30.70 MB
Total output size:                      29.05 MB
Effective compression factor:            1.06x

Mean data chunk size:                    3.88 KB (stddev: 367.52 KB)
Amount of duplicate chunks:              3.84%
Data size after deduplication:          30.69 MB (compression factor: 1.00x)
Data size after compression:            28.98 MB (compression factor: 1.06x)
Output overhead:                         0.26%
[HOOKS] Total time spent: 0.899s
PARSEC Benchmark Suite Version 3.0-beta-20150206
Total input size:                       30.70 MB
Total output size:                      29.05 MB
Effective compression factor:            1.06x

Mean data chunk size:                    3.88 KB (stddev: 367.52 KB)
Amount of duplicate chunks:              3.84%
Data size after deduplication:          30.69 MB (compression factor: 1.00x)
Data size after compression:            28.98 MB (compression factor: 1.06x)
Output overhead:                         0.26%
[HOOKS] Total time spent: 0.905s
PARSEC Benchmark Suite Version 3.0-beta-20150206
Total input size:                       30.70 MB
Total output size:                      29.05 MB
Effective compression factor:            1.06x

Mean data chunk size:                    3.88 KB (stddev: 367.52 KB)
Amount of duplicate chunks:              3.84%
Data size after deduplication:          30.69 MB (compression factor: 1.00x)
Data size after compression:            28.98 MB (compression factor: 1.06x)
Output overhead:                         0.26%
[HOOKS] Total time spent: 0.904s
PARSEC Benchmark Suite Version 3.0-beta-20150206
Total input size:                       30.70 MB
Total output size:                      29.05 MB
Effective compression factor:            1.06x

Mean data chunk size:                    3.88 KB (stddev: 367.52 KB)
Amount of duplicate chunks:              3.84%
Data size after deduplication:          30.69 MB (compression factor: 1.00x)
Data size after compression:            28.98 MB (compression factor: 1.06x)
Output overhead:                         0.26%
[HOOKS] Total time spent: 0.908s
PARSEC Benchmark Suite Version 3.0-beta-20150206
Total input size:                       30.70 MB
Total output size:                      29.05 MB
Effective compression factor:            1.06x

Mean data chunk size:                    3.88 KB (stddev: 367.52 KB)
Amount of duplicate chunks:              3.84%
Data size after deduplication:          30.69 MB (compression factor: 1.00x)
Data size after compression:            28.98 MB (compression factor: 1.06x)
Output overhead:                         0.26%
[HOOKS] Total time spent: 0.906s
PARSEC Benchmark Suite Version 3.0-beta-20150206
Total input size:                       30.70 MB
Total output size:                      29.05 MB
Effective compression factor:            1.06x

Mean data chunk size:                    3.88 KB (stddev: 367.52 KB)
Amount of duplicate chunks:              3.84%
Data size after deduplication:          30.69 MB (compression factor: 1.00x)
Data size after compression:            28.98 MB (compression factor: 1.06x)
Output overhead:                         0.26%
[HOOKS] Total time spent: 0.901s
PARSEC Benchmark Suite Version 3.0-beta-20150206
Total input size:                       30.70 MB
Total output size:                      29.05 MB
Effective compression factor:            1.06x

Mean data chunk size:                    3.88 KB (stddev: 367.52 KB)
Amount of duplicate chunks:              3.84%
Data size after deduplication:          30.69 MB (compression factor: 1.00x)
Data size after compression:            28.98 MB (compression factor: 1.06x)
Output overhead:                         0.26%
[HOOKS] Total time spent: 0.904s
PARSEC Benchmark Suite Version 3.0-beta-20150206
Total input size:                       30.70 MB
Total output size:                      29.05 MB
Effective compression factor:            1.06x

Mean data chunk size:                    3.88 KB (stddev: 367.52 KB)
Amount of duplicate chunks:              3.84%
Data size after deduplication:          30.69 MB (compression factor: 1.00x)
Data size after compression:            28.98 MB (compression factor: 1.06x)
Output overhead:                         0.26%
[HOOKS] Total time spent: 0.900s
PARSEC Benchmark Suite Version 3.0-beta-20150206
Total input size:                       30.70 MB
Total output size:                      29.05 MB
Effective compression factor:            1.06x

Mean data chunk size:                    3.88 KB (stddev: 367.52 KB)
Amount of duplicate chunks:              3.84%
Data size after deduplication:          30.69 MB (compression factor: 1.00x)
Data size after compression:            28.98 MB (compression factor: 1.06x)
Output overhead:                         0.26%
[HOOKS] Total time spent: 0.905s
PARSEC Benchmark Suite Version 3.0-beta-20150206
Total input size:                       30.70 MB
Total output size:                      29.05 MB
Effective compression factor:            1.06x

Mean data chunk size:                    3.88 KB (stddev: 367.52 KB)
Amount of duplicate chunks:              3.84%
Data size after deduplication:          30.69 MB (compression factor: 1.00x)
Data size after compression:            28.98 MB (compression factor: 1.06x)
Output overhead:                         0.26%
[HOOKS] Total time spent: 0.903s
PARSEC Benchmark Suite Version 3.0-beta-20150206
Total input size:                       30.70 MB
Total output size:                      29.05 MB
Effective compression factor:            1.06x

Mean data chunk size:                    3.88 KB (stddev: 367.52 KB)
Amount of duplicate chunks:              3.84%
Data size after deduplication:          30.69 MB (compression factor: 1.00x)
Data size after compression:            28.98 MB (compression factor: 1.06x)
Output overhead:                         0.26%
[HOOKS] Total time spent: 0.902s
PARSEC Benchmark Suite Version 3.0-beta-20150206
Total input size:                       30.70 MB
Total output size:                      29.05 MB
Effective compression factor:            1.06x

Mean data chunk size:                    3.88 KB (stddev: 367.52 KB)
Amount of duplicate chunks:              3.84%
Data size after deduplication:          30.69 MB (compression factor: 1.00x)
Data size after compression:            28.98 MB (compression factor: 1.06x)
Output overhead:                         0.26%
[HOOKS] Total time spent: 0.905s
PARSEC Benchmark Suite Version 3.0-beta-20150206
Total input size:                       30.70 MB
Total output size:                      29.05 MB
Effective compression factor:            1.06x

Mean data chunk size:                    3.88 KB (stddev: 367.52 KB)
Amount of duplicate chunks:              3.84%
Data size after deduplication:          30.69 MB (compression factor: 1.00x)
Data size after compression:            28.98 MB (compression factor: 1.06x)
Output overhead:                         0.26%
[HOOKS] Total time spent: 0.914s
PARSEC Benchmark Suite Version 3.0-beta-20150206
Total input size:                       30.70 MB
Total output size:                      29.05 MB
Effective compression factor:            1.06x

Mean data chunk size:                    3.88 KB (stddev: 367.52 KB)
Amount of duplicate chunks:              3.84%
Data size after deduplication:          30.69 MB (compression factor: 1.00x)
Data size after compression:            28.98 MB (compression factor: 1.06x)
Output overhead:                         0.26%
[HOOKS] Total time spent: 0.911s
PARSEC Benchmark Suite Version 3.0-beta-20150206
Total input size:                       30.70 MB
Total output size:                      29.05 MB
Effective compression factor:            1.06x

Mean data chunk size:                    3.88 KB (stddev: 367.52 KB)
Amount of duplicate chunks:              3.84%
Data size after deduplication:          30.69 MB (compression factor: 1.00x)
Data size after compression:            28.98 MB (compression factor: 1.06x)
Output overhead:                         0.26%
[HOOKS] Total time spent: 0.901s
PARSEC Benchmark Suite Version 3.0-beta-20150206
Total input size:                       30.70 MB
Total output size:                      29.05 MB
Effective compression factor:            1.06x

Mean data chunk size:                    3.88 KB (stddev: 367.52 KB)
Amount of duplicate chunks:              3.84%
Data size after deduplication:          30.69 MB (compression factor: 1.00x)
Data size after compression:            28.98 MB (compression factor: 1.06x)
Output overhead:                         0.26%
[HOOKS] Total time spent: 0.900s
PARSEC Benchmark Suite Version 3.0-beta-20150206
Total input size:                       30.70 MB
Total output size:                      29.05 MB
Effective compression factor:            1.06x

Mean data chunk size:                    3.88 KB (stddev: 367.52 KB)
Amount of duplicate chunks:              3.84%
Data size after deduplication:          30.69 MB (compression factor: 1.00x)
Data size after compression:            28.98 MB (compression factor: 1.06x)
Output overhead:                         0.26%
[HOOKS] Total time spent: 0.898s
PARSEC Benchmark Suite Version 3.0-beta-20150206
Total input size:                       30.70 MB
Total output size:                      29.05 MB
Effective compression factor:            1.06x

Mean data chunk size:                    3.88 KB (stddev: 367.52 KB)
Amount of duplicate chunks:              3.84%
Data size after deduplication:          30.69 MB (compression factor: 1.00x)
Data size after compression:            28.98 MB (compression factor: 1.06x)
Output overhead:                         0.26%
[HOOKS] Total time spent: 0.900s
PARSEC Benchmark Suite Version 3.0-beta-20150206
Total input size:                       30.70 MB
Total output size:                      29.05 MB
Effective compression factor:            1.06x

Mean data chunk size:                    3.88 KB (stddev: 367.52 KB)
Amount of duplicate chunks:              3.84%
Data size after deduplication:          30.69 MB (compression factor: 1.00x)
Data size after compression:            28.98 MB (compression factor: 1.06x)
Output overhead:                         0.26%
[HOOKS] Total time spent: 1.268s
PARSEC Benchmark Suite Version 3.0-beta-20150206
Total input size:                       30.70 MB
Total output size:                      29.05 MB
Effective compression factor:            1.06x

Mean data chunk size:                    3.88 KB (stddev: 367.52 KB)
Amount of duplicate chunks:              3.84%
Data size after deduplication:          30.69 MB (compression factor: 1.00x)
Data size after compression:            28.98 MB (compression factor: 1.06x)
Output overhead:                         0.26%
[HOOKS] Total time spent: 0.901s
PARSEC Benchmark Suite Version 3.0-beta-20150206
Total input size:                       30.70 MB
Total output size:                      29.05 MB
Effective compression factor:            1.06x

Mean data chunk size:                    3.88 KB (stddev: 367.52 KB)
Amount of duplicate chunks:              3.84%
Data size after deduplication:          30.69 MB (compression factor: 1.00x)
Data size after compression:            28.98 MB (compression factor: 1.06x)
Output overhead:                         0.26%
[HOOKS] Total time spent: 0.899s
PARSEC Benchmark Suite Version 3.0-beta-20150206
Total input size:                       30.70 MB
Total output size:                      29.05 MB
Effective compression factor:            1.06x

Mean data chunk size:                    3.88 KB (stddev: 367.52 KB)
Amount of duplicate chunks:              3.84%
Data size after deduplication:          30.69 MB (compression factor: 1.00x)
Data size after compression:            28.98 MB (compression factor: 1.06x)
Output overhead:                         0.26%
[HOOKS] Total time spent: 0.899s
PARSEC Benchmark Suite Version 3.0-beta-20150206
Total input size:                       30.70 MB
Total output size:                      29.05 MB
Effective compression factor:            1.06x

Mean data chunk size:                    3.88 KB (stddev: 367.52 KB)
Amount of duplicate chunks:              3.84%
Data size after deduplication:          30.69 MB (compression factor: 1.00x)
Data size after compression:            28.98 MB (compression factor: 1.06x)
Output overhead:                         0.26%
[HOOKS] Total time spent: 0.907s
PARSEC Benchmark Suite Version 3.0-beta-20150206
Total input size:                       30.70 MB
Total output size:                      29.05 MB
Effective compression factor:            1.06x

Mean data chunk size:                    3.88 KB (stddev: 367.52 KB)
Amount of duplicate chunks:              3.84%
Data size after deduplication:          30.69 MB (compression factor: 1.00x)
Data size after compression:            28.98 MB (compression factor: 1.06x)
Output overhead:                         0.26%
[HOOKS] Total time spent: 0.928s
PARSEC Benchmark Suite Version 3.0-beta-20150206
Total input size:                       30.70 MB
Total output size:                      29.05 MB
Effective compression factor:            1.06x

Mean data chunk size:                    3.88 KB (stddev: 367.52 KB)
Amount of duplicate chunks:              3.84%
Data size after deduplication:          30.69 MB (compression factor: 1.00x)
Data size after compression:            28.98 MB (compression factor: 1.06x)
Output overhead:                         0.26%
[HOOKS] Total time spent: 0.901s
PARSEC Benchmark Suite Version 3.0-beta-20150206
Total input size:                       30.70 MB
Total output size:                      29.05 MB
Effective compression factor:            1.06x

Mean data chunk size:                    3.88 KB (stddev: 367.52 KB)
Amount of duplicate chunks:              3.84%
Data size after deduplication:          30.69 MB (compression factor: 1.00x)
Data size after compression:            28.98 MB (compression factor: 1.06x)
Output overhead:                         0.26%
[HOOKS] Total time spent: 0.905s
PARSEC Benchmark Suite Version 3.0-beta-20150206
Total input size:                       30.70 MB
Total output size:                      29.05 MB
Effective compression factor:            1.06x

Mean data chunk size:                    3.88 KB (stddev: 367.52 KB)
Amount of duplicate chunks:              3.84%
Data size after deduplication:          30.69 MB (compression factor: 1.00x)
Data size after compression:            28.98 MB (compression factor: 1.06x)
Output overhead:                         0.26%
[HOOKS] Total time spent: 0.905s
PARSEC Benchmark Suite Version 3.0-beta-20150206
Total input size:                       30.70 MB
Total output size:                      29.05 MB
Effective compression factor:            1.06x

Mean data chunk size:                    3.88 KB (stddev: 367.52 KB)
Amount of duplicate chunks:              3.84%
Data size after deduplication:          30.69 MB (compression factor: 1.00x)
Data size after compression:            28.98 MB (compression factor: 1.06x)
Output overhead:                         0.26%
[HOOKS] Total time spent: 0.899s
PARSEC Benchmark Suite Version 3.0-beta-20150206
Total input size:                       30.70 MB
Total output size:                      29.05 MB
Effective compression factor:            1.06x

Mean data chunk size:                    3.88 KB (stddev: 367.52 KB)
Amount of duplicate chunks:              3.84%
Data size after deduplication:          30.69 MB (compression factor: 1.00x)
Data size after compression:            28.98 MB (compression factor: 1.06x)
Output overhead:                         0.26%
[HOOKS] Total time spent: 0.905s
PARSEC Benchmark Suite Version 3.0-beta-20150206
Total input size:                       30.70 MB
Total output size:                      29.05 MB
Effective compression factor:            1.06x

Mean data chunk size:                    3.88 KB (stddev: 367.52 KB)
Amount of duplicate chunks:              3.84%
Data size after deduplication:          30.69 MB (compression factor: 1.00x)
Data size after compression:            28.98 MB (compression factor: 1.06x)
Output overhead:                         0.26%
[HOOKS] Total time spent: 0.901s
PARSEC Benchmark Suite Version 3.0-beta-20150206
Total input size:                       30.70 MB
Total output size:                      29.05 MB
Effective compression factor:            1.06x

Mean data chunk size:                    3.88 KB (stddev: 367.52 KB)
Amount of duplicate chunks:              3.84%
Data size after deduplication:          30.69 MB (compression factor: 1.00x)
Data size after compression:            28.98 MB (compression factor: 1.06x)
Output overhead:                         0.26%
[HOOKS] Total time spent: 0.897s
PARSEC Benchmark Suite Version 3.0-beta-20150206
Total input size:                       30.70 MB
Total output size:                      29.05 MB
Effective compression factor:            1.06x

Mean data chunk size:                    3.88 KB (stddev: 367.52 KB)
Amount of duplicate chunks:              3.84%
Data size after deduplication:          30.69 MB (compression factor: 1.00x)
Data size after compression:            28.98 MB (compression factor: 1.06x)
Output overhead:                         0.26%
[HOOKS] Total time spent: 0.904s
PARSEC Benchmark Suite Version 3.0-beta-20150206
Total input size:                       30.70 MB
Total output size:                      29.05 MB
Effective compression factor:            1.06x

Mean data chunk size:                    3.88 KB (stddev: 367.52 KB)
Amount of duplicate chunks:              3.84%
Data size after deduplication:          30.69 MB (compression factor: 1.00x)
Data size after compression:            28.98 MB (compression factor: 1.06x)
Output overhead:                         0.26%
[HOOKS] Total time spent: 0.899s
PARSEC Benchmark Suite Version 3.0-beta-20150206
Total input size:                       30.70 MB
Total output size:                      29.05 MB
Effective compression factor:            1.06x

Mean data chunk size:                    3.88 KB (stddev: 367.52 KB)
Amount of duplicate chunks:              3.84%
Data size after deduplication:          30.69 MB (compression factor: 1.00x)
Data size after compression:            28.98 MB (compression factor: 1.06x)
Output overhead:                         0.26%
[HOOKS] Total time spent: 0.901s
PARSEC Benchmark Suite Version 3.0-beta-20150206
Total input size:                       30.70 MB
Total output size:                      29.05 MB
Effective compression factor:            1.06x

Mean data chunk size:                    3.88 KB (stddev: 367.52 KB)
Amount of duplicate chunks:              3.84%
Data size after deduplication:          30.69 MB (compression factor: 1.00x)
Data size after compression:            28.98 MB (compression factor: 1.06x)
Output overhead:                         0.26%
[HOOKS] Total time spent: 0.903s
