PARSEC Benchmark Suite Version 3.0-beta-20150206
Total input size:                       30.70 MB
Total output size:                      29.05 MB
Effective compression factor:            1.06x

Mean data chunk size:                    3.88 KB (stddev: 367.52 KB)
Amount of duplicate chunks:              3.84%
Data size after deduplication:          30.69 MB (compression factor: 1.00x)
Data size after compression:            28.98 MB (compression factor: 1.06x)
Output overhead:                         0.26%
[HOOKS] Total time spent: 0.924s
PARSEC Benchmark Suite Version 3.0-beta-20150206
Total input size:                       30.70 MB
Total output size:                      29.05 MB
Effective compression factor:            1.06x

Mean data chunk size:                    3.88 KB (stddev: 367.52 KB)
Amount of duplicate chunks:              3.84%
Data size after deduplication:          30.69 MB (compression factor: 1.00x)
Data size after compression:            28.98 MB (compression factor: 1.06x)
Output overhead:                         0.26%
[HOOKS] Total time spent: 0.923s
PARSEC Benchmark Suite Version 3.0-beta-20150206
Total input size:                       30.70 MB
Total output size:                      29.05 MB
Effective compression factor:            1.06x

Mean data chunk size:                    3.88 KB (stddev: 367.52 KB)
Amount of duplicate chunks:              3.84%
Data size after deduplication:          30.69 MB (compression factor: 1.00x)
Data size after compression:            28.98 MB (compression factor: 1.06x)
Output overhead:                         0.26%
[HOOKS] Total time spent: 0.922s
PARSEC Benchmark Suite Version 3.0-beta-20150206
Total input size:                       30.70 MB
Total output size:                      29.05 MB
Effective compression factor:            1.06x

Mean data chunk size:                    3.88 KB (stddev: 367.52 KB)
Amount of duplicate chunks:              3.84%
Data size after deduplication:          30.69 MB (compression factor: 1.00x)
Data size after compression:            28.98 MB (compression factor: 1.06x)
Output overhead:                         0.26%
[HOOKS] Total time spent: 0.925s
PARSEC Benchmark Suite Version 3.0-beta-20150206
Total input size:                       30.70 MB
Total output size:                      29.05 MB
Effective compression factor:            1.06x

Mean data chunk size:                    3.88 KB (stddev: 367.52 KB)
Amount of duplicate chunks:              3.84%
Data size after deduplication:          30.69 MB (compression factor: 1.00x)
Data size after compression:            28.98 MB (compression factor: 1.06x)
Output overhead:                         0.26%
[HOOKS] Total time spent: 0.926s
PARSEC Benchmark Suite Version 3.0-beta-20150206
Total input size:                       30.70 MB
Total output size:                      29.05 MB
Effective compression factor:            1.06x

Mean data chunk size:                    3.88 KB (stddev: 367.52 KB)
Amount of duplicate chunks:              3.84%
Data size after deduplication:          30.69 MB (compression factor: 1.00x)
Data size after compression:            28.98 MB (compression factor: 1.06x)
Output overhead:                         0.26%
[HOOKS] Total time spent: 0.996s
PARSEC Benchmark Suite Version 3.0-beta-20150206
Total input size:                       30.70 MB
Total output size:                      29.05 MB
Effective compression factor:            1.06x

Mean data chunk size:                    3.88 KB (stddev: 367.52 KB)
Amount of duplicate chunks:              3.84%
Data size after deduplication:          30.69 MB (compression factor: 1.00x)
Data size after compression:            28.98 MB (compression factor: 1.06x)
Output overhead:                         0.26%
[HOOKS] Total time spent: 0.919s
PARSEC Benchmark Suite Version 3.0-beta-20150206
Total input size:                       30.70 MB
Total output size:                      29.05 MB
Effective compression factor:            1.06x

Mean data chunk size:                    3.88 KB (stddev: 367.52 KB)
Amount of duplicate chunks:              3.84%
Data size after deduplication:          30.69 MB (compression factor: 1.00x)
Data size after compression:            28.98 MB (compression factor: 1.06x)
Output overhead:                         0.26%
[HOOKS] Total time spent: 0.923s
PARSEC Benchmark Suite Version 3.0-beta-20150206
Total input size:                       30.70 MB
Total output size:                      29.05 MB
Effective compression factor:            1.06x

Mean data chunk size:                    3.88 KB (stddev: 367.52 KB)
Amount of duplicate chunks:              3.84%
Data size after deduplication:          30.69 MB (compression factor: 1.00x)
Data size after compression:            28.98 MB (compression factor: 1.06x)
Output overhead:                         0.26%
[HOOKS] Total time spent: 0.935s
PARSEC Benchmark Suite Version 3.0-beta-20150206
Total input size:                       30.70 MB
Total output size:                      29.05 MB
Effective compression factor:            1.06x

Mean data chunk size:                    3.88 KB (stddev: 367.52 KB)
Amount of duplicate chunks:              3.84%
Data size after deduplication:          30.69 MB (compression factor: 1.00x)
Data size after compression:            28.98 MB (compression factor: 1.06x)
Output overhead:                         0.26%
[HOOKS] Total time spent: 0.921s
PARSEC Benchmark Suite Version 3.0-beta-20150206
Total input size:                       30.70 MB
Total output size:                      29.05 MB
Effective compression factor:            1.06x

Mean data chunk size:                    3.88 KB (stddev: 367.52 KB)
Amount of duplicate chunks:              3.84%
Data size after deduplication:          30.69 MB (compression factor: 1.00x)
Data size after compression:            28.98 MB (compression factor: 1.06x)
Output overhead:                         0.26%
[HOOKS] Total time spent: 0.989s
PARSEC Benchmark Suite Version 3.0-beta-20150206
Total input size:                       30.70 MB
Total output size:                      29.05 MB
Effective compression factor:            1.06x

Mean data chunk size:                    3.88 KB (stddev: 367.52 KB)
Amount of duplicate chunks:              3.84%
Data size after deduplication:          30.69 MB (compression factor: 1.00x)
Data size after compression:            28.98 MB (compression factor: 1.06x)
Output overhead:                         0.26%
[HOOKS] Total time spent: 0.920s
PARSEC Benchmark Suite Version 3.0-beta-20150206
Total input size:                       30.70 MB
Total output size:                      29.05 MB
Effective compression factor:            1.06x

Mean data chunk size:                    3.88 KB (stddev: 367.52 KB)
Amount of duplicate chunks:              3.84%
Data size after deduplication:          30.69 MB (compression factor: 1.00x)
Data size after compression:            28.98 MB (compression factor: 1.06x)
Output overhead:                         0.26%
[HOOKS] Total time spent: 0.919s
PARSEC Benchmark Suite Version 3.0-beta-20150206
Total input size:                       30.70 MB
Total output size:                      29.05 MB
Effective compression factor:            1.06x

Mean data chunk size:                    3.88 KB (stddev: 367.52 KB)
Amount of duplicate chunks:              3.84%
Data size after deduplication:          30.69 MB (compression factor: 1.00x)
Data size after compression:            28.98 MB (compression factor: 1.06x)
Output overhead:                         0.26%
[HOOKS] Total time spent: 0.926s
PARSEC Benchmark Suite Version 3.0-beta-20150206
Total input size:                       30.70 MB
Total output size:                      29.05 MB
Effective compression factor:            1.06x

Mean data chunk size:                    3.88 KB (stddev: 367.52 KB)
Amount of duplicate chunks:              3.84%
Data size after deduplication:          30.69 MB (compression factor: 1.00x)
Data size after compression:            28.98 MB (compression factor: 1.06x)
Output overhead:                         0.26%
[HOOKS] Total time spent: 0.921s
PARSEC Benchmark Suite Version 3.0-beta-20150206
Total input size:                       30.70 MB
Total output size:                      29.05 MB
Effective compression factor:            1.06x

Mean data chunk size:                    3.88 KB (stddev: 367.52 KB)
Amount of duplicate chunks:              3.84%
Data size after deduplication:          30.69 MB (compression factor: 1.00x)
Data size after compression:            28.98 MB (compression factor: 1.06x)
Output overhead:                         0.26%
[HOOKS] Total time spent: 0.926s
PARSEC Benchmark Suite Version 3.0-beta-20150206
Total input size:                       30.70 MB
Total output size:                      29.05 MB
Effective compression factor:            1.06x

Mean data chunk size:                    3.88 KB (stddev: 367.52 KB)
Amount of duplicate chunks:              3.84%
Data size after deduplication:          30.69 MB (compression factor: 1.00x)
Data size after compression:            28.98 MB (compression factor: 1.06x)
Output overhead:                         0.26%
[HOOKS] Total time spent: 0.927s
PARSEC Benchmark Suite Version 3.0-beta-20150206
Total input size:                       30.70 MB
Total output size:                      29.05 MB
Effective compression factor:            1.06x

Mean data chunk size:                    3.88 KB (stddev: 367.52 KB)
Amount of duplicate chunks:              3.84%
Data size after deduplication:          30.69 MB (compression factor: 1.00x)
Data size after compression:            28.98 MB (compression factor: 1.06x)
Output overhead:                         0.26%
[HOOKS] Total time spent: 0.924s
PARSEC Benchmark Suite Version 3.0-beta-20150206
Total input size:                       30.70 MB
Total output size:                      29.05 MB
Effective compression factor:            1.06x

Mean data chunk size:                    3.88 KB (stddev: 367.52 KB)
Amount of duplicate chunks:              3.84%
Data size after deduplication:          30.69 MB (compression factor: 1.00x)
Data size after compression:            28.98 MB (compression factor: 1.06x)
Output overhead:                         0.26%
[HOOKS] Total time spent: 0.925s
PARSEC Benchmark Suite Version 3.0-beta-20150206
Total input size:                       30.70 MB
Total output size:                      29.05 MB
Effective compression factor:            1.06x

Mean data chunk size:                    3.88 KB (stddev: 367.52 KB)
Amount of duplicate chunks:              3.84%
Data size after deduplication:          30.69 MB (compression factor: 1.00x)
Data size after compression:            28.98 MB (compression factor: 1.06x)
Output overhead:                         0.26%
[HOOKS] Total time spent: 0.924s
PARSEC Benchmark Suite Version 3.0-beta-20150206
Total input size:                       30.70 MB
Total output size:                      29.05 MB
Effective compression factor:            1.06x

Mean data chunk size:                    3.88 KB (stddev: 367.52 KB)
Amount of duplicate chunks:              3.84%
Data size after deduplication:          30.69 MB (compression factor: 1.00x)
Data size after compression:            28.98 MB (compression factor: 1.06x)
Output overhead:                         0.26%
[HOOKS] Total time spent: 0.950s
PARSEC Benchmark Suite Version 3.0-beta-20150206
Total input size:                       30.70 MB
Total output size:                      29.05 MB
Effective compression factor:            1.06x

Mean data chunk size:                    3.88 KB (stddev: 367.52 KB)
Amount of duplicate chunks:              3.84%
Data size after deduplication:          30.69 MB (compression factor: 1.00x)
Data size after compression:            28.98 MB (compression factor: 1.06x)
Output overhead:                         0.26%
[HOOKS] Total time spent: 0.924s
PARSEC Benchmark Suite Version 3.0-beta-20150206
Total input size:                       30.70 MB
Total output size:                      29.05 MB
Effective compression factor:            1.06x

Mean data chunk size:                    3.88 KB (stddev: 367.52 KB)
Amount of duplicate chunks:              3.84%
Data size after deduplication:          30.69 MB (compression factor: 1.00x)
Data size after compression:            28.98 MB (compression factor: 1.06x)
Output overhead:                         0.26%
[HOOKS] Total time spent: 0.923s
PARSEC Benchmark Suite Version 3.0-beta-20150206
Total input size:                       30.70 MB
Total output size:                      29.05 MB
Effective compression factor:            1.06x

Mean data chunk size:                    3.88 KB (stddev: 367.52 KB)
Amount of duplicate chunks:              3.84%
Data size after deduplication:          30.69 MB (compression factor: 1.00x)
Data size after compression:            28.98 MB (compression factor: 1.06x)
Output overhead:                         0.26%
[HOOKS] Total time spent: 0.923s
PARSEC Benchmark Suite Version 3.0-beta-20150206
Total input size:                       30.70 MB
Total output size:                      29.05 MB
Effective compression factor:            1.06x

Mean data chunk size:                    3.88 KB (stddev: 367.52 KB)
Amount of duplicate chunks:              3.84%
Data size after deduplication:          30.69 MB (compression factor: 1.00x)
Data size after compression:            28.98 MB (compression factor: 1.06x)
Output overhead:                         0.26%
[HOOKS] Total time spent: 0.930s
PARSEC Benchmark Suite Version 3.0-beta-20150206
Total input size:                       30.70 MB
Total output size:                      29.05 MB
Effective compression factor:            1.06x

Mean data chunk size:                    3.88 KB (stddev: 367.52 KB)
Amount of duplicate chunks:              3.84%
Data size after deduplication:          30.69 MB (compression factor: 1.00x)
Data size after compression:            28.98 MB (compression factor: 1.06x)
Output overhead:                         0.26%
[HOOKS] Total time spent: 0.922s
PARSEC Benchmark Suite Version 3.0-beta-20150206
Total input size:                       30.70 MB
Total output size:                      29.05 MB
Effective compression factor:            1.06x

Mean data chunk size:                    3.88 KB (stddev: 367.52 KB)
Amount of duplicate chunks:              3.84%
Data size after deduplication:          30.69 MB (compression factor: 1.00x)
Data size after compression:            28.98 MB (compression factor: 1.06x)
Output overhead:                         0.26%
[HOOKS] Total time spent: 0.927s
PARSEC Benchmark Suite Version 3.0-beta-20150206
Total input size:                       30.70 MB
Total output size:                      29.05 MB
Effective compression factor:            1.06x

Mean data chunk size:                    3.88 KB (stddev: 367.52 KB)
Amount of duplicate chunks:              3.84%
Data size after deduplication:          30.69 MB (compression factor: 1.00x)
Data size after compression:            28.98 MB (compression factor: 1.06x)
Output overhead:                         0.26%
[HOOKS] Total time spent: 0.974s
PARSEC Benchmark Suite Version 3.0-beta-20150206
Total input size:                       30.70 MB
Total output size:                      29.05 MB
Effective compression factor:            1.06x

Mean data chunk size:                    3.88 KB (stddev: 367.52 KB)
Amount of duplicate chunks:              3.84%
Data size after deduplication:          30.69 MB (compression factor: 1.00x)
Data size after compression:            28.98 MB (compression factor: 1.06x)
Output overhead:                         0.26%
[HOOKS] Total time spent: 0.928s
PARSEC Benchmark Suite Version 3.0-beta-20150206
Total input size:                       30.70 MB
Total output size:                      29.05 MB
Effective compression factor:            1.06x

Mean data chunk size:                    3.88 KB (stddev: 367.52 KB)
Amount of duplicate chunks:              3.84%
Data size after deduplication:          30.69 MB (compression factor: 1.00x)
Data size after compression:            28.98 MB (compression factor: 1.06x)
Output overhead:                         0.26%
[HOOKS] Total time spent: 0.925s
PARSEC Benchmark Suite Version 3.0-beta-20150206
Total input size:                       30.70 MB
Total output size:                      29.05 MB
Effective compression factor:            1.06x

Mean data chunk size:                    3.88 KB (stddev: 367.52 KB)
Amount of duplicate chunks:              3.84%
Data size after deduplication:          30.69 MB (compression factor: 1.00x)
Data size after compression:            28.98 MB (compression factor: 1.06x)
Output overhead:                         0.26%
[HOOKS] Total time spent: 0.927s
PARSEC Benchmark Suite Version 3.0-beta-20150206
Total input size:                       30.70 MB
Total output size:                      29.05 MB
Effective compression factor:            1.06x

Mean data chunk size:                    3.88 KB (stddev: 367.52 KB)
Amount of duplicate chunks:              3.84%
Data size after deduplication:          30.69 MB (compression factor: 1.00x)
Data size after compression:            28.98 MB (compression factor: 1.06x)
Output overhead:                         0.26%
[HOOKS] Total time spent: 0.924s
PARSEC Benchmark Suite Version 3.0-beta-20150206
Total input size:                       30.70 MB
Total output size:                      29.05 MB
Effective compression factor:            1.06x

Mean data chunk size:                    3.88 KB (stddev: 367.52 KB)
Amount of duplicate chunks:              3.84%
Data size after deduplication:          30.69 MB (compression factor: 1.00x)
Data size after compression:            28.98 MB (compression factor: 1.06x)
Output overhead:                         0.26%
[HOOKS] Total time spent: 1.192s
PARSEC Benchmark Suite Version 3.0-beta-20150206
Total input size:                       30.70 MB
Total output size:                      29.05 MB
Effective compression factor:            1.06x

Mean data chunk size:                    3.88 KB (stddev: 367.52 KB)
Amount of duplicate chunks:              3.84%
Data size after deduplication:          30.69 MB (compression factor: 1.00x)
Data size after compression:            28.98 MB (compression factor: 1.06x)
Output overhead:                         0.26%
[HOOKS] Total time spent: 0.921s
PARSEC Benchmark Suite Version 3.0-beta-20150206
Total input size:                       30.70 MB
Total output size:                      29.05 MB
Effective compression factor:            1.06x

Mean data chunk size:                    3.88 KB (stddev: 367.52 KB)
Amount of duplicate chunks:              3.84%
Data size after deduplication:          30.69 MB (compression factor: 1.00x)
Data size after compression:            28.98 MB (compression factor: 1.06x)
Output overhead:                         0.26%
[HOOKS] Total time spent: 0.924s
PARSEC Benchmark Suite Version 3.0-beta-20150206
Total input size:                       30.70 MB
Total output size:                      29.05 MB
Effective compression factor:            1.06x

Mean data chunk size:                    3.88 KB (stddev: 367.52 KB)
Amount of duplicate chunks:              3.84%
Data size after deduplication:          30.69 MB (compression factor: 1.00x)
Data size after compression:            28.98 MB (compression factor: 1.06x)
Output overhead:                         0.26%
[HOOKS] Total time spent: 0.926s
PARSEC Benchmark Suite Version 3.0-beta-20150206
Total input size:                       30.70 MB
Total output size:                      29.05 MB
Effective compression factor:            1.06x

Mean data chunk size:                    3.88 KB (stddev: 367.52 KB)
Amount of duplicate chunks:              3.84%
Data size after deduplication:          30.69 MB (compression factor: 1.00x)
Data size after compression:            28.98 MB (compression factor: 1.06x)
Output overhead:                         0.26%
[HOOKS] Total time spent: 0.925s
PARSEC Benchmark Suite Version 3.0-beta-20150206
Total input size:                       30.70 MB
Total output size:                      29.05 MB
Effective compression factor:            1.06x

Mean data chunk size:                    3.88 KB (stddev: 367.52 KB)
Amount of duplicate chunks:              3.84%
Data size after deduplication:          30.69 MB (compression factor: 1.00x)
Data size after compression:            28.98 MB (compression factor: 1.06x)
Output overhead:                         0.26%
[HOOKS] Total time spent: 0.921s
PARSEC Benchmark Suite Version 3.0-beta-20150206
Total input size:                       30.70 MB
Total output size:                      29.05 MB
Effective compression factor:            1.06x

Mean data chunk size:                    3.88 KB (stddev: 367.52 KB)
Amount of duplicate chunks:              3.84%
Data size after deduplication:          30.69 MB (compression factor: 1.00x)
Data size after compression:            28.98 MB (compression factor: 1.06x)
Output overhead:                         0.26%
[HOOKS] Total time spent: 0.926s
PARSEC Benchmark Suite Version 3.0-beta-20150206
Total input size:                       30.70 MB
Total output size:                      29.05 MB
Effective compression factor:            1.06x

Mean data chunk size:                    3.88 KB (stddev: 367.52 KB)
Amount of duplicate chunks:              3.84%
Data size after deduplication:          30.69 MB (compression factor: 1.00x)
Data size after compression:            28.98 MB (compression factor: 1.06x)
Output overhead:                         0.26%
[HOOKS] Total time spent: 0.929s
PARSEC Benchmark Suite Version 3.0-beta-20150206
Total input size:                       30.70 MB
Total output size:                      29.05 MB
Effective compression factor:            1.06x

Mean data chunk size:                    3.88 KB (stddev: 367.52 KB)
Amount of duplicate chunks:              3.84%
Data size after deduplication:          30.69 MB (compression factor: 1.00x)
Data size after compression:            28.98 MB (compression factor: 1.06x)
Output overhead:                         0.26%
[HOOKS] Total time spent: 0.925s
PARSEC Benchmark Suite Version 3.0-beta-20150206
Total input size:                       30.70 MB
Total output size:                      29.05 MB
Effective compression factor:            1.06x

Mean data chunk size:                    3.88 KB (stddev: 367.52 KB)
Amount of duplicate chunks:              3.84%
Data size after deduplication:          30.69 MB (compression factor: 1.00x)
Data size after compression:            28.98 MB (compression factor: 1.06x)
Output overhead:                         0.26%
[HOOKS] Total time spent: 0.935s
PARSEC Benchmark Suite Version 3.0-beta-20150206
Total input size:                       30.70 MB
Total output size:                      29.05 MB
Effective compression factor:            1.06x

Mean data chunk size:                    3.88 KB (stddev: 367.52 KB)
Amount of duplicate chunks:              3.84%
Data size after deduplication:          30.69 MB (compression factor: 1.00x)
Data size after compression:            28.98 MB (compression factor: 1.06x)
Output overhead:                         0.26%
[HOOKS] Total time spent: 0.924s
PARSEC Benchmark Suite Version 3.0-beta-20150206
Total input size:                       30.70 MB
Total output size:                      29.05 MB
Effective compression factor:            1.06x

Mean data chunk size:                    3.88 KB (stddev: 367.52 KB)
Amount of duplicate chunks:              3.84%
Data size after deduplication:          30.69 MB (compression factor: 1.00x)
Data size after compression:            28.98 MB (compression factor: 1.06x)
Output overhead:                         0.26%
[HOOKS] Total time spent: 0.924s
PARSEC Benchmark Suite Version 3.0-beta-20150206
Total input size:                       30.70 MB
Total output size:                      29.05 MB
Effective compression factor:            1.06x

Mean data chunk size:                    3.88 KB (stddev: 367.52 KB)
Amount of duplicate chunks:              3.84%
Data size after deduplication:          30.69 MB (compression factor: 1.00x)
Data size after compression:            28.98 MB (compression factor: 1.06x)
Output overhead:                         0.26%
[HOOKS] Total time spent: 0.925s
PARSEC Benchmark Suite Version 3.0-beta-20150206
Total input size:                       30.70 MB
Total output size:                      29.05 MB
Effective compression factor:            1.06x

Mean data chunk size:                    3.88 KB (stddev: 367.52 KB)
Amount of duplicate chunks:              3.84%
Data size after deduplication:          30.69 MB (compression factor: 1.00x)
Data size after compression:            28.98 MB (compression factor: 1.06x)
Output overhead:                         0.26%
[HOOKS] Total time spent: 0.923s
PARSEC Benchmark Suite Version 3.0-beta-20150206
Total input size:                       30.70 MB
Total output size:                      29.05 MB
Effective compression factor:            1.06x

Mean data chunk size:                    3.88 KB (stddev: 367.52 KB)
Amount of duplicate chunks:              3.84%
Data size after deduplication:          30.69 MB (compression factor: 1.00x)
Data size after compression:            28.98 MB (compression factor: 1.06x)
Output overhead:                         0.26%
[HOOKS] Total time spent: 0.922s
PARSEC Benchmark Suite Version 3.0-beta-20150206
Total input size:                       30.70 MB
Total output size:                      29.05 MB
Effective compression factor:            1.06x

Mean data chunk size:                    3.88 KB (stddev: 367.52 KB)
Amount of duplicate chunks:              3.84%
Data size after deduplication:          30.69 MB (compression factor: 1.00x)
Data size after compression:            28.98 MB (compression factor: 1.06x)
Output overhead:                         0.26%
[HOOKS] Total time spent: 0.925s
PARSEC Benchmark Suite Version 3.0-beta-20150206
Total input size:                       30.70 MB
Total output size:                      29.05 MB
Effective compression factor:            1.06x

Mean data chunk size:                    3.88 KB (stddev: 367.52 KB)
Amount of duplicate chunks:              3.84%
Data size after deduplication:          30.69 MB (compression factor: 1.00x)
Data size after compression:            28.98 MB (compression factor: 1.06x)
Output overhead:                         0.26%
[HOOKS] Total time spent: 0.922s
PARSEC Benchmark Suite Version 3.0-beta-20150206
Total input size:                       30.70 MB
Total output size:                      29.05 MB
Effective compression factor:            1.06x

Mean data chunk size:                    3.88 KB (stddev: 367.52 KB)
Amount of duplicate chunks:              3.84%
Data size after deduplication:          30.69 MB (compression factor: 1.00x)
Data size after compression:            28.98 MB (compression factor: 1.06x)
Output overhead:                         0.26%
[HOOKS] Total time spent: 0.925s
PARSEC Benchmark Suite Version 3.0-beta-20150206
Total input size:                       30.70 MB
Total output size:                      29.05 MB
Effective compression factor:            1.06x

Mean data chunk size:                    3.88 KB (stddev: 367.52 KB)
Amount of duplicate chunks:              3.84%
Data size after deduplication:          30.69 MB (compression factor: 1.00x)
Data size after compression:            28.98 MB (compression factor: 1.06x)
Output overhead:                         0.26%
[HOOKS] Total time spent: 0.928s
PARSEC Benchmark Suite Version 3.0-beta-20150206
Total input size:                       30.70 MB
Total output size:                      29.05 MB
Effective compression factor:            1.06x

Mean data chunk size:                    3.88 KB (stddev: 367.52 KB)
Amount of duplicate chunks:              3.84%
Data size after deduplication:          30.69 MB (compression factor: 1.00x)
Data size after compression:            28.98 MB (compression factor: 1.06x)
Output overhead:                         0.26%
[HOOKS] Total time spent: 0.936s
PARSEC Benchmark Suite Version 3.0-beta-20150206
Total input size:                       30.70 MB
Total output size:                      29.05 MB
Effective compression factor:            1.06x

Mean data chunk size:                    3.88 KB (stddev: 367.52 KB)
Amount of duplicate chunks:              3.84%
Data size after deduplication:          30.69 MB (compression factor: 1.00x)
Data size after compression:            28.98 MB (compression factor: 1.06x)
Output overhead:                         0.26%
[HOOKS] Total time spent: 0.927s
PARSEC Benchmark Suite Version 3.0-beta-20150206
Total input size:                       30.70 MB
Total output size:                      29.05 MB
Effective compression factor:            1.06x

Mean data chunk size:                    3.88 KB (stddev: 367.52 KB)
Amount of duplicate chunks:              3.84%
Data size after deduplication:          30.69 MB (compression factor: 1.00x)
Data size after compression:            28.98 MB (compression factor: 1.06x)
Output overhead:                         0.26%
[HOOKS] Total time spent: 0.919s
PARSEC Benchmark Suite Version 3.0-beta-20150206
Total input size:                       30.70 MB
Total output size:                      29.05 MB
Effective compression factor:            1.06x

Mean data chunk size:                    3.88 KB (stddev: 367.52 KB)
Amount of duplicate chunks:              3.84%
Data size after deduplication:          30.69 MB (compression factor: 1.00x)
Data size after compression:            28.98 MB (compression factor: 1.06x)
Output overhead:                         0.26%
[HOOKS] Total time spent: 0.930s
PARSEC Benchmark Suite Version 3.0-beta-20150206
Total input size:                       30.70 MB
Total output size:                      29.05 MB
Effective compression factor:            1.06x

Mean data chunk size:                    3.88 KB (stddev: 367.52 KB)
Amount of duplicate chunks:              3.84%
Data size after deduplication:          30.69 MB (compression factor: 1.00x)
Data size after compression:            28.98 MB (compression factor: 1.06x)
Output overhead:                         0.26%
[HOOKS] Total time spent: 0.926s
PARSEC Benchmark Suite Version 3.0-beta-20150206
Total input size:                       30.70 MB
Total output size:                      29.05 MB
Effective compression factor:            1.06x

Mean data chunk size:                    3.88 KB (stddev: 367.52 KB)
Amount of duplicate chunks:              3.84%
Data size after deduplication:          30.69 MB (compression factor: 1.00x)
Data size after compression:            28.98 MB (compression factor: 1.06x)
Output overhead:                         0.26%
[HOOKS] Total time spent: 0.927s
PARSEC Benchmark Suite Version 3.0-beta-20150206
Total input size:                       30.70 MB
Total output size:                      29.05 MB
Effective compression factor:            1.06x

Mean data chunk size:                    3.88 KB (stddev: 367.52 KB)
Amount of duplicate chunks:              3.84%
Data size after deduplication:          30.69 MB (compression factor: 1.00x)
Data size after compression:            28.98 MB (compression factor: 1.06x)
Output overhead:                         0.26%
[HOOKS] Total time spent: 0.929s
PARSEC Benchmark Suite Version 3.0-beta-20150206
Total input size:                       30.70 MB
Total output size:                      29.05 MB
Effective compression factor:            1.06x

Mean data chunk size:                    3.88 KB (stddev: 367.52 KB)
Amount of duplicate chunks:              3.84%
Data size after deduplication:          30.69 MB (compression factor: 1.00x)
Data size after compression:            28.98 MB (compression factor: 1.06x)
Output overhead:                         0.26%
[HOOKS] Total time spent: 0.922s
PARSEC Benchmark Suite Version 3.0-beta-20150206
Total input size:                       30.70 MB
Total output size:                      29.05 MB
Effective compression factor:            1.06x

Mean data chunk size:                    3.88 KB (stddev: 367.52 KB)
Amount of duplicate chunks:              3.84%
Data size after deduplication:          30.69 MB (compression factor: 1.00x)
Data size after compression:            28.98 MB (compression factor: 1.06x)
Output overhead:                         0.26%
[HOOKS] Total time spent: 0.926s
PARSEC Benchmark Suite Version 3.0-beta-20150206
Total input size:                       30.70 MB
Total output size:                      29.05 MB
Effective compression factor:            1.06x

Mean data chunk size:                    3.88 KB (stddev: 367.52 KB)
Amount of duplicate chunks:              3.84%
Data size after deduplication:          30.69 MB (compression factor: 1.00x)
Data size after compression:            28.98 MB (compression factor: 1.06x)
Output overhead:                         0.26%
[HOOKS] Total time spent: 0.928s
PARSEC Benchmark Suite Version 3.0-beta-20150206
Total input size:                       30.70 MB
Total output size:                      29.05 MB
Effective compression factor:            1.06x

Mean data chunk size:                    3.88 KB (stddev: 367.52 KB)
Amount of duplicate chunks:              3.84%
Data size after deduplication:          30.69 MB (compression factor: 1.00x)
Data size after compression:            28.98 MB (compression factor: 1.06x)
Output overhead:                         0.26%
[HOOKS] Total time spent: 0.934s
PARSEC Benchmark Suite Version 3.0-beta-20150206
Total input size:                       30.70 MB
Total output size:                      29.05 MB
Effective compression factor:            1.06x

Mean data chunk size:                    3.88 KB (stddev: 367.52 KB)
Amount of duplicate chunks:              3.84%
Data size after deduplication:          30.69 MB (compression factor: 1.00x)
Data size after compression:            28.98 MB (compression factor: 1.06x)
Output overhead:                         0.26%
[HOOKS] Total time spent: 0.957s
PARSEC Benchmark Suite Version 3.0-beta-20150206
Total input size:                       30.70 MB
Total output size:                      29.05 MB
Effective compression factor:            1.06x

Mean data chunk size:                    3.88 KB (stddev: 367.52 KB)
Amount of duplicate chunks:              3.84%
Data size after deduplication:          30.69 MB (compression factor: 1.00x)
Data size after compression:            28.98 MB (compression factor: 1.06x)
Output overhead:                         0.26%
[HOOKS] Total time spent: 0.934s
PARSEC Benchmark Suite Version 3.0-beta-20150206
Total input size:                       30.70 MB
Total output size:                      29.05 MB
Effective compression factor:            1.06x

Mean data chunk size:                    3.88 KB (stddev: 367.52 KB)
Amount of duplicate chunks:              3.84%
Data size after deduplication:          30.69 MB (compression factor: 1.00x)
Data size after compression:            28.98 MB (compression factor: 1.06x)
Output overhead:                         0.26%
[HOOKS] Total time spent: 0.921s
PARSEC Benchmark Suite Version 3.0-beta-20150206
Total input size:                       30.70 MB
Total output size:                      29.05 MB
Effective compression factor:            1.06x

Mean data chunk size:                    3.88 KB (stddev: 367.52 KB)
Amount of duplicate chunks:              3.84%
Data size after deduplication:          30.69 MB (compression factor: 1.00x)
Data size after compression:            28.98 MB (compression factor: 1.06x)
Output overhead:                         0.26%
[HOOKS] Total time spent: 0.923s
PARSEC Benchmark Suite Version 3.0-beta-20150206
Total input size:                       30.70 MB
Total output size:                      29.05 MB
Effective compression factor:            1.06x

Mean data chunk size:                    3.88 KB (stddev: 367.52 KB)
Amount of duplicate chunks:              3.84%
Data size after deduplication:          30.69 MB (compression factor: 1.00x)
Data size after compression:            28.98 MB (compression factor: 1.06x)
Output overhead:                         0.26%
[HOOKS] Total time spent: 0.926s
PARSEC Benchmark Suite Version 3.0-beta-20150206
Total input size:                       30.70 MB
Total output size:                      29.05 MB
Effective compression factor:            1.06x

Mean data chunk size:                    3.88 KB (stddev: 367.52 KB)
Amount of duplicate chunks:              3.84%
Data size after deduplication:          30.69 MB (compression factor: 1.00x)
Data size after compression:            28.98 MB (compression factor: 1.06x)
Output overhead:                         0.26%
[HOOKS] Total time spent: 0.927s
PARSEC Benchmark Suite Version 3.0-beta-20150206
Total input size:                       30.70 MB
Total output size:                      29.05 MB
Effective compression factor:            1.06x

Mean data chunk size:                    3.88 KB (stddev: 367.52 KB)
Amount of duplicate chunks:              3.84%
Data size after deduplication:          30.69 MB (compression factor: 1.00x)
Data size after compression:            28.98 MB (compression factor: 1.06x)
Output overhead:                         0.26%
[HOOKS] Total time spent: 0.930s
PARSEC Benchmark Suite Version 3.0-beta-20150206
Total input size:                       30.70 MB
Total output size:                      29.05 MB
Effective compression factor:            1.06x

Mean data chunk size:                    3.88 KB (stddev: 367.52 KB)
Amount of duplicate chunks:              3.84%
Data size after deduplication:          30.69 MB (compression factor: 1.00x)
Data size after compression:            28.98 MB (compression factor: 1.06x)
Output overhead:                         0.26%
[HOOKS] Total time spent: 0.925s
PARSEC Benchmark Suite Version 3.0-beta-20150206
Total input size:                       30.70 MB
Total output size:                      29.05 MB
Effective compression factor:            1.06x

Mean data chunk size:                    3.88 KB (stddev: 367.52 KB)
Amount of duplicate chunks:              3.84%
Data size after deduplication:          30.69 MB (compression factor: 1.00x)
Data size after compression:            28.98 MB (compression factor: 1.06x)
Output overhead:                         0.26%
[HOOKS] Total time spent: 0.929s
PARSEC Benchmark Suite Version 3.0-beta-20150206
Total input size:                       30.70 MB
Total output size:                      29.05 MB
Effective compression factor:            1.06x

Mean data chunk size:                    3.88 KB (stddev: 367.52 KB)
Amount of duplicate chunks:              3.84%
Data size after deduplication:          30.69 MB (compression factor: 1.00x)
Data size after compression:            28.98 MB (compression factor: 1.06x)
Output overhead:                         0.26%
[HOOKS] Total time spent: 0.931s
PARSEC Benchmark Suite Version 3.0-beta-20150206
Total input size:                       30.70 MB
Total output size:                      29.05 MB
Effective compression factor:            1.06x

Mean data chunk size:                    3.88 KB (stddev: 367.52 KB)
Amount of duplicate chunks:              3.84%
Data size after deduplication:          30.69 MB (compression factor: 1.00x)
Data size after compression:            28.98 MB (compression factor: 1.06x)
Output overhead:                         0.26%
[HOOKS] Total time spent: 0.933s
PARSEC Benchmark Suite Version 3.0-beta-20150206
Total input size:                       30.70 MB
Total output size:                      29.05 MB
Effective compression factor:            1.06x

Mean data chunk size:                    3.88 KB (stddev: 367.52 KB)
Amount of duplicate chunks:              3.84%
Data size after deduplication:          30.69 MB (compression factor: 1.00x)
Data size after compression:            28.98 MB (compression factor: 1.06x)
Output overhead:                         0.26%
[HOOKS] Total time spent: 0.928s
PARSEC Benchmark Suite Version 3.0-beta-20150206
Total input size:                       30.70 MB
Total output size:                      29.05 MB
Effective compression factor:            1.06x

Mean data chunk size:                    3.88 KB (stddev: 367.52 KB)
Amount of duplicate chunks:              3.84%
Data size after deduplication:          30.69 MB (compression factor: 1.00x)
Data size after compression:            28.98 MB (compression factor: 1.06x)
Output overhead:                         0.26%
[HOOKS] Total time spent: 0.923s
PARSEC Benchmark Suite Version 3.0-beta-20150206
Total input size:                       30.70 MB
Total output size:                      29.05 MB
Effective compression factor:            1.06x

Mean data chunk size:                    3.88 KB (stddev: 367.52 KB)
Amount of duplicate chunks:              3.84%
Data size after deduplication:          30.69 MB (compression factor: 1.00x)
Data size after compression:            28.98 MB (compression factor: 1.06x)
Output overhead:                         0.26%
[HOOKS] Total time spent: 0.929s
PARSEC Benchmark Suite Version 3.0-beta-20150206
Total input size:                       30.70 MB
Total output size:                      29.05 MB
Effective compression factor:            1.06x

Mean data chunk size:                    3.88 KB (stddev: 367.52 KB)
Amount of duplicate chunks:              3.84%
Data size after deduplication:          30.69 MB (compression factor: 1.00x)
Data size after compression:            28.98 MB (compression factor: 1.06x)
Output overhead:                         0.26%
[HOOKS] Total time spent: 0.929s
PARSEC Benchmark Suite Version 3.0-beta-20150206
Total input size:                       30.70 MB
Total output size:                      29.05 MB
Effective compression factor:            1.06x

Mean data chunk size:                    3.88 KB (stddev: 367.52 KB)
Amount of duplicate chunks:              3.84%
Data size after deduplication:          30.69 MB (compression factor: 1.00x)
Data size after compression:            28.98 MB (compression factor: 1.06x)
Output overhead:                         0.26%
[HOOKS] Total time spent: 0.930s
PARSEC Benchmark Suite Version 3.0-beta-20150206
Total input size:                       30.70 MB
Total output size:                      29.05 MB
Effective compression factor:            1.06x

Mean data chunk size:                    3.88 KB (stddev: 367.52 KB)
Amount of duplicate chunks:              3.84%
Data size after deduplication:          30.69 MB (compression factor: 1.00x)
Data size after compression:            28.98 MB (compression factor: 1.06x)
Output overhead:                         0.26%
[HOOKS] Total time spent: 0.928s
PARSEC Benchmark Suite Version 3.0-beta-20150206
Total input size:                       30.70 MB
Total output size:                      29.05 MB
Effective compression factor:            1.06x

Mean data chunk size:                    3.88 KB (stddev: 367.52 KB)
Amount of duplicate chunks:              3.84%
Data size after deduplication:          30.69 MB (compression factor: 1.00x)
Data size after compression:            28.98 MB (compression factor: 1.06x)
Output overhead:                         0.26%
[HOOKS] Total time spent: 0.928s
PARSEC Benchmark Suite Version 3.0-beta-20150206
Total input size:                       30.70 MB
Total output size:                      29.05 MB
Effective compression factor:            1.06x

Mean data chunk size:                    3.88 KB (stddev: 367.52 KB)
Amount of duplicate chunks:              3.84%
Data size after deduplication:          30.69 MB (compression factor: 1.00x)
Data size after compression:            28.98 MB (compression factor: 1.06x)
Output overhead:                         0.26%
[HOOKS] Total time spent: 0.923s
PARSEC Benchmark Suite Version 3.0-beta-20150206
Total input size:                       30.70 MB
Total output size:                      29.05 MB
Effective compression factor:            1.06x

Mean data chunk size:                    3.88 KB (stddev: 367.52 KB)
Amount of duplicate chunks:              3.84%
Data size after deduplication:          30.69 MB (compression factor: 1.00x)
Data size after compression:            28.98 MB (compression factor: 1.06x)
Output overhead:                         0.26%
[HOOKS] Total time spent: 0.921s
PARSEC Benchmark Suite Version 3.0-beta-20150206
Total input size:                       30.70 MB
Total output size:                      29.05 MB
Effective compression factor:            1.06x

Mean data chunk size:                    3.88 KB (stddev: 367.52 KB)
Amount of duplicate chunks:              3.84%
Data size after deduplication:          30.69 MB (compression factor: 1.00x)
Data size after compression:            28.98 MB (compression factor: 1.06x)
Output overhead:                         0.26%
[HOOKS] Total time spent: 0.926s
PARSEC Benchmark Suite Version 3.0-beta-20150206
Total input size:                       30.70 MB
Total output size:                      29.05 MB
Effective compression factor:            1.06x

Mean data chunk size:                    3.88 KB (stddev: 367.52 KB)
Amount of duplicate chunks:              3.84%
Data size after deduplication:          30.69 MB (compression factor: 1.00x)
Data size after compression:            28.98 MB (compression factor: 1.06x)
Output overhead:                         0.26%
[HOOKS] Total time spent: 0.934s
PARSEC Benchmark Suite Version 3.0-beta-20150206
Total input size:                       30.70 MB
Total output size:                      29.05 MB
Effective compression factor:            1.06x

Mean data chunk size:                    3.88 KB (stddev: 367.52 KB)
Amount of duplicate chunks:              3.84%
Data size after deduplication:          30.69 MB (compression factor: 1.00x)
Data size after compression:            28.98 MB (compression factor: 1.06x)
Output overhead:                         0.26%
[HOOKS] Total time spent: 0.938s
PARSEC Benchmark Suite Version 3.0-beta-20150206
Total input size:                       30.70 MB
Total output size:                      29.05 MB
Effective compression factor:            1.06x

Mean data chunk size:                    3.88 KB (stddev: 367.52 KB)
Amount of duplicate chunks:              3.84%
Data size after deduplication:          30.69 MB (compression factor: 1.00x)
Data size after compression:            28.98 MB (compression factor: 1.06x)
Output overhead:                         0.26%
[HOOKS] Total time spent: 0.923s
PARSEC Benchmark Suite Version 3.0-beta-20150206
Total input size:                       30.70 MB
Total output size:                      29.05 MB
Effective compression factor:            1.06x

Mean data chunk size:                    3.88 KB (stddev: 367.52 KB)
Amount of duplicate chunks:              3.84%
Data size after deduplication:          30.69 MB (compression factor: 1.00x)
Data size after compression:            28.98 MB (compression factor: 1.06x)
Output overhead:                         0.26%
[HOOKS] Total time spent: 0.925s
PARSEC Benchmark Suite Version 3.0-beta-20150206
Total input size:                       30.70 MB
Total output size:                      29.05 MB
Effective compression factor:            1.06x

Mean data chunk size:                    3.88 KB (stddev: 367.52 KB)
Amount of duplicate chunks:              3.84%
Data size after deduplication:          30.69 MB (compression factor: 1.00x)
Data size after compression:            28.98 MB (compression factor: 1.06x)
Output overhead:                         0.26%
[HOOKS] Total time spent: 0.926s
PARSEC Benchmark Suite Version 3.0-beta-20150206
Total input size:                       30.70 MB
Total output size:                      29.05 MB
Effective compression factor:            1.06x

Mean data chunk size:                    3.88 KB (stddev: 367.52 KB)
Amount of duplicate chunks:              3.84%
Data size after deduplication:          30.69 MB (compression factor: 1.00x)
Data size after compression:            28.98 MB (compression factor: 1.06x)
Output overhead:                         0.26%
[HOOKS] Total time spent: 0.924s
PARSEC Benchmark Suite Version 3.0-beta-20150206
Total input size:                       30.70 MB
Total output size:                      29.05 MB
Effective compression factor:            1.06x

Mean data chunk size:                    3.88 KB (stddev: 367.52 KB)
Amount of duplicate chunks:              3.84%
Data size after deduplication:          30.69 MB (compression factor: 1.00x)
Data size after compression:            28.98 MB (compression factor: 1.06x)
Output overhead:                         0.26%
[HOOKS] Total time spent: 0.932s
PARSEC Benchmark Suite Version 3.0-beta-20150206
Total input size:                       30.70 MB
Total output size:                      29.05 MB
Effective compression factor:            1.06x

Mean data chunk size:                    3.88 KB (stddev: 367.52 KB)
Amount of duplicate chunks:              3.84%
Data size after deduplication:          30.69 MB (compression factor: 1.00x)
Data size after compression:            28.98 MB (compression factor: 1.06x)
Output overhead:                         0.26%
[HOOKS] Total time spent: 0.925s
PARSEC Benchmark Suite Version 3.0-beta-20150206
Total input size:                       30.70 MB
Total output size:                      29.05 MB
Effective compression factor:            1.06x

Mean data chunk size:                    3.88 KB (stddev: 367.52 KB)
Amount of duplicate chunks:              3.84%
Data size after deduplication:          30.69 MB (compression factor: 1.00x)
Data size after compression:            28.98 MB (compression factor: 1.06x)
Output overhead:                         0.26%
[HOOKS] Total time spent: 0.920s
PARSEC Benchmark Suite Version 3.0-beta-20150206
Total input size:                       30.70 MB
Total output size:                      29.05 MB
Effective compression factor:            1.06x

Mean data chunk size:                    3.88 KB (stddev: 367.52 KB)
Amount of duplicate chunks:              3.84%
Data size after deduplication:          30.69 MB (compression factor: 1.00x)
Data size after compression:            28.98 MB (compression factor: 1.06x)
Output overhead:                         0.26%
[HOOKS] Total time spent: 0.918s
PARSEC Benchmark Suite Version 3.0-beta-20150206
Total input size:                       30.70 MB
Total output size:                      29.05 MB
Effective compression factor:            1.06x

Mean data chunk size:                    3.88 KB (stddev: 367.52 KB)
Amount of duplicate chunks:              3.84%
Data size after deduplication:          30.69 MB (compression factor: 1.00x)
Data size after compression:            28.98 MB (compression factor: 1.06x)
Output overhead:                         0.26%
[HOOKS] Total time spent: 0.923s
PARSEC Benchmark Suite Version 3.0-beta-20150206
Total input size:                       30.70 MB
Total output size:                      29.05 MB
Effective compression factor:            1.06x

Mean data chunk size:                    3.88 KB (stddev: 367.52 KB)
Amount of duplicate chunks:              3.84%
Data size after deduplication:          30.69 MB (compression factor: 1.00x)
Data size after compression:            28.98 MB (compression factor: 1.06x)
Output overhead:                         0.26%
[HOOKS] Total time spent: 0.926s
PARSEC Benchmark Suite Version 3.0-beta-20150206
Total input size:                       30.70 MB
Total output size:                      29.05 MB
Effective compression factor:            1.06x

Mean data chunk size:                    3.88 KB (stddev: 367.52 KB)
Amount of duplicate chunks:              3.84%
Data size after deduplication:          30.69 MB (compression factor: 1.00x)
Data size after compression:            28.98 MB (compression factor: 1.06x)
Output overhead:                         0.26%
[HOOKS] Total time spent: 0.926s
PARSEC Benchmark Suite Version 3.0-beta-20150206
Total input size:                       30.70 MB
Total output size:                      29.05 MB
Effective compression factor:            1.06x

Mean data chunk size:                    3.88 KB (stddev: 367.52 KB)
Amount of duplicate chunks:              3.84%
Data size after deduplication:          30.69 MB (compression factor: 1.00x)
Data size after compression:            28.98 MB (compression factor: 1.06x)
Output overhead:                         0.26%
[HOOKS] Total time spent: 0.924s
PARSEC Benchmark Suite Version 3.0-beta-20150206
Total input size:                       30.70 MB
Total output size:                      29.05 MB
Effective compression factor:            1.06x

Mean data chunk size:                    3.88 KB (stddev: 367.52 KB)
Amount of duplicate chunks:              3.84%
Data size after deduplication:          30.69 MB (compression factor: 1.00x)
Data size after compression:            28.98 MB (compression factor: 1.06x)
Output overhead:                         0.26%
[HOOKS] Total time spent: 0.925s
PARSEC Benchmark Suite Version 3.0-beta-20150206
Total input size:                       30.70 MB
Total output size:                      29.05 MB
Effective compression factor:            1.06x

Mean data chunk size:                    3.88 KB (stddev: 367.52 KB)
Amount of duplicate chunks:              3.84%
Data size after deduplication:          30.69 MB (compression factor: 1.00x)
Data size after compression:            28.98 MB (compression factor: 1.06x)
Output overhead:                         0.26%
[HOOKS] Total time spent: 0.922s
PARSEC Benchmark Suite Version 3.0-beta-20150206
Total input size:                       30.70 MB
Total output size:                      29.05 MB
Effective compression factor:            1.06x

Mean data chunk size:                    3.88 KB (stddev: 367.52 KB)
Amount of duplicate chunks:              3.84%
Data size after deduplication:          30.69 MB (compression factor: 1.00x)
Data size after compression:            28.98 MB (compression factor: 1.06x)
Output overhead:                         0.26%
[HOOKS] Total time spent: 0.924s
PARSEC Benchmark Suite Version 3.0-beta-20150206
Total input size:                       30.70 MB
Total output size:                      29.05 MB
Effective compression factor:            1.06x

Mean data chunk size:                    3.88 KB (stddev: 367.52 KB)
Amount of duplicate chunks:              3.84%
Data size after deduplication:          30.69 MB (compression factor: 1.00x)
Data size after compression:            28.98 MB (compression factor: 1.06x)
Output overhead:                         0.26%
[HOOKS] Total time spent: 0.948s
PARSEC Benchmark Suite Version 3.0-beta-20150206
Total input size:                       30.70 MB
Total output size:                      29.05 MB
Effective compression factor:            1.06x

Mean data chunk size:                    3.88 KB (stddev: 367.52 KB)
Amount of duplicate chunks:              3.84%
Data size after deduplication:          30.69 MB (compression factor: 1.00x)
Data size after compression:            28.98 MB (compression factor: 1.06x)
Output overhead:                         0.26%
[HOOKS] Total time spent: 0.919s
PARSEC Benchmark Suite Version 3.0-beta-20150206
Total input size:                       30.70 MB
Total output size:                      29.05 MB
Effective compression factor:            1.06x

Mean data chunk size:                    3.88 KB (stddev: 367.52 KB)
Amount of duplicate chunks:              3.84%
Data size after deduplication:          30.69 MB (compression factor: 1.00x)
Data size after compression:            28.98 MB (compression factor: 1.06x)
Output overhead:                         0.26%
[HOOKS] Total time spent: 0.925s
PARSEC Benchmark Suite Version 3.0-beta-20150206
Total input size:                       30.70 MB
Total output size:                      29.05 MB
Effective compression factor:            1.06x

Mean data chunk size:                    3.88 KB (stddev: 367.52 KB)
Amount of duplicate chunks:              3.84%
Data size after deduplication:          30.69 MB (compression factor: 1.00x)
Data size after compression:            28.98 MB (compression factor: 1.06x)
Output overhead:                         0.26%
[HOOKS] Total time spent: 0.925s
PARSEC Benchmark Suite Version 3.0-beta-20150206
Total input size:                       30.70 MB
Total output size:                      29.05 MB
Effective compression factor:            1.06x

Mean data chunk size:                    3.88 KB (stddev: 367.52 KB)
Amount of duplicate chunks:              3.84%
Data size after deduplication:          30.69 MB (compression factor: 1.00x)
Data size after compression:            28.98 MB (compression factor: 1.06x)
Output overhead:                         0.26%
[HOOKS] Total time spent: 0.927s
PARSEC Benchmark Suite Version 3.0-beta-20150206
Total input size:                       30.70 MB
Total output size:                      29.05 MB
Effective compression factor:            1.06x

Mean data chunk size:                    3.88 KB (stddev: 367.52 KB)
Amount of duplicate chunks:              3.84%
Data size after deduplication:          30.69 MB (compression factor: 1.00x)
Data size after compression:            28.98 MB (compression factor: 1.06x)
Output overhead:                         0.26%
[HOOKS] Total time spent: 0.922s
PARSEC Benchmark Suite Version 3.0-beta-20150206
Total input size:                       30.70 MB
Total output size:                      29.05 MB
Effective compression factor:            1.06x

Mean data chunk size:                    3.88 KB (stddev: 367.52 KB)
Amount of duplicate chunks:              3.84%
Data size after deduplication:          30.69 MB (compression factor: 1.00x)
Data size after compression:            28.98 MB (compression factor: 1.06x)
Output overhead:                         0.26%
[HOOKS] Total time spent: 0.923s
PARSEC Benchmark Suite Version 3.0-beta-20150206
Total input size:                       30.70 MB
Total output size:                      29.05 MB
Effective compression factor:            1.06x

Mean data chunk size:                    3.88 KB (stddev: 367.52 KB)
Amount of duplicate chunks:              3.84%
Data size after deduplication:          30.69 MB (compression factor: 1.00x)
Data size after compression:            28.98 MB (compression factor: 1.06x)
Output overhead:                         0.26%
[HOOKS] Total time spent: 0.917s
PARSEC Benchmark Suite Version 3.0-beta-20150206
Total input size:                       30.70 MB
Total output size:                      29.05 MB
Effective compression factor:            1.06x

Mean data chunk size:                    3.88 KB (stddev: 367.52 KB)
Amount of duplicate chunks:              3.84%
Data size after deduplication:          30.69 MB (compression factor: 1.00x)
Data size after compression:            28.98 MB (compression factor: 1.06x)
Output overhead:                         0.26%
[HOOKS] Total time spent: 0.921s
PARSEC Benchmark Suite Version 3.0-beta-20150206
Total input size:                       30.70 MB
Total output size:                      29.05 MB
Effective compression factor:            1.06x

Mean data chunk size:                    3.88 KB (stddev: 367.52 KB)
Amount of duplicate chunks:              3.84%
Data size after deduplication:          30.69 MB (compression factor: 1.00x)
Data size after compression:            28.98 MB (compression factor: 1.06x)
Output overhead:                         0.26%
[HOOKS] Total time spent: 0.921s
PARSEC Benchmark Suite Version 3.0-beta-20150206
Total input size:                       30.70 MB
Total output size:                      29.05 MB
Effective compression factor:            1.06x

Mean data chunk size:                    3.88 KB (stddev: 367.52 KB)
Amount of duplicate chunks:              3.84%
Data size after deduplication:          30.69 MB (compression factor: 1.00x)
Data size after compression:            28.98 MB (compression factor: 1.06x)
Output overhead:                         0.26%
[HOOKS] Total time spent: 0.922s
PARSEC Benchmark Suite Version 3.0-beta-20150206
Total input size:                       30.70 MB
Total output size:                      29.05 MB
Effective compression factor:            1.06x

Mean data chunk size:                    3.88 KB (stddev: 367.52 KB)
Amount of duplicate chunks:              3.84%
Data size after deduplication:          30.69 MB (compression factor: 1.00x)
Data size after compression:            28.98 MB (compression factor: 1.06x)
Output overhead:                         0.26%
[HOOKS] Total time spent: 0.926s
PARSEC Benchmark Suite Version 3.0-beta-20150206
Total input size:                       30.70 MB
Total output size:                      29.05 MB
Effective compression factor:            1.06x

Mean data chunk size:                    3.88 KB (stddev: 367.52 KB)
Amount of duplicate chunks:              3.84%
Data size after deduplication:          30.69 MB (compression factor: 1.00x)
Data size after compression:            28.98 MB (compression factor: 1.06x)
Output overhead:                         0.26%
[HOOKS] Total time spent: 0.918s
PARSEC Benchmark Suite Version 3.0-beta-20150206
Total input size:                       30.70 MB
Total output size:                      29.05 MB
Effective compression factor:            1.06x

Mean data chunk size:                    3.88 KB (stddev: 367.52 KB)
Amount of duplicate chunks:              3.84%
Data size after deduplication:          30.69 MB (compression factor: 1.00x)
Data size after compression:            28.98 MB (compression factor: 1.06x)
Output overhead:                         0.26%
[HOOKS] Total time spent: 0.927s
PARSEC Benchmark Suite Version 3.0-beta-20150206
Total input size:                       30.70 MB
Total output size:                      29.05 MB
Effective compression factor:            1.06x

Mean data chunk size:                    3.88 KB (stddev: 367.52 KB)
Amount of duplicate chunks:              3.84%
Data size after deduplication:          30.69 MB (compression factor: 1.00x)
Data size after compression:            28.98 MB (compression factor: 1.06x)
Output overhead:                         0.26%
[HOOKS] Total time spent: 0.931s
PARSEC Benchmark Suite Version 3.0-beta-20150206
Total input size:                       30.70 MB
Total output size:                      29.05 MB
Effective compression factor:            1.06x

Mean data chunk size:                    3.88 KB (stddev: 367.52 KB)
Amount of duplicate chunks:              3.84%
Data size after deduplication:          30.69 MB (compression factor: 1.00x)
Data size after compression:            28.98 MB (compression factor: 1.06x)
Output overhead:                         0.26%
[HOOKS] Total time spent: 0.948s
PARSEC Benchmark Suite Version 3.0-beta-20150206
Total input size:                       30.70 MB
Total output size:                      29.05 MB
Effective compression factor:            1.06x

Mean data chunk size:                    3.88 KB (stddev: 367.52 KB)
Amount of duplicate chunks:              3.84%
Data size after deduplication:          30.69 MB (compression factor: 1.00x)
Data size after compression:            28.98 MB (compression factor: 1.06x)
Output overhead:                         0.26%
[HOOKS] Total time spent: 0.925s
PARSEC Benchmark Suite Version 3.0-beta-20150206
Total input size:                       30.70 MB
Total output size:                      29.05 MB
Effective compression factor:            1.06x

Mean data chunk size:                    3.88 KB (stddev: 367.52 KB)
Amount of duplicate chunks:              3.84%
Data size after deduplication:          30.69 MB (compression factor: 1.00x)
Data size after compression:            28.98 MB (compression factor: 1.06x)
Output overhead:                         0.26%
[HOOKS] Total time spent: 0.924s
PARSEC Benchmark Suite Version 3.0-beta-20150206
Total input size:                       30.70 MB
Total output size:                      29.05 MB
Effective compression factor:            1.06x

Mean data chunk size:                    3.88 KB (stddev: 367.52 KB)
Amount of duplicate chunks:              3.84%
Data size after deduplication:          30.69 MB (compression factor: 1.00x)
Data size after compression:            28.98 MB (compression factor: 1.06x)
Output overhead:                         0.26%
[HOOKS] Total time spent: 0.923s
PARSEC Benchmark Suite Version 3.0-beta-20150206
Total input size:                       30.70 MB
Total output size:                      29.05 MB
Effective compression factor:            1.06x

Mean data chunk size:                    3.88 KB (stddev: 367.52 KB)
Amount of duplicate chunks:              3.84%
Data size after deduplication:          30.69 MB (compression factor: 1.00x)
Data size after compression:            28.98 MB (compression factor: 1.06x)
Output overhead:                         0.26%
[HOOKS] Total time spent: 0.923s
PARSEC Benchmark Suite Version 3.0-beta-20150206
Total input size:                       30.70 MB
Total output size:                      29.05 MB
Effective compression factor:            1.06x

Mean data chunk size:                    3.88 KB (stddev: 367.52 KB)
Amount of duplicate chunks:              3.84%
Data size after deduplication:          30.69 MB (compression factor: 1.00x)
Data size after compression:            28.98 MB (compression factor: 1.06x)
Output overhead:                         0.26%
[HOOKS] Total time spent: 0.926s
PARSEC Benchmark Suite Version 3.0-beta-20150206
Total input size:                       30.70 MB
Total output size:                      29.05 MB
Effective compression factor:            1.06x

Mean data chunk size:                    3.88 KB (stddev: 367.52 KB)
Amount of duplicate chunks:              3.84%
Data size after deduplication:          30.69 MB (compression factor: 1.00x)
Data size after compression:            28.98 MB (compression factor: 1.06x)
Output overhead:                         0.26%
[HOOKS] Total time spent: 0.951s
PARSEC Benchmark Suite Version 3.0-beta-20150206
Total input size:                       30.70 MB
Total output size:                      29.05 MB
Effective compression factor:            1.06x

Mean data chunk size:                    3.88 KB (stddev: 367.52 KB)
Amount of duplicate chunks:              3.84%
Data size after deduplication:          30.69 MB (compression factor: 1.00x)
Data size after compression:            28.98 MB (compression factor: 1.06x)
Output overhead:                         0.26%
[HOOKS] Total time spent: 0.937s
PARSEC Benchmark Suite Version 3.0-beta-20150206
Total input size:                       30.70 MB
Total output size:                      29.05 MB
Effective compression factor:            1.06x

Mean data chunk size:                    3.88 KB (stddev: 367.52 KB)
Amount of duplicate chunks:              3.84%
Data size after deduplication:          30.69 MB (compression factor: 1.00x)
Data size after compression:            28.98 MB (compression factor: 1.06x)
Output overhead:                         0.26%
[HOOKS] Total time spent: 0.921s
PARSEC Benchmark Suite Version 3.0-beta-20150206
Total input size:                       30.70 MB
Total output size:                      29.05 MB
Effective compression factor:            1.06x

Mean data chunk size:                    3.88 KB (stddev: 367.52 KB)
Amount of duplicate chunks:              3.84%
Data size after deduplication:          30.69 MB (compression factor: 1.00x)
Data size after compression:            28.98 MB (compression factor: 1.06x)
Output overhead:                         0.26%
[HOOKS] Total time spent: 0.930s
PARSEC Benchmark Suite Version 3.0-beta-20150206
Total input size:                       30.70 MB
Total output size:                      29.05 MB
Effective compression factor:            1.06x

Mean data chunk size:                    3.88 KB (stddev: 367.52 KB)
Amount of duplicate chunks:              3.84%
Data size after deduplication:          30.69 MB (compression factor: 1.00x)
Data size after compression:            28.98 MB (compression factor: 1.06x)
Output overhead:                         0.26%
[HOOKS] Total time spent: 0.925s
PARSEC Benchmark Suite Version 3.0-beta-20150206
Total input size:                       30.70 MB
Total output size:                      29.05 MB
Effective compression factor:            1.06x

Mean data chunk size:                    3.88 KB (stddev: 367.52 KB)
Amount of duplicate chunks:              3.84%
Data size after deduplication:          30.69 MB (compression factor: 1.00x)
Data size after compression:            28.98 MB (compression factor: 1.06x)
Output overhead:                         0.26%
[HOOKS] Total time spent: 0.930s
PARSEC Benchmark Suite Version 3.0-beta-20150206
Total input size:                       30.70 MB
Total output size:                      29.05 MB
Effective compression factor:            1.06x

Mean data chunk size:                    3.88 KB (stddev: 367.52 KB)
Amount of duplicate chunks:              3.84%
Data size after deduplication:          30.69 MB (compression factor: 1.00x)
Data size after compression:            28.98 MB (compression factor: 1.06x)
Output overhead:                         0.26%
[HOOKS] Total time spent: 0.927s
PARSEC Benchmark Suite Version 3.0-beta-20150206
Total input size:                       30.70 MB
Total output size:                      29.05 MB
Effective compression factor:            1.06x

Mean data chunk size:                    3.88 KB (stddev: 367.52 KB)
Amount of duplicate chunks:              3.84%
Data size after deduplication:          30.69 MB (compression factor: 1.00x)
Data size after compression:            28.98 MB (compression factor: 1.06x)
Output overhead:                         0.26%
[HOOKS] Total time spent: 0.926s
PARSEC Benchmark Suite Version 3.0-beta-20150206
Total input size:                       30.70 MB
Total output size:                      29.05 MB
Effective compression factor:            1.06x

Mean data chunk size:                    3.88 KB (stddev: 367.52 KB)
Amount of duplicate chunks:              3.84%
Data size after deduplication:          30.69 MB (compression factor: 1.00x)
Data size after compression:            28.98 MB (compression factor: 1.06x)
Output overhead:                         0.26%
[HOOKS] Total time spent: 0.925s
PARSEC Benchmark Suite Version 3.0-beta-20150206
Total input size:                       30.70 MB
Total output size:                      29.05 MB
Effective compression factor:            1.06x

Mean data chunk size:                    3.88 KB (stddev: 367.52 KB)
Amount of duplicate chunks:              3.84%
Data size after deduplication:          30.69 MB (compression factor: 1.00x)
Data size after compression:            28.98 MB (compression factor: 1.06x)
Output overhead:                         0.26%
[HOOKS] Total time spent: 0.926s
PARSEC Benchmark Suite Version 3.0-beta-20150206
Total input size:                       30.70 MB
Total output size:                      29.05 MB
Effective compression factor:            1.06x

Mean data chunk size:                    3.88 KB (stddev: 367.52 KB)
Amount of duplicate chunks:              3.84%
Data size after deduplication:          30.69 MB (compression factor: 1.00x)
Data size after compression:            28.98 MB (compression factor: 1.06x)
Output overhead:                         0.26%
[HOOKS] Total time spent: 0.925s
PARSEC Benchmark Suite Version 3.0-beta-20150206
Total input size:                       30.70 MB
Total output size:                      29.05 MB
Effective compression factor:            1.06x

Mean data chunk size:                    3.88 KB (stddev: 367.52 KB)
Amount of duplicate chunks:              3.84%
Data size after deduplication:          30.69 MB (compression factor: 1.00x)
Data size after compression:            28.98 MB (compression factor: 1.06x)
Output overhead:                         0.26%
[HOOKS] Total time spent: 0.931s
PARSEC Benchmark Suite Version 3.0-beta-20150206
Total input size:                       30.70 MB
Total output size:                      29.05 MB
Effective compression factor:            1.06x

Mean data chunk size:                    3.88 KB (stddev: 367.52 KB)
Amount of duplicate chunks:              3.84%
Data size after deduplication:          30.69 MB (compression factor: 1.00x)
Data size after compression:            28.98 MB (compression factor: 1.06x)
Output overhead:                         0.26%
[HOOKS] Total time spent: 0.928s
PARSEC Benchmark Suite Version 3.0-beta-20150206
Total input size:                       30.70 MB
Total output size:                      29.05 MB
Effective compression factor:            1.06x

Mean data chunk size:                    3.88 KB (stddev: 367.52 KB)
Amount of duplicate chunks:              3.84%
Data size after deduplication:          30.69 MB (compression factor: 1.00x)
Data size after compression:            28.98 MB (compression factor: 1.06x)
Output overhead:                         0.26%
[HOOKS] Total time spent: 0.926s
PARSEC Benchmark Suite Version 3.0-beta-20150206
Total input size:                       30.70 MB
Total output size:                      29.05 MB
Effective compression factor:            1.06x

Mean data chunk size:                    3.88 KB (stddev: 367.52 KB)
Amount of duplicate chunks:              3.84%
Data size after deduplication:          30.69 MB (compression factor: 1.00x)
Data size after compression:            28.98 MB (compression factor: 1.06x)
Output overhead:                         0.26%
[HOOKS] Total time spent: 0.927s
PARSEC Benchmark Suite Version 3.0-beta-20150206
Total input size:                       30.70 MB
Total output size:                      29.05 MB
Effective compression factor:            1.06x

Mean data chunk size:                    3.88 KB (stddev: 367.52 KB)
Amount of duplicate chunks:              3.84%
Data size after deduplication:          30.69 MB (compression factor: 1.00x)
Data size after compression:            28.98 MB (compression factor: 1.06x)
Output overhead:                         0.26%
[HOOKS] Total time spent: 0.929s
PARSEC Benchmark Suite Version 3.0-beta-20150206
Total input size:                       30.70 MB
Total output size:                      29.05 MB
Effective compression factor:            1.06x

Mean data chunk size:                    3.88 KB (stddev: 367.52 KB)
Amount of duplicate chunks:              3.84%
Data size after deduplication:          30.69 MB (compression factor: 1.00x)
Data size after compression:            28.98 MB (compression factor: 1.06x)
Output overhead:                         0.26%
[HOOKS] Total time spent: 0.944s
PARSEC Benchmark Suite Version 3.0-beta-20150206
Total input size:                       30.70 MB
Total output size:                      29.05 MB
Effective compression factor:            1.06x

Mean data chunk size:                    3.88 KB (stddev: 367.52 KB)
Amount of duplicate chunks:              3.84%
Data size after deduplication:          30.69 MB (compression factor: 1.00x)
Data size after compression:            28.98 MB (compression factor: 1.06x)
Output overhead:                         0.26%
[HOOKS] Total time spent: 0.925s
PARSEC Benchmark Suite Version 3.0-beta-20150206
Total input size:                       30.70 MB
Total output size:                      29.05 MB
Effective compression factor:            1.06x

Mean data chunk size:                    3.88 KB (stddev: 367.52 KB)
Amount of duplicate chunks:              3.84%
Data size after deduplication:          30.69 MB (compression factor: 1.00x)
Data size after compression:            28.98 MB (compression factor: 1.06x)
Output overhead:                         0.26%
[HOOKS] Total time spent: 1.393s
PARSEC Benchmark Suite Version 3.0-beta-20150206
Total input size:                       30.70 MB
Total output size:                      29.05 MB
Effective compression factor:            1.06x

Mean data chunk size:                    3.88 KB (stddev: 367.52 KB)
Amount of duplicate chunks:              3.84%
Data size after deduplication:          30.69 MB (compression factor: 1.00x)
Data size after compression:            28.98 MB (compression factor: 1.06x)
Output overhead:                         0.26%
[HOOKS] Total time spent: 0.925s
PARSEC Benchmark Suite Version 3.0-beta-20150206
Total input size:                       30.70 MB
Total output size:                      29.05 MB
Effective compression factor:            1.06x

Mean data chunk size:                    3.88 KB (stddev: 367.52 KB)
Amount of duplicate chunks:              3.84%
Data size after deduplication:          30.69 MB (compression factor: 1.00x)
Data size after compression:            28.98 MB (compression factor: 1.06x)
Output overhead:                         0.26%
[HOOKS] Total time spent: 0.925s
PARSEC Benchmark Suite Version 3.0-beta-20150206
Total input size:                       30.70 MB
Total output size:                      29.05 MB
Effective compression factor:            1.06x

Mean data chunk size:                    3.88 KB (stddev: 367.52 KB)
Amount of duplicate chunks:              3.84%
Data size after deduplication:          30.69 MB (compression factor: 1.00x)
Data size after compression:            28.98 MB (compression factor: 1.06x)
Output overhead:                         0.26%
[HOOKS] Total time spent: 0.923s
PARSEC Benchmark Suite Version 3.0-beta-20150206
Total input size:                       30.70 MB
Total output size:                      29.05 MB
Effective compression factor:            1.06x

Mean data chunk size:                    3.88 KB (stddev: 367.52 KB)
Amount of duplicate chunks:              3.84%
Data size after deduplication:          30.69 MB (compression factor: 1.00x)
Data size after compression:            28.98 MB (compression factor: 1.06x)
Output overhead:                         0.26%
[HOOKS] Total time spent: 0.947s
PARSEC Benchmark Suite Version 3.0-beta-20150206
Total input size:                       30.70 MB
Total output size:                      29.05 MB
Effective compression factor:            1.06x

Mean data chunk size:                    3.88 KB (stddev: 367.52 KB)
Amount of duplicate chunks:              3.84%
Data size after deduplication:          30.69 MB (compression factor: 1.00x)
Data size after compression:            28.98 MB (compression factor: 1.06x)
Output overhead:                         0.26%
[HOOKS] Total time spent: 0.924s
PARSEC Benchmark Suite Version 3.0-beta-20150206
Total input size:                       30.70 MB
Total output size:                      29.05 MB
Effective compression factor:            1.06x

Mean data chunk size:                    3.88 KB (stddev: 367.52 KB)
Amount of duplicate chunks:              3.84%
Data size after deduplication:          30.69 MB (compression factor: 1.00x)
Data size after compression:            28.98 MB (compression factor: 1.06x)
Output overhead:                         0.26%
[HOOKS] Total time spent: 0.932s
PARSEC Benchmark Suite Version 3.0-beta-20150206
Total input size:                       30.70 MB
Total output size:                      29.05 MB
Effective compression factor:            1.06x

Mean data chunk size:                    3.88 KB (stddev: 367.52 KB)
Amount of duplicate chunks:              3.84%
Data size after deduplication:          30.69 MB (compression factor: 1.00x)
Data size after compression:            28.98 MB (compression factor: 1.06x)
Output overhead:                         0.26%
[HOOKS] Total time spent: 0.926s
PARSEC Benchmark Suite Version 3.0-beta-20150206
Total input size:                       30.70 MB
Total output size:                      29.05 MB
Effective compression factor:            1.06x

Mean data chunk size:                    3.88 KB (stddev: 367.52 KB)
Amount of duplicate chunks:              3.84%
Data size after deduplication:          30.69 MB (compression factor: 1.00x)
Data size after compression:            28.98 MB (compression factor: 1.06x)
Output overhead:                         0.26%
[HOOKS] Total time spent: 0.960s
PARSEC Benchmark Suite Version 3.0-beta-20150206
Total input size:                       30.70 MB
Total output size:                      29.05 MB
Effective compression factor:            1.06x

Mean data chunk size:                    3.88 KB (stddev: 367.52 KB)
Amount of duplicate chunks:              3.84%
Data size after deduplication:          30.69 MB (compression factor: 1.00x)
Data size after compression:            28.98 MB (compression factor: 1.06x)
Output overhead:                         0.26%
[HOOKS] Total time spent: 0.927s
PARSEC Benchmark Suite Version 3.0-beta-20150206
Total input size:                       30.70 MB
Total output size:                      29.05 MB
Effective compression factor:            1.06x

Mean data chunk size:                    3.88 KB (stddev: 367.52 KB)
Amount of duplicate chunks:              3.84%
Data size after deduplication:          30.69 MB (compression factor: 1.00x)
Data size after compression:            28.98 MB (compression factor: 1.06x)
Output overhead:                         0.26%
[HOOKS] Total time spent: 0.926s
