1.410586
1.411041
1.410607
1.410027
1.412153
1.409945
1.411785
1.411911
1.410786
1.412499
1.412796
1.412073
1.410854
1.410631
1.412382
1.411873
1.412830
1.412320
1.410478
1.412155
1.412934
1.411657
1.411905
1.412120
1.411501
1.408727
1.410421
1.410427
1.411275
1.412390
1.413333
1.413761
1.411039
1.411298
1.412783
1.413391
1.410559
1.412545
1.411220
1.410059
1.411466
1.411209
1.412649
1.411496
1.411392
1.411357
1.418933
1.412549
1.411789
1.413458
1.413377
1.413281
1.415648
1.415174
1.413006
1.412955
1.416672
1.413429
1.416495
1.413636
1.414085
1.412394
1.413618
1.418600
1.416945
1.411313
1.411735
1.412062
1.413635
1.414753
1.414336
1.413050
1.414823
1.412777
1.414291
1.412872
1.413850
1.414169
1.416751
1.413241
1.414693
1.413512
1.412110
1.414266
1.413605
1.413388
1.413784
1.411006
1.412248
1.413342
1.412476
1.411438
1.412056
1.412066
1.412922
1.411306
1.409883
1.410354
1.410303
1.412304
1.412892
1.413955
1.412649
1.413722
1.411140
1.411652
1.411054
1.410046
1.412382
1.410778
1.412459
1.411685
1.410893
1.411568
1.411431
1.411013
1.410928
1.411780
1.412725
1.411570
1.410766
1.412606
1.415516
1.410819
1.410217
1.410020
1.410948
1.409994
1.410094
1.409528
1.410204
1.411424
1.412481
1.411921
1.413437
1.413318
1.413867
1.411738
1.411203
1.411506
1.412364
1.411595
1.411987
1.414811
1.413506
1.412720
1.412758
1.411114
1.426706
1.411948
