1.460862
1.459258
1.459551
1.459911
1.458951
1.459197
1.459405
1.459058
1.458705
1.456654
1.460133
1.458166
1.458455
1.460340
1.458291
1.422470
1.453196
1.458221
1.461150
1.459365
1.461483
1.459293
1.460110
1.458692
1.460087
1.458713
1.459943
1.458244
1.459680
1.459305
1.460053
1.460253
1.441396
1.415212
1.414371
1.414707
1.415330
1.415136
1.413641
1.417319
1.434195
1.458267
1.456412
1.416007
1.414273
1.414279
1.413683
1.415619
1.415042
1.415344
1.414148
1.414469
1.414414
1.415949
1.415121
1.414589
1.426205
1.456626
1.457529
1.460375
1.459818
1.458910
1.459178
1.458301
1.459554
1.459455
1.459198
1.460237
1.459639
1.459150
1.458804
1.459720
1.458452
1.458943
1.459070
1.458088
1.458615
1.458019
1.459938
1.459245
1.460004
1.458847
1.462966
1.458822
1.428166
1.413747
1.414213
1.414609
1.414641
1.414371
1.414191
1.414652
1.413210
1.413670
1.414029
1.413197
1.414539
1.415206
1.415413
1.412351
1.459046
1.460312
1.458967
1.460312
1.459637
1.460544
1.459681
1.459218
1.460659
1.460707
1.458060
1.460075
1.463164
1.414026
1.413277
1.414074
1.431978
1.460521
1.458105
1.460295
1.459277
1.459852
1.458718
1.463266
1.459910
1.459438
1.459917
1.459779
1.458113
1.456799
1.459860
1.459104
1.459188
1.414809
1.415111
1.422296
1.413422
1.415877
1.414563
1.415518
1.414411
1.415335
1.414882
1.412660
1.417711
1.415560
1.413010
1.414437
1.427605
1.462118
