1.127672
1.132276
1.131509
1.132081
1.144359
1.131969
1.131832
1.131687
1.133331
1.132066
1.126714
1.127275
1.126498
1.126814
1.127240
1.132302
1.132675
1.127320
1.132223
1.131894
1.131680
1.128628
1.126799
1.127209
1.127535
1.133284
1.133225
1.126817
1.126606
1.126991
1.128817
1.127335
1.133100
1.125954
1.132943
1.132385
1.132288
1.132087
1.127363
1.127146
1.128890
1.126993
1.127198
1.129948
1.132434
1.128374
1.129183
1.126826
1.128361
1.127488
1.128159
1.127814
1.132340
1.133916
1.126738
1.127409
1.125888
1.131569
1.127240
1.127104
1.125947
1.127674
1.134337
1.126593
1.126727
1.127284
1.133645
1.126419
1.132649
1.132200
1.134287
1.125940
1.127577
1.127167
1.127258
1.128965
1.129609
1.126799
1.127009
1.126773
1.127427
1.127315
1.128277
1.132906
1.131661
1.132161
1.132330
1.127579
1.128280
1.126879
1.132028
1.126801
1.132532
1.132578
1.133365
1.131684
1.133004
1.127392
1.126644
1.132646
1.127768
1.127292
1.132367
1.131878
1.132884
1.136865
1.128020
1.127994
1.127147
1.132369
1.126872
1.132465
1.131972
1.132549
1.132198
1.134709
1.131490
1.132491
1.135491
1.127105
1.127504
1.132271
1.128222
1.130076
1.127739
1.133652
1.133231
1.132541
1.132462
1.133263
1.128488
1.127339
1.133251
1.132240
1.132573
1.132656
1.129426
1.126911
1.126934
1.125037
1.118058
1.123654
1.123542
1.123363
1.123239
1.124501
1.122781
1.123069
1.123315
1.123235
