1.127831
1.133477
1.133058
1.133973
1.133366
1.133084
1.133503
1.134247
1.140594
1.138358
1.133946
1.136809
1.134826
1.134829
1.135649
1.134456
1.134867
1.134366
1.133894
1.133868
1.134109
1.133593
1.133321
1.134551
1.134085
1.133833
1.134719
1.133842
1.134825
1.134562
1.134856
1.135675
1.135072
1.141534
1.135248
1.134287
1.135052
1.135662
1.134700
1.133706
1.133965
1.134203
1.134330
1.134230
1.134496
1.133804
1.134737
1.133970
1.134256
1.134382
1.134305
1.133935
1.134015
1.133747
1.133562
1.134420
1.134872
1.134394
1.134902
1.135448
1.136234
1.135131
1.134120
1.134100
1.135061
1.134754
1.134738
1.134438
1.134401
1.133652
1.134946
1.134193
1.138705
1.134102
1.134376
1.135323
1.139612
1.143469
1.134334
1.134757
1.140031
1.128742
1.129137
1.130157
1.129274
1.129485
1.135286
1.139050
1.137652
1.129804
1.130194
1.129516
1.130666
1.130262
1.130557
1.129689
1.135500
1.135854
1.134936
1.134394
1.144033
1.134851
1.134157
1.136058
1.135625
1.129018
1.129659
1.129984
1.128959
1.129143
1.129308
1.129118
1.131474
1.131241
1.135629
1.135366
1.135930
1.134019
1.135354
1.134791
1.135204
1.135485
1.135091
1.135953
1.136454
1.136162
1.136480
1.136168
1.142218
1.141404
1.141021
1.141460
1.141455
1.141195
1.140951
1.142454
1.141696
1.141307
1.140867
1.140932
1.136166
1.136645
1.136582
1.136142
1.135861
1.135249
1.137004
1.142845
1.146440
1.138263
