0.004275
0.004285
0.004287
0.004300
0.004289
0.004294
0.004283
0.004301
0.004293
0.004296
0.004287
0.004282
0.004299
0.004299
0.004282
0.004323
0.004290
0.004290
0.004302
0.004282
0.004292
0.004292
0.004280
0.004289
0.004293
0.004289
0.004287
0.004343
0.004386
0.004340
0.004317
0.004293
0.004299
0.004286
0.004298
0.004288
0.004306
0.004291
0.004305
0.004304
0.004330
0.004294
0.004308
0.004305
0.004308
0.004301
0.004291
0.004299
0.004287
0.004290
0.004292
0.004293
0.004308
0.004293
0.004294
0.004299
0.004284
0.004290
0.004291
0.004309
0.004298
0.004304
0.004291
0.004292
0.004282
0.004294
0.004290
0.004337
0.004283
0.004295
0.004288
0.004296
0.004287
0.004301
0.004285
0.004334
0.004292
0.004286
0.004305
0.004292
0.004283
0.004291
0.004294
0.004297
0.004287
0.004342
0.004292
0.004359
0.004395
0.004292
0.004293
0.004289
0.004300
0.004312
0.004302
0.004296
0.004285
0.004292
0.004299
0.004305
0.004301
0.004298
0.004291
0.004294
0.004293
0.004293
0.004296
0.004292
0.004295
0.004291
0.004303
0.004292
0.004295
0.004294
0.004342
0.004298
0.004293
0.004284
0.004282
0.004290
0.004290
0.004293
0.004297
0.004289
0.004290
0.004293
0.004298
0.004295
0.004288
0.004290
0.004291
0.004284
0.004315
0.004284
0.004336
0.004294
0.004297
0.004287
0.004287
0.004285
0.004302
0.004282
0.004302
0.004280
0.004300
0.004292
0.004295
0.004302
0.004294
0.004287
