0.004282
0.004288
0.004322
0.004284
0.004293
0.004282
0.004317
0.004302
0.004283
0.004291
0.004284
0.004303
0.004287
0.004291
0.004296
0.004301
0.004298
0.004286
0.004300
0.004336
0.004298
0.004317
0.004287
0.004307
0.004289
0.004296
0.004310
0.004294
0.004289
0.004298
0.004297
0.004303
0.004290
0.004282
0.004281
0.004297
0.004301
0.004312
0.004349
0.004334
0.004297
0.004305
0.004295
0.004303
0.004303
0.004297
0.004303
0.004288
0.004304
0.004298
0.004299
0.004307
0.004304
0.004296
0.004289
0.004298
0.004297
0.004304
0.004300
0.004300
0.004303
0.004298
0.004283
0.004296
0.004284
0.004299
0.004298
0.004295
0.004300
0.004353
0.004316
0.004284
0.004294
0.004290
0.004281
0.004301
0.004306
0.004328
0.004287
0.004296
0.004305
0.004287
0.004315
0.004306
0.004298
0.004289
0.004331
0.004293
0.004287
0.004292
0.004293
0.004296
0.004297
0.004306
0.004324
0.004292
0.004291
0.004306
0.004297
0.004296
0.004348
0.004287
0.004293
0.004299
0.004304
0.004294
0.004292
0.004289
0.004299
0.004299
0.004290
0.004298
0.004296
0.004301
0.004303
0.004376
0.004302
0.004399
0.004293
0.004317
0.004293
0.004294
0.004293
0.004283
0.004299
0.004302
0.004309
0.004287
0.004296
0.004293
0.004291
0.004354
0.004311
0.004299
0.004290
0.004306
0.004287
0.004296
0.004322
0.004288
0.004297
0.004283
0.004283
0.004293
0.004283
0.004303
0.004290
0.004299
0.004297
0.004284
