real 10.99
user 10.61
sys 0.36
real 10.81
user 10.59
sys 0.21
real 10.82
user 10.63
sys 0.18
real 10.79
user 10.60
sys 0.18
real 10.82
user 10.59
sys 0.21
real 10.79
user 10.57
sys 0.21
real 10.90
user 10.66
sys 0.21
real 10.87
user 10.66
sys 0.20
real 10.82
user 10.61
sys 0.20
real 10.85
user 10.66
sys 0.17
real 10.82
user 10.58
sys 0.23
real 10.79
user 10.54
sys 0.24
real 10.80
user 10.61
sys 0.18
real 10.81
user 10.56
sys 0.24
real 10.82
user 10.62
sys 0.18
real 10.84
user 10.62
sys 0.20
real 10.83
user 10.59
sys 0.22
real 10.80
user 10.55
sys 0.23
real 10.79
user 10.56
sys 0.21
real 10.81
user 10.58
sys 0.22
real 10.81
user 10.58
sys 0.22
real 10.79
user 10.58
sys 0.20
real 10.83
user 10.58
sys 0.23
real 10.81
user 10.60
sys 0.20
real 10.81
user 10.60
sys 0.20
real 10.80
user 10.60
sys 0.18
real 10.82
user 10.61
sys 0.20
real 10.89
user 10.69
sys 0.19
real 10.80
user 10.59
sys 0.20
real 10.84
user 10.62
sys 0.21
real 10.82
user 10.58
sys 0.22
real 10.82
user 10.61
sys 0.20
real 10.79
user 10.57
sys 0.20
real 10.81
user 10.52
sys 0.27
real 10.81
user 10.61
sys 0.18
real 10.84
user 10.65
sys 0.17
real 10.85
user 10.59
sys 0.24
real 10.83
user 10.58
sys 0.22
real 10.82
user 10.59
sys 0.22
real 10.79
user 10.57
sys 0.21
real 10.83
user 10.59
sys 0.23
real 10.83
user 10.63
sys 0.19
real 10.81
user 10.58
sys 0.22
real 10.87
user 10.69
sys 0.17
real 10.89
user 10.62
sys 0.26
real 10.80
user 10.57
sys 0.22
real 10.82
user 10.61
sys 0.20
real 10.80
user 10.55
sys 0.24
real 10.83
user 10.57
sys 0.24
real 10.87
user 10.66
sys 0.20
real 10.86
user 10.67
sys 0.18
real 10.83
user 10.58
sys 0.24
real 10.83
user 10.58
sys 0.23
real 10.81
user 10.57
sys 0.22
real 10.82
user 10.61
sys 0.19
real 10.79
user 10.57
sys 0.20
real 10.84
user 10.61
sys 0.22
real 10.86
user 10.64
sys 0.20
real 10.81
user 10.56
sys 0.24
real 10.82
user 10.60
sys 0.20
real 10.80
user 10.54
sys 0.25
real 10.83
user 10.60
sys 0.21
real 10.83
user 10.60
sys 0.22
real 10.83
user 10.58
sys 0.24
real 10.85
user 10.61
sys 0.23
real 10.83
user 10.55
sys 0.26
real 10.79
user 10.58
sys 0.19
real 10.83
user 10.63
sys 0.19
real 10.79
user 10.57
sys 0.20
real 10.82
user 10.57
sys 0.23
real 10.83
user 10.61
sys 0.20
real 10.85
user 10.64
sys 0.20
real 10.82
user 10.60
sys 0.21
real 10.80
user 10.58
sys 0.21
real 10.79
user 10.60
sys 0.18
real 10.80
user 10.58
sys 0.20
real 10.82
user 10.60
sys 0.21
real 10.83
user 10.60
sys 0.22
real 10.88
user 10.64
sys 0.22
real 10.83
user 10.60
sys 0.22
real 10.79
user 10.58
sys 0.20
real 10.79
user 10.56
sys 0.21
real 10.80
user 10.59
sys 0.20
real 10.80
user 10.58
sys 0.21
real 10.81
user 10.59
sys 0.20
real 10.84
user 10.64
sys 0.18
real 10.82
user 10.58
sys 0.23
real 11.63
user 11.41
sys 0.21
real 10.83
user 10.62
sys 0.19
real 10.81
user 10.61
sys 0.18
real 10.80
user 10.64
sys 0.15
real 10.84
user 10.65
sys 0.18
real 10.84
user 10.60
sys 0.22
real 10.80
user 10.57
sys 0.22
real 10.80
user 10.52
sys 0.26
real 10.81
user 10.60
sys 0.19
real 10.84
user 10.63
sys 0.19
real 10.81
user 10.58
sys 0.22
real 10.87
user 10.67
sys 0.18
real 10.85
user 10.63
sys 0.20
real 10.80
user 10.59
sys 0.20
real 10.82
user 10.55
sys 0.25
real 10.82
user 10.58
sys 0.23
real 10.80
user 10.57
sys 0.21
real 10.81
user 10.56
sys 0.23
real 10.87
user 10.67
sys 0.19
real 10.83
user 10.59
sys 0.22
real 10.84
user 10.64
sys 0.19
real 10.83
user 10.61
sys 0.20
real 10.83
user 10.64
sys 0.18
real 10.86
user 10.62
sys 0.22
real 10.83
user 10.59
sys 0.22
real 10.88
user 10.65
sys 0.21
real 10.85
user 10.61
sys 0.22
real 10.82
user 10.60
sys 0.21
real 10.84
user 10.61
sys 0.22
real 10.84
user 10.63
sys 0.20
real 10.93
user 10.63
sys 0.27
real 10.85
user 10.62
sys 0.22
real 10.89
user 10.69
sys 0.18
real 10.88
user 10.66
sys 0.21
real 10.86
user 10.58
sys 0.27
real 10.85
user 10.61
sys 0.22
real 10.91
user 10.64
sys 0.25
real 10.92
user 10.65
sys 0.25
real 10.88
user 10.66
sys 0.21
real 11.08
user 10.83
sys 0.23
real 10.86
user 10.59
sys 0.25
real 10.88
user 10.64
sys 0.22
real 10.88
user 10.66
sys 0.20
real 10.91
user 10.67
sys 0.22
real 10.93
user 10.66
sys 0.26
real 10.95
user 10.66
sys 0.28
real 10.90
user 10.65
sys 0.24
real 10.89
user 10.66
sys 0.21
real 10.90
user 10.64
sys 0.24
real 10.86
user 10.59
sys 0.25
real 10.91
user 10.65
sys 0.24
real 10.97
user 10.72
sys 0.24
real 10.97
user 10.64
sys 0.32
real 10.92
user 10.70
sys 0.21
real 10.89
user 10.62
sys 0.26
real 10.86
user 10.60
sys 0.24
real 10.88
user 10.61
sys 0.25
real 10.95
user 10.72
sys 0.21
real 11.01
user 10.73
sys 0.26
real 10.98
user 10.65
sys 0.32
real 10.95
user 10.69
sys 0.24
real 10.91
user 10.66
sys 0.24
real 10.88
user 10.59
sys 0.28
