real 11.30
user 10.71
sys 0.50
real 10.90
user 10.65
sys 0.23
real 10.92
user 10.67
sys 0.23
real 10.90
user 10.61
sys 0.28
real 10.99
user 10.73
sys 0.24
real 10.97
user 10.69
sys 0.26
real 10.90
user 10.64
sys 0.25
real 10.93
user 10.67
sys 0.24
real 10.93
user 10.65
sys 0.25
real 10.92
user 10.67
sys 0.24
real 10.93
user 10.68
sys 0.23
real 10.91
user 10.68
sys 0.22
real 10.91
user 10.64
sys 0.25
real 10.90
user 10.67
sys 0.21
real 10.95
user 10.71
sys 0.23
real 10.98
user 10.72
sys 0.24
real 10.97
user 10.74
sys 0.22
real 10.93
user 10.72
sys 0.20
real 10.93
user 10.64
sys 0.26
real 10.91
user 10.68
sys 0.22
real 10.89
user 10.62
sys 0.26
real 10.93
user 10.65
sys 0.26
real 10.93
user 10.67
sys 0.24
real 10.96
user 10.69
sys 0.24
real 10.90
user 10.63
sys 0.25
real 10.89
user 10.68
sys 0.20
real 10.93
user 10.66
sys 0.26
real 10.94
user 10.68
sys 0.25
real 10.92
user 10.65
sys 0.25
real 10.95
user 10.71
sys 0.22
real 10.93
user 10.69
sys 0.22
real 10.88
user 10.63
sys 0.23
real 10.93
user 10.69
sys 0.22
real 11.03
user 10.77
sys 0.25
real 10.94
user 10.66
sys 0.26
real 10.94
user 10.66
sys 0.26
real 10.92
user 10.61
sys 0.29
real 10.86
user 10.61
sys 0.23
real 10.91
user 10.65
sys 0.25
real 10.90
user 10.62
sys 0.26
real 10.93
user 10.69
sys 0.22
real 10.94
user 10.69
sys 0.23
real 10.92
user 10.60
sys 0.30
real 10.88
user 10.63
sys 0.24
real 10.86
user 10.64
sys 0.21
real 10.92
user 10.64
sys 0.26
real 10.92
user 10.67
sys 0.23
real 10.93
user 10.65
sys 0.27
real 10.97
user 10.72
sys 0.24
real 10.91
user 10.64
sys 0.26
real 10.89
user 10.62
sys 0.25
real 10.96
user 10.72
sys 0.23
real 10.94
user 10.65
sys 0.28
real 10.91
user 10.64
sys 0.25
real 10.94
user 10.71
sys 0.21
real 10.90
user 10.65
sys 0.23
real 10.90
user 10.62
sys 0.26
real 10.93
user 10.65
sys 0.26
real 10.92
user 10.64
sys 0.26
real 10.95
user 10.67
sys 0.27
real 10.96
user 10.63
sys 0.31
real 10.89
user 10.59
sys 0.28
real 10.87
user 10.64
sys 0.21
real 10.88
user 10.65
sys 0.22
real 10.91
user 10.62
sys 0.27
real 10.97
user 10.71
sys 0.24
real 10.93
user 10.65
sys 0.27
real 10.88
user 10.62
sys 0.24
real 10.89
user 10.63
sys 0.24
real 10.87
user 10.61
sys 0.24
real 10.90
user 10.64
sys 0.24
real 10.97
user 10.72
sys 0.23
real 10.91
user 10.66
sys 0.23
real 10.89
user 10.65
sys 0.23
real 10.87
user 10.64
sys 0.21
real 10.88
user 10.63
sys 0.24
real 10.93
user 10.68
sys 0.23
real 10.90
user 10.65
sys 0.23
real 10.96
user 10.67
sys 0.27
real 10.92
user 10.67
sys 0.24
real 10.89
user 10.63
sys 0.24
real 10.90
user 10.65
sys 0.24
real 10.91
user 10.63
sys 0.26
real 10.91
user 10.66
sys 0.24
real 10.96
user 10.71
sys 0.23
real 10.89
user 10.65
sys 0.22
real 10.88
user 10.63
sys 0.24
real 10.89
user 10.60
sys 0.27
real 10.89
user 10.65
sys 0.23
real 10.94
user 10.68
sys 0.24
real 10.98
user 10.72
sys 0.24
real 10.90
user 10.69
sys 0.20
real 10.91
user 10.65
sys 0.24
real 10.89
user 10.65
sys 0.23
real 10.89
user 10.67
sys 0.21
real 10.94
user 10.68
sys 0.24
real 10.96
user 10.70
sys 0.24
real 10.87
user 10.61
sys 0.25
real 10.95
user 10.71
sys 0.22
real 10.94
user 10.68
sys 0.24
real 10.92
user 10.63
sys 0.26
real 10.92
user 10.71
sys 0.20
real 10.93
user 10.65
sys 0.26
real 10.95
user 10.70
sys 0.23
real 10.92
user 10.63
sys 0.28
real 10.91
user 10.65
sys 0.25
real 10.96
user 10.70
sys 0.24
real 10.93
user 10.68
sys 0.23
real 10.93
user 10.61
sys 0.30
real 10.90
user 10.62
sys 0.26
real 10.88
user 10.64
sys 0.22
real 10.98
user 10.71
sys 0.25
real 10.98
user 10.70
sys 0.26
real 10.94
user 10.68
sys 0.24
real 10.96
user 10.66
sys 0.28
real 10.93
user 10.64
sys 0.27
real 10.90
user 10.63
sys 0.25
real 10.96
user 10.72
sys 0.22
real 10.96
user 10.70
sys 0.24
real 10.93
user 10.63
sys 0.28
real 10.99
user 10.71
sys 0.26
real 10.93
user 10.65
sys 0.26
real 10.93
user 10.68
sys 0.23
real 10.97
user 10.68
sys 0.28
real 10.99
user 10.70
sys 0.27
real 10.95
user 10.68
sys 0.26
real 10.98
user 10.71
sys 0.26
real 10.93
user 10.63
sys 0.28
real 10.93
user 10.66
sys 0.25
real 10.96
user 10.67
sys 0.27
real 11.03
user 10.73
sys 0.29
real 10.98
user 10.72
sys 0.24
real 10.99
user 10.70
sys 0.27
real 10.92
user 10.61
sys 0.29
real 11.37
user 10.75
sys 0.24
real 10.96
user 10.69
sys 0.25
real 10.99
user 10.72
sys 0.25
real 11.06
user 10.76
sys 0.28
real 10.96
user 10.70
sys 0.24
real 10.93
user 10.66
sys 0.24
real 10.95
user 10.64
sys 0.26
real 10.94
user 10.68
sys 0.25
real 11.00
user 10.72
sys 0.26
real 11.01
user 10.75
sys 0.24
real 10.95
user 10.66
sys 0.28
real 10.99
user 10.73
sys 0.25
real 10.95
user 10.70
sys 0.23
real 10.93
user 10.66
sys 0.26
real 11.02
user 10.72
sys 0.28
real 11.04
user 10.74
sys 0.28
