real 7.10
user 7.03
sys 0.06
real 7.04
user 6.92
sys 0.11
real 7.02
user 6.92
sys 0.09
real 7.16
user 7.06
sys 0.10
real 7.02
user 6.91
sys 0.10
real 7.02
user 6.88
sys 0.14
real 7.12
user 7.00
sys 0.10
real 7.14
user 7.03
sys 0.09
real 7.11
user 6.96
sys 0.15
real 6.80
user 6.72
sys 0.07
real 6.81
user 6.72
sys 0.08
real 6.91
user 6.79
sys 0.11
real 6.85
user 6.77
sys 0.07
real 6.92
user 6.83
sys 0.08
real 6.89
user 6.78
sys 0.10
real 6.89
user 6.73
sys 0.14
real 6.92
user 6.80
sys 0.10
real 6.79
user 6.68
sys 0.10
real 6.80
user 6.71
sys 0.08
real 6.81
user 6.71
sys 0.09
real 6.76
user 6.67
sys 0.09
real 6.84
user 6.75
sys 0.09
real 6.83
user 6.74
sys 0.08
real 6.82
user 6.71
sys 0.10
real 6.82
user 6.72
sys 0.08
real 6.82
user 6.69
sys 0.12
real 6.84
user 6.74
sys 0.09
real 6.76
user 6.64
sys 0.10
real 6.83
user 6.72
sys 0.10
real 6.82
user 6.73
sys 0.08
real 6.81
user 6.74
sys 0.06
real 6.85
user 6.74
sys 0.10
real 6.89
user 6.81
sys 0.08
real 7.09
user 6.98
sys 0.10
real 7.06
user 6.96
sys 0.09
real 7.09
user 6.96
sys 0.13
real 7.00
user 6.88
sys 0.11
real 7.04
user 6.94
sys 0.10
real 6.89
user 6.77
sys 0.10
real 6.79
user 6.71
sys 0.07
real 7.00
user 6.92
sys 0.07
real 7.02
user 6.94
sys 0.08
real 7.04
user 6.93
sys 0.10
real 7.04
user 6.93
sys 0.10
real 7.08
user 6.97
sys 0.10
real 7.08
user 6.97
sys 0.10
real 7.09
user 7.00
sys 0.08
real 6.82
user 6.72
sys 0.10
real 6.79
user 6.69
sys 0.10
real 6.79
user 6.69
sys 0.09
real 6.72
user 6.64
sys 0.07
real 6.76
user 6.67
sys 0.08
real 6.78
user 6.67
sys 0.11
real 6.86
user 6.73
sys 0.12
real 6.89
user 6.77
sys 0.11
real 6.81
user 6.72
sys 0.08
real 7.08
user 6.99
sys 0.09
real 6.98
user 6.88
sys 0.09
real 7.08
user 6.98
sys 0.08
real 7.00
user 6.89
sys 0.10
real 6.73
user 6.62
sys 0.10
real 6.85
user 6.77
sys 0.07
real 6.82
user 6.70
sys 0.10
real 6.77
user 6.64
sys 0.12
real 6.78
user 6.68
sys 0.09
real 6.79
user 6.68
sys 0.10
real 6.79
user 6.68
sys 0.10
real 6.80
user 6.70
sys 0.09
real 6.99
user 6.90
sys 0.08
real 7.07
user 6.97
sys 0.09
real 6.85
user 6.74
sys 0.10
real 6.82
user 6.72
sys 0.09
real 6.82
user 6.75
sys 0.06
real 6.86
user 6.73
sys 0.12
real 6.76
user 6.65
sys 0.10
real 6.78
user 6.69
sys 0.08
real 6.78
user 6.69
sys 0.08
real 7.00
user 6.90
sys 0.09
real 6.81
user 6.71
sys 0.09
real 7.01
user 6.89
sys 0.11
real 7.02
user 6.90
sys 0.11
real 6.80
user 6.70
sys 0.09
real 6.82
user 6.72
sys 0.09
real 6.73
user 6.62
sys 0.10
real 6.85
user 6.75
sys 0.09
real 6.74
user 6.61
sys 0.12
real 7.00
user 6.90
sys 0.08
real 7.09
user 6.99
sys 0.09
real 7.07
user 6.98
sys 0.08
real 7.07
user 6.98
sys 0.08
real 6.84
user 6.76
sys 0.07
real 6.82
user 6.74
sys 0.07
real 6.99
user 6.88
sys 0.10
real 7.03
user 6.86
sys 0.15
real 7.05
user 6.93
sys 0.11
real 6.97
user 6.83
sys 0.12
real 7.02
user 6.93
sys 0.08
real 6.91
user 6.81
sys 0.08
real 6.87
user 6.76
sys 0.11
real 6.79
user 6.68
sys 0.10
real 6.85
user 6.77
sys 0.07
real 6.77
user 6.66
sys 0.10
real 6.87
user 6.76
sys 0.10
real 6.84
user 6.69
sys 0.14
real 6.83
user 6.73
sys 0.10
real 6.81
user 6.73
sys 0.08
real 6.96
user 6.88
sys 0.07
real 7.07
user 6.98
sys 0.08
real 6.97
user 6.87
sys 0.08
real 6.98
user 6.87
sys 0.10
real 7.01
user 6.91
sys 0.09
real 7.13
user 7.00
sys 0.12
real 7.08
user 6.98
sys 0.09
real 6.82
user 6.70
sys 0.12
real 6.81
user 6.73
sys 0.07
real 6.80
user 6.73
sys 0.06
real 7.05
user 6.99
sys 0.06
real 7.02
user 6.90
sys 0.11
real 6.99
user 6.93
sys 0.06
real 6.98
user 6.89
sys 0.08
real 7.02
user 6.90
sys 0.11
real 7.09
user 6.96
sys 0.12
real 7.21
user 7.08
sys 0.12
real 6.91
user 6.78
sys 0.12
real 6.80
user 6.71
sys 0.09
real 6.83
user 6.75
sys 0.07
real 6.80
user 6.69
sys 0.10
real 6.77
user 6.67
sys 0.09
real 7.00
user 6.90
sys 0.09
real 7.06
user 6.93
sys 0.12
real 6.90
user 6.80
sys 0.10
real 6.87
user 6.73
sys 0.13
real 6.84
user 6.74
sys 0.09
real 6.78
user 6.68
sys 0.09
real 6.84
user 6.75
sys 0.08
real 6.83
user 6.72
sys 0.11
real 6.86
user 6.76
sys 0.09
real 6.79
user 6.70
sys 0.07
real 6.73
user 6.63
sys 0.09
real 7.01
user 6.92
sys 0.08
real 7.07
user 6.97
sys 0.10
real 7.05
user 6.91
sys 0.12
real 7.05
user 6.96
sys 0.08
real 7.04
user 6.96
sys 0.07
real 6.97
user 6.87
sys 0.08
real 6.87
user 6.76
sys 0.10
real 6.82
user 6.73
sys 0.08
real 6.75
user 6.64
sys 0.10
real 6.79
user 6.68
sys 0.09
real 7.08
user 6.95
sys 0.12
