real 3.29
user 2.98
sys 0.30
real 3.06
user 2.90
sys 0.15
real 3.04
user 2.91
sys 0.12
real 3.05
user 2.91
sys 0.13
real 3.06
user 2.89
sys 0.16
real 3.20
user 3.04
sys 0.14
real 3.07
user 2.92
sys 0.14
real 3.09
user 2.97
sys 0.12
real 3.04
user 2.90
sys 0.14
real 3.03
user 2.91
sys 0.12
real 3.05
user 2.93
sys 0.12
real 3.07
user 2.92
sys 0.14
real 3.01
user 2.85
sys 0.16
real 3.06
user 2.91
sys 0.15
real 3.05
user 2.91
sys 0.14
real 3.02
user 2.85
sys 0.16
real 3.04
user 2.91
sys 0.12
real 3.05
user 2.92
sys 0.13
real 3.35
user 3.23
sys 0.11
real 3.06
user 2.92
sys 0.13
real 3.06
user 2.95
sys 0.11
real 3.09
user 2.94
sys 0.14
real 3.05
user 2.90
sys 0.14
real 3.01
user 2.86
sys 0.14
real 3.04
user 2.89
sys 0.15
real 3.03
user 2.86
sys 0.16
real 3.05
user 2.91
sys 0.14
real 3.15
user 3.02
sys 0.13
real 3.01
user 2.86
sys 0.14
real 3.07
user 2.94
sys 0.13
real 3.01
user 2.87
sys 0.14
real 3.03
user 2.92
sys 0.10
real 3.08
user 2.97
sys 0.10
real 3.09
user 2.95
sys 0.14
real 3.05
user 2.89
sys 0.15
real 3.05
user 2.90
sys 0.14
real 3.05
user 2.89
sys 0.15
real 3.10
user 2.94
sys 0.15
real 3.11
user 2.95
sys 0.16
real 3.03
user 2.90
sys 0.13
real 3.06
user 2.94
sys 0.12
real 3.05
user 2.92
sys 0.12
real 3.08
user 2.94
sys 0.13
real 3.04
user 2.88
sys 0.15
real 3.04
user 2.90
sys 0.14
real 3.04
user 2.89
sys 0.14
real 3.06
user 2.89
sys 0.16
real 2.98
user 2.82
sys 0.15
real 2.98
user 2.82
sys 0.16
real 3.05
user 2.92
sys 0.13
real 3.06
user 2.92
sys 0.13
real 3.35
user 3.19
sys 0.16
real 3.02
user 2.87
sys 0.14
real 3.07
user 2.91
sys 0.15
real 3.05
user 2.92
sys 0.12
real 3.06
user 2.91
sys 0.15
real 3.00
user 2.86
sys 0.13
real 3.04
user 2.89
sys 0.14
real 3.07
user 2.90
sys 0.16
real 3.00
user 2.85
sys 0.14
real 3.09
user 2.96
sys 0.12
real 3.02
user 2.86
sys 0.15
real 3.02
user 2.86
sys 0.15
real 3.10
user 2.97
sys 0.12
real 3.09
user 2.94
sys 0.14
real 3.07
user 2.90
sys 0.17
real 3.06
user 2.94
sys 0.12
real 3.02
user 2.89
sys 0.12
real 3.06
user 2.88
sys 0.17
real 3.03
user 2.90
sys 0.12
real 3.03
user 2.89
sys 0.13
real 3.02
user 2.85
sys 0.16
real 3.06
user 2.92
sys 0.13
real 3.02
user 2.86
sys 0.15
real 3.02
user 2.88
sys 0.14
real 3.05
user 2.91
sys 0.13
real 3.06
user 2.90
sys 0.15
real 3.07
user 2.90
sys 0.16
real 3.01
user 2.86
sys 0.14
real 3.00
user 2.86
sys 0.13
real 3.06
user 2.94
sys 0.12
real 3.05
user 2.93
sys 0.12
real 3.07
user 2.94
sys 0.12
real 3.05
user 2.90
sys 0.14
real 3.04
user 2.91
sys 0.12
real 3.04
user 2.86
sys 0.16
real 3.02
user 2.87
sys 0.14
real 3.05
user 2.91
sys 0.14
real 3.00
user 2.88
sys 0.12
real 3.04
user 2.90
sys 0.13
real 3.10
user 2.95
sys 0.14
real 3.04
user 2.91
sys 0.12
real 3.11
user 2.96
sys 0.14
real 3.03
user 2.86
sys 0.16
real 3.07
user 2.94
sys 0.13
real 3.40
user 3.24
sys 0.16
real 3.01
user 2.85
sys 0.14
real 3.04
user 2.89
sys 0.14
real 3.03
user 2.87
sys 0.16
real 3.07
user 2.95
sys 0.12
real 3.06
user 2.89
sys 0.16
real 3.04
user 2.90
sys 0.13
real 3.05
user 2.88
sys 0.16
real 3.06
user 2.88
sys 0.17
real 3.04
user 2.92
sys 0.11
real 3.07
user 2.95
sys 0.12
real 3.03
user 2.86
sys 0.17
real 3.03
user 2.89
sys 0.14
real 3.06
user 2.91
sys 0.14
real 3.07
user 2.91
sys 0.15
real 3.03
user 2.86
sys 0.17
real 3.06
user 2.91
sys 0.14
real 3.04
user 2.88
sys 0.15
real 3.04
user 2.89
sys 0.14
real 3.06
user 2.89
sys 0.17
real 3.07
user 2.89
sys 0.17
real 3.09
user 2.93
sys 0.15
real 3.05
user 2.91
sys 0.14
real 3.05
user 2.87
sys 0.17
real 3.33
user 3.17
sys 0.16
real 3.05
user 2.88
sys 0.16
real 3.07
user 2.93
sys 0.14
real 3.04
user 2.87
sys 0.16
real 3.06
user 2.92
sys 0.14
real 3.07
user 2.94
sys 0.12
real 3.00
user 2.85
sys 0.14
real 3.07
user 2.90
sys 0.16
real 3.02
user 2.88
sys 0.13
real 3.06
user 2.93
sys 0.12
real 3.04
user 2.89
sys 0.15
real 3.08
user 2.94
sys 0.13
real 3.07
user 2.91
sys 0.15
real 3.05
user 2.92
sys 0.12
real 3.06
user 2.91
sys 0.14
real 3.06
user 2.93
sys 0.12
real 3.09
user 2.94
sys 0.14
real 3.04
user 2.92
sys 0.12
real 3.08
user 2.93
sys 0.14
real 3.06
user 2.91
sys 0.15
real 3.05
user 2.90
sys 0.14
real 3.03
user 2.88
sys 0.14
real 3.06
user 2.92
sys 0.13
real 3.07
user 2.91
sys 0.15
real 3.06
user 2.89
sys 0.16
real 3.38
user 3.21
sys 0.16
real 3.02
user 2.90
sys 0.11
real 3.02
user 2.89
sys 0.12
real 3.05
user 2.90
sys 0.14
real 3.03
user 2.88
sys 0.14
real 3.01
user 2.85
sys 0.16
