real 3.39
user 2.91
sys 0.47
real 3.14
user 2.96
sys 0.17
real 3.03
user 2.89
sys 0.13
real 3.08
user 2.91
sys 0.16
real 3.10
user 2.94
sys 0.15
real 3.08
user 2.90
sys 0.17
real 3.00
user 2.84
sys 0.15
real 3.09
user 2.94
sys 0.14
real 3.06
user 2.92
sys 0.14
real 3.04
user 2.88
sys 0.15
real 3.04
user 2.87
sys 0.16
real 3.04
user 2.88
sys 0.16
real 3.03
user 2.88
sys 0.14
real 3.08
user 2.92
sys 0.16
real 3.08
user 2.92
sys 0.15
real 3.06
user 2.91
sys 0.14
real 3.11
user 2.94
sys 0.16
real 3.01
user 2.83
sys 0.17
real 3.09
user 2.92
sys 0.16
real 3.03
user 2.84
sys 0.18
real 3.03
user 2.87
sys 0.15
real 3.07
user 2.91
sys 0.14
real 3.03
user 2.86
sys 0.16
real 3.03
user 2.82
sys 0.20
real 3.11
user 2.94
sys 0.16
real 3.08
user 2.89
sys 0.18
real 3.05
user 2.90
sys 0.15
real 3.07
user 2.88
sys 0.18
real 3.06
user 2.91
sys 0.14
real 3.09
user 2.90
sys 0.18
real 3.24
user 3.05
sys 0.18
real 3.06
user 2.87
sys 0.18
real 3.06
user 2.90
sys 0.16
real 3.03
user 2.90
sys 0.12
real 3.07
user 2.91
sys 0.16
real 3.15
user 2.99
sys 0.16
real 3.07
user 2.91
sys 0.15
real 3.05
user 2.91
sys 0.14
real 3.05
user 2.85
sys 0.19
real 3.05
user 2.88
sys 0.17
real 3.09
user 2.89
sys 0.20
real 3.06
user 2.90
sys 0.15
real 3.06
user 2.88
sys 0.17
real 3.07
user 2.90
sys 0.16
real 3.05
user 2.91
sys 0.14
real 3.03
user 2.88
sys 0.14
real 3.04
user 2.89
sys 0.14
real 3.09
user 2.89
sys 0.19
real 3.05
user 2.88
sys 0.16
real 3.06
user 2.85
sys 0.20
real 3.05
user 2.86
sys 0.18
real 3.06
user 2.87
sys 0.18
real 3.24
user 3.09
sys 0.14
real 3.05
user 2.87
sys 0.17
real 3.20
user 3.05
sys 0.15
real 3.04
user 2.86
sys 0.17
real 3.09
user 2.91
sys 0.17
real 3.03
user 2.86
sys 0.16
real 3.05
user 2.87
sys 0.17
real 3.04
user 2.89
sys 0.14
real 3.05
user 2.89
sys 0.15
real 3.03
user 2.85
sys 0.18
real 3.07
user 2.90
sys 0.16
real 3.21
user 3.04
sys 0.16
real 3.04
user 2.83
sys 0.20
real 3.07
user 2.90
sys 0.16
real 3.06
user 2.86
sys 0.19
real 3.01
user 2.84
sys 0.16
real 3.08
user 2.88
sys 0.19
real 3.08
user 2.93
sys 0.14
real 3.06
user 2.92
sys 0.13
real 3.03
user 2.86
sys 0.16
real 3.01
user 2.83
sys 0.17
real 3.09
user 2.89
sys 0.20
real 3.00
user 2.84
sys 0.16
real 3.05
user 2.89
sys 0.15
real 3.00
user 2.83
sys 0.17
real 3.05
user 2.88
sys 0.16
real 3.04
user 2.89
sys 0.14
real 3.02
user 2.87
sys 0.14
real 3.02
user 2.86
sys 0.16
real 3.08
user 2.93
sys 0.15
real 3.05
user 2.88
sys 0.16
real 3.05
user 2.91
sys 0.13
real 3.07
user 2.87
sys 0.19
real 3.05
user 2.90
sys 0.14
real 3.10
user 2.89
sys 0.20
real 3.03
user 2.88
sys 0.14
real 3.04
user 2.88
sys 0.16
real 3.04
user 2.89
sys 0.14
real 3.06
user 2.91
sys 0.14
real 3.04
user 2.86
sys 0.18
real 3.07
user 2.91
sys 0.16
real 3.04
user 2.87
sys 0.16
real 3.08
user 2.91
sys 0.16
real 3.40
user 3.20
sys 0.19
real 3.04
user 2.91
sys 0.12
real 3.04
user 2.88
sys 0.15
real 3.02
user 2.86
sys 0.16
real 3.04
user 2.91
sys 0.12
real 3.03
user 2.87
sys 0.16
real 3.04
user 2.85
sys 0.18
real 3.05
user 2.92
sys 0.13
real 3.09
user 2.91
sys 0.17
real 3.06
user 2.87
sys 0.18
real 3.04
user 2.85
sys 0.18
real 3.04
user 2.88
sys 0.16
real 3.04
user 2.88
sys 0.15
real 3.33
user 3.14
sys 0.18
real 3.06
user 2.89
sys 0.16
real 3.06
user 2.89
sys 0.16
real 3.05
user 2.89
sys 0.15
real 3.08
user 2.88
sys 0.19
real 3.03
user 2.86
sys 0.16
real 3.07
user 2.87
sys 0.19
real 3.04
user 2.86
sys 0.17
real 3.09
user 2.90
sys 0.19
real 3.03
user 2.88
sys 0.15
real 3.02
user 2.87
sys 0.14
real 3.03
user 2.88
sys 0.14
real 3.05
user 2.88
sys 0.16
real 3.06
user 2.89
sys 0.17
real 3.04
user 2.89
sys 0.15
real 3.06
user 2.91
sys 0.14
real 3.04
user 2.87
sys 0.16
real 3.04
user 2.87
sys 0.17
real 3.07
user 2.89
sys 0.18
real 3.05
user 2.87
sys 0.17
real 3.03
user 2.90
sys 0.12
real 3.10
user 2.93
sys 0.16
real 3.03
user 2.87
sys 0.15
real 3.05
user 2.90
sys 0.15
real 3.05
user 2.89
sys 0.15
real 3.06
user 2.91
sys 0.14
real 3.08
user 2.92
sys 0.15
real 3.04
user 2.87
sys 0.17
real 3.10
user 2.90
sys 0.20
real 3.05
user 2.89
sys 0.15
real 3.07
user 2.86
sys 0.20
real 3.05
user 2.90
sys 0.14
real 3.08
user 2.93
sys 0.14
real 3.05
user 2.88
sys 0.16
real 3.01
user 2.85
sys 0.15
real 3.19
user 3.00
sys 0.18
real 3.05
user 2.90
sys 0.14
real 3.10
user 2.95
sys 0.14
real 3.04
user 2.85
sys 0.18
real 3.07
user 2.94
sys 0.13
real 3.03
user 2.86
sys 0.16
real 3.04
user 2.87
sys 0.16
