0.373422
0.373450
0.374192
0.373271
0.374841
0.374333
0.373728
0.374519
0.373421
0.373927
0.375370
0.373734
0.374172
0.374265
0.374436
0.376244
0.374942
0.374440
0.373810
0.373364
0.374531
0.374489
0.375089
0.373924
0.374784
0.374024
0.375079
0.375146
0.375601
0.373967
0.374668
0.374877
0.374879
0.375380
0.375312
0.374940
0.374669
0.374320
0.376160
0.374489
0.373426
0.373634
0.373924
0.373848
0.373778
0.373502
0.373569
0.373562
0.373810
0.374646
0.375546
0.374718
0.374850
0.380422
0.373228
0.373882
0.373674
0.373803
0.374837
0.374227
0.373439
0.374031
0.374651
0.374186
0.374005
0.374723
0.374317
0.374243
0.374487
0.373784
0.374593
0.373537
0.374301
0.374713
0.374874
0.373365
0.373488
0.374173
0.375038
0.373434
0.373884
0.373701
0.373798
0.373575
0.373904
0.374777
0.373631
0.374302
0.373417
0.373894
0.374044
0.373803
0.373553
0.373834
0.374729
0.373743
0.376156
0.373560
0.375987
0.374086
0.373736
0.373378
0.373285
0.373734
0.375117
0.373633
0.374451
0.373531
0.373710
0.374206
0.374017
0.373354
0.373589
0.373565
0.373935
0.373413
0.373794
0.373290
0.373270
0.373687
0.373312
0.373514
0.373810
0.374071
0.374058
0.374138
0.374118
0.373590
0.374114
0.374266
0.373372
0.374610
0.373879
0.373676
0.373708
0.373650
0.373461
0.373181
0.373709
0.373429
0.374024
0.373386
0.373323
0.373826
0.373558
0.373524
0.373636
0.373601
0.373942
0.373706
