0.372745
0.373422
0.374564
0.373506
0.373564
0.373353
0.373318
0.373815
0.373237
0.372936
0.373230
0.373748
0.373920
0.373374
0.373472
0.373750
0.373403
0.373730
0.373524
0.373094
0.373322
0.373403
0.373597
0.373630
0.373538
0.373607
0.373464
0.374173
0.373610
0.373715
0.373538
0.373758
0.373714
0.373546
0.373800
0.373650
0.373726
0.373696
0.373441
0.373881
0.375121
0.373945
0.374095
0.374368
0.373952
0.373784
0.374202
0.373948
0.374070
0.376274
0.375139
0.374195
0.374150
0.373747
0.374107
0.374284
0.374182
0.374286
0.374489
0.373895
0.374040
0.374385
0.374048
0.374526
0.374227
0.374953
0.374081
0.373958
0.374330
0.373835
0.373801
0.373876
0.374036
0.374364
0.374130
0.374484
0.374451
0.373755
0.374377
0.374241
0.373745
0.374250
0.374121
0.374358
0.373873
0.374007
0.373865
0.374327
0.374210
0.374553
0.374103
0.374084
0.374018
0.374587
0.374257
0.374116
0.373592
0.374187
0.373898
0.374161
0.373861
0.374244
0.374201
0.374234
0.374255
0.374117
0.374120
0.374083
0.374240
0.374453
0.373962
0.373963
0.373996
0.374417
0.374409
0.373974
0.374216
0.374081
0.374542
0.374530
0.374377
0.374287
0.373993
0.373990
0.374703
0.374232
0.381059
0.374668
0.386168
0.374340
0.374648
0.374590
0.457428
0.374920
0.373870
0.373617
0.374680
0.374044
0.373692
0.374708
0.373676
0.373532
0.373689
0.373828
0.374783
0.373708
0.373610
0.373896
0.373872
0.373773
