real 4.01
user 3.84
sys 0.14
real 3.93
user 3.83
sys 0.09
real 3.95
user 3.82
sys 0.11
real 3.95
user 3.81
sys 0.12
real 3.96
user 3.82
sys 0.12
real 3.96
user 3.86
sys 0.09
real 3.96
user 3.84
sys 0.10
real 3.95
user 3.81
sys 0.12
real 3.95
user 3.83
sys 0.10
real 3.96
user 3.81
sys 0.13
real 3.95
user 3.86
sys 0.07
real 4.15
user 3.83
sys 0.10
real 3.94
user 3.82
sys 0.10
real 3.94
user 3.83
sys 0.08
real 3.95
user 3.81
sys 0.12
real 4.01
user 3.86
sys 0.08
real 3.96
user 3.85
sys 0.09
real 3.97
user 3.86
sys 0.09
real 3.97
user 3.86
sys 0.09
real 3.96
user 3.84
sys 0.10
real 3.97
user 3.83
sys 0.12
real 3.96
user 3.85
sys 0.09
real 3.96
user 3.84
sys 0.10
real 3.97
user 3.85
sys 0.10
real 4.15
user 3.81
sys 0.14
real 3.96
user 3.86
sys 0.09
real 3.97
user 3.87
sys 0.08
real 3.97
user 3.84
sys 0.10
real 3.95
user 3.83
sys 0.10
real 3.95
user 3.81
sys 0.12
real 3.95
user 3.80
sys 0.13
real 3.96
user 3.84
sys 0.10
real 3.96
user 3.83
sys 0.12
real 4.06
user 3.93
sys 0.11
real 3.95
user 3.84
sys 0.09
real 3.95
user 3.83
sys 0.10
real 3.96
user 3.84
sys 0.10
real 3.95
user 3.82
sys 0.11
real 3.95
user 3.82
sys 0.11
real 3.96
user 3.84
sys 0.10
real 3.95
user 3.83
sys 0.10
real 3.94
user 3.83
sys 0.09
real 3.95
user 3.81
sys 0.13
real 3.95
user 3.84
sys 0.09
real 3.95
user 3.79
sys 0.14
real 3.95
user 3.83
sys 0.11
real 3.96
user 3.84
sys 0.10
real 3.95
user 3.80
sys 0.13
real 3.97
user 3.85
sys 0.08
real 3.96
user 3.82
sys 0.12
real 3.98
user 3.86
sys 0.10
real 3.98
user 3.84
sys 0.12
real 3.97
user 3.86
sys 0.09
real 3.97
user 3.89
sys 0.06
real 3.96
user 3.83
sys 0.11
real 3.97
user 3.85
sys 0.10
real 3.96
user 3.83
sys 0.11
real 3.97
user 3.85
sys 0.11
real 3.98
user 3.84
sys 0.12
real 3.98
user 3.83
sys 0.12
real 3.99
user 3.85
sys 0.10
real 3.96
user 3.84
sys 0.10
real 3.97
user 3.86
sys 0.09
real 3.98
user 3.82
sys 0.14
real 4.04
user 3.84
sys 0.10
real 3.96
user 3.82
sys 0.12
real 3.98
user 3.87
sys 0.09
real 3.98
user 3.88
sys 0.07
real 4.03
user 3.85
sys 0.10
real 3.96
user 3.87
sys 0.07
real 3.95
user 3.82
sys 0.11
real 3.96
user 3.82
sys 0.11
real 3.97
user 3.86
sys 0.09
real 3.95
user 3.81
sys 0.12
real 3.96
user 3.83
sys 0.11
real 3.96
user 3.87
sys 0.07
real 3.95
user 3.86
sys 0.08
real 3.96
user 3.82
sys 0.11
real 3.96
user 3.81
sys 0.12
real 3.95
user 3.83
sys 0.10
real 3.95
user 3.84
sys 0.09
real 3.96
user 3.85
sys 0.08
real 3.96
user 3.87
sys 0.07
real 3.96
user 3.81
sys 0.13
real 3.97
user 3.83
sys 0.11
real 3.96
user 3.83
sys 0.10
real 3.97
user 3.83
sys 0.11
real 3.96
user 3.83
sys 0.11
real 3.97
user 3.85
sys 0.10
real 3.97
user 3.83
sys 0.12
real 3.97
user 3.81
sys 0.14
real 3.97
user 3.83
sys 0.12
real 3.97
user 3.87
sys 0.08
real 3.97
user 3.84
sys 0.10
real 3.97
user 3.83
sys 0.12
real 3.97
user 3.86
sys 0.09
real 3.97
user 3.88
sys 0.08
real 4.02
user 3.90
sys 0.10
real 3.95
user 3.83
sys 0.10
real 3.96
user 3.82
sys 0.12
real 4.00
user 3.84
sys 0.11
real 3.98
user 3.86
sys 0.10
real 3.98
user 3.83
sys 0.12
real 3.97
user 3.83
sys 0.12
real 3.98
user 3.85
sys 0.12
real 3.97
user 3.85
sys 0.10
real 3.97
user 3.87
sys 0.08
real 3.96
user 3.83
sys 0.11
real 3.96
user 3.86
sys 0.08
real 3.96
user 3.81
sys 0.12
real 3.96
user 3.84
sys 0.11
real 3.95
user 3.84
sys 0.09
real 3.98
user 3.86
sys 0.10
real 3.96
user 3.82
sys 0.12
real 3.96
user 3.87
sys 0.07
real 3.98
user 3.85
sys 0.11
real 3.98
user 3.85
sys 0.10
real 3.98
user 3.85
sys 0.10
real 3.98
user 3.89
sys 0.08
real 3.97
user 3.86
sys 0.08
real 3.98
user 3.84
sys 0.10
real 3.95
user 3.85
sys 0.08
real 3.96
user 3.85
sys 0.09
real 3.96
user 3.80
sys 0.14
real 3.97
user 3.84
sys 0.10
real 3.96
user 3.85
sys 0.09
real 3.97
user 3.82
sys 0.13
real 3.97
user 3.85
sys 0.09
real 3.96
user 3.86
sys 0.09
real 3.95
user 3.84
sys 0.09
real 3.98
user 3.85
sys 0.10
real 3.96
user 3.82
sys 0.12
real 3.97
user 3.81
sys 0.15
real 3.98
user 3.85
sys 0.11
real 3.97
user 3.83
sys 0.12
real 3.97
user 3.85
sys 0.10
real 4.15
user 3.87
sys 0.08
real 3.97
user 3.86
sys 0.09
real 3.97
user 3.83
sys 0.12
real 3.96
user 3.86
sys 0.08
real 3.97
user 3.85
sys 0.10
real 3.99
user 3.88
sys 0.09
real 3.99
user 3.83
sys 0.14
real 3.99
user 3.85
sys 0.12
real 4.01
user 3.84
sys 0.13
real 3.97
user 3.85
sys 0.10
real 3.98
user 3.86
sys 0.09
real 3.98
user 3.86
sys 0.10
real 4.14
user 3.86
sys 0.10
real 4.00
user 3.89
sys 0.09
