real 2.66
user 2.62
sys 0.02
real 2.64
user 2.60
sys 0.03
real 2.65
user 2.61
sys 0.03
real 2.65
user 2.62
sys 0.02
real 2.66
user 2.64
sys 0.01
real 2.64
user 2.62
sys 0.02
real 2.65
user 2.62
sys 0.02
real 2.71
user 2.64
sys 0.02
real 2.65
user 2.63
sys 0.01
real 2.65
user 2.62
sys 0.02
real 2.65
user 2.63
sys 0.02
real 2.65
user 2.61
sys 0.03
real 2.64
user 2.61
sys 0.02
real 2.65
user 2.61
sys 0.02
real 2.65
user 2.63
sys 0.01
real 2.65
user 2.62
sys 0.02
real 2.64
user 2.60
sys 0.03
real 2.65
user 2.62
sys 0.03
real 2.65
user 2.63
sys 0.01
real 2.65
user 2.62
sys 0.02
real 2.65
user 2.63
sys 0.02
real 2.64
user 2.60
sys 0.03
real 2.66
user 2.62
sys 0.03
real 2.65
user 2.62
sys 0.02
real 2.65
user 2.61
sys 0.03
real 2.65
user 2.61
sys 0.03
real 2.64
user 2.63
sys 0.01
real 2.64
user 2.62
sys 0.02
real 2.65
user 2.61
sys 0.03
real 2.64
user 2.62
sys 0.02
real 2.65
user 2.61
sys 0.04
real 2.64
user 2.62
sys 0.02
real 2.65
user 2.62
sys 0.02
real 2.64
user 2.61
sys 0.03
real 2.65
user 2.61
sys 0.03
real 2.64
user 2.62
sys 0.02
real 2.65
user 2.62
sys 0.02
real 2.65
user 2.63
sys 0.01
real 2.64
user 2.62
sys 0.02
real 2.66
user 2.63
sys 0.02
real 2.65
user 2.63
sys 0.02
real 2.64
user 2.60
sys 0.03
real 2.65
user 2.61
sys 0.03
real 2.65
user 2.63
sys 0.02
real 2.65
user 2.61
sys 0.04
real 2.65
user 2.62
sys 0.02
real 2.64
user 2.60
sys 0.03
real 2.66
user 2.64
sys 0.02
real 2.66
user 2.61
sys 0.04
real 2.66
user 2.63
sys 0.02
real 2.64
user 2.61
sys 0.02
real 2.64
user 2.61
sys 0.02
real 2.64
user 2.61
sys 0.02
real 2.65
user 2.62
sys 0.02
real 2.65
user 2.62
sys 0.03
real 2.65
user 2.61
sys 0.03
real 2.64
user 2.61
sys 0.03
real 2.65
user 2.62
sys 0.02
real 2.64
user 2.61
sys 0.02
real 2.65
user 2.63
sys 0.02
real 2.65
user 2.62
sys 0.02
real 2.65
user 2.62
sys 0.02
real 2.65
user 2.62
sys 0.02
real 2.65
user 2.61
sys 0.03
real 2.64
user 2.60
sys 0.04
real 2.64
user 2.62
sys 0.02
real 2.64
user 2.60
sys 0.04
real 2.65
user 2.62
sys 0.02
real 2.64
user 2.62
sys 0.02
real 2.65
user 2.62
sys 0.02
real 2.65
user 2.62
sys 0.03
real 2.64
user 2.62
sys 0.02
real 2.65
user 2.63
sys 0.02
real 2.65
user 2.61
sys 0.03
real 2.65
user 2.61
sys 0.02
real 2.65
user 2.61
sys 0.04
real 2.65
user 2.62
sys 0.02
real 2.65
user 2.61
sys 0.03
real 2.64
user 2.61
sys 0.02
real 2.64
user 2.60
sys 0.03
real 2.65
user 2.62
sys 0.02
real 2.65
user 2.61
sys 0.03
real 2.65
user 2.61
sys 0.03
real 2.64
user 2.61
sys 0.02
real 2.64
user 2.63
sys 0.01
real 2.65
user 2.61
sys 0.04
real 2.65
user 2.63
sys 0.02
real 2.65
user 2.62
sys 0.03
real 2.64
user 2.62
sys 0.02
real 2.65
user 2.64
sys 0.00
real 2.65
user 2.62
sys 0.02
real 2.65
user 2.60
sys 0.04
real 2.65
user 2.62
sys 0.03
real 2.65
user 2.60
sys 0.04
real 2.64
user 2.62
sys 0.02
real 2.66
user 2.62
sys 0.03
real 2.65
user 2.61
sys 0.03
real 2.66
user 2.62
sys 0.03
real 2.65
user 2.61
sys 0.03
real 2.65
user 2.62
sys 0.02
real 2.65
user 2.62
sys 0.02
real 2.65
user 2.61
sys 0.04
real 2.64
user 2.61
sys 0.03
real 2.65
user 2.61
sys 0.04
real 2.64
user 2.61
sys 0.02
real 2.66
user 2.62
sys 0.03
real 2.64
user 2.62
sys 0.02
real 2.65
user 2.62
sys 0.02
real 2.65
user 2.62
sys 0.03
real 2.65
user 2.61
sys 0.03
real 2.65
user 2.63
sys 0.02
real 2.65
user 2.62
sys 0.02
real 2.64
user 2.61
sys 0.02
real 2.65
user 2.63
sys 0.02
real 2.64
user 2.61
sys 0.02
real 2.65
user 2.62
sys 0.02
real 2.64
user 2.62
sys 0.02
real 2.65
user 2.62
sys 0.02
real 2.64
user 2.61
sys 0.02
real 2.65
user 2.63
sys 0.01
real 2.65
user 2.64
sys 0.01
real 2.66
user 2.62
sys 0.03
real 2.65
user 2.62
sys 0.02
real 2.64
user 2.62
sys 0.02
real 2.64
user 2.61
sys 0.02
real 2.64
user 2.61
sys 0.03
real 2.65
user 2.62
sys 0.03
real 2.66
user 2.62
sys 0.03
real 2.65
user 2.62
sys 0.02
real 2.65
user 2.61
sys 0.04
real 2.64
user 2.61
sys 0.02
real 2.64
user 2.62
sys 0.02
real 2.65
user 2.62
sys 0.02
real 2.66
user 2.62
sys 0.03
real 2.64
user 2.62
sys 0.02
real 2.65
user 2.62
sys 0.02
real 2.66
user 2.64
sys 0.02
real 2.65
user 2.63
sys 0.01
real 2.65
user 2.62
sys 0.02
real 2.65
user 2.62
sys 0.02
real 2.65
user 2.62
sys 0.02
real 2.65
user 2.62
sys 0.03
real 2.65
user 2.62
sys 0.02
real 2.65
user 2.62
sys 0.02
real 2.65
user 2.62
sys 0.02
real 2.65
user 2.62
sys 0.03
real 2.66
user 2.63
sys 0.02
real 2.64
user 2.62
sys 0.02
real 2.66
user 2.62
sys 0.03
real 2.65
user 2.61
sys 0.03
