real 1.99
user 1.66
sys 0.30
real 1.79
user 1.64
sys 0.14
real 1.79
user 1.69
sys 0.10
real 1.80
user 1.66
sys 0.13
real 1.78
user 1.64
sys 0.14
real 1.78
user 1.69
sys 0.08
real 1.78
user 1.65
sys 0.12
real 1.79
user 1.65
sys 0.14
real 1.79
user 1.67
sys 0.11
real 1.77
user 1.69
sys 0.08
real 1.79
user 1.65
sys 0.12
real 1.78
user 1.68
sys 0.10
real 1.78
user 1.66
sys 0.12
real 1.79
user 1.67
sys 0.11
real 1.77
user 1.66
sys 0.10
real 1.78
user 1.66
sys 0.12
real 1.78
user 1.66
sys 0.11
real 1.77
user 1.66
sys 0.11
real 1.78
user 1.65
sys 0.12
real 1.78
user 1.67
sys 0.11
real 1.77
user 1.66
sys 0.10
real 1.78
user 1.65
sys 0.12
real 1.78
user 1.67
sys 0.10
real 1.78
user 1.68
sys 0.09
real 1.78
user 1.66
sys 0.11
real 1.78
user 1.68
sys 0.10
real 1.85
user 1.71
sys 0.14
real 1.78
user 1.68
sys 0.10
real 1.78
user 1.69
sys 0.08
real 1.77
user 1.69
sys 0.08
