real 2.09
user 1.69
sys 0.35
real 1.79
user 1.69
sys 0.10
real 1.80
user 1.67
sys 0.12
real 1.81
user 1.70
sys 0.10
real 1.81
user 1.68
sys 0.13
real 1.80
user 1.67
sys 0.12
real 1.79
user 1.67
sys 0.12
real 1.82
user 1.71
sys 0.10
real 1.80
user 1.64
sys 0.15
real 1.80
user 1.65
sys 0.14
real 1.79
user 1.66
sys 0.13
real 1.81
user 1.69
sys 0.11
real 1.81
user 1.70
sys 0.10
real 1.79
user 1.68
sys 0.11
real 1.80
user 1.70
sys 0.10
real 1.82
user 1.66
sys 0.16
real 1.80
user 1.67
sys 0.12
real 1.80
user 1.66
sys 0.13
real 1.84
user 1.73
sys 0.10
real 1.80
user 1.67
sys 0.12
real 1.80
user 1.68
sys 0.11
real 1.81
user 1.69
sys 0.11
real 1.82
user 1.68
sys 0.14
real 1.80
user 1.65
sys 0.15
real 1.80
user 1.69
sys 0.11
real 1.80
user 1.67
sys 0.12
real 1.81
user 1.69
sys 0.12
real 1.80
user 1.65
sys 0.14
real 1.80
user 1.70
sys 0.10
real 1.79
user 1.65
sys 0.14
real 1.80
user 1.67
sys 0.12
real 1.80
user 1.66
sys 0.13
real 1.80
user 1.65
sys 0.15
real 1.81
user 1.69
sys 0.12
real 1.80
user 1.67
sys 0.12
real 1.80
user 1.66
sys 0.13
real 1.80
user 1.67
sys 0.12
real 1.82
user 1.68
sys 0.14
real 1.80
user 1.67
sys 0.12
real 1.80
user 1.64
sys 0.14
real 1.82
user 1.70
sys 0.12
real 1.80
user 1.66
sys 0.14
real 1.80
user 1.68
sys 0.11
real 1.80
user 1.68
sys 0.12
real 1.82
user 1.70
sys 0.12
real 1.81
user 1.66
sys 0.14
real 1.80
user 1.69
sys 0.11
real 1.80
user 1.68
sys 0.12
real 1.82
user 1.71
sys 0.10
real 1.80
user 1.66
sys 0.13
real 1.80
user 1.65
sys 0.14
real 1.82
user 1.69
sys 0.12
real 1.80
user 1.69
sys 0.10
real 1.81
user 1.69
sys 0.12
real 1.80
user 1.68
sys 0.12
real 1.83
user 1.69
sys 0.13
real 1.80
user 1.69
sys 0.11
real 1.80
user 1.68
sys 0.12
real 1.80
user 1.66
sys 0.13
real 1.83
user 1.69
sys 0.13
real 1.80
user 1.68
sys 0.12
real 1.80
user 1.67
sys 0.13
real 1.81
user 1.68
sys 0.12
real 1.80
user 1.68
sys 0.11
real 1.80
user 1.67
sys 0.12
real 1.80
user 1.68
sys 0.11
real 1.80
user 1.68
sys 0.11
real 1.81
user 1.67
sys 0.13
real 1.79
user 1.71
sys 0.08
real 1.80
user 1.68
sys 0.11
real 1.81
user 1.68
sys 0.13
real 1.80
user 1.65
sys 0.14
real 1.80
user 1.65
sys 0.14
real 1.80
user 1.69
sys 0.11
real 1.81
user 1.68
sys 0.12
real 1.80
user 1.68
sys 0.11
real 1.81
user 1.69
sys 0.12
real 1.81
user 1.68
sys 0.12
real 1.80
user 1.68
sys 0.11
real 1.80
user 1.68
sys 0.12
real 1.79
user 1.66
sys 0.13
real 1.81
user 1.69
sys 0.12
real 1.80
user 1.67
sys 0.13
real 1.81
user 1.68
sys 0.12
real 1.80
user 1.67
sys 0.12
real 1.81
user 1.68
sys 0.13
real 1.80
user 1.64
sys 0.16
real 1.81
user 1.66
sys 0.14
real 1.83
user 1.71
sys 0.11
real 1.80
user 1.67
sys 0.12
real 1.80
user 1.68
sys 0.12
real 1.80
user 1.69
sys 0.10
real 1.83
user 1.70
sys 0.12
real 1.80
user 1.68
sys 0.11
real 1.79
user 1.68
sys 0.11
real 1.80
user 1.67
sys 0.12
real 1.82
user 1.69
sys 0.12
real 1.80
user 1.66
sys 0.14
real 1.80
user 1.66
sys 0.13
real 1.81
user 1.69
sys 0.11
real 1.80
user 1.68
sys 0.12
real 1.80
user 1.67
sys 0.12
real 1.80
user 1.67
sys 0.12
real 1.80
user 1.67
sys 0.12
real 1.79
user 1.67
sys 0.12
real 1.79
user 1.66
sys 0.12
real 1.80
user 1.66
sys 0.14
real 1.81
user 1.69
sys 0.11
real 1.80
user 1.65
sys 0.14
real 1.80
user 1.66
sys 0.14
real 1.81
user 1.66
sys 0.14
real 1.82
user 1.69
sys 0.13
real 1.80
user 1.66
sys 0.14
real 1.80
user 1.68
sys 0.12
real 1.82
user 1.74
sys 0.08
real 1.81
user 1.66
sys 0.14
real 1.80
user 1.70
sys 0.10
real 1.80
user 1.67
sys 0.13
real 1.82
user 1.70
sys 0.11
real 1.80
user 1.65
sys 0.14
real 1.81
user 1.67
sys 0.14
real 1.80
user 1.66
sys 0.13
real 1.81
user 1.66
sys 0.14
real 1.80
user 1.68
sys 0.12
real 1.81
user 1.69
sys 0.11
real 1.83
user 1.70
sys 0.12
real 1.80
user 1.66
sys 0.14
real 1.80
user 1.67
sys 0.13
real 1.80
user 1.69
sys 0.10
real 1.83
user 1.71
sys 0.11
real 1.81
user 1.66
sys 0.13
real 1.80
user 1.69
sys 0.10
real 1.79
user 1.70
sys 0.09
real 1.82
user 1.69
sys 0.12
real 1.80
user 1.67
sys 0.12
real 1.79
user 1.65
sys 0.14
real 1.80
user 1.68
sys 0.11
real 1.79
user 1.64
sys 0.14
real 1.80
user 1.65
sys 0.14
real 1.81
user 1.68
sys 0.12
real 1.80
user 1.68
sys 0.11
real 1.80
user 1.67
sys 0.13
real 1.79
user 1.68
sys 0.11
real 1.80
user 1.67
sys 0.12
real 1.82
user 1.68
sys 0.13
real 1.80
user 1.66
sys 0.14
real 1.80
user 1.64
sys 0.15
real 1.81
user 1.69
sys 0.11
real 1.81
user 1.68
sys 0.12
real 1.80
user 1.71
sys 0.09
real 1.81
user 1.68
sys 0.12
real 1.82
user 1.67
sys 0.14
real 1.79
user 1.67
sys 0.12
real 1.80
user 1.65
sys 0.14
real 1.80
user 1.67
sys 0.12
real 1.82
user 1.71
sys 0.10
real 1.80
user 1.66
sys 0.13
real 1.80
user 1.67
sys 0.13
real 1.81
user 1.68
sys 0.12
real 1.81
user 1.65
sys 0.15
real 1.80
user 1.70
sys 0.10
real 1.80
user 1.67
sys 0.12
real 1.83
user 1.70
sys 0.12
real 1.79
user 1.64
sys 0.14
real 1.80
user 1.67
sys 0.13
real 1.81
user 1.67
sys 0.13
real 1.83
user 1.69
sys 0.13
real 1.80
user 1.67
sys 0.12
real 1.79
user 1.67
sys 0.12
real 1.80
user 1.66
sys 0.14
real 1.83
user 1.69
sys 0.13
real 1.80
user 1.66
sys 0.13
real 1.80
user 1.68
sys 0.12
real 1.80
user 1.65
sys 0.14
real 1.80
user 1.66
sys 0.13
real 1.80
user 1.66
sys 0.13
real 1.80
user 1.71
sys 0.09
real 1.79
user 1.64
sys 0.15
real 1.80
user 1.67
sys 0.13
real 1.79
user 1.66
sys 0.12
real 1.80
user 1.67
sys 0.12
real 1.81
user 1.67
sys 0.13
real 1.80
user 1.69
sys 0.10
real 1.80
user 1.64
sys 0.15
real 1.82
user 1.69
sys 0.12
real 1.80
user 1.66
sys 0.14
real 1.80
user 1.67
sys 0.12
real 1.80
user 1.68
sys 0.11
real 1.81
user 1.69
sys 0.12
real 1.80
user 1.68
sys 0.12
real 1.79
user 1.65
sys 0.14
real 1.79
user 1.68
sys 0.11
real 1.82
user 1.70
sys 0.12
real 1.79
user 1.65
sys 0.13
real 1.80
user 1.64
sys 0.15
real 1.81
user 1.67
sys 0.14
real 1.80
user 1.67
sys 0.12
real 1.82
user 1.71
sys 0.11
real 1.80
user 1.67
sys 0.12
real 1.83
user 1.68
sys 0.14
real 1.80
user 1.68
sys 0.12
real 1.79
user 1.67
sys 0.12
real 1.81
user 1.67
sys 0.13
real 1.83
user 1.70
sys 0.12
real 1.79
user 1.65
sys 0.14
real 1.80
user 1.66
sys 0.14
real 1.82
user 1.69
sys 0.12
real 1.81
user 1.66
sys 0.14
real 1.80
user 1.67
sys 0.12
real 1.81
user 1.66
sys 0.14
real 1.81
user 1.67
sys 0.13
real 1.80
user 1.67
sys 0.12
real 1.80
user 1.68
sys 0.12
real 1.80
user 1.68
sys 0.10
real 1.80
user 1.69
sys 0.10
real 1.80
user 1.67
sys 0.12
real 1.80
user 1.66
sys 0.13
real 1.80
user 1.66
sys 0.14
real 1.82
user 1.67
sys 0.14
real 1.81
user 1.67
sys 0.13
real 1.80
user 1.67
sys 0.12
real 1.82
user 1.68
sys 0.12
real 1.79
user 1.63
sys 0.16
real 1.79
user 1.67
sys 0.11
real 1.80
user 1.64
sys 0.15
real 1.81
user 1.71
sys 0.09
real 1.80
user 1.65
sys 0.14
real 1.80
user 1.66
sys 0.13
real 1.80
user 1.68
sys 0.12
real 1.82
user 1.70
sys 0.11
real 1.79
user 1.68
sys 0.11
real 1.79
user 1.67
sys 0.12
real 1.81
user 1.67
sys 0.13
real 1.80
user 1.66
sys 0.14
real 1.80
user 1.68
sys 0.11
real 1.80
user 1.66
sys 0.13
real 1.82
user 1.70
sys 0.12
real 1.80
user 1.68
sys 0.12
real 1.80
user 1.66
sys 0.13
real 1.79
user 1.69
sys 0.10
real 1.83
user 1.67
sys 0.16
real 1.79
user 1.67
sys 0.12
real 1.80
user 1.65
sys 0.14
real 1.81
user 1.70
sys 0.11
real 1.80
user 1.68
sys 0.12
real 1.80
user 1.66
sys 0.14
real 1.80
user 1.68
sys 0.12
real 1.81
user 1.65
sys 0.15
real 1.79
user 1.65
sys 0.14
real 1.80
user 1.63
sys 0.16
real 1.79
user 1.67
sys 0.11
real 1.80
user 1.64
sys 0.15
real 1.80
user 1.68
sys 0.11
real 1.79
user 1.67
sys 0.12
real 1.80
user 1.66
sys 0.13
real 1.81
user 1.68
sys 0.12
real 1.80
user 1.65
sys 0.14
real 1.80
user 1.66
sys 0.14
real 1.81
user 1.67
sys 0.13
real 1.79
user 1.65
sys 0.14
real 1.80
user 1.69
sys 0.11
real 1.80
user 1.69
sys 0.10
real 1.82
user 1.68
sys 0.12
real 1.79
user 1.63
sys 0.15
real 1.80
user 1.65
sys 0.14
real 1.80
user 1.66
sys 0.13
real 1.81
user 1.67
sys 0.13
real 1.79
user 1.67
sys 0.11
real 1.80
user 1.67
sys 0.13
real 1.82
user 1.66
sys 0.16
real 1.80
user 1.64
sys 0.15
real 1.80
user 1.63
sys 0.16
real 1.79
user 1.64
sys 0.14
real 1.82
user 1.71
sys 0.10
real 1.79
user 1.68
sys 0.10
real 1.79
user 1.67
sys 0.11
real 1.79
user 1.66
sys 0.13
real 1.82
user 1.68
sys 0.13
real 1.80
user 1.66
sys 0.13
real 1.80
user 1.64
sys 0.15
real 1.81
user 1.65
sys 0.14
real 1.80
user 1.67
sys 0.12
real 1.79
user 1.68
sys 0.10
real 1.80
user 1.68
sys 0.12
real 1.79
user 1.67
sys 0.11
real 1.79
user 1.69
sys 0.10
real 1.80
user 1.67
sys 0.12
real 1.80
user 1.69
sys 0.10
real 1.81
user 1.70
sys 0.10
real 1.80
user 1.66
sys 0.13
real 1.80
user 1.64
sys 0.15
real 1.81
user 1.69
sys 0.11
real 1.80
user 1.68
sys 0.11
real 1.79
user 1.68
sys 0.10
real 1.80
user 1.68
sys 0.11
real 1.82
user 1.67
sys 0.14
real 1.80
user 1.68
sys 0.11
real 1.79
user 1.67
sys 0.11
real 1.80
user 1.68
sys 0.11
real 1.80
user 1.69
sys 0.11
