6.947695
7.299808
6.911989
6.809334
6.887918
6.706292
6.762196
7.053239
6.928501
7.258975
7.023586
6.603339
7.090905
6.484319
6.525999
6.867686
7.075072
6.463945
6.484170
6.751874
6.447941
6.485521
6.498568
6.473913
6.514246
6.740189
6.853089
6.718085
6.722988
6.780749
6.831470
6.735701
7.067958
6.506645
6.462482
6.918636
6.497127
7.063183
6.469392
7.098973
6.457645
6.990617
6.497357
6.690139
6.977813
6.439148
6.460120
6.501896
6.760469
7.093863
6.700430
6.434549
6.673776
7.049617
6.791102
7.075500
6.454695
7.010187
6.485356
6.743017
7.396189
7.684942
7.930473
8.732785
9.225304
9.670496
9.898424
9.857683
10.607863
10.720367
10.694607
9.863982
10.320647
9.831562
10.374270
10.733556
9.896735
10.696601
10.048155
10.244292
10.871549
10.071695
10.450246
10.825913
11.094255
11.348514
11.220517
10.311488
10.257606
11.283764
10.280976
11.284255
11.239291
11.042890
10.291832
10.187456
10.132283
10.193944
10.668027
11.197117
10.603261
10.217624
10.353867
10.511700
10.380901
10.334604
10.334587
11.007323
10.689050
10.305978
10.309011
11.119227
10.542979
10.190017
10.173893
10.314742
10.243734
10.579099
10.362738
10.700227
10.186466
10.853909
11.142116
10.346306
10.266952
10.423384
10.655636
10.372246
10.365033
10.737881
10.377681
10.705989
11.269581
10.988226
11.093567
10.202264
10.850193
10.797297
10.326076
10.926568
10.253296
10.384197
10.392480
10.714948
10.375689
10.297308
10.302478
10.202921
10.484721
10.270176
