10.122978
10.168660
9.815246
9.418256
9.431898
9.065807
9.335748
9.217243
9.320084
9.082450
9.293917
9.795006
9.703164
9.011012
9.072558
9.051332
9.487947
9.120398
9.106176
9.280040
9.338759
9.008563
9.709951
9.303467
8.960141
9.547317
9.590333
8.963941
9.697771
8.990513
8.977848
8.986107
8.946622
9.710064
8.997754
8.864562
9.138480
9.518550
9.435047
8.926260
9.319030
8.904688
8.861462
9.579009
8.909827
9.194079
9.564661
9.211836
8.999187
9.321060
8.971115
8.980563
8.918134
8.920960
8.925909
9.723663
8.825492
8.974215
8.963920
9.656736
9.485886
9.508626
9.216287
9.666278
9.549589
8.862841
8.866945
9.587745
9.029747
8.912874
8.985908
9.437885
8.941722
9.651672
9.422034
8.878267
9.338506
8.864791
9.508114
9.161306
9.465461
9.253804
8.961340
9.312559
9.706853
9.315498
9.612748
9.257984
9.236620
8.967884
9.226900
9.045678
9.234657
9.013200
8.913244
9.096525
8.945959
9.068685
9.425003
8.947942
9.644605
9.525304
9.675521
8.867620
9.375534
8.898393
9.150480
9.352799
9.592785
9.289095
9.257315
9.127465
8.832109
8.954251
9.599371
8.955441
9.182233
9.190000
9.505379
8.992260
9.500979
9.670900
9.195855
9.018610
9.370597
8.903508
9.599959
8.895728
9.624072
9.582815
9.497674
9.613257
9.118256
9.393816
9.372891
8.866580
9.584119
9.610686
8.868478
8.991241
9.439626
9.391117
9.431937
9.568706
9.376226
8.955574
9.651705
9.202689
9.664681
8.923453
