real 3.47
user 3.15
sys 0.30
real 3.23
user 3.07
sys 0.16
real 3.26
user 3.08
sys 0.18
real 3.27
user 3.10
sys 0.16
real 3.21
user 3.07
sys 0.14
real 3.27
user 3.10
sys 0.16
real 3.25
user 3.09
sys 0.16
real 3.25
user 3.11
sys 0.14
real 3.24
user 3.10
sys 0.14
real 3.33
user 3.19
sys 0.14
real 3.20
user 3.05
sys 0.14
real 3.21
user 3.06
sys 0.15
real 3.27
user 3.09
sys 0.17
real 3.29
user 3.14
sys 0.14
real 3.33
user 3.17
sys 0.15
real 3.21
user 3.09
sys 0.12
real 3.22
user 3.06
sys 0.15
real 3.22
user 3.06
sys 0.16
real 3.16
user 3.00
sys 0.15
real 3.26
user 3.11
sys 0.14
real 3.26
user 3.09
sys 0.17
real 3.20
user 3.06
sys 0.13
real 3.39
user 3.26
sys 0.12
real 3.23
user 3.08
sys 0.14
real 3.24
user 3.06
sys 0.17
real 3.16
user 3.01
sys 0.15
real 3.26
user 3.10
sys 0.15
real 3.24
user 3.08
sys 0.16
real 3.27
user 3.11
sys 0.16
real 3.21
user 3.03
sys 0.17
real 3.32
user 3.13
sys 0.18
real 3.23
user 3.09
sys 0.14
real 3.24
user 3.09
sys 0.14
real 3.22
user 3.07
sys 0.15
real 3.19
user 3.03
sys 0.16
real 3.22
user 3.09
sys 0.13
real 3.22
user 3.08
sys 0.13
real 3.21
user 3.08
sys 0.12
real 3.22
user 3.04
sys 0.17
real 3.24
user 3.11
sys 0.12
real 3.20
user 3.02
sys 0.16
real 3.26
user 3.11
sys 0.14
real 3.21
user 3.06
sys 0.15
real 3.23
user 3.10
sys 0.13
real 3.20
user 3.04
sys 0.15
real 3.20
user 3.03
sys 0.17
real 3.23
user 3.08
sys 0.14
real 3.25
user 3.08
sys 0.16
real 3.23
user 3.10
sys 0.12
real 3.30
user 3.10
sys 0.18
real 3.22
user 3.10
sys 0.11
real 3.29
user 3.12
sys 0.16
real 3.22
user 3.04
sys 0.16
real 3.27
user 3.11
sys 0.15
real 3.23
user 3.08
sys 0.14
real 3.24
user 3.08
sys 0.15
real 3.21
user 3.05
sys 0.16
real 3.23
user 3.08
sys 0.14
real 3.21
user 3.05
sys 0.15
real 3.20
user 3.02
sys 0.16
real 3.24
user 3.10
sys 0.13
real 3.22
user 3.05
sys 0.16
real 3.21
user 3.07
sys 0.14
real 3.27
user 3.11
sys 0.15
real 3.29
user 3.14
sys 0.14
real 3.25
user 3.10
sys 0.14
real 3.24
user 3.09
sys 0.14
real 3.26
user 3.10
sys 0.16
real 3.24
user 3.09
sys 0.14
real 3.22
user 3.07
sys 0.14
real 3.22
user 3.08
sys 0.14
real 3.26
user 3.11
sys 0.15
real 3.21
user 3.06
sys 0.14
real 3.23
user 3.04
sys 0.18
real 3.23
user 3.05
sys 0.17
real 3.25
user 3.09
sys 0.15
real 3.21
user 3.08
sys 0.12
real 3.23
user 3.11
sys 0.11
real 3.25
user 3.07
sys 0.17
real 3.27
user 3.10
sys 0.16
real 3.21
user 3.07
sys 0.12
real 3.26
user 3.12
sys 0.13
real 3.17
user 3.04
sys 0.12
real 3.22
user 3.10
sys 0.12
real 3.26
user 3.12
sys 0.13
real 3.23
user 3.09
sys 0.14
real 3.26
user 3.08
sys 0.18
real 3.24
user 3.09
sys 0.14
real 3.25
user 3.10
sys 0.14
real 3.19
user 3.04
sys 0.15
real 3.20
user 3.02
sys 0.17
real 3.17
user 3.02
sys 0.14
real 3.35
user 3.18
sys 0.16
real 3.29
user 3.14
sys 0.15
real 3.24
user 3.09
sys 0.14
real 3.19
user 3.03
sys 0.15
real 3.23
user 3.09
sys 0.14
real 3.23
user 3.08
sys 0.14
real 3.24
user 3.08
sys 0.15
real 3.24
user 3.10
sys 0.14
real 3.21
user 3.05
sys 0.15
real 3.25
user 3.09
sys 0.15
real 3.21
user 3.07
sys 0.14
real 3.23
user 3.10
sys 0.12
real 3.23
user 3.08
sys 0.15
real 3.19
user 3.04
sys 0.14
real 3.25
user 3.11
sys 0.13
real 3.23
user 3.06
sys 0.16
real 3.24
user 3.08
sys 0.14
real 3.24
user 3.08
sys 0.16
real 3.25
user 3.06
sys 0.18
real 3.22
user 3.07
sys 0.15
real 3.26
user 3.13
sys 0.13
real 3.26
user 3.07
sys 0.18
real 3.27
user 3.11
sys 0.16
real 3.28
user 3.11
sys 0.16
real 3.24
user 3.08
sys 0.15
real 3.24
user 3.07
sys 0.16
real 3.19
user 3.04
sys 0.14
real 3.23
user 3.09
sys 0.14
real 3.21
user 3.08
sys 0.13
real 3.23
user 3.09
sys 0.13
real 3.26
user 3.09
sys 0.16
real 3.17
user 3.04
sys 0.13
real 3.18
user 3.03
sys 0.15
real 3.24
user 3.07
sys 0.16
real 3.47
user 3.33
sys 0.14
real 3.28
user 3.12
sys 0.16
real 3.21
user 3.08
sys 0.13
real 3.19
user 3.02
sys 0.15
real 3.24
user 3.10
sys 0.13
real 3.24
user 3.06
sys 0.18
real 3.22
user 3.06
sys 0.14
real 3.20
user 3.06
sys 0.13
real 3.25
user 3.09
sys 0.15
real 3.23
user 3.05
sys 0.17
real 3.22
user 3.07
sys 0.14
real 3.23
user 3.06
sys 0.17
real 3.23
user 3.08
sys 0.14
real 3.22
user 3.06
sys 0.16
real 3.20
user 3.04
sys 0.15
real 3.25
user 3.12
sys 0.12
real 3.23
user 3.11
sys 0.11
real 3.27
user 3.11
sys 0.16
real 3.23
user 3.09
sys 0.14
real 3.25
user 3.08
sys 0.16
real 3.20
user 3.07
sys 0.13
real 3.20
user 3.04
sys 0.16
real 3.24
user 3.07
sys 0.17
real 3.25
user 3.11
sys 0.13
