real 4.23
user 3.46
sys 0.76
real 3.22
user 3.04
sys 0.18
real 3.24
user 3.09
sys 0.14
real 3.23
user 3.10
sys 0.13
real 3.40
user 3.23
sys 0.17
real 3.22
user 3.06
sys 0.16
real 3.22
user 3.06
sys 0.16
real 3.20
user 3.04
sys 0.16
real 3.26
user 3.07
sys 0.18
real 3.31
user 3.16
sys 0.14
real 3.27
user 3.05
sys 0.21
real 3.23
user 3.07
sys 0.15
real 3.26
user 3.10
sys 0.15
real 3.22
user 3.06
sys 0.15
real 3.25
user 3.06
sys 0.19
real 3.27
user 3.11
sys 0.15
real 3.24
user 3.02
sys 0.22
real 3.22
user 3.06
sys 0.15
real 3.55
user 3.34
sys 0.20
real 3.20
user 3.02
sys 0.18
real 3.25
user 3.08
sys 0.16
real 3.23
user 3.09
sys 0.13
real 3.25
user 3.09
sys 0.15
real 3.22
user 3.05
sys 0.16
real 3.24
user 3.09
sys 0.15
real 3.25
user 3.11
sys 0.13
real 3.26
user 3.12
sys 0.14
real 3.24
user 3.08
sys 0.15
real 3.22
user 3.04
sys 0.18
real 3.21
user 3.04
sys 0.17
real 3.25
user 3.05
sys 0.19
real 3.24
user 3.08
sys 0.15
real 3.26
user 3.08
sys 0.17
real 3.19
user 3.05
sys 0.14
real 3.25
user 3.09
sys 0.15
real 3.26
user 3.11
sys 0.14
real 3.26
user 3.10
sys 0.15
real 3.23
user 3.07
sys 0.16
real 3.21
user 3.07
sys 0.13
real 3.25
user 3.06
sys 0.18
real 3.24
user 3.10
sys 0.13
real 3.25
user 3.07
sys 0.17
real 3.20
user 3.04
sys 0.16
real 3.25
user 3.05
sys 0.20
real 3.25
user 3.07
sys 0.16
real 3.23
user 3.09
sys 0.13
real 3.23
user 3.13
sys 0.10
real 3.24
user 3.09
sys 0.15
real 3.24
user 3.06
sys 0.17
real 3.24
user 3.09
sys 0.15
real 3.19
user 3.04
sys 0.14
real 3.27
user 3.08
sys 0.19
real 3.47
user 3.30
sys 0.16
real 3.26
user 3.10
sys 0.15
real 3.26
user 3.09
sys 0.16
real 3.29
user 3.08
sys 0.21
real 3.20
user 3.06
sys 0.14
real 3.27
user 3.08
sys 0.18
real 3.21
user 3.04
sys 0.16
real 3.28
user 3.10
sys 0.17
real 3.20
user 3.04
sys 0.15
real 3.25
user 3.05
sys 0.20
real 3.23
user 3.05
sys 0.18
real 3.27
user 3.10
sys 0.14
real 3.24
user 3.07
sys 0.16
real 3.24
user 3.08
sys 0.16
real 3.22
user 3.05
sys 0.16
real 3.23
user 3.03
sys 0.18
real 3.27
user 3.11
sys 0.16
real 3.28
user 3.11
sys 0.16
real 3.27
user 3.12
sys 0.14
real 3.24
user 3.08
sys 0.15
real 3.24
user 3.08
sys 0.15
real 3.24
user 3.05
sys 0.18
real 3.20
user 3.02
sys 0.17
real 3.31
user 3.13
sys 0.17
real 3.26
user 3.06
sys 0.20
real 3.24
user 3.10
sys 0.14
real 3.26
user 3.06
sys 0.19
real 3.26
user 3.10
sys 0.15
real 3.30
user 3.10
sys 0.20
real 3.20
user 3.06
sys 0.13
real 3.26
user 3.09
sys 0.15
real 3.22
user 3.07
sys 0.14
real 3.31
user 3.16
sys 0.15
real 3.23
user 3.07
sys 0.15
real 3.27
user 3.08
sys 0.18
real 3.22
user 3.05
sys 0.16
real 3.25
user 3.05
sys 0.19
real 3.23
user 3.07
sys 0.16
real 3.23
user 3.04
sys 0.18
real 3.20
user 3.09
sys 0.10
real 3.23
user 3.07
sys 0.16
real 3.24
user 3.08
sys 0.16
real 3.27
user 3.06
sys 0.20
real 3.24
user 3.10
sys 0.14
real 3.27
user 3.09
sys 0.17
real 3.22
user 3.08
sys 0.14
real 3.26
user 3.05
sys 0.21
real 3.25
user 3.08
sys 0.16
real 3.29
user 3.14
sys 0.14
real 3.24
user 3.07
sys 0.16
real 3.28
user 3.12
sys 0.16
real 3.23
user 3.05
sys 0.18
real 3.19
user 3.03
sys 0.15
real 3.24
user 3.10
sys 0.13
real 3.24
user 3.07
sys 0.17
real 3.23
user 3.07
sys 0.15
real 3.24
user 3.08
sys 0.15
real 3.20
user 3.03
sys 0.16
real 3.27
user 3.10
sys 0.16
real 3.28
user 3.14
sys 0.14
real 3.28
user 3.14
sys 0.14
real 3.24
user 3.09
sys 0.14
real 3.25
user 3.11
sys 0.14
real 3.22
user 3.07
sys 0.14
real 3.45
user 3.27
sys 0.17
real 3.20
user 3.05
sys 0.15
real 3.22
user 3.03
sys 0.18
real 3.26
user 3.06
sys 0.20
real 3.21
user 3.06
sys 0.14
real 3.26
user 3.08
sys 0.17
real 3.24
user 3.08
sys 0.15
real 3.25
user 3.04
sys 0.20
real 3.23
user 3.09
sys 0.14
real 3.21
user 3.08
sys 0.12
real 3.22
user 3.04
sys 0.17
real 3.31
user 3.13
sys 0.18
real 3.26
user 3.08
sys 0.17
real 3.28
user 3.10
sys 0.17
real 3.21
user 3.06
sys 0.14
real 3.27
user 3.07
sys 0.19
real 3.26
user 3.10
sys 0.16
real 3.26
user 3.06
sys 0.19
real 3.25
user 3.10
sys 0.14
real 3.25
user 3.06
sys 0.18
real 3.24
user 3.05
sys 0.18
real 3.29
user 3.08
sys 0.21
real 3.21
user 3.07
sys 0.14
real 3.28
user 3.08
sys 0.20
real 3.24
user 3.08
sys 0.16
real 3.25
user 3.07
sys 0.17
real 3.26
user 3.07
sys 0.18
real 3.28
user 3.12
sys 0.15
real 3.21
user 3.06
sys 0.14
real 3.27
user 3.11
sys 0.16
real 3.21
user 3.05
sys 0.16
real 3.25
user 3.08
sys 0.17
real 3.25
user 3.09
sys 0.16
real 3.25
user 3.08
sys 0.17
