 POWER = 
  0.00000000000000E+00  0.00000000000000E+00  0.00000000000000E+00
 0.00000000000000E+00  0.00000000000000E+00  0.00000000000000E+00
 0.00000000000000E+00  0.00000000000000E+00  0.00000000000000E+00
 0.00000000000000E+00  0.00000000000000E+00  0.00000000000000E+00
 0.00000000000000E+00  0.00000000000000E+00  0.00000000000000E+00
 0.00000000000000E+00  0.00000000000000E+00  0.00000000000000E+00
 0.00000000000000E+00  0.00000000000000E+00  0.00000000000000E+00
 0.00000000000000E+00  0.00000000000000E+00  0.00000000000000E+00
 0.00000000000000E+00  0.00000000000000E+00  0.00000000000000E+00
 0.00000000000000E+00  0.00000000000000E+00  0.00000000000000E+00
 0.00000000000000E+00  0.00000000000000E+00  0.00000000000000E+00
 0.00000000000000E+00  0.00000000000000E+00  0.00000000000000E+00
 0.00000000000000E+00  0.00000000000000E+00  0.00000000000000E+00
 0.00000000000000E+00  0.00000000000000E+00  0.00000000000000E+00
 0.00000000000000E+00  0.00000000000000E+00  0.00000000000000E+00
 0.00000000000000E+00  0.00000000000000E+00  0.00000000000000E+00
 0.00000000000000E+00  0.00000000000000E+00  0.00000000000000E+00
 0.00000000000000E+00  0.00000000000000E+00  0.00000000000000E+00
 0.00000000000000E+00  0.00000000000000E+00  0.00000000000000E+00
 0.00000000000000E+00  0.00000000000000E+00  0.00000000000000E+00
 0.00000000000000E+00  0.00000000000000E+00  0.00000000000000E+00
 0.00000000000000E+00  0.00000000000000E+00  0.00000000000000E+00
 0.00000000000000E+00  0.00000000000000E+00  0.00000000000000E+00
 0.00000000000000E+00  0.00000000000000E+00  0.00000000000000E+00
 0.00000000000000E+00  0.00000000000000E+00  0.00000000000000E+00
 0.00000000000000E+00  0.00000000000000E+00  0.00000000000000E+00
 0.00000000000000E+00  0.00000000000000E+00  0.00000000000000E+00
 0.00000000000000E+00  0.00000000000000E+00  0.00000000000000E+00
 0.00000000000000E+00  0.00000000000000E+00  0.00000000000000E+00
 0.00000000000000E+00  0.00000000000000E+00  0.00000000000000E+00
 0.00000000000000E+00  0.00000000000000E+00  0.00000000000000E+00
 0.00000000000000E+00  0.00000000000000E+00  0.00000000000000E+00
 0.00000000000000E+00  0.00000000000000E+00  0.00000000000000E+00
 0.00000000000000E+00  0.00000000000000E+00  0.00000000000000E+00
 0.00000000000000E+00  0.00000000000000E+00  0.00000000000000E+00
 0.00000000000000E+00  0.00000000000000E+00  0.00000000000000E+00
 0.00000000000000E+00  0.00000000000000E+00  0.00000000000000E+00
 0.00000000000000E+00  0.00000000000000E+00  0.00000000000000E+00
 0.00000000000000E+00  0.00000000000000E+00  0.00000000000000E+00
 0.00000000000000E+00  0.00000000000000E+00  0.00000000000000E+00
 0.00000000000000E+00  0.00000000000000E+00  0.00000000000000E+00
 0.00000000000000E+00  0.00000000000000E+00  0.00000000000000E+00
 0.00000000000000E+00  0.00000000000000E+00  0.00000000000000E+00
 0.00000000000000E+00  0.00000000000000E+00  0.00000000000000E+00
 0.00000000000000E+00  0.00000000000000E+00  0.00000000000000E+00
 0.00000000000000E+00  0.00000000000000E+00  0.00000000000000E+00
 0.00000000000000E+00  0.00000000000000E+00  0.00000000000000E+00
 0.00000000000000E+00  0.00000000000000E+00  0.00000000000000E+00
 0.00000000000000E+00  0.00000000000000E+00  0.00000000000000E+00
 0.00000000000000E+00  0.00000000000000E+00  0.00000000000000E+00
 0.00000000000000E+00  0.00000000000000E+00  0.00000000000000E+00
 0.00000000000000E+00  0.00000000000000E+00  0.00000000000000E+00
 0.00000000000000E+00  0.00000000000000E+00  0.00000000000000E+00
 0.00000000000000E+00  0.00000000000000E+00  0.00000000000000E+00
 0.00000000000000E+00  0.00000000000000E+00  0.00000000000000E+00
 0.00000000000000E+00  0.00000000000000E+00  0.00000000000000E+00
 0.00000000000000E+00  0.00000000000000E+00  0.00000000000000E+00
 0.00000000000000E+00  0.00000000000000E+00  0.00000000000000E+00
 0.00000000000000E+00  0.00000000000000E+00  0.00000000000000E+00
 0.00000000000000E+00  0.00000000000000E+00  0.00000000000000E+00
 0.00000000000000E+00  0.00000000000000E+00  0.00000000000000E+00
 0.00000000000000E+00  0.00000000000000E+00  0.00000000000000E+00
 0.00000000000000E+00  0.00000000000000E+00  0.00000000000000E+00
 0.00000000000000E+00  0.00000000000000E+00  0.00000000000000E+00
 0.00000000000000E+00  0.00000000000000E+00  0.00000000000000E+00
 0.00000000000000E+00  0.00000000000000E+00  0.00000000000000E+00
 0.00000000000000E+00  0.00000000000000E+00  0.00000000000000E+00
 0.00000000000000E+00  0.00000000000000E+00  0.00000000000000E+00
 0.00000000000000E+00  0.00000000000000E+00  0.00000000000000E+00
 0.00000000000000E+00  0.00000000000000E+00  0.00000000000000E+00
 0.00000000000000E+00  0.00000000000000E+00  0.00000000000000E+00
 0.00000000000000E+00  0.00000000000000E+00  0.00000000000000E+00
 0.00000000000000E+00  0.00000000000000E+00  0.00000000000000E+00
 0.00000000000000E+00  0.00000000000000E+00  0.00000000000000E+00
 0.00000000000000E+00  0.00000000000000E+00  0.00000000000000E+00
 0.00000000000000E+00  0.00000000000000E+00  0.00000000000000E+00
 0.00000000000000E+00  0.00000000000000E+00  0.00000000000000E+00
 0.00000000000000E+00  0.00000000000000E+00  0.00000000000000E+00
 0.00000000000000E+00  0.00000000000000E+00  0.00000000000000E+00
 0.00000000000000E+00  0.00000000000000E+00  0.00000000000000E+00
 0.00000000000000E+00  0.00000000000000E+00  0.00000000000000E+00
 0.00000000000000E+00  0.00000000000000E+00  0.00000000000000E+00
 0.00000000000000E+00  0.00000000000000E+00  0.00000000000000E+00
 0.00000000000000E+00  0.00000000000000E+00  0.00000000000000E+00
 0.00000000000000E+00  0.00000000000000E+00  0.00000000000000E+00
 0.00000000000000E+00  0.00000000000000E+00  0.00000000000000E+00
 0.00000000000000E+00  0.00000000000000E+00  0.00000000000000E+00
 0.00000000000000E+00  0.00000000000000E+00  0.00000000000000E+00
 0.00000000000000E+00  0.00000000000000E+00  0.00000000000000E+00
 0.00000000000000E+00  0.00000000000000E+00  0.00000000000000E+00
 0.00000000000000E+00  0.00000000000000E+00  0.00000000000000E+00
 0.00000000000000E+00  0.00000000000000E+00  0.00000000000000E+00
 0.00000000000000E+00  0.00000000000000E+00  0.00000000000000E+00
 0.00000000000000E+00  0.00000000000000E+00  0.00000000000000E+00
 0.00000000000000E+00  0.00000000000000E+00  0.00000000000000E+00
 0.00000000000000E+00  0.00000000000000E+00  0.00000000000000E+00
 0.00000000000000E+00  0.00000000000000E+00  0.00000000000000E+00
 0.00000000000000E+00  0.00000000000000E+00  0.00000000000000E+00
 0.00000000000000E+00  0.00000000000000E+00  0.00000000000000E+00
 0.00000000000000E+00  0.00000000000000E+00  0.00000000000000E+00
 0.00000000000000E+00
 Ec = 
  2.49601171749671E-16, -1.30901155255896E-17,
  2.49593527034387E-16, -1.31771408943044E-17,
  2.49585831684423E-16, -1.32641614410560E-17,
  2.49578085702971E-16, -1.33511771340205E-17,
  2.49570289093243E-16, -1.34381879413764E-17,
  2.49562441858474E-16, -1.35251938313042E-17,
  2.49554544001918E-16, -1.36121947719866E-17,
  2.49546595526852E-16, -1.36991907316086E-17,
  2.49538596436570E-16, -1.37861816783575E-17,
  2.49530546734393E-16, -1.38731675804226E-17,
  2.49522446423657E-16, -1.39601484059957E-17,
  2.49514295507724E-16, -1.40471241232707E-17,
  2.49506093989973E-16, -1.41340947004439E-17,
  2.49497841873806E-16, -1.42210601057138E-17,
  2.49489539162646E-16, -1.43080203072813E-17,
  2.49481185859937E-16, -1.43949752733497E-17,
  2.49472781969143E-16, -1.44819249721244E-17,
  2.49464327493749E-16, -1.45688693718133E-17,
  2.49455822437263E-16, -1.46558084406267E-17,
  2.49447266803212E-16, -1.47427421467772E-17,
  2.49438660595143E-16, -1.48296704584799E-17,
  2.49430003816627E-16, -1.49165933439523E-17,
  2.49421296471255E-16, -1.50035107714142E-17,
  2.49412538562636E-16, -1.50904227090880E-17,
  2.49403730094404E-16, -1.51773291251984E-17,
  2.49394871070212E-16, -1.52642299879727E-17,
  2.49385961493735E-16, -1.53511252656407E-17,
  2.49377001368666E-16, -1.54380149264345E-17,
  2.49367990698723E-16, -1.55248989385890E-17,
  2.49358929487643E-16, -1.56117772703414E-17,
  2.49349817739183E-16, -1.56986498899315E-17,
  2.49340655457124E-16, -1.57855167656018E-17,
  2.49331442645263E-16, -1.58723778655970E-17,
  2.49322179307423E-16, -1.59592331581648E-17,
  2.49312865447445E-16, -1.60460826115553E-17,
  2.49303501069192E-16, -1.61329261940213E-17,
  2.49294086176548E-16, -1.62197638738180E-17,
  2.49284620773418E-16, -1.63065956192035E-17,
  2.49275104863726E-16, -1.63934213984384E-17,
  2.49265538451420E-16, -1.64802411797861E-17,
  2.49255921540467E-16, -1.65670549315126E-17,
  2.49246254134855E-16, -1.66538626218866E-17,
  2.49236536238593E-16, -1.67406642191795E-17,
  2.49226767855712E-16, -1.68274596916654E-17,
  2.49216948990264E-16, -1.69142490076212E-17,
  2.49207079646319E-16, -1.70010321353266E-17,
  2.49197159827971E-16, -1.70878090430640E-17,
  2.49187189539335E-16, -1.71745796991184E-17,
  2.49177168784544E-16, -1.72613440717781E-17,
  2.49167097567755E-16, -1.73481021293336E-17,
  2.49156975893143E-16, -1.74348538400787E-17,
  2.49146803764908E-16, -1.75215991723098E-17,
  2.49136581187267E-16, -1.76083380943262E-17,
  2.49126308164459E-16, -1.76950705744300E-17,
  2.49115984700745E-16, -1.77817965809264E-17,
  2.49105610800407E-16, -1.78685160821234E-17,
  2.49095186467745E-16, -1.79552290463316E-17,
  2.49084711707084E-16, -1.80419354418650E-17,
  2.49074186522767E-16, -1.81286352370403E-17,
  2.49063610919159E-16, -1.82153284001771E-17,
  2.49052984900645E-16, -1.83020148995982E-17,
  2.49042308471633E-16, -1.83886947036290E-17,
  2.49031581636549E-16, -1.84753677805983E-17,
  2.49020804399842E-16, -1.85620340988377E-17,
  2.49009976765981E-16, -1.86486936266818E-17,
  2.48999098739456E-16, -1.87353463324683E-17,
  2.48988170324779E-16, -1.88219921845379E-17,
  2.48977191526481E-16, -1.89086311512345E-17,
  2.48966162349114E-16, -1.89952632009050E-17,
  2.48955082797254E-16, -1.90818883018993E-17,
  2.48943952875493E-16, -1.91685064225705E-17,
  2.48932772588448E-16, -1.92551175312748E-17,
  2.48921541940754E-16, -1.93417215963716E-17,
  2.48910260937069E-16, -1.94283185862234E-17,
  2.48898929582071E-16, -1.95149084691958E-17,
  2.48887547880458E-16, -1.96014912136577E-17,
  2.48876115836950E-16, -1.96880667879811E-17,
  2.48864633456289E-16, -1.97746351605412E-17,
  2.48853100743234E-16, -1.98611962997166E-17,
  2.48841517702569E-16, -1.99477501738888E-17,
  2.48829884339096E-16, -2.00342967514429E-17,
  2.48818200657639E-16, -2.01208360007671E-17,
  2.48806466663044E-16, -2.02073678902528E-17,
  2.48794682360176E-16, -2.02938923882949E-17,
  2.48782847753921E-16, -2.03804094632913E-17,
  2.48770962849187E-16, -2.04669190836437E-17,
  2.48759027650901E-16, -2.05534212177565E-17,
  2.48747042164014E-16, -2.06399158340380E-17,
  2.48735006393494E-16, -2.07264029008997E-17,
  2.48722920344332E-16, -2.08128823867562E-17,
  2.48710784021540E-16, -2.08993542600259E-17,
  2.48698597430150E-16, -2.09858184891304E-17,
  2.48686360575215E-16, -2.10722750424947E-17,
  2.48674073461809E-16, -2.11587238885473E-17,
  2.48661736095028E-16, -2.12451649957201E-17,
  2.48649348479985E-16, -2.13315983324485E-17,
  2.48636910621819E-16, -2.14180238671713E-17,
  2.48624422525686E-16, -2.15044415683310E-17,
  2.48611884196763E-16, -2.15908514043733E-17,
  2.48599295640251E-16, -2.16772533437476E-17,
  2.48586656861368E-16, -2.17636473549069E-17,
  2.48573967865355E-16, -2.18500334063076E-17,
  2.48561228657473E-16, -2.19364114664096E-17,
  2.48548439243005E-16, -2.20227815036766E-17,
  2.48535599627252E-16, -2.21091434865757E-17,
  2.48522709815539E-16, -2.21954973835778E-17,
  2.48509769813210E-16, -2.22818431631571E-17,
  2.48496779625630E-16, -2.23681807937918E-17,
  2.48483739258185E-16, -2.24545102439634E-17,
  2.48470648716283E-16, -2.25408314821574E-17,
  2.48457508005349E-16, -2.26271444768626E-17,
  2.48444317130833E-16, -2.27134491965719E-17,
  2.48431076098205E-16, -2.27997456097815E-17,
  2.48417784912952E-16, -2.28860336849915E-17,
  2.48404443580587E-16, -2.29723133907059E-17,
  2.48391052106641E-16, -2.30585846954321E-17,
  2.48377610496665E-16, -2.31448475676815E-17,
  2.48364118756233E-16, -2.32311019759692E-17,
  2.48350576890938E-16, -2.33173478888140E-17,
  2.48336984906395E-16, -2.34035852747388E-17,
  2.48323342808239E-16, -2.34898141022698E-17,
  2.48309650602125E-16, -2.35760343399376E-17,
  2.48295908293732E-16, -2.36622459562762E-17,
  2.48282115888755E-16, -2.37484489198236E-17,
  2.48268273392913E-16, -2.38346431991218E-17,
  2.48254380811945E-16, -2.39208287627166E-17,
  2.48240438151611E-16, -2.40070055791575E-17,
  2.48226445417690E-16, -2.40931736169983E-17,
  2.48212402615985E-16, -2.41793328447963E-17,
  2.48198309752317E-16, -2.42654832311131E-17,
  2.48184166832528E-16, -2.43516247445141E-17,
  2.48169973862482E-16, -2.44377573535686E-17,
  2.48155730848062E-16, -2.45238810268500E-17,
  2.48141437795174E-16, -2.46099957329356E-17,
  2.48127094709743E-16, -2.46961014404069E-17,
  2.48112701597715E-16, -2.47821981178491E-17,
  2.48098258465057E-16, -2.48682857338517E-17,
  2.48083765317757E-16, -2.49543642570083E-17,
  2.48069222161822E-16, -2.50404336559163E-17,
  2.48054629003282E-16, -2.51264938991773E-17,
  2.48039985848186E-16, -2.52125449553972E-17,
  2.48025292702604E-16, -2.52985867931856E-17,
  2.48010549572629E-16, -2.53846193811566E-17,
  2.47995756464371E-16, -2.54706426879283E-17,
  2.47980913383963E-16, -2.55566566821228E-17,
  2.47966020337559E-16, -2.56426613323666E-17,
  2.47951077331331E-16, -2.57286566072903E-17,
  2.47936084371474E-16, -2.58146424755286E-17,
  2.47921041464204E-16, -2.59006189057205E-17,
  2.47905948615757E-16, -2.59865858665093E-17,
  2.47890805832388E-16, -2.60725433265423E-17,
  2.47875613120375E-16, -2.61584912544712E-17,
  2.47860370486016E-16, -2.62444296189521E-17,
  2.47845077935630E-16, -2.63303583886450E-17,
  2.47829735475554E-16, -2.64162775322145E-17,
  2.47814343112151E-16, -2.65021870183295E-17,
  2.47798900851799E-16, -2.65880868156630E-17,
  2.47783408700900E-16, -2.66739768928926E-17,
  2.47767866665875E-16, -2.67598572187001E-17,
  2.47752274753167E-16, -2.68457277617716E-17,
  2.47736632969240E-16, -2.69315884907976E-17,
  2.47720941320576E-16, -2.70174393744732E-17,
  2.47705199813680E-16, -2.71032803814977E-17,
  2.47689408455078E-16, -2.71891114805748E-17,
  2.47673567251313E-16, -2.72749326404127E-17,
  2.47657676208954E-16, -2.73607438297241E-17,
  2.47641735334586E-16, -2.74465450172260E-17,
  2.47625744634817E-16, -2.75323361716400E-17,
  2.47609704116275E-16, -2.76181172616922E-17,
  2.47593613785609E-16, -2.77038882561131E-17,
  2.47577473649488E-16, -2.77896491236378E-17,
  2.47561283714601E-16, -2.78753998330059E-17,
  2.47545043987660E-16, -2.79611403529615E-17,
  2.47528754475396E-16, -2.80468706522533E-17,
  2.47512415184559E-16, -2.81325906996345E-17,
  2.47496026121923E-16, -2.82183004638631E-17,
  2.47479587294280E-16, -2.83039999137015E-17,
  2.47463098708444E-16, -2.83896890179167E-17,
  2.47446560371249E-16, -2.84753677452804E-17,
  2.47429972289549E-16, -2.85610360645690E-17,
  2.47413334470219E-16, -2.86466939445633E-17,
  2.47396646920156E-16, -2.87323413540491E-17,
  2.47379909646276E-16, -2.88179782618168E-17,
  2.47363122655515E-16, -2.89036046366612E-17,
  2.47346285954832E-16, -2.89892204473822E-17,
  2.47329399551203E-16, -2.90748256627843E-17,
  2.47312463451628E-16, -2.91604202516765E-17,
  2.47295477663127E-16, -2.92460041828729E-17,
  2.47278442192737E-16, -2.93315774251921E-17,
  2.47261357047521E-16, -2.94171399474577E-17,
  2.47244222234558E-16, -2.95026917184980E-17,
  2.47227037760951E-16, -2.95882327071460E-17,
  2.47209803633820E-16, -2.96737628822396E-17,
  2.47192519860309E-16, -2.97592822126217E-17,
  2.47175186447580E-16, -2.98447906671397E-17,
  2.47157803402816E-16, -2.99302882146462E-17,
  2.47140370733223E-16, -3.00157748239986E-17,
  2.47122888446023E-16, -3.01012504640589E-17,
  2.47105356548464E-16, -3.01867151036944E-17,
  2.47087775047809E-16, -3.02721687117771E-17,
  2.47070143951345E-16, -3.03576112571840E-17,
  2.47052463266379E-16, -3.04430427087971E-17,
  2.47034733000237E-16, -3.05284630355032E-17,
  2.47016953160268E-16, -3.06138722061941E-17,
  2.46999123753839E-16, -3.06992701897668E-17,
  2.46981244788339E-16, -3.07846569551231E-17,
  2.46963316271178E-16, -3.08700324711698E-17,
  2.46945338209784E-16, -3.09553967068190E-17,
  2.46927310611607E-16, -3.10407496309874E-17,
  2.46909233484119E-16, -3.11260912125971E-17,
  2.46891106834811E-16, -3.12114214205752E-17,
  2.46872930671192E-16, -3.12967402238539E-17,
  2.46854705000797E-16, -3.13820475913704E-17,
  2.46836429831177E-16, -3.14673434920670E-17,
  2.46818105169905E-16, -3.15526278948913E-17,
  2.46799731024574E-16, -3.16379007687959E-17,
  2.46781307402799E-16, -3.17231620827386E-17,
  2.46762834312212E-16, -3.18084118056823E-17,
  2.46744311760471E-16, -3.18936499065953E-17,
  2.46725739755248E-16, -3.19788763544508E-17,
  2.46707118304240E-16, -3.20640911182274E-17,
  2.46688447415164E-16, -3.21492941669088E-17,
  2.46669727095755E-16, -3.22344854694841E-17,
  2.46650957353770E-16, -3.23196649949476E-17,
  2.46632138196987E-16, -3.24048327122987E-17,
  2.46613269633203E-16, -3.24899885905423E-17,
  2.46594351670237E-16, -3.25751325986884E-17,
  2.46575384315927E-16, -3.26602647057525E-17,
  2.46556367578133E-16, -3.27453848807553E-17,
  2.46537301464733E-16, -3.28304930927229E-17,
  2.46518185983628E-16, -3.29155893106867E-17,
  2.46499021142738E-16, -3.30006735036834E-17,
  2.46479806950002E-16, -3.30857456407551E-17,
  2.46460543413384E-16, -3.31708056909496E-17,
  2.46441230540863E-16, -3.32558536233196E-17,
  2.46421868340442E-16, -3.33408894069235E-17,
  2.46402456820142E-16, -3.34259130108251E-17,
  2.46382995988007E-16, -3.35109244040937E-17,
  2.46363485852099E-16, -3.35959235558040E-17,
  2.46343926420502E-16, -3.36809104350361E-17,
  2.46324317701320E-16, -3.37658850108756E-17,
  2.46304659702675E-16, -3.38508472524138E-17,
  2.46284952432714E-16, -3.39357971287473E-17,
  2.46265195899600E-16, -3.40207346089783E-17,
  2.46245390111519E-16, -3.41056596622145E-17,
  2.46225535076675E-16, -3.41905722575692E-17,
  2.46205630803296E-16, -3.42754723641613E-17,
  2.46185677299628E-16, -3.43603599511152E-17,
  2.46165674573935E-16, -3.44452349875610E-17,
  2.46145622634507E-16, -3.45300974426343E-17,
  2.46125521489649E-16, -3.46149472854765E-17,
  2.46105371147689E-16, -3.46997844852343E-17,
  2.46085171616975E-16, -3.47846090110604E-17,
  2.46064922905875E-16, -3.48694208321131E-17,
  2.46044625022778E-16, -3.49542199175561E-17,
  2.46024277976092E-16, -3.50390062365593E-17,
  2.46003881774247E-16, -3.51237797582977E-17,
  2.45983436425691E-16, -3.52085404519525E-17,
  2.45962941938895E-16, -3.52932882867105E-17,
  2.45942398322349E-16, -3.53780232317642E-17,
  2.45921805584562E-16, -3.54627452563117E-17,
  2.45901163734065E-16, -3.55474543295573E-17,
  2.45880472779409E-16, -3.56321504207107E-17,
  2.45859732729166E-16, -3.57168334989876E-17,
  2.45838943591926E-16, -3.58015035336095E-17,
  2.45818105376302E-16, -3.58861604938036E-17,
  2.45797218090924E-16, -3.59708043488030E-17,
  2.45776281744446E-16, -3.60554350678469E-17,
  2.45755296345540E-16, -3.61400526201800E-17,
  2.45734261902898E-16, -3.62246569750530E-17,
  2.45713178425234E-16, -3.63092481017228E-17,
  2.45692045921281E-16, -3.63938259694517E-17,
  2.45670864399791E-16, -3.64783905475084E-17,
  2.45649633869540E-16, -3.65629418051672E-17,
  2.45628354339320E-16, -3.66474797117085E-17,
  2.45607025817946E-16, -3.67320042364187E-17,
  2.45585648314253E-16, -3.68165153485901E-17,
  2.45564221837094E-16, -3.69010130175211E-17,
  2.45542746395345E-16, -3.69854972125160E-17,
  2.45521221997901E-16, -3.70699679028851E-17,
  2.45499648653677E-16, -3.71544250579449E-17,
  2.45478026371608E-16, -3.72388686470178E-17,
  2.45456355160651E-16, -3.73232986394324E-17,
  2.45434635029780E-16, -3.74077150045231E-17,
  2.45412865987992E-16, -3.74921177116308E-17,
  2.45391048044304E-16, -3.75765067301021E-17,
  2.45369181207751E-16, -3.76608820292900E-17,
  2.45347265487391E-16, -3.77452435785535E-17,
  2.45325300892300E-16, -3.78295913472579E-17,
  2.45303287431575E-16, -3.79139253047744E-17,
  2.45281225114332E-16, -3.79982454204805E-17,
  2.45259113949711E-16, -3.80825516637601E-17,
  2.45236953946867E-16, -3.81668440040029E-17,
  2.45214745114979E-16, -3.82511224106050E-17,
  2.45192487463244E-16, -3.83353868529690E-17,
  2.45170181000880E-16, -3.84196373005032E-17,
  2.45147825737125E-16, -3.85038737226226E-17,
  2.45125421681238E-16, -3.85880960887483E-17,
  2.45102968842496E-16, -3.86723043683077E-17,
  2.45080467230199E-16, -3.87564985307344E-17,
  2.45057916853664E-16, -3.88406785454685E-17,
