real 1.11
user 0.99
sys 0.12
real 1.06
user 0.99
sys 0.07
real 1.06
user 0.99
sys 0.07
real 1.06
user 0.99
sys 0.06
real 1.06
user 0.97
sys 0.08
real 1.06
user 0.98
sys 0.08
real 1.06
user 0.99
sys 0.07
real 1.06
user 0.98
sys 0.08
real 1.06
user 1.00
sys 0.06
real 1.06
user 1.01
sys 0.05
real 1.06
user 0.98
sys 0.08
real 1.06
user 0.98
sys 0.08
real 1.07
user 1.00
sys 0.06
real 1.06
user 0.99
sys 0.06
real 1.06
user 0.99
sys 0.07
real 1.06
user 0.99
sys 0.07
real 1.07
user 0.99
sys 0.07
real 1.06
user 0.97
sys 0.08
real 1.06
user 1.00
sys 0.06
real 1.06
user 0.98
sys 0.08
real 1.08
user 0.99
sys 0.08
real 1.07
user 1.00
sys 0.06
real 1.06
user 0.98
sys 0.08
real 1.06
user 1.00
sys 0.06
real 1.06
user 1.00
sys 0.06
real 1.06
user 1.00
sys 0.06
real 1.07
user 0.99
sys 0.08
real 1.07
user 1.00
sys 0.06
real 1.06
user 0.99
sys 0.07
real 1.06
user 0.98
sys 0.08
real 1.07
user 1.00
sys 0.06
real 1.07
user 0.99
sys 0.07
real 1.10
user 0.99
sys 0.11
real 1.07
user 1.01
sys 0.05
real 1.07
user 1.00
sys 0.06
real 1.07
user 1.00
sys 0.07
real 1.07
user 0.99
sys 0.07
real 1.06
user 0.98
sys 0.08
real 1.06
user 0.98
sys 0.08
real 1.07
user 1.00
sys 0.06
real 1.07
user 0.98
sys 0.08
real 1.07
user 1.00
sys 0.06
real 1.07
user 0.98
sys 0.08
real 1.08
user 1.01
sys 0.07
real 1.07
user 0.98
sys 0.08
real 1.07
user 1.00
sys 0.06
real 1.07
user 0.98
sys 0.08
real 1.06
user 0.99
sys 0.06
real 1.07
user 0.99
sys 0.07
real 1.06
user 1.00
sys 0.06
real 1.07
user 1.00
sys 0.06
real 1.07
user 0.99
sys 0.07
real 1.06
user 0.99
sys 0.07
real 1.07
user 0.99
sys 0.08
real 1.07
user 0.99
sys 0.07
real 1.07
user 1.00
sys 0.06
real 1.06
user 0.99
sys 0.07
real 1.06
user 0.99
sys 0.07
real 1.07
user 0.99
sys 0.07
real 1.07
user 1.00
sys 0.06
real 1.07
user 0.98
sys 0.08
real 1.07
user 0.99
sys 0.07
real 1.07
user 0.99
sys 0.07
real 1.07
user 0.99
sys 0.07
real 1.06
user 0.99
sys 0.07
real 1.07
user 1.00
sys 0.07
real 1.06
user 0.98
sys 0.08
real 1.07
user 0.99
sys 0.07
real 1.07
user 0.99
sys 0.07
real 1.07
user 1.00
sys 0.06
real 1.07
user 0.99
sys 0.07
real 1.06
user 0.99
sys 0.06
real 1.06
user 0.98
sys 0.07
real 1.06
user 0.99
sys 0.07
real 1.06
user 0.99
sys 0.07
real 1.06
user 1.01
sys 0.05
real 1.06
user 0.99
sys 0.06
real 1.06
user 0.99
sys 0.07
real 1.06
user 0.98
sys 0.08
real 1.06
user 0.99
sys 0.06
real 1.06
user 1.00
sys 0.06
real 1.06
user 0.99
sys 0.06
real 1.06
user 0.98
sys 0.07
real 1.06
user 0.98
sys 0.08
real 1.06
user 0.98
sys 0.07
real 1.06
user 1.00
sys 0.06
real 1.06
user 1.00
sys 0.06
real 1.06
user 0.99
sys 0.07
real 1.06
user 0.99
sys 0.07
real 1.06
user 1.00
sys 0.05
real 1.06
user 0.99
sys 0.06
real 1.07
user 0.99
sys 0.08
real 1.07
user 1.00
sys 0.06
real 1.07
user 1.01
sys 0.05
real 1.06
user 0.97
sys 0.08
real 1.07
user 0.99
sys 0.07
real 1.07
user 1.00
sys 0.06
real 1.06
user 0.98
sys 0.08
real 1.07
user 0.98
sys 0.08
real 1.07
user 1.00
sys 0.06
real 1.06
user 0.99
sys 0.07
real 1.07
user 0.99
sys 0.07
real 1.07
user 0.99
sys 0.07
real 1.07
user 1.00
sys 0.06
real 1.06
user 0.99
sys 0.07
real 1.07
user 0.98
sys 0.08
real 1.07
user 1.00
sys 0.06
real 1.07
user 1.00
sys 0.06
real 1.06
user 0.99
sys 0.07
real 1.07
user 0.99
sys 0.07
real 1.08
user 1.01
sys 0.06
real 1.06
user 0.99
sys 0.07
real 1.07
user 1.00
sys 0.06
real 1.06
user 1.00
sys 0.06
real 1.06
user 0.99
sys 0.07
real 1.07
user 0.98
sys 0.08
real 1.07
user 1.01
sys 0.06
real 1.07
user 0.99
sys 0.07
real 1.08
user 1.00
sys 0.06
real 1.07
user 0.99
sys 0.07
real 1.07
user 0.99
sys 0.08
real 1.10
user 1.01
sys 0.08
real 1.07
user 1.01
sys 0.06
real 1.07
user 0.98
sys 0.08
real 1.07
user 0.99
sys 0.08
real 1.07
user 1.00
sys 0.06
real 1.07
user 1.00
sys 0.06
real 1.06
user 1.02
sys 0.04
real 1.06
user 0.98
sys 0.08
real 1.07
user 0.99
sys 0.07
real 1.07
user 0.98
sys 0.08
real 1.07
user 0.99
sys 0.07
real 1.07
user 0.99
sys 0.07
real 1.08
user 0.98
sys 0.09
real 1.06
user 0.98
sys 0.08
real 1.06
user 0.98
sys 0.08
real 1.07
user 0.99
sys 0.07
real 1.07
user 0.98
sys 0.08
real 1.07
user 1.01
sys 0.06
real 1.06
user 1.00
sys 0.06
real 1.06
user 0.98
sys 0.08
real 1.07
user 1.00
sys 0.06
real 1.07
user 1.00
sys 0.06
real 1.07
user 0.99
sys 0.07
real 1.07
user 0.98
sys 0.08
real 1.07
user 0.99
sys 0.07
real 1.07
user 0.98
sys 0.08
real 1.06
user 0.99
sys 0.07
real 1.07
user 1.00
sys 0.06
real 1.07
user 1.01
sys 0.05
