real 1.22
user 1.03
sys 0.15
real 1.10
user 1.00
sys 0.10
real 1.08
user 1.01
sys 0.07
real 1.08
user 0.98
sys 0.09
real 1.08
user 1.00
sys 0.08
real 1.08
user 1.00
sys 0.08
real 1.08
user 1.00
sys 0.08
real 1.09
user 1.03
sys 0.06
real 1.10
user 1.02
sys 0.07
real 1.09
user 1.02
sys 0.06
real 1.09
user 1.02
sys 0.06
real 1.09
user 0.99
sys 0.09
real 1.09
user 1.02
sys 0.06
real 1.10
user 1.01
sys 0.08
real 1.09
user 1.02
sys 0.06
real 1.09
user 1.01
sys 0.08
real 1.09
user 1.01
sys 0.07
real 1.09
user 1.00
sys 0.08
real 1.09
user 1.01
sys 0.07
real 1.10
user 1.01
sys 0.08
real 1.09
user 1.01
sys 0.08
real 1.09
user 1.01
sys 0.08
real 1.09
user 1.02
sys 0.06
real 1.09
user 1.00
sys 0.08
real 1.09
user 1.01
sys 0.08
real 1.10
user 1.02
sys 0.08
real 1.09
user 1.01
sys 0.08
real 1.09
user 1.01
sys 0.07
real 1.09
user 1.00
sys 0.08
real 1.09
user 1.00
sys 0.08
real 1.09
user 1.00
sys 0.08
real 1.09
user 1.01
sys 0.08
real 1.09
user 1.01
sys 0.08
real 1.09
user 1.01
sys 0.07
real 1.09
user 1.02
sys 0.07
real 1.10
user 1.02
sys 0.07
real 1.08
user 1.00
sys 0.08
real 1.09
user 1.02
sys 0.07
real 1.08
user 1.00
sys 0.08
real 1.08
user 0.99
sys 0.08
real 1.08
user 1.00
sys 0.08
real 1.08
user 0.99
sys 0.08
real 1.09
user 1.00
sys 0.08
real 1.09
user 1.00
sys 0.09
real 1.09
user 1.00
sys 0.08
real 1.09
user 1.00
sys 0.08
real 1.09
user 1.00
sys 0.08
real 1.09
user 1.02
sys 0.07
real 1.09
user 1.02
sys 0.06
real 1.10
user 1.02
sys 0.08
real 1.09
user 1.00
sys 0.08
real 1.09
user 1.00
sys 0.09
real 1.09
user 1.02
sys 0.07
real 1.09
user 1.01
sys 0.08
real 1.09
user 1.00
sys 0.08
real 1.11
user 1.02
sys 0.08
real 1.09
user 1.00
sys 0.08
real 1.09
user 1.00
sys 0.08
real 1.09
user 1.01
sys 0.08
real 1.09
user 1.01
sys 0.08
real 1.09
user 1.02
sys 0.06
real 1.09
user 1.02
sys 0.06
real 1.10
user 1.02
sys 0.07
real 1.09
user 0.99
sys 0.09
real 1.09
user 1.00
sys 0.08
real 1.09
user 1.02
sys 0.06
real 1.09
user 1.00
sys 0.08
real 1.09
user 1.01
sys 0.08
real 1.11
user 1.03
sys 0.07
real 1.09
user 1.01
sys 0.07
real 1.08
user 1.02
sys 0.06
real 1.08
user 0.99
sys 0.09
real 1.08
user 1.00
sys 0.08
real 1.08
user 1.00
sys 0.08
real 1.11
user 1.03
sys 0.08
real 1.09
user 1.02
sys 0.06
real 1.09
user 1.01
sys 0.08
real 1.09
user 1.01
sys 0.08
real 1.09
user 0.99
sys 0.09
real 1.09
user 1.01
sys 0.07
real 1.10
user 1.01
sys 0.08
real 1.09
user 0.99
sys 0.09
real 1.09
user 1.01
sys 0.08
real 1.09
user 1.03
sys 0.05
real 1.09
user 0.99
sys 0.09
real 1.08
user 1.00
sys 0.08
real 1.09
user 1.01
sys 0.08
real 1.08
user 1.01
sys 0.07
real 1.08
user 1.01
sys 0.06
real 1.09
user 1.00
sys 0.08
real 1.08
user 1.01
sys 0.07
real 1.08
user 1.00
sys 0.08
real 1.08
user 0.99
sys 0.08
real 1.08
user 1.01
sys 0.07
real 1.09
user 1.00
sys 0.08
real 1.09
user 1.00
sys 0.08
real 1.08
user 1.00
sys 0.08
real 1.08
user 0.99
sys 0.09
real 1.09
user 1.01
sys 0.08
real 1.08
user 1.00
sys 0.08
real 1.08
user 1.00
sys 0.08
real 1.08
user 0.99
sys 0.08
real 1.09
user 1.02
sys 0.07
real 1.10
user 1.02
sys 0.08
real 1.09
user 1.02
sys 0.07
real 1.09
user 0.99
sys 0.10
real 1.09
user 1.00
sys 0.08
real 1.09
user 1.01
sys 0.07
real 1.09
user 1.01
sys 0.07
real 1.09
user 1.01
sys 0.07
real 1.09
user 1.01
sys 0.08
real 1.09
user 1.01
sys 0.08
real 1.08
user 0.99
sys 0.08
real 1.09
user 0.99
sys 0.09
real 1.09
user 1.02
sys 0.06
real 1.08
user 1.01
sys 0.07
real 1.10
user 1.01
sys 0.08
real 1.09
user 0.98
sys 0.10
real 1.09
user 1.01
sys 0.07
real 1.09
user 1.02
sys 0.06
real 1.09
user 1.00
sys 0.08
real 1.09
user 1.01
sys 0.07
real 1.09
user 1.03
sys 0.05
real 1.10
user 1.02
sys 0.07
real 1.09
user 1.01
sys 0.07
real 1.09
user 1.00
sys 0.08
real 1.09
user 1.00
sys 0.08
real 1.09
user 1.01
sys 0.07
real 1.09
user 0.99
sys 0.09
real 1.11
user 1.04
sys 0.06
real 1.09
user 1.00
sys 0.08
real 1.09
user 1.02
sys 0.06
real 1.09
user 1.01
sys 0.07
real 1.09
user 1.01
sys 0.07
real 1.08
user 1.00
sys 0.08
real 1.12
user 1.04
sys 0.08
real 1.09
user 1.02
sys 0.07
real 1.09
user 0.99
sys 0.10
real 1.09
user 1.02
sys 0.06
real 1.09
user 1.02
sys 0.07
real 1.09
user 1.02
sys 0.07
real 1.10
user 1.02
sys 0.08
real 1.09
user 1.01
sys 0.08
real 1.09
user 1.01
sys 0.08
real 1.09
user 1.00
sys 0.08
real 1.09
user 1.01
sys 0.08
real 1.09
user 1.00
sys 0.09
real 1.10
user 1.01
sys 0.08
real 1.09
user 1.02
sys 0.06
real 1.09
user 1.01
sys 0.08
