real 1.71
user 1.11
sys 0.55
real 1.42
user 1.10
sys 0.31
real 1.41
user 1.11
sys 0.29
real 1.41
user 1.08
sys 0.33
real 1.44
user 1.11
sys 0.32
real 1.42
user 1.12
sys 0.29
real 1.42
user 1.11
sys 0.30
real 1.41
user 1.13
sys 0.28
real 1.42
user 1.12
sys 0.29
real 1.41
user 1.10
sys 0.31
real 1.42
user 1.12
sys 0.29
real 1.42
user 1.10
sys 0.31
real 1.42
user 1.15
sys 0.26
real 1.42
user 1.11
sys 0.30
real 1.43
user 1.11
sys 0.31
real 1.41
user 1.10
sys 0.30
real 1.42
user 1.12
sys 0.29
real 1.41
user 1.09
sys 0.31
real 1.43
user 1.11
sys 0.31
real 1.44
user 1.10
sys 0.34
real 1.42
user 1.10
sys 0.30
real 1.41
user 1.07
sys 0.33
real 1.42
user 1.07
sys 0.35
real 1.43
user 1.10
sys 0.32
real 1.42
user 1.12
sys 0.29
real 1.42
user 1.07
sys 0.33
real 1.41
user 1.06
sys 0.35
real 1.42
user 1.09
sys 0.31
real 1.42
user 1.07
sys 0.34
real 1.41
user 1.10
sys 0.31
real 1.42
user 1.08
sys 0.33
real 1.40
user 1.10
sys 0.30
real 1.41
user 1.10
sys 0.31
real 1.42
user 1.11
sys 0.30
real 1.42
user 1.10
sys 0.31
real 1.43
user 1.11
sys 0.31
real 1.41
user 1.10
sys 0.31
real 1.46
user 1.09
sys 0.36
real 1.42
user 1.11
sys 0.30
real 1.41
user 1.11
sys 0.30
real 1.42
user 1.12
sys 0.29
real 1.43
user 1.11
sys 0.31
real 1.47
user 1.13
sys 0.34
real 1.42
user 1.11
sys 0.31
real 1.41
user 1.11
sys 0.30
real 1.41
user 1.11
sys 0.29
real 1.41
user 1.11
sys 0.29
real 1.46
user 1.11
sys 0.34
real 1.42
user 1.10
sys 0.31
real 1.41
user 1.08
sys 0.32
real 1.41
user 1.10
sys 0.30
real 1.44
user 1.09
sys 0.34
real 1.43
user 1.10
sys 0.32
real 1.41
user 1.15
sys 0.26
real 1.42
user 1.10
sys 0.31
real 1.42
user 1.10
sys 0.31
real 1.41
user 1.12
sys 0.29
real 1.41
user 1.12
sys 0.29
real 1.41
user 1.09
sys 0.32
real 1.41
user 1.10
sys 0.30
real 1.41
user 1.09
sys 0.31
real 1.42
user 1.12
sys 0.30
real 1.41
user 1.11
sys 0.29
real 1.41
user 1.07
sys 0.33
real 1.42
user 1.12
sys 0.29
real 1.45
user 1.10
sys 0.34
real 1.42
user 1.12
sys 0.29
real 1.42
user 1.11
sys 0.30
real 1.41
user 1.08
sys 0.32
real 1.41
user 1.11
sys 0.29
real 1.42
user 1.16
sys 0.25
real 1.41
user 1.08
sys 0.32
real 1.41
user 1.10
sys 0.31
real 1.41
user 1.10
sys 0.31
real 1.42
user 1.12
sys 0.30
real 1.41
user 1.09
sys 0.31
real 1.41
user 1.09
sys 0.32
real 1.41
user 1.07
sys 0.33
real 1.41
user 1.09
sys 0.31
real 1.41
user 1.14
sys 0.27
real 1.42
user 1.12
sys 0.30
real 1.41
user 1.10
sys 0.30
real 1.42
user 1.09
sys 0.32
real 1.41
user 1.13
sys 0.27
real 1.43
user 1.10
sys 0.32
real 1.42
user 1.11
sys 0.29
real 1.41
user 1.09
sys 0.32
real 1.41
user 1.14
sys 0.26
real 1.42
user 1.10
sys 0.32
real 1.47
user 1.15
sys 0.32
real 1.41
user 1.12
sys 0.29
real 1.41
user 1.09
sys 0.32
real 1.41
user 1.07
sys 0.33
real 1.42
user 1.09
sys 0.32
real 1.46
user 1.12
sys 0.33
real 1.41
user 1.07
sys 0.34
real 1.41
user 1.14
sys 0.26
real 1.42
user 1.11
sys 0.30
real 1.43
user 1.08
sys 0.34
real 1.42
user 1.12
sys 0.28
real 1.41
user 1.07
sys 0.34
real 1.41
user 1.09
sys 0.32
real 1.41
user 1.05
sys 0.36
real 1.41
user 1.08
sys 0.32
real 1.41
user 1.09
sys 0.31
real 1.40
user 1.12
sys 0.28
real 1.41
user 1.09
sys 0.31
real 1.41
user 1.14
sys 0.26
real 1.42
user 1.14
sys 0.28
real 1.41
user 1.13
sys 0.27
real 1.41
user 1.12
sys 0.29
real 1.41
user 1.08
sys 0.32
real 1.44
user 1.11
sys 0.33
real 1.43
user 1.13
sys 0.30
real 1.41
user 1.09
sys 0.31
real 1.41
user 1.11
sys 0.30
real 1.40
user 1.10
sys 0.29
real 1.41
user 1.11
sys 0.29
real 1.40
user 1.10
sys 0.29
real 1.41
user 1.12
sys 0.28
real 1.41
user 1.10
sys 0.31
real 1.41
user 1.12
sys 0.28
real 1.41
user 1.11
sys 0.29
real 1.42
user 1.13
sys 0.28
real 1.41
user 1.13
sys 0.27
real 1.41
user 1.07
sys 0.33
real 1.41
user 1.09
sys 0.31
real 1.41
user 1.11
sys 0.29
real 1.42
user 1.09
sys 0.32
real 1.41
user 1.12
sys 0.28
real 1.41
user 1.10
sys 0.30
real 1.42
user 1.09
sys 0.31
real 1.41
user 1.06
sys 0.34
real 1.41
user 1.11
sys 0.29
real 1.41
user 1.11
sys 0.29
real 1.42
user 1.10
sys 0.31
real 1.45
user 1.11
sys 0.34
real 1.41
user 1.11
sys 0.29
real 1.41
user 1.10
sys 0.30
real 1.41
user 1.11
sys 0.29
real 1.42
user 1.09
sys 0.32
real 1.45
user 1.07
sys 0.37
real 1.42
user 1.10
sys 0.30
real 1.41
user 1.13
sys 0.28
real 1.41
user 1.11
sys 0.29
real 1.42
user 1.12
sys 0.29
real 1.42
user 1.11
sys 0.30
real 1.41
user 1.12
sys 0.28
real 1.41
user 1.10
sys 0.30
real 1.40
user 1.11
sys 0.28
