(seq_comm_setcomm)  initialize ID (  7 GLOBAL ) pelist   =     0     0     1 ( npes =     1) ( nthreads =  1)
(seq_comm_setcomm)  initialize ID (  2   ATM  ) pelist   =     0     0     1 ( npes =     1) ( nthreads =  1)
(seq_comm_setcomm)  initialize ID (  1   LND  ) pelist   =     0     0     1 ( npes =     1) ( nthreads =  1)
(seq_comm_setcomm)  initialize ID (  4   ICE  ) pelist   =     0     0     1 ( npes =     1) ( nthreads =  1)
(seq_comm_setcomm)  initialize ID (  5   GLC  ) pelist   =     0     0     1 ( npes =     1) ( nthreads =  1)
(seq_comm_setcomm)  initialize ID (  3   OCN  ) pelist   =     0     0     1 ( npes =     1) ( nthreads =  4)
(seq_comm_setcomm)  initialize ID (  6   CPL  ) pelist   =     0     0     1 ( npes =     1) ( nthreads =  1)
(seq_comm_joincomm) initialize ID (  8 CPLATM ) join IDs =     6     2       ( npes =     1) ( nthreads =  1)
(seq_comm_joincomm) initialize ID (  9 CPLLND ) join IDs =     6     1       ( npes =     1) ( nthreads =  1)
(seq_comm_joincomm) initialize ID ( 10 CPLICE ) join IDs =     6     4       ( npes =     1) ( nthreads =  1)
(seq_comm_joincomm) initialize ID ( 11 CPLOCN ) join IDs =     6     3       ( npes =     1) ( nthreads =  4)
(seq_comm_joincomm) initialize ID ( 12 CPLGLC ) join IDs =     6     5       ( npes =     1) ( nthreads =  1)
  
 (seq_comm_printcomms) ID layout : global pes vs local pe for each ID
     gpe        LND      ATM      OCN      ICE      GLC      CPL    GLOBAL   CPLATM   CPLLND   CPLICE   CPLOCN   CPLGLC    nthrds
     ---      ------   ------   ------   ------   ------   ------   ------   ------   ------   ------   ------   ------    ------
       0   :       0        0        0        0        0        0        0        0        0        0        0        0        4
  
 (t_initf) Read in prof_inparm namelist from: drv_in
MCT::m_Router::initp_: GSMap indices not increasing...Will correct
MCT::m_Router::initp_: RGSMap indices not increasing...Will correct
MCT::m_Router::initp_: RGSMap indices not increasing...Will correct
MCT::m_Router::initp_: GSMap indices not increasing...Will correct
