1.510392
1.508684
1.509703
1.509747
1.509125
1.508004
1.508944
1.508442
1.509869
1.510194
1.516915
1.507956
1.507167
1.510302
1.509512
1.521514
1.523756
1.513030
1.508893
1.509262
1.511212
1.507622
1.516385
1.513097
1.510723
1.509509
1.519300
1.518237
1.519840
1.521040
1.513104
1.511270
1.516609
1.509380
1.507918
1.516537
1.512081
1.521148
1.509420
1.511496
1.507871
1.512290
1.511935
1.509852
1.508439
1.505488
1.505856
1.504487
1.507264
1.516666
1.507995
1.506646
1.509057
1.507784
1.506878
1.521854
1.514283
1.510549
1.508515
1.511887
1.512120
1.509438
1.511072
1.511153
1.509871
1.505071
1.508666
1.509298
1.507268
1.516067
1.503504
1.511413
1.507233
1.505691
1.509732
1.509954
1.505197
1.508528
1.505187
1.511777
1.507073
1.507562
1.503635
1.508981
1.507713
1.510356
1.501828
1.502668
1.520490
1.517858
1.506105
1.518690
1.522728
1.517198
1.506831
1.504258
1.515077
1.512880
1.520550
1.505599
1.518834
1.508710
1.504399
1.517893
1.517008
1.521669
1.519968
1.509345
1.515820
1.509306
1.519083
1.522875
1.507646
1.517276
1.507683
1.510189
1.530079
1.504676
1.507732
1.508306
1.507163
1.507145
1.508062
1.511070
1.520428
1.505810
1.505687
1.513016
1.510300
1.507823
1.508613
1.510958
1.509874
1.508364
1.510198
1.528681
1.513058
1.523400
1.523292
1.530811
1.519692
1.522810
1.517217
1.515996
1.513888
1.522747
1.509460
1.519795
1.520696
1.513004
