1.529110
1.521563
1.528110
1.525435
1.526259
1.526450
1.530821
1.525993
1.534785
1.523838
1.521532
1.524951
1.526767
1.529131
1.526531
1.526210
1.527500
1.527273
1.525103
1.526550
1.522965
1.528079
1.523427
1.528421
1.543669
1.524217
1.524352
1.529503
1.528118
1.526962
1.521177
1.526121
1.534004
1.524755
1.530554
1.524501
1.530777
1.528389
1.527340
1.528312
1.528218
1.526243
1.523608
1.522124
1.529625
1.526247
1.524664
1.524409
1.526221
1.525511
1.527948
1.524780
1.522037
1.523189
1.525262
1.526686
1.526800
1.526355
1.524868
1.526694
1.533400
1.530177
1.526252
1.528580
1.522770
1.521427
1.534716
1.525584
1.527062
1.525654
1.529280
1.528241
1.525376
1.526021
1.525108
1.528336
1.521831
1.528054
1.522441
1.535735
1.523763
1.525351
1.523818
1.524828
1.523041
1.524706
1.525596
1.545351
1.527408
1.524478
1.528085
1.524259
1.526437
1.521796
1.525952
1.523941
1.521455
1.524005
1.521957
1.526118
1.524647
1.525468
1.522437
1.523282
1.523721
1.526768
1.523828
1.529965
1.526924
1.530535
1.526522
1.520707
1.527603
1.529370
1.530304
1.522568
1.521564
1.524031
1.526190
1.527262
1.518367
1.522566
1.526865
1.524580
1.525221
1.527873
1.525455
1.527990
1.525315
1.526677
1.527431
1.522778
1.526117
1.525083
1.529300
1.528744
1.525686
1.524803
1.525900
1.527263
1.533769
1.531606
1.527747
1.525043
1.527641
1.526777
1.528097
1.528262
1.526386
1.528738
