real 2.73
user 2.65
sys 0.06
real 2.70
user 2.65
sys 0.05
real 2.77
user 2.71
sys 0.04
real 2.80
user 2.63
sys 0.07
real 2.76
user 2.70
sys 0.06
real 2.65
user 2.56
sys 0.08
real 2.70
user 2.62
sys 0.08
real 2.69
user 2.59
sys 0.09
real 2.69
user 2.63
sys 0.06
real 2.67
user 2.61
sys 0.05
real 2.72
user 2.64
sys 0.08
real 2.66
user 2.61
sys 0.04
real 2.70
user 2.62
sys 0.07
real 2.66
user 2.60
sys 0.05
real 2.65
user 2.56
sys 0.08
real 2.71
user 2.66
sys 0.05
real 2.71
user 2.65
sys 0.05
real 2.68
user 2.64
sys 0.04
real 2.64
user 2.58
sys 0.05
real 2.69
user 2.61
sys 0.07
real 2.75
user 2.68
sys 0.06
real 2.65
user 2.57
sys 0.07
real 2.71
user 2.61
sys 0.09
real 2.64
user 2.57
sys 0.06
real 2.66
user 2.61
sys 0.04
real 2.64
user 2.58
sys 0.05
real 2.72
user 2.69
sys 0.03
real 2.71
user 2.62
sys 0.08
real 2.72
user 2.66
sys 0.05
real 2.80
user 2.71
sys 0.08
real 2.63
user 2.56
sys 0.06
real 2.71
user 2.64
sys 0.07
real 2.69
user 2.64
sys 0.04
real 2.73
user 2.67
sys 0.05
real 2.70
user 2.63
sys 0.07
real 2.69
user 2.63
sys 0.05
real 2.73
user 2.68
sys 0.04
real 2.64
user 2.58
sys 0.06
real 2.71
user 2.65
sys 0.05
real 2.75
user 2.67
sys 0.07
real 2.73
user 2.67
sys 0.05
real 2.70
user 2.64
sys 0.06
real 2.69
user 2.62
sys 0.06
real 2.68
user 2.61
sys 0.06
real 2.65
user 2.59
sys 0.05
real 2.63
user 2.56
sys 0.06
real 2.70
user 2.65
sys 0.04
real 2.65
user 2.58
sys 0.06
real 2.66
user 2.61
sys 0.04
real 2.70
user 2.65
sys 0.04
real 2.67
user 2.61
sys 0.06
real 2.65
user 2.60
sys 0.05
real 2.76
user 2.66
sys 0.09
real 2.68
user 2.62
sys 0.06
real 2.68
user 2.59
sys 0.08
real 2.73
user 2.66
sys 0.06
real 2.71
user 2.63
sys 0.07
real 2.67
user 2.58
sys 0.08
real 2.68
user 2.62
sys 0.06
real 2.65
user 2.60
sys 0.05
real 2.65
user 2.57
sys 0.08
real 2.67
user 2.59
sys 0.07
real 2.64
user 2.58
sys 0.05
real 2.70
user 2.64
sys 0.06
real 2.68
user 2.61
sys 0.07
real 2.68
user 2.61
sys 0.06
real 2.71
user 2.62
sys 0.08
real 2.71
user 2.65
sys 0.06
real 2.67
user 2.60
sys 0.06
real 2.66
user 2.57
sys 0.08
real 2.73
user 2.66
sys 0.06
real 2.73
user 2.66
sys 0.07
real 2.68
user 2.60
sys 0.08
real 2.69
user 2.61
sys 0.06
real 2.75
user 2.67
sys 0.08
real 2.69
user 2.63
sys 0.06
real 2.72
user 2.65
sys 0.06
real 2.72
user 2.64
sys 0.07
real 2.63
user 2.56
sys 0.07
real 2.74
user 2.65
sys 0.08
real 2.70
user 2.62
sys 0.07
real 2.70
user 2.65
sys 0.04
real 2.72
user 2.65
sys 0.06
real 2.67
user 2.58
sys 0.08
real 2.73
user 2.66
sys 0.06
real 2.68
user 2.64
sys 0.03
real 2.67
user 2.61
sys 0.05
real 2.71
user 2.65
sys 0.06
real 2.62
user 2.54
sys 0.07
real 2.71
user 2.63
sys 0.07
real 2.66
user 2.58
sys 0.08
real 2.67
user 2.62
sys 0.05
real 2.76
user 2.70
sys 0.06
real 2.73
user 2.64
sys 0.08
real 2.66
user 2.57
sys 0.08
real 2.71
user 2.66
sys 0.04
real 2.69
user 2.63
sys 0.05
real 2.73
user 2.65
sys 0.06
real 2.67
user 2.58
sys 0.08
real 2.75
user 2.66
sys 0.08
real 2.73
user 2.65
sys 0.07
real 2.72
user 2.64
sys 0.08
real 2.68
user 2.61
sys 0.07
real 2.70
user 2.61
sys 0.08
real 2.75
user 2.70
sys 0.04
real 2.72
user 2.66
sys 0.04
real 2.64
user 2.56
sys 0.07
real 2.70
user 2.63
sys 0.06
real 2.65
user 2.57
sys 0.07
real 2.66
user 2.61
sys 0.04
real 2.69
user 2.62
sys 0.06
real 2.71
user 2.63
sys 0.08
real 2.66
user 2.60
sys 0.06
real 2.66
user 2.59
sys 0.06
real 2.76
user 2.63
sys 0.07
real 2.73
user 2.67
sys 0.05
real 2.66
user 2.56
sys 0.09
real 2.68
user 2.60
sys 0.08
real 2.64
user 2.58
sys 0.06
real 2.70
user 2.63
sys 0.06
real 2.72
user 2.68
sys 0.03
real 2.72
user 2.65
sys 0.06
real 2.67
user 2.61
sys 0.06
real 2.75
user 2.69
sys 0.05
real 2.68
user 2.62
sys 0.06
real 2.65
user 2.58
sys 0.06
real 2.75
user 2.64
sys 0.08
real 2.68
user 2.63
sys 0.04
real 2.70
user 2.65
sys 0.05
real 2.72
user 2.64
sys 0.08
real 2.67
user 2.61
sys 0.05
real 2.70
user 2.63
sys 0.06
real 2.63
user 2.57
sys 0.06
real 2.72
user 2.63
sys 0.08
real 2.62
user 2.55
sys 0.06
real 2.72
user 2.62
sys 0.09
real 2.64
user 2.57
sys 0.06
real 2.64
user 2.56
sys 0.07
real 2.64
user 2.57
sys 0.06
real 2.67
user 2.60
sys 0.07
real 2.69
user 2.61
sys 0.07
real 2.70
user 2.63
sys 0.06
real 2.68
user 2.61
sys 0.06
real 2.73
user 2.67
sys 0.06
real 2.71
user 2.64
sys 0.06
real 2.71
user 2.63
sys 0.08
real 2.65
user 2.59
sys 0.06
real 2.69
user 2.64
sys 0.04
real 2.70
user 2.62
sys 0.08
real 2.70
user 2.63
sys 0.06
