0.238785
0.230958
0.238004
0.228356
0.228132
0.228733
0.229056
0.229276
0.226364
0.231033
0.232273
0.230656
0.230075
0.231024
0.231247
0.232176
0.232177
0.231397
0.230082
0.230677
0.231977
0.230440
0.231530
0.232129
0.231128
0.232617
0.230541
0.231641
0.231681
0.230381
0.232086
0.233753
0.232337
0.232191
0.234212
0.233534
0.232911
0.233383
0.233410
0.236143
0.234379
0.233781
0.234712
0.246726
0.233869
0.233256
0.233039
0.232078
0.232477
0.233617
0.233009
0.232015
0.233174
0.234081
0.234161
0.233905
0.233000
0.232589
0.232614
0.232776
0.233191
0.233456
0.232904
0.233031
0.232513
0.233328
0.232397
0.233168
0.233370
0.233958
0.233700
0.233660
0.232413
0.232476
0.233849
0.232959
0.232181
0.232920
0.233043
0.234219
0.233929
0.234769
0.233668
0.234536
0.233408
0.233859
0.234355
0.235510
0.233156
0.234829
0.232334
0.236104
0.235318
0.236528
0.235910
0.233956
0.236640
0.234116
0.233651
0.235132
0.237218
0.236369
0.235811
0.233979
0.233625
0.232821
0.232275
0.235563
0.234408
0.231932
0.234857
0.233483
0.232177
0.234514
0.234002
0.233762
0.236364
0.234167
0.232690
0.235726
0.234858
0.235929
0.235712
0.238007
0.236643
0.235277
0.234291
0.235190
0.234207
0.233041
0.231617
0.232341
0.231453
0.232966
0.234275
0.235128
0.237113
0.234829
0.235040
0.235331
0.235131
0.235674
0.235149
0.233502
0.235687
0.236569
0.233720
0.233962
0.235698
0.234617
