0.307012
0.275765
0.275759
0.279580
0.278854
0.283009
0.279358
0.281606
0.282550
0.281690
0.283854
0.284560
0.283054
0.287337
0.282326
0.283878
0.284743
0.285834
0.283765
0.286473
0.282890
0.283756
0.282730
0.285585
0.284422
0.287307
0.283323
0.284424
0.282229
0.285073
0.286368
0.283859
0.285133
0.287188
0.286296
0.285932
0.286763
0.284100
0.284706
0.284041
0.287699
0.283418
0.283738
0.285234
0.283250
0.284566
0.286746
0.285715
0.283399
0.285837
0.283907
0.284995
0.285835
0.287502
0.286133
0.285480
0.285540
0.285487
0.285138
0.285739
0.284664
0.286428
0.284631
0.285130
0.285498
0.286610
0.285737
0.286281
0.283688
0.286238
0.282483
0.284818
0.284404
0.282810
0.284326
0.282030
0.285373
0.286453
0.286127
0.286199
0.287210
0.286117
0.288498
0.284330
0.286484
0.282951
0.285460
0.288711
0.288649
0.286018
0.285495
0.285386
0.284470
0.286531
0.286654
0.288965
0.284514
0.286645
0.284322
0.286031
0.284246
0.286299
0.285872
0.284137
0.287469
0.285146
0.288020
0.285218
0.286189
0.287562
0.285653
0.289240
0.287390
0.289857
0.287538
0.285728
0.287094
0.285410
0.284422
0.286463
0.284070
0.287446
0.288359
0.284650
0.287677
0.287315
0.284552
0.287347
0.285774
0.285422
0.284946
0.287085
0.285300
0.285641
0.284608
0.285394
0.285436
0.287538
0.285575
0.287494
0.286028
0.286257
0.286663
0.285453
0.285807
0.287986
0.285826
0.286617
0.282912
0.284545
