0.880840
0.880658
0.875640
0.899450
0.876436
0.881267
0.879358
0.879192
0.872508
0.888075
0.879539
0.875625
0.879081
0.873868
0.876596
0.873410
0.877977
0.887005
0.885694
0.878420
0.886819
0.877359
0.877517
0.879752
0.876657
0.881451
0.887110
0.892915
0.872549
0.876713
0.898046
0.880697
0.882912
0.875828
0.878712
0.872888
0.880181
0.871575
0.873652
0.887258
0.876277
0.877451
0.875009
0.877211
0.874547
0.878991
0.871844
0.878553
0.879756
0.901203
0.879943
0.879028
0.903311
0.908778
0.907515
0.879031
0.882601
0.871416
0.874969
0.878677
0.879637
0.883726
0.875814
0.881500
0.873526
0.879256
0.872750
0.889166
0.890846
0.876723
0.879930
0.886898
0.878828
0.876162
0.892235
0.879723
0.875071
0.875164
0.875943
0.876662
0.877496
0.876901
0.878239
0.881261
0.878025
0.880187
0.875914
0.877209
0.888973
0.875741
0.888162
0.907178
0.879771
0.877547
0.876095
0.896680
0.876024
0.891905
0.885322
0.874279
0.882346
0.885126
0.878986
0.886542
0.874907
0.878499
0.879542
0.875866
0.876413
0.872705
0.875301
0.873990
0.876642
0.876384
0.875655
0.879685
0.874002
0.875740
0.875277
0.871994
0.877376
0.897365
0.878400
0.875525
0.876601
0.876009
0.878434
0.877876
0.880891
0.872335
0.877327
0.875572
0.884586
0.873470
0.875199
0.874908
0.880015
0.877362
0.869875
0.880761
0.880391
0.878709
0.874277
0.880024
0.880735
0.878055
0.876783
0.874291
0.876815
0.873257
