0.882097
0.901973
0.885493
0.904802
0.886656
0.880614
0.882950
0.889489
0.889098
0.885264
0.888677
0.898096
0.884986
0.882171
0.882321
0.892486
0.881818
0.879602
0.906776
0.889356
0.884116
0.888388
0.889375
0.889746
0.883979
0.887281
0.882038
0.885610
0.892459
0.886498
0.910012
0.885856
0.885129
0.883464
0.882726
0.885181
0.883750
0.883947
0.878662
0.885265
0.884123
0.892031
0.886006
0.885125
0.884777
0.885997
0.881889
0.884563
0.889107
0.881693
0.885469
0.885990
0.885372
0.884156
0.891651
0.881970
0.887284
0.893461
0.888953
0.888717
0.892438
0.887103
0.886176
0.888048
0.894218
0.891151
0.885951
0.880838
0.879000
0.886591
0.886423
0.875431
0.885171
0.910979
0.888694
0.907973
0.881504
0.886236
0.883271
0.888270
0.882779
0.887778
0.877793
0.887592
0.886843
0.891230
0.881696
0.884373
0.883543
0.882280
0.891078
0.886354
0.886150
0.883460
0.890279
0.886875
0.886766
0.884614
0.898109
0.883656
0.886258
0.886202
0.882865
0.887220
0.880571
0.887456
0.899924
0.887624
0.884829
0.888955
0.908621
0.882024
0.893896
0.880978
0.886414
0.879180
0.886946
0.886844
0.883654
0.888340
0.891934
0.886396
0.880117
0.885130
0.886458
0.883208
0.886786
0.889733
0.883162
0.884301
0.886476
0.885525
0.883368
0.888080
0.889257
0.878426
0.885761
0.879195
0.888091
0.888297
0.884329
0.888775
0.888959
0.884427
0.883440
0.911494
0.885456
0.887414
0.883182
0.886264
